#
# A fatal error has been detected by the Java Runtime Environment:
#
#  EXCEPTION_ACCESS_VIOLATION (0xc0000005) at pc=0x00007ffb13e97800, pid=10824, tid=20600
#
# JRE version: OpenJDK Runtime Environment (17.0.2+8) (build 17.0.2+8-86)
# Java VM: OpenJDK 64-Bit Server VM (17.0.2+8-86, mixed mode, sharing, tiered, compressed oops, compressed class ptrs, g1 gc, windows-amd64)
# Problematic frame:
# C  [glfw.dll+0x7800]
#
# No core dump will be written. Minidumps are not enabled by default on client versions of Windows
#
# If you would like to submit a bug report, please visit:
#   https://bugreport.java.com/bugreport/crash.jsp
# The crash happened outside the Java Virtual Machine in native code.
# See problematic frame for where to report the bug.
#

---------------  S U M M A R Y ------------

Command Line: -javaagent:C:\Program Files\JetBrains\IntelliJ IDEA Community Edition 2023.1.2\lib\idea_rt.jar=60012:C:\Program Files\JetBrains\IntelliJ IDEA Community Edition 2023.1.2\bin -Dfile.encoding=UTF-8 cga.exercise.MainKt

Host: AMD Ryzen 5 3600 6-Core Processor              , 12 cores, 15G,  Windows 11 , 64 bit Build 22621 (10.0.22621.2070)
Time: Thu Aug 24 17:28:02 2023 Mitteleuropäische Sommerzeit elapsed time: 11.234796 seconds (0d 0h 0m 11s)

---------------  T H R E A D  ---------------

Current thread (0x00000191f91c3150):  JavaThread "main" [_thread_in_native, id=20600, stack(0x00000014d9000000,0x00000014d9100000)]

Stack: [0x00000014d9000000,0x00000014d9100000],  sp=0x00000014d90fee50,  free space=1019k
Native frames: (J=compiled Java code, j=interpreted, Vv=VM code, C=native code)
C  [glfw.dll+0x7800]

Java frames: (J=compiled Java code, j=interpreted, Vv=VM code)
j  org.lwjgl.system.JNI.invokePPP(JJJ)J+0
j  org.lwjgl.glfw.Callbacks.glfwFreeCallbacks(J)V+151
j  cga.exercise.game.Scene.checkCollisionMenu()V+109
J 1991 c1 cga.exercise.game.Scene.update(FF)V (432 bytes) @ 0x000001918809617c [0x0000019188096080+0x00000000000000fc]
J 1990 c1 cga.exercise.game.Game.update(FF)V (10 bytes) @ 0x00000191880959bc [0x0000019188095940+0x000000000000007c]
j  cga.framework.GameWindow.run()V+107
j  cga.exercise.MainKt.main()V+23
j  cga.exercise.MainKt.main([Ljava/lang/String;)V+0
v  ~StubRoutines::call_stub

siginfo: EXCEPTION_ACCESS_VIOLATION (0xc0000005), reading address 0x00000000000002d1


Register to memory mapping:

RIP=0x00007ffb13e97800 glfw.dll
RAX=0x00007ffb13e977e0 glfw.dll
RBX={method} {0x000001919cc99760} 'invokePPP' '(JJJ)J' in 'org/lwjgl/system/JNI'
RCX=0x0000000000000001 is an unknown value
RDX=0x0 is NULL
RSP=0x00000014d90fee50 is pointing into the stack for thread: 0x00000191f91c3150
RBP=0x00000014d90fef20 is pointing into the stack for thread: 0x00000191f91c3150
RSI=0x000000070127b748 is an oop: java.io.PrintStream 
{0x000000070127b748} - klass: 'java/io/PrintStream'
 - ---- fields (total size 5 words):
 - private volatile 'closed' 'Z' @12  false
 - protected 'out' 'Ljava/io/OutputStream;' @16  a 'java/io/BufferedOutputStream'{0x000000070127b770} (e024f6ee)
 - private final 'closeLock' 'Ljava/lang/Object;' @20  a 'java/lang/Object'{0x000000070127b888} (e024f711)
 - private final 'autoFlush' 'Z' @13  true
 - private 'trouble' 'Z' @14  false
 - private 'closing' 'Z' @15  false
 - private 'formatter' 'Ljava/util/Formatter;' @24  NULL (0)
 - private 'textOut' 'Ljava/io/BufferedWriter;' @28  a 'java/io/BufferedWriter'{0x000000070127b898} (e024f713)
 - private 'charOut' 'Ljava/io/OutputStreamWriter;' @32  a 'java/io/OutputStreamWriter'{0x000000070127b8c0} (e024f718)
RDI=0x000000070127b770 is an oop: java.io.BufferedOutputStream 
{0x000000070127b770} - klass: 'java/io/BufferedOutputStream'
 - ---- fields (total size 4 words):
 - private volatile 'closed' 'Z' @12  false
 - protected 'out' 'Ljava/io/OutputStream;' @16  a 'java/io/FileOutputStream'{0x000000070127b790} (e024f6f2)
 - private final 'closeLock' 'Ljava/lang/Object;' @20  a 'java/lang/Object'{0x000000070127b7e8} (e024f6fd)
 - protected 'count' 'I' @24  0
 - protected 'buf' '[B' @28  [B{0x000000070127b7f8} (e024f6ff)
R8 =0x0000000000000001 is an unknown value
R9 =0x0 is NULL
R10=0x000001918777d5f2 is at code_begin+946 in an Interpreter codelet
method entry point (kind = native)  [0x000001918777d240, 0x000001918777dbc0]  2432 bytes
R11=0x00000007012ff0c0 is an oop: java.lang.Class 
{0x00000007012ff0c0} - klass: 'java/lang/Class'
 - ---- fields (total size 14 words):
 - private volatile transient 'classRedefinedCount' 'I' @12  0
 - private volatile transient 'cachedConstructor' 'Ljava/lang/reflect/Constructor;' @40  NULL (0)
 - private transient 'name' 'Ljava/lang/String;' @44  "org.lwjgl.system.JNI"{0x00000007012ff130} (e025fe26)
 - private transient 'module' 'Ljava/lang/Module;' @48  a 'java/lang/Module'{0x000000070120b908} (e0241721)
 - private final 'classLoader' 'Ljava/lang/ClassLoader;' @52  a 'jdk/internal/loader/ClassLoaders$AppClassLoader'{0x00000007012014b0} (e0240296)
 - private transient 'classData' 'Ljava/lang/Object;' @56  NULL (0)
 - private transient 'packageName' 'Ljava/lang/String;' @60  "org.lwjgl.system"{0x0000000701276718} (e024ece3)
 - private final 'componentType' 'Ljava/lang/Class;' @64  NULL (0)
 - private volatile transient 'reflectionData' 'Ljava/lang/ref/SoftReference;' @68  NULL (0)
 - private volatile transient 'genericInfo' 'Lsun/reflect/generics/repository/ClassRepository;' @72  NULL (0)
 - private volatile transient 'enumConstants' '[Ljava/lang/Object;' @76  NULL (0)
 - private volatile transient 'enumConstantDirectory' 'Ljava/util/Map;' @80  NULL (0)
 - private volatile transient 'annotationData' 'Ljava/lang/Class$AnnotationData;' @84  NULL (0)
 - private volatile transient 'annotationType' 'Lsun/reflect/annotation/AnnotationType;' @88  NULL (0)
 - transient 'classValueMap' 'Ljava/lang/ClassValue$ClassValueMap;' @92  NULL (0)
 - signature: Lorg/lwjgl/system/JNI;
 - fake entry for mirror: 'org/lwjgl/system/JNI'
 - fake entry for array: NULL
 - fake entry for oop_size: 14
 - fake entry for static_oop_field_count: 0
R12=0x0 is NULL
R13={method} {0x000001919cc99760} 'invokePPP' '(JJJ)J' in 'org/lwjgl/system/JNI'
R14=0x00000014d90fef68 is pointing into the stack for thread: 0x00000191f91c3150
R15=0x00000191f91c3150 is a thread


Registers:
RAX=0x00007ffb13e977e0, RBX=0x000001919cc99758, RCX=0x0000000000000001, RDX=0x0000000000000000
RSP=0x00000014d90fee50, RBP=0x00000014d90fef20, RSI=0x000000070127b748, RDI=0x000000070127b770
R8 =0x0000000000000001, R9 =0x0000000000000000, R10=0x000001918777d5f2, R11=0x00000007012ff0c0
R12=0x0000000000000000, R13=0x000001919cc99758, R14=0x00000014d90fef68, R15=0x00000191f91c3150
RIP=0x00007ffb13e97800, EFLAGS=0x0000000000010202

Top of Stack: (sp=0x00000014d90fee50)
0x00000014d90fee50:   0000000000000000 000000070127b800
0x00000014d90fee60:   0000000000000011 00007ffac6d1dab5
0x00000014d90fee70:   000000071b705ed8 000001918777d621
0x00000014d90fee80:   0000000800001160 00007ffac7137f67
0x00000014d90fee90:   00007ffac73e96d8 00000191f91c3150
0x00000014d90feea0:   00007ffb13e977e0 0000000000000013
0x00000014d90feeb0:   0000a40100000011 00007ffac71313ee
0x00000014d90feec0:   0000000000000011 00007ffac72a9d96
0x00000014d90feed0:   000000070127b748 00000014d90feed8
0x00000014d90feee0:   0000000000000000 00000014d90fef68
0x00000014d90feef0:   000001919cccd4b8 0000000000000000
0x00000014d90fef00:   00000007012ff0c0 000001919cc99758
0x00000014d90fef10:   0000000000000000 00000014d90fef40
0x00000014d90fef20:   00000014d90fefb8 00000191877795cd
0x00000014d90fef30:   00000007012ff0c0 000001918777af77
0x00000014d90fef40:   00007ffb13e977e0 0000000000000000 

Instructions: (pc=0x00007ffb13e97800)
0x00007ffb13e97700:   44 24 38 83 f8 fe 7f 14 44 8b c0 48 8d 15 6e de
0x00007ffb13e97710:   03 00 b9 04 00 01 00 e9 14 a7 ff ff 89 44 24 38
0x00007ffb13e97720:   44 89 4c 24 30 44 89 44 24 28 44 89 41 34 45 8b
0x00007ffb13e97730:   c3 44 89 49 38 45 8b ca 89 41 48 48 ff 25 fe f3
0x00007ffb13e97740:   04 00 48 8d 15 17 dd 03 00 b9 04 00 01 00 e9 dd
0x00007ffb13e97750:   a6 ff ff cc cc cc cc cc cc cc cc cc cc cc cc cc
0x00007ffb13e97760:   83 3d 29 f2 04 00 00 75 0c 33 d2 b9 01 00 01 00
0x00007ffb13e97770:   e9 bb a6 ff ff 0f 2e c9 7a 18 0f 57 c0 0f 2f c1
0x00007ffb13e97780:   77 10 0f 2f 0d 27 d4 03 00 77 07 48 ff 25 06 f4
0x00007ffb13e97790:   04 00 0f 57 d2 48 8d 15 a4 dd 03 00 f3 0f 5a d1
0x00007ffb13e977a0:   b9 04 00 01 00 66 49 0f 7e d0 e9 81 a6 ff ff cc
0x00007ffb13e977b0:   83 3d d9 f1 04 00 00 75 0c 33 d2 b9 01 00 01 00
0x00007ffb13e977c0:   e9 6b a6 ff ff 48 83 79 50 00 75 07 48 ff 25 f5
0x00007ffb13e977d0:   f2 04 00 c3 cc cc cc cc cc cc cc cc cc cc cc cc
0x00007ffb13e977e0:   48 83 ec 28 83 3d a5 f1 04 00 00 75 13 33 d2 b9
0x00007ffb13e977f0:   01 00 01 00 e8 37 a6 ff ff 33 c0 48 83 c4 28 c3
0x00007ffb13e97800:   48 8b 81 d0 02 00 00 48 89 91 d0 02 00 00 48 83
0x00007ffb13e97810:   c4 28 c3 cc cc cc cc cc cc cc cc cc cc cc cc cc
0x00007ffb13e97820:   48 83 ec 28 83 3d 65 f1 04 00 00 75 13 33 d2 b9
0x00007ffb13e97830:   01 00 01 00 e8 f7 a5 ff ff 33 c0 48 83 c4 28 c3
0x00007ffb13e97840:   48 8b 81 e8 02 00 00 48 89 91 e8 02 00 00 48 83
0x00007ffb13e97850:   c4 28 c3 cc cc cc cc cc cc cc cc cc cc cc cc cc
0x00007ffb13e97860:   83 3d 29 f1 04 00 00 75 0c 33 d2 b9 01 00 01 00
0x00007ffb13e97870:   e9 bb a5 ff ff 89 51 20 c3 cc cc cc cc cc cc cc
0x00007ffb13e97880:   83 3d 09 f1 04 00 00 75 0c 33 d2 b9 01 00 01 00
0x00007ffb13e97890:   e9 9b a5 ff ff 89 51 34 44 89 41 38 48 ff 25 35
0x00007ffb13e978a0:   f2 04 00 cc cc cc cc cc cc cc cc cc cc cc cc cc
0x00007ffb13e978b0:   48 83 ec 28 83 3d d5 f0 04 00 00 75 13 33 d2 b9
0x00007ffb13e978c0:   01 00 01 00 e8 67 a5 ff ff 33 c0 48 83 c4 28 c3
0x00007ffb13e978d0:   48 8b 81 d8 02 00 00 48 89 91 d8 02 00 00 48 83
0x00007ffb13e978e0:   c4 28 c3 cc cc cc cc cc cc cc cc cc cc cc cc cc
0x00007ffb13e978f0:   83 3d 99 f0 04 00 00 45 8b d1 75 0c 33 d2 b9 01 


Stack slot to memory mapping:
stack at sp + 0 slots: 0x0 is NULL
stack at sp + 1 slots: 0x000000070127b800 is pointing into object: [B 
{0x000000070127b7f8} - klass: {type array byte}
 - length: 128
stack at sp + 2 slots: 0x0000000000000011 is an unknown value
stack at sp + 3 slots: 0x00007ffac6d1dab5 jvm.dll
stack at sp + 4 slots: 0x000000071b705ed8 is an oop: [J 
{0x000000071b705ed8} - klass: {type array long}
 - length: 17
stack at sp + 5 slots: 0x000001918777d621 is at code_begin+993 in an Interpreter codelet
method entry point (kind = native)  [0x000001918777d240, 0x000001918777dbc0]  2432 bytes
stack at sp + 6 slots: 0x0000000800001160 is a pointer to class: 
stack at sp + 7 slots: 0x00007ffac7137f67 jvm.dll


---------------  P R O C E S S  ---------------

Threads class SMR info:
_java_thread_list=0x00000191a526b560, length=13, elements={
0x00000191f91c3150, 0x00000191ffc1dd90, 0x00000191ffc1f0e0, 0x00000191ffc30c00,
0x00000191ffc337c0, 0x00000191ffc36180, 0x00000191ffc382e0, 0x00000191ffc3b080,
0x00000191ffc3e320, 0x000001919d148830, 0x000001919d244ac0, 0x000001919d3ed950,
0x000001919d3eeda0
}

Java Threads: ( => current thread )
=>0x00000191f91c3150 JavaThread "main" [_thread_in_native, id=20600, stack(0x00000014d9000000,0x00000014d9100000)]
  0x00000191ffc1dd90 JavaThread "Reference Handler" daemon [_thread_blocked, id=19460, stack(0x00000014d9700000,0x00000014d9800000)]
  0x00000191ffc1f0e0 JavaThread "Finalizer" daemon [_thread_blocked, id=21604, stack(0x00000014d9800000,0x00000014d9900000)]
  0x00000191ffc30c00 JavaThread "Signal Dispatcher" daemon [_thread_blocked, id=6492, stack(0x00000014d9900000,0x00000014d9a00000)]
  0x00000191ffc337c0 JavaThread "Attach Listener" daemon [_thread_blocked, id=13776, stack(0x00000014d9a00000,0x00000014d9b00000)]
  0x00000191ffc36180 JavaThread "Service Thread" daemon [_thread_blocked, id=13696, stack(0x00000014d9b00000,0x00000014d9c00000)]
  0x00000191ffc382e0 JavaThread "Monitor Deflation Thread" daemon [_thread_blocked, id=11860, stack(0x00000014d9c00000,0x00000014d9d00000)]
  0x00000191ffc3b080 JavaThread "C2 CompilerThread0" daemon [_thread_blocked, id=5308, stack(0x00000014d9d00000,0x00000014d9e00000)]
  0x00000191ffc3e320 JavaThread "C1 CompilerThread0" daemon [_thread_blocked, id=14920, stack(0x00000014d9e00000,0x00000014d9f00000)]
  0x000001919d148830 JavaThread "Sweeper thread" daemon [_thread_blocked, id=17204, stack(0x00000014d9f00000,0x00000014da000000)]
  0x000001919d244ac0 JavaThread "Common-Cleaner" daemon [_thread_blocked, id=6864, stack(0x00000014da000000,0x00000014da100000)]
  0x000001919d3ed950 JavaThread "Monitor Ctrl-Break" daemon [_thread_in_native, id=5112, stack(0x00000014da100000,0x00000014da200000)]
  0x000001919d3eeda0 JavaThread "Notification Thread" daemon [_thread_blocked, id=16928, stack(0x00000014da200000,0x00000014da300000)]

Other Threads:
  0x00000191ffc19b60 VMThread "VM Thread" [stack: 0x00000014d9600000,0x00000014d9700000] [id=7716]
  0x000001919d30f730 WatcherThread [stack: 0x00000014da300000,0x00000014da400000] [id=11452]
  0x00000191f9211dd0 GCTaskThread "GC Thread#0" [stack: 0x00000014d9100000,0x00000014d9200000] [id=11184]
  0x000001919dcdc990 GCTaskThread "GC Thread#1" [stack: 0x00000014dac00000,0x00000014dad00000] [id=22452]
  0x00000191a4adf610 GCTaskThread "GC Thread#2" [stack: 0x00000014dad00000,0x00000014dae00000] [id=15728]
  0x00000191a4ada650 GCTaskThread "GC Thread#3" [stack: 0x00000014dae00000,0x00000014daf00000] [id=13904]
  0x00000191a4cae3e0 GCTaskThread "GC Thread#4" [stack: 0x00000014daf00000,0x00000014db000000] [id=13076]
  0x00000191a4ab5770 GCTaskThread "GC Thread#5" [stack: 0x00000014db000000,0x00000014db100000] [id=17716]
  0x00000191a4c72700 GCTaskThread "GC Thread#6" [stack: 0x00000014db100000,0x00000014db200000] [id=18396]
  0x00000191a4c71990 GCTaskThread "GC Thread#7" [stack: 0x00000014db200000,0x00000014db300000] [id=17636]
  0x00000191a4c70ed0 GCTaskThread "GC Thread#8" [stack: 0x00000014db300000,0x00000014db400000] [id=13008]
  0x00000191a4c71c40 GCTaskThread "GC Thread#9" [stack: 0x00000014dab00000,0x00000014dac00000] [id=18672]
  0x00000191f9222d40 ConcurrentGCThread "G1 Main Marker" [stack: 0x00000014d9200000,0x00000014d9300000] [id=17784]
  0x00000191f9223750 ConcurrentGCThread "G1 Conc#0" [stack: 0x00000014d9300000,0x00000014d9400000] [id=18492]
  0x00000191f928d2e0 ConcurrentGCThread "G1 Refine#0" [stack: 0x00000014d9400000,0x00000014d9500000] [id=18308]
  0x00000191f928dd00 ConcurrentGCThread "G1 Service" [stack: 0x00000014d9500000,0x00000014d9600000] [id=22384]

Threads with active compile tasks:

VM state: not at safepoint (normal execution)

VM Mutex/Monitor currently owned by a thread: None

Heap address: 0x0000000701200000, size: 4078 MB, Compressed Oops mode: Zero based, Oop shift amount: 3

CDS archive(s) mapped at: [0x0000000800000000-0x0000000800bc0000-0x0000000800bc0000), size 12320768, SharedBaseAddress: 0x0000000800000000, ArchiveRelocationMode: 0.
Compressed class space mapped at: 0x0000000800c00000-0x0000000840c00000, reserved size: 1073741824
Narrow klass base: 0x0000000800000000, Narrow klass shift: 0, Narrow klass range: 0x100000000

GC Precious Log:
 CPUs: 12 total, 12 available
 Memory: 16309M
 Large Page Support: Disabled
 NUMA Support: Disabled
 Compressed Oops: Enabled (Zero based)
 Heap Region Size: 2M
 Heap Min Capacity: 8M
 Heap Initial Capacity: 256M
 Heap Max Capacity: 4078M
 Pre-touch: Disabled
 Parallel Workers: 10
 Concurrent Workers: 3
 Concurrent Refinement Workers: 10
 Periodic GC: Disabled

Heap:
 garbage-first heap   total 546816K, used 134721K [0x0000000701200000, 0x0000000800000000)
  region size 2048K, 66 young (135168K), 9 survivors (18432K)
 Metaspace       used 7209K, committed 7424K, reserved 1064960K
  class space    used 355K, committed 448K, reserved 1048576K

Heap Regions: E=young(eden), S=young(survivor), O=old, HS=humongous(starts), HC=humongous(continues), CS=collection set, F=free, OA=open archive, CA=closed archive, TAMS=top-at-mark-start (previous, next)
|   0|0x0000000701200000, 0x0000000701400000, 0x0000000701400000|100%| O|  |TAMS 0x0000000701200000, 0x0000000701200000| Untracked 
|   1|0x0000000701400000, 0x0000000701600000, 0x0000000701600000|100%| O|  |TAMS 0x0000000701400000, 0x0000000701400000| Untracked 
|   2|0x0000000701600000, 0x0000000701600000, 0x0000000701800000|  0%| F|  |TAMS 0x0000000701600000, 0x0000000701600000| Untracked 
|   3|0x0000000701800000, 0x0000000701800000, 0x0000000701a00000|  0%| F|  |TAMS 0x0000000701800000, 0x0000000701800000| Untracked 
|   4|0x0000000701a00000, 0x0000000701ac2a00, 0x0000000701c00000| 38%| O|  |TAMS 0x0000000701a00000, 0x0000000701a00000| Untracked 
|   5|0x0000000701c00000, 0x0000000701c00000, 0x0000000701e00000|  0%| F|  |TAMS 0x0000000701c00000, 0x0000000701c00000| Untracked 
|   6|0x0000000701e00000, 0x0000000701e00000, 0x0000000702000000|  0%| F|  |TAMS 0x0000000701e00000, 0x0000000701e00000| Untracked 
|   7|0x0000000702000000, 0x0000000702000000, 0x0000000702200000|  0%| F|  |TAMS 0x0000000702000000, 0x0000000702000000| Untracked 
|   8|0x0000000702200000, 0x0000000702200000, 0x0000000702400000|  0%| F|  |TAMS 0x0000000702200000, 0x0000000702200000| Untracked 
|   9|0x0000000702400000, 0x0000000702400000, 0x0000000702600000|  0%| F|  |TAMS 0x0000000702400000, 0x0000000702400000| Untracked 
|  10|0x0000000702600000, 0x0000000702600000, 0x0000000702800000|  0%| F|  |TAMS 0x0000000702600000, 0x0000000702600000| Untracked 
|  11|0x0000000702800000, 0x0000000702800000, 0x0000000702a00000|  0%| F|  |TAMS 0x0000000702800000, 0x0000000702800000| Untracked 
|  12|0x0000000702a00000, 0x0000000702a00000, 0x0000000702c00000|  0%| F|  |TAMS 0x0000000702a00000, 0x0000000702a00000| Untracked 
|  13|0x0000000702c00000, 0x0000000702c00000, 0x0000000702e00000|  0%| F|  |TAMS 0x0000000702c00000, 0x0000000702c00000| Untracked 
|  14|0x0000000702e00000, 0x0000000702e00000, 0x0000000703000000|  0%| F|  |TAMS 0x0000000702e00000, 0x0000000702e00000| Untracked 
|  15|0x0000000703000000, 0x0000000703000000, 0x0000000703200000|  0%| F|  |TAMS 0x0000000703000000, 0x0000000703000000| Untracked 
|  16|0x0000000703200000, 0x0000000703200000, 0x0000000703400000|  0%| F|  |TAMS 0x0000000703200000, 0x0000000703200000| Untracked 
|  17|0x0000000703400000, 0x0000000703400000, 0x0000000703600000|  0%| F|  |TAMS 0x0000000703400000, 0x0000000703400000| Untracked 
|  18|0x0000000703600000, 0x0000000703600000, 0x0000000703800000|  0%| F|  |TAMS 0x0000000703600000, 0x0000000703600000| Untracked 
|  19|0x0000000703800000, 0x0000000703800000, 0x0000000703a00000|  0%| F|  |TAMS 0x0000000703800000, 0x0000000703800000| Untracked 
|  20|0x0000000703a00000, 0x0000000703a00000, 0x0000000703c00000|  0%| F|  |TAMS 0x0000000703a00000, 0x0000000703a00000| Untracked 
|  21|0x0000000703c00000, 0x0000000703c00000, 0x0000000703e00000|  0%| F|  |TAMS 0x0000000703c00000, 0x0000000703c00000| Untracked 
|  22|0x0000000703e00000, 0x0000000703e00000, 0x0000000704000000|  0%| F|  |TAMS 0x0000000703e00000, 0x0000000703e00000| Untracked 
|  23|0x0000000704000000, 0x0000000704000000, 0x0000000704200000|  0%| F|  |TAMS 0x0000000704000000, 0x0000000704000000| Untracked 
|  24|0x0000000704200000, 0x0000000704200000, 0x0000000704400000|  0%| F|  |TAMS 0x0000000704200000, 0x0000000704200000| Untracked 
|  25|0x0000000704400000, 0x0000000704400000, 0x0000000704600000|  0%| F|  |TAMS 0x0000000704400000, 0x0000000704400000| Untracked 
|  26|0x0000000704600000, 0x0000000704600000, 0x0000000704800000|  0%| F|  |TAMS 0x0000000704600000, 0x0000000704600000| Untracked 
|  27|0x0000000704800000, 0x0000000704800000, 0x0000000704a00000|  0%| F|  |TAMS 0x0000000704800000, 0x0000000704800000| Untracked 
|  28|0x0000000704a00000, 0x0000000704a00000, 0x0000000704c00000|  0%| F|  |TAMS 0x0000000704a00000, 0x0000000704a00000| Untracked 
|  29|0x0000000704c00000, 0x0000000704c00000, 0x0000000704e00000|  0%| F|  |TAMS 0x0000000704c00000, 0x0000000704c00000| Untracked 
|  30|0x0000000704e00000, 0x0000000704e00000, 0x0000000705000000|  0%| F|  |TAMS 0x0000000704e00000, 0x0000000704e00000| Untracked 
|  31|0x0000000705000000, 0x0000000705000000, 0x0000000705200000|  0%| F|  |TAMS 0x0000000705000000, 0x0000000705000000| Untracked 
|  32|0x0000000705200000, 0x0000000705200000, 0x0000000705400000|  0%| F|  |TAMS 0x0000000705200000, 0x0000000705200000| Untracked 
|  33|0x0000000705400000, 0x0000000705400000, 0x0000000705600000|  0%| F|  |TAMS 0x0000000705400000, 0x0000000705400000| Untracked 
|  34|0x0000000705600000, 0x0000000705600000, 0x0000000705800000|  0%| F|  |TAMS 0x0000000705600000, 0x0000000705600000| Untracked 
|  35|0x0000000705800000, 0x0000000705800000, 0x0000000705a00000|  0%| F|  |TAMS 0x0000000705800000, 0x0000000705800000| Untracked 
|  36|0x0000000705a00000, 0x0000000705a00000, 0x0000000705c00000|  0%| F|  |TAMS 0x0000000705a00000, 0x0000000705a00000| Untracked 
|  37|0x0000000705c00000, 0x0000000705c00000, 0x0000000705e00000|  0%| F|  |TAMS 0x0000000705c00000, 0x0000000705c00000| Untracked 
|  38|0x0000000705e00000, 0x0000000705e00000, 0x0000000706000000|  0%| F|  |TAMS 0x0000000705e00000, 0x0000000705e00000| Untracked 
|  39|0x0000000706000000, 0x0000000706000000, 0x0000000706200000|  0%| F|  |TAMS 0x0000000706000000, 0x0000000706000000| Untracked 
|  40|0x0000000706200000, 0x0000000706200000, 0x0000000706400000|  0%| F|  |TAMS 0x0000000706200000, 0x0000000706200000| Untracked 
|  41|0x0000000706400000, 0x0000000706400000, 0x0000000706600000|  0%| F|  |TAMS 0x0000000706400000, 0x0000000706400000| Untracked 
|  42|0x0000000706600000, 0x0000000706600000, 0x0000000706800000|  0%| F|  |TAMS 0x0000000706600000, 0x0000000706600000| Untracked 
|  43|0x0000000706800000, 0x0000000706800000, 0x0000000706a00000|  0%| F|  |TAMS 0x0000000706800000, 0x0000000706800000| Untracked 
|  44|0x0000000706a00000, 0x0000000706a00000, 0x0000000706c00000|  0%| F|  |TAMS 0x0000000706a00000, 0x0000000706a00000| Untracked 
|  45|0x0000000706c00000, 0x0000000706c00000, 0x0000000706e00000|  0%| F|  |TAMS 0x0000000706c00000, 0x0000000706c00000| Untracked 
|  46|0x0000000706e00000, 0x0000000706e00000, 0x0000000707000000|  0%| F|  |TAMS 0x0000000706e00000, 0x0000000706e00000| Untracked 
|  47|0x0000000707000000, 0x0000000707000000, 0x0000000707200000|  0%| F|  |TAMS 0x0000000707000000, 0x0000000707000000| Untracked 
|  48|0x0000000707200000, 0x0000000707200000, 0x0000000707400000|  0%| F|  |TAMS 0x0000000707200000, 0x0000000707200000| Untracked 
|  49|0x0000000707400000, 0x0000000707400000, 0x0000000707600000|  0%| F|  |TAMS 0x0000000707400000, 0x0000000707400000| Untracked 
|  50|0x0000000707600000, 0x0000000707600000, 0x0000000707800000|  0%| F|  |TAMS 0x0000000707600000, 0x0000000707600000| Untracked 
|  51|0x0000000707800000, 0x0000000707800000, 0x0000000707a00000|  0%| F|  |TAMS 0x0000000707800000, 0x0000000707800000| Untracked 
|  52|0x0000000707a00000, 0x0000000707a00000, 0x0000000707c00000|  0%| F|  |TAMS 0x0000000707a00000, 0x0000000707a00000| Untracked 
|  53|0x0000000707c00000, 0x0000000707c00000, 0x0000000707e00000|  0%| F|  |TAMS 0x0000000707c00000, 0x0000000707c00000| Untracked 
|  54|0x0000000707e00000, 0x0000000707e00000, 0x0000000708000000|  0%| F|  |TAMS 0x0000000707e00000, 0x0000000707e00000| Untracked 
|  55|0x0000000708000000, 0x0000000708000000, 0x0000000708200000|  0%| F|  |TAMS 0x0000000708000000, 0x0000000708000000| Untracked 
|  56|0x0000000708200000, 0x0000000708200000, 0x0000000708400000|  0%| F|  |TAMS 0x0000000708200000, 0x0000000708200000| Untracked 
|  57|0x0000000708400000, 0x0000000708400000, 0x0000000708600000|  0%| F|  |TAMS 0x0000000708400000, 0x0000000708400000| Untracked 
|  58|0x0000000708600000, 0x0000000708600000, 0x0000000708800000|  0%| F|  |TAMS 0x0000000708600000, 0x0000000708600000| Untracked 
|  59|0x0000000708800000, 0x0000000708800000, 0x0000000708a00000|  0%| F|  |TAMS 0x0000000708800000, 0x0000000708800000| Untracked 
|  60|0x0000000708a00000, 0x0000000708a00000, 0x0000000708c00000|  0%| F|  |TAMS 0x0000000708a00000, 0x0000000708a00000| Untracked 
|  61|0x0000000708c00000, 0x0000000708c00000, 0x0000000708e00000|  0%| F|  |TAMS 0x0000000708c00000, 0x0000000708c00000| Untracked 
|  62|0x0000000708e00000, 0x0000000708e00000, 0x0000000709000000|  0%| F|  |TAMS 0x0000000708e00000, 0x0000000708e00000| Untracked 
|  63|0x0000000709000000, 0x0000000709000000, 0x0000000709200000|  0%| F|  |TAMS 0x0000000709000000, 0x0000000709000000| Untracked 
|  64|0x0000000709200000, 0x0000000709200000, 0x0000000709400000|  0%| F|  |TAMS 0x0000000709200000, 0x0000000709200000| Untracked 
|  65|0x0000000709400000, 0x0000000709400000, 0x0000000709600000|  0%| F|  |TAMS 0x0000000709400000, 0x0000000709400000| Untracked 
|  66|0x0000000709600000, 0x0000000709600000, 0x0000000709800000|  0%| F|  |TAMS 0x0000000709600000, 0x0000000709600000| Untracked 
|  67|0x0000000709800000, 0x0000000709800000, 0x0000000709a00000|  0%| F|  |TAMS 0x0000000709800000, 0x0000000709800000| Untracked 
|  68|0x0000000709a00000, 0x0000000709a00000, 0x0000000709c00000|  0%| F|  |TAMS 0x0000000709a00000, 0x0000000709a00000| Untracked 
|  69|0x0000000709c00000, 0x0000000709c00000, 0x0000000709e00000|  0%| F|  |TAMS 0x0000000709c00000, 0x0000000709c00000| Untracked 
|  70|0x0000000709e00000, 0x0000000709e00000, 0x000000070a000000|  0%| F|  |TAMS 0x0000000709e00000, 0x0000000709e00000| Untracked 
|  71|0x000000070a000000, 0x000000070a000000, 0x000000070a200000|  0%| F|  |TAMS 0x000000070a000000, 0x000000070a000000| Untracked 
|  72|0x000000070a200000, 0x000000070a200000, 0x000000070a400000|  0%| F|  |TAMS 0x000000070a200000, 0x000000070a200000| Untracked 
|  73|0x000000070a400000, 0x000000070a400000, 0x000000070a600000|  0%| F|  |TAMS 0x000000070a400000, 0x000000070a400000| Untracked 
|  74|0x000000070a600000, 0x000000070a600000, 0x000000070a800000|  0%| F|  |TAMS 0x000000070a600000, 0x000000070a600000| Untracked 
|  75|0x000000070a800000, 0x000000070a800000, 0x000000070aa00000|  0%| F|  |TAMS 0x000000070a800000, 0x000000070a800000| Untracked 
|  76|0x000000070aa00000, 0x000000070aa00000, 0x000000070ac00000|  0%| F|  |TAMS 0x000000070aa00000, 0x000000070aa00000| Untracked 
|  77|0x000000070ac00000, 0x000000070ac00000, 0x000000070ae00000|  0%| F|  |TAMS 0x000000070ac00000, 0x000000070ac00000| Untracked 
|  78|0x000000070ae00000, 0x000000070ae00000, 0x000000070b000000|  0%| F|  |TAMS 0x000000070ae00000, 0x000000070ae00000| Untracked 
|  79|0x000000070b000000, 0x000000070b000000, 0x000000070b200000|  0%| F|  |TAMS 0x000000070b000000, 0x000000070b000000| Untracked 
|  80|0x000000070b200000, 0x000000070b200000, 0x000000070b400000|  0%| F|  |TAMS 0x000000070b200000, 0x000000070b200000| Untracked 
|  81|0x000000070b400000, 0x000000070b400000, 0x000000070b600000|  0%| F|  |TAMS 0x000000070b400000, 0x000000070b400000| Untracked 
|  82|0x000000070b600000, 0x000000070b600000, 0x000000070b800000|  0%| F|  |TAMS 0x000000070b600000, 0x000000070b600000| Untracked 
|  83|0x000000070b800000, 0x000000070b800000, 0x000000070ba00000|  0%| F|  |TAMS 0x000000070b800000, 0x000000070b800000| Untracked 
|  84|0x000000070ba00000, 0x000000070ba00000, 0x000000070bc00000|  0%| F|  |TAMS 0x000000070ba00000, 0x000000070ba00000| Untracked 
|  85|0x000000070bc00000, 0x000000070bc00000, 0x000000070be00000|  0%| F|  |TAMS 0x000000070bc00000, 0x000000070bc00000| Untracked 
|  86|0x000000070be00000, 0x000000070be00000, 0x000000070c000000|  0%| F|  |TAMS 0x000000070be00000, 0x000000070be00000| Untracked 
|  87|0x000000070c000000, 0x000000070c000000, 0x000000070c200000|  0%| F|  |TAMS 0x000000070c000000, 0x000000070c000000| Untracked 
|  88|0x000000070c200000, 0x000000070c200000, 0x000000070c400000|  0%| F|  |TAMS 0x000000070c200000, 0x000000070c200000| Untracked 
|  89|0x000000070c400000, 0x000000070c400000, 0x000000070c600000|  0%| F|  |TAMS 0x000000070c400000, 0x000000070c400000| Untracked 
|  90|0x000000070c600000, 0x000000070c600000, 0x000000070c800000|  0%| F|  |TAMS 0x000000070c600000, 0x000000070c600000| Untracked 
|  91|0x000000070c800000, 0x000000070c800000, 0x000000070ca00000|  0%| F|  |TAMS 0x000000070c800000, 0x000000070c800000| Untracked 
|  92|0x000000070ca00000, 0x000000070ca00000, 0x000000070cc00000|  0%| F|  |TAMS 0x000000070ca00000, 0x000000070ca00000| Untracked 
|  93|0x000000070cc00000, 0x000000070cc00000, 0x000000070ce00000|  0%| F|  |TAMS 0x000000070cc00000, 0x000000070cc00000| Untracked 
|  94|0x000000070ce00000, 0x000000070ce00000, 0x000000070d000000|  0%| F|  |TAMS 0x000000070ce00000, 0x000000070ce00000| Untracked 
|  95|0x000000070d000000, 0x000000070d000000, 0x000000070d200000|  0%| F|  |TAMS 0x000000070d000000, 0x000000070d000000| Untracked 
|  96|0x000000070d200000, 0x000000070d200000, 0x000000070d400000|  0%| F|  |TAMS 0x000000070d200000, 0x000000070d200000| Untracked 
|  97|0x000000070d400000, 0x000000070d400000, 0x000000070d600000|  0%| F|  |TAMS 0x000000070d400000, 0x000000070d400000| Untracked 
|  98|0x000000070d600000, 0x000000070d6cda58, 0x000000070d800000| 40%| S|CS|TAMS 0x000000070d600000, 0x000000070d600000| Complete 
|  99|0x000000070d800000, 0x000000070da00000, 0x000000070da00000|100%| S|CS|TAMS 0x000000070d800000, 0x000000070d800000| Complete 
| 100|0x000000070da00000, 0x000000070dc00000, 0x000000070dc00000|100%| S|CS|TAMS 0x000000070da00000, 0x000000070da00000| Complete 
| 101|0x000000070dc00000, 0x000000070de00000, 0x000000070de00000|100%| S|CS|TAMS 0x000000070dc00000, 0x000000070dc00000| Complete 
| 102|0x000000070de00000, 0x000000070e000000, 0x000000070e000000|100%| S|CS|TAMS 0x000000070de00000, 0x000000070de00000| Complete 
| 103|0x000000070e000000, 0x000000070e200000, 0x000000070e200000|100%| S|CS|TAMS 0x000000070e000000, 0x000000070e000000| Complete 
| 104|0x000000070e200000, 0x000000070e400000, 0x000000070e400000|100%| S|CS|TAMS 0x000000070e200000, 0x000000070e200000| Complete 
| 105|0x000000070e400000, 0x000000070e600000, 0x000000070e600000|100%| S|CS|TAMS 0x000000070e400000, 0x000000070e400000| Complete 
| 106|0x000000070e600000, 0x000000070e600000, 0x000000070e800000|  0%| F|  |TAMS 0x000000070e600000, 0x000000070e600000| Untracked 
| 107|0x000000070e800000, 0x000000070e800000, 0x000000070ea00000|  0%| F|  |TAMS 0x000000070e800000, 0x000000070e800000| Untracked 
| 108|0x000000070ea00000, 0x000000070ea00000, 0x000000070ec00000|  0%| F|  |TAMS 0x000000070ea00000, 0x000000070ea00000| Untracked 
| 109|0x000000070ec00000, 0x000000070ec00000, 0x000000070ee00000|  0%| F|  |TAMS 0x000000070ec00000, 0x000000070ec00000| Untracked 
| 110|0x000000070ee00000, 0x000000070ee00000, 0x000000070f000000|  0%| F|  |TAMS 0x000000070ee00000, 0x000000070ee00000| Untracked 
| 111|0x000000070f000000, 0x000000070f000000, 0x000000070f200000|  0%| F|  |TAMS 0x000000070f000000, 0x000000070f000000| Untracked 
| 112|0x000000070f200000, 0x000000070f200000, 0x000000070f400000|  0%| F|  |TAMS 0x000000070f200000, 0x000000070f200000| Untracked 
| 113|0x000000070f400000, 0x000000070f400000, 0x000000070f600000|  0%| F|  |TAMS 0x000000070f400000, 0x000000070f400000| Untracked 
| 114|0x000000070f600000, 0x000000070f800000, 0x000000070f800000|100%| S|CS|TAMS 0x000000070f600000, 0x000000070f600000| Complete 
| 115|0x000000070f800000, 0x000000070f800000, 0x000000070fa00000|  0%| F|  |TAMS 0x000000070f800000, 0x000000070f800000| Untracked 
| 116|0x000000070fa00000, 0x000000070fa00000, 0x000000070fc00000|  0%| F|  |TAMS 0x000000070fa00000, 0x000000070fa00000| Untracked 
| 117|0x000000070fc00000, 0x000000070fc00000, 0x000000070fe00000|  0%| F|  |TAMS 0x000000070fc00000, 0x000000070fc00000| Untracked 
| 118|0x000000070fe00000, 0x000000070fe00000, 0x0000000710000000|  0%| F|  |TAMS 0x000000070fe00000, 0x000000070fe00000| Untracked 
| 119|0x0000000710000000, 0x0000000710000000, 0x0000000710200000|  0%| F|  |TAMS 0x0000000710000000, 0x0000000710000000| Untracked 
| 120|0x0000000710200000, 0x0000000710200000, 0x0000000710400000|  0%| F|  |TAMS 0x0000000710200000, 0x0000000710200000| Untracked 
| 121|0x0000000710400000, 0x0000000710400000, 0x0000000710600000|  0%| F|  |TAMS 0x0000000710400000, 0x0000000710400000| Untracked 
| 122|0x0000000710600000, 0x0000000710600000, 0x0000000710800000|  0%| F|  |TAMS 0x0000000710600000, 0x0000000710600000| Untracked 
| 123|0x0000000710800000, 0x0000000710800000, 0x0000000710a00000|  0%| F|  |TAMS 0x0000000710800000, 0x0000000710800000| Untracked 
| 124|0x0000000710a00000, 0x0000000710a00000, 0x0000000710c00000|  0%| F|  |TAMS 0x0000000710a00000, 0x0000000710a00000| Untracked 
| 125|0x0000000710c00000, 0x0000000710c00000, 0x0000000710e00000|  0%| F|  |TAMS 0x0000000710c00000, 0x0000000710c00000| Untracked 
| 126|0x0000000710e00000, 0x0000000710e00000, 0x0000000711000000|  0%| F|  |TAMS 0x0000000710e00000, 0x0000000710e00000| Untracked 
| 127|0x0000000711000000, 0x0000000711000000, 0x0000000711200000|  0%| F|  |TAMS 0x0000000711000000, 0x0000000711000000| Untracked 
| 128|0x0000000711200000, 0x0000000711200000, 0x0000000711400000|  0%| F|  |TAMS 0x0000000711200000, 0x0000000711200000| Untracked 
| 129|0x0000000711400000, 0x0000000711400000, 0x0000000711600000|  0%| F|  |TAMS 0x0000000711400000, 0x0000000711400000| Untracked 
| 130|0x0000000711600000, 0x0000000711600000, 0x0000000711800000|  0%| F|  |TAMS 0x0000000711600000, 0x0000000711600000| Untracked 
| 131|0x0000000711800000, 0x0000000711800000, 0x0000000711a00000|  0%| F|  |TAMS 0x0000000711800000, 0x0000000711800000| Untracked 
| 132|0x0000000711a00000, 0x0000000711a00000, 0x0000000711c00000|  0%| F|  |TAMS 0x0000000711a00000, 0x0000000711a00000| Untracked 
| 133|0x0000000711c00000, 0x0000000711c00000, 0x0000000711e00000|  0%| F|  |TAMS 0x0000000711c00000, 0x0000000711c00000| Untracked 
| 134|0x0000000711e00000, 0x0000000711e00000, 0x0000000712000000|  0%| F|  |TAMS 0x0000000711e00000, 0x0000000711e00000| Untracked 
| 135|0x0000000712000000, 0x0000000712000000, 0x0000000712200000|  0%| F|  |TAMS 0x0000000712000000, 0x0000000712000000| Untracked 
| 136|0x0000000712200000, 0x0000000712200000, 0x0000000712400000|  0%| F|  |TAMS 0x0000000712200000, 0x0000000712200000| Untracked 
| 137|0x0000000712400000, 0x0000000712400000, 0x0000000712600000|  0%| F|  |TAMS 0x0000000712400000, 0x0000000712400000| Untracked 
| 138|0x0000000712600000, 0x0000000712600000, 0x0000000712800000|  0%| F|  |TAMS 0x0000000712600000, 0x0000000712600000| Untracked 
| 139|0x0000000712800000, 0x0000000712800000, 0x0000000712a00000|  0%| F|  |TAMS 0x0000000712800000, 0x0000000712800000| Untracked 
| 140|0x0000000712a00000, 0x0000000712a00000, 0x0000000712c00000|  0%| F|  |TAMS 0x0000000712a00000, 0x0000000712a00000| Untracked 
| 141|0x0000000712c00000, 0x0000000712c00000, 0x0000000712e00000|  0%| F|  |TAMS 0x0000000712c00000, 0x0000000712c00000| Untracked 
| 142|0x0000000712e00000, 0x0000000712e00000, 0x0000000713000000|  0%| F|  |TAMS 0x0000000712e00000, 0x0000000712e00000| Untracked 
| 143|0x0000000713000000, 0x0000000713000000, 0x0000000713200000|  0%| F|  |TAMS 0x0000000713000000, 0x0000000713000000| Untracked 
| 144|0x0000000713200000, 0x0000000713200000, 0x0000000713400000|  0%| F|  |TAMS 0x0000000713200000, 0x0000000713200000| Untracked 
| 145|0x0000000713400000, 0x0000000713400000, 0x0000000713600000|  0%| F|  |TAMS 0x0000000713400000, 0x0000000713400000| Untracked 
| 146|0x0000000713600000, 0x0000000713600000, 0x0000000713800000|  0%| F|  |TAMS 0x0000000713600000, 0x0000000713600000| Untracked 
| 147|0x0000000713800000, 0x0000000713800000, 0x0000000713a00000|  0%| F|  |TAMS 0x0000000713800000, 0x0000000713800000| Untracked 
| 148|0x0000000713a00000, 0x0000000713a00000, 0x0000000713c00000|  0%| F|  |TAMS 0x0000000713a00000, 0x0000000713a00000| Untracked 
| 149|0x0000000713c00000, 0x0000000713c00000, 0x0000000713e00000|  0%| F|  |TAMS 0x0000000713c00000, 0x0000000713c00000| Untracked 
| 150|0x0000000713e00000, 0x0000000713e00000, 0x0000000714000000|  0%| F|  |TAMS 0x0000000713e00000, 0x0000000713e00000| Untracked 
| 151|0x0000000714000000, 0x0000000714000000, 0x0000000714200000|  0%| F|  |TAMS 0x0000000714000000, 0x0000000714000000| Untracked 
| 152|0x0000000714200000, 0x0000000714200000, 0x0000000714400000|  0%| F|  |TAMS 0x0000000714200000, 0x0000000714200000| Untracked 
| 153|0x0000000714400000, 0x0000000714400000, 0x0000000714600000|  0%| F|  |TAMS 0x0000000714400000, 0x0000000714400000| Untracked 
| 154|0x0000000714600000, 0x0000000714600000, 0x0000000714800000|  0%| F|  |TAMS 0x0000000714600000, 0x0000000714600000| Untracked 
| 155|0x0000000714800000, 0x0000000714800000, 0x0000000714a00000|  0%| F|  |TAMS 0x0000000714800000, 0x0000000714800000| Untracked 
| 156|0x0000000714a00000, 0x0000000714a00000, 0x0000000714c00000|  0%| F|  |TAMS 0x0000000714a00000, 0x0000000714a00000| Untracked 
| 157|0x0000000714c00000, 0x0000000714c00000, 0x0000000714e00000|  0%| F|  |TAMS 0x0000000714c00000, 0x0000000714c00000| Untracked 
| 158|0x0000000714e00000, 0x0000000714e00000, 0x0000000715000000|  0%| F|  |TAMS 0x0000000714e00000, 0x0000000714e00000| Untracked 
| 159|0x0000000715000000, 0x0000000715000000, 0x0000000715200000|  0%| F|  |TAMS 0x0000000715000000, 0x0000000715000000| Untracked 
| 160|0x0000000715200000, 0x0000000715200000, 0x0000000715400000|  0%| F|  |TAMS 0x0000000715200000, 0x0000000715200000| Untracked 
| 161|0x0000000715400000, 0x0000000715400000, 0x0000000715600000|  0%| F|  |TAMS 0x0000000715400000, 0x0000000715400000| Untracked 
| 162|0x0000000715600000, 0x0000000715600000, 0x0000000715800000|  0%| F|  |TAMS 0x0000000715600000, 0x0000000715600000| Untracked 
| 163|0x0000000715800000, 0x0000000715800000, 0x0000000715a00000|  0%| F|  |TAMS 0x0000000715800000, 0x0000000715800000| Untracked 
| 164|0x0000000715a00000, 0x0000000715a00000, 0x0000000715c00000|  0%| F|  |TAMS 0x0000000715a00000, 0x0000000715a00000| Untracked 
| 165|0x0000000715c00000, 0x0000000715c00000, 0x0000000715e00000|  0%| F|  |TAMS 0x0000000715c00000, 0x0000000715c00000| Untracked 
| 166|0x0000000715e00000, 0x0000000715e00000, 0x0000000716000000|  0%| F|  |TAMS 0x0000000715e00000, 0x0000000715e00000| Untracked 
| 167|0x0000000716000000, 0x0000000716000000, 0x0000000716200000|  0%| F|  |TAMS 0x0000000716000000, 0x0000000716000000| Untracked 
| 168|0x0000000716200000, 0x0000000716200000, 0x0000000716400000|  0%| F|  |TAMS 0x0000000716200000, 0x0000000716200000| Untracked 
| 169|0x0000000716400000, 0x0000000716400000, 0x0000000716600000|  0%| F|  |TAMS 0x0000000716400000, 0x0000000716400000| Untracked 
| 170|0x0000000716600000, 0x0000000716600000, 0x0000000716800000|  0%| F|  |TAMS 0x0000000716600000, 0x0000000716600000| Untracked 
| 171|0x0000000716800000, 0x0000000716800000, 0x0000000716a00000|  0%| F|  |TAMS 0x0000000716800000, 0x0000000716800000| Untracked 
| 172|0x0000000716a00000, 0x0000000716a00000, 0x0000000716c00000|  0%| F|  |TAMS 0x0000000716a00000, 0x0000000716a00000| Untracked 
| 173|0x0000000716c00000, 0x0000000716c00000, 0x0000000716e00000|  0%| F|  |TAMS 0x0000000716c00000, 0x0000000716c00000| Untracked 
| 174|0x0000000716e00000, 0x0000000716e00000, 0x0000000717000000|  0%| F|  |TAMS 0x0000000716e00000, 0x0000000716e00000| Untracked 
| 175|0x0000000717000000, 0x0000000717000000, 0x0000000717200000|  0%| F|  |TAMS 0x0000000717000000, 0x0000000717000000| Untracked 
| 176|0x0000000717200000, 0x0000000717200000, 0x0000000717400000|  0%| F|  |TAMS 0x0000000717200000, 0x0000000717200000| Untracked 
| 177|0x0000000717400000, 0x0000000717400000, 0x0000000717600000|  0%| F|  |TAMS 0x0000000717400000, 0x0000000717400000| Untracked 
| 178|0x0000000717600000, 0x0000000717600000, 0x0000000717800000|  0%| F|  |TAMS 0x0000000717600000, 0x0000000717600000| Untracked 
| 179|0x0000000717800000, 0x0000000717800000, 0x0000000717a00000|  0%| F|  |TAMS 0x0000000717800000, 0x0000000717800000| Untracked 
| 180|0x0000000717a00000, 0x0000000717a00000, 0x0000000717c00000|  0%| F|  |TAMS 0x0000000717a00000, 0x0000000717a00000| Untracked 
| 181|0x0000000717c00000, 0x0000000717c00000, 0x0000000717e00000|  0%| F|  |TAMS 0x0000000717c00000, 0x0000000717c00000| Untracked 
| 182|0x0000000717e00000, 0x0000000717e00000, 0x0000000718000000|  0%| F|  |TAMS 0x0000000717e00000, 0x0000000717e00000| Untracked 
| 183|0x0000000718000000, 0x0000000718000000, 0x0000000718200000|  0%| F|  |TAMS 0x0000000718000000, 0x0000000718000000| Untracked 
| 184|0x0000000718200000, 0x0000000718200000, 0x0000000718400000|  0%| F|  |TAMS 0x0000000718200000, 0x0000000718200000| Untracked 
| 185|0x0000000718400000, 0x0000000718400000, 0x0000000718600000|  0%| F|  |TAMS 0x0000000718400000, 0x0000000718400000| Untracked 
| 186|0x0000000718600000, 0x0000000718600000, 0x0000000718800000|  0%| F|  |TAMS 0x0000000718600000, 0x0000000718600000| Untracked 
| 187|0x0000000718800000, 0x0000000718800000, 0x0000000718a00000|  0%| F|  |TAMS 0x0000000718800000, 0x0000000718800000| Untracked 
| 188|0x0000000718a00000, 0x0000000718a00000, 0x0000000718c00000|  0%| F|  |TAMS 0x0000000718a00000, 0x0000000718a00000| Untracked 
| 189|0x0000000718c00000, 0x0000000718c00000, 0x0000000718e00000|  0%| F|  |TAMS 0x0000000718c00000, 0x0000000718c00000| Untracked 
| 190|0x0000000718e00000, 0x0000000718e00000, 0x0000000719000000|  0%| F|  |TAMS 0x0000000718e00000, 0x0000000718e00000| Untracked 
| 191|0x0000000719000000, 0x0000000719000000, 0x0000000719200000|  0%| F|  |TAMS 0x0000000719000000, 0x0000000719000000| Untracked 
| 192|0x0000000719200000, 0x0000000719200000, 0x0000000719400000|  0%| F|  |TAMS 0x0000000719200000, 0x0000000719200000| Untracked 
| 193|0x0000000719400000, 0x0000000719400000, 0x0000000719600000|  0%| F|  |TAMS 0x0000000719400000, 0x0000000719400000| Untracked 
| 194|0x0000000719600000, 0x0000000719600000, 0x0000000719800000|  0%| F|  |TAMS 0x0000000719600000, 0x0000000719600000| Untracked 
| 195|0x0000000719800000, 0x0000000719800000, 0x0000000719a00000|  0%| F|  |TAMS 0x0000000719800000, 0x0000000719800000| Untracked 
| 196|0x0000000719a00000, 0x0000000719a00000, 0x0000000719c00000|  0%| F|  |TAMS 0x0000000719a00000, 0x0000000719a00000| Untracked 
| 197|0x0000000719c00000, 0x0000000719c00000, 0x0000000719e00000|  0%| F|  |TAMS 0x0000000719c00000, 0x0000000719c00000| Untracked 
| 198|0x0000000719e00000, 0x0000000719e00000, 0x000000071a000000|  0%| F|  |TAMS 0x0000000719e00000, 0x0000000719e00000| Untracked 
| 199|0x000000071a000000, 0x000000071a000000, 0x000000071a200000|  0%| F|  |TAMS 0x000000071a000000, 0x000000071a000000| Untracked 
| 200|0x000000071a200000, 0x000000071a200000, 0x000000071a400000|  0%| F|  |TAMS 0x000000071a200000, 0x000000071a200000| Untracked 
| 201|0x000000071a400000, 0x000000071a400000, 0x000000071a600000|  0%| F|  |TAMS 0x000000071a400000, 0x000000071a400000| Untracked 
| 202|0x000000071a600000, 0x000000071a600000, 0x000000071a800000|  0%| F|  |TAMS 0x000000071a600000, 0x000000071a600000| Untracked 
| 203|0x000000071a800000, 0x000000071a800000, 0x000000071aa00000|  0%| F|  |TAMS 0x000000071a800000, 0x000000071a800000| Untracked 
| 204|0x000000071aa00000, 0x000000071aa00000, 0x000000071ac00000|  0%| F|  |TAMS 0x000000071aa00000, 0x000000071aa00000| Untracked 
| 205|0x000000071ac00000, 0x000000071ac00000, 0x000000071ae00000|  0%| F|  |TAMS 0x000000071ac00000, 0x000000071ac00000| Untracked 
| 206|0x000000071ae00000, 0x000000071ae00000, 0x000000071b000000|  0%| F|  |TAMS 0x000000071ae00000, 0x000000071ae00000| Untracked 
| 207|0x000000071b000000, 0x000000071b000000, 0x000000071b200000|  0%| F|  |TAMS 0x000000071b000000, 0x000000071b000000| Untracked 
| 208|0x000000071b200000, 0x000000071b200000, 0x000000071b400000|  0%| F|  |TAMS 0x000000071b200000, 0x000000071b200000| Untracked 
| 209|0x000000071b400000, 0x000000071b400000, 0x000000071b600000|  0%| F|  |TAMS 0x000000071b400000, 0x000000071b400000| Untracked 
| 210|0x000000071b600000, 0x000000071b800000, 0x000000071b800000|100%| E|  |TAMS 0x000000071b600000, 0x000000071b600000| Complete 
| 211|0x000000071b800000, 0x000000071ba00000, 0x000000071ba00000|100%| E|CS|TAMS 0x000000071b800000, 0x000000071b800000| Complete 
| 212|0x000000071ba00000, 0x000000071bc00000, 0x000000071bc00000|100%| E|CS|TAMS 0x000000071ba00000, 0x000000071ba00000| Complete 
| 213|0x000000071bc00000, 0x000000071be00000, 0x000000071be00000|100%| E|CS|TAMS 0x000000071bc00000, 0x000000071bc00000| Complete 
| 214|0x000000071be00000, 0x000000071c000000, 0x000000071c000000|100%| E|CS|TAMS 0x000000071be00000, 0x000000071be00000| Complete 
| 215|0x000000071c000000, 0x000000071c200000, 0x000000071c200000|100%| E|CS|TAMS 0x000000071c000000, 0x000000071c000000| Complete 
| 216|0x000000071c200000, 0x000000071c400000, 0x000000071c400000|100%| E|CS|TAMS 0x000000071c200000, 0x000000071c200000| Complete 
| 217|0x000000071c400000, 0x000000071c600000, 0x000000071c600000|100%| E|CS|TAMS 0x000000071c400000, 0x000000071c400000| Complete 
| 218|0x000000071c600000, 0x000000071c800000, 0x000000071c800000|100%| E|CS|TAMS 0x000000071c600000, 0x000000071c600000| Complete 
| 219|0x000000071c800000, 0x000000071ca00000, 0x000000071ca00000|100%| E|CS|TAMS 0x000000071c800000, 0x000000071c800000| Complete 
| 220|0x000000071ca00000, 0x000000071cc00000, 0x000000071cc00000|100%| E|CS|TAMS 0x000000071ca00000, 0x000000071ca00000| Complete 
| 221|0x000000071cc00000, 0x000000071ce00000, 0x000000071ce00000|100%| E|CS|TAMS 0x000000071cc00000, 0x000000071cc00000| Complete 
| 222|0x000000071ce00000, 0x000000071d000000, 0x000000071d000000|100%| E|CS|TAMS 0x000000071ce00000, 0x000000071ce00000| Complete 
| 223|0x000000071d000000, 0x000000071d200000, 0x000000071d200000|100%| E|CS|TAMS 0x000000071d000000, 0x000000071d000000| Complete 
| 224|0x000000071d200000, 0x000000071d400000, 0x000000071d400000|100%| E|CS|TAMS 0x000000071d200000, 0x000000071d200000| Complete 
| 225|0x000000071d400000, 0x000000071d600000, 0x000000071d600000|100%| E|CS|TAMS 0x000000071d400000, 0x000000071d400000| Complete 
| 226|0x000000071d600000, 0x000000071d800000, 0x000000071d800000|100%| E|CS|TAMS 0x000000071d600000, 0x000000071d600000| Complete 
| 227|0x000000071d800000, 0x000000071da00000, 0x000000071da00000|100%| E|CS|TAMS 0x000000071d800000, 0x000000071d800000| Complete 
| 228|0x000000071da00000, 0x000000071dc00000, 0x000000071dc00000|100%| E|CS|TAMS 0x000000071da00000, 0x000000071da00000| Complete 
| 229|0x000000071dc00000, 0x000000071de00000, 0x000000071de00000|100%| E|CS|TAMS 0x000000071dc00000, 0x000000071dc00000| Complete 
| 230|0x000000071de00000, 0x000000071e000000, 0x000000071e000000|100%| E|CS|TAMS 0x000000071de00000, 0x000000071de00000| Complete 
| 231|0x000000071e000000, 0x000000071e200000, 0x000000071e200000|100%| E|CS|TAMS 0x000000071e000000, 0x000000071e000000| Complete 
| 232|0x000000071e200000, 0x000000071e400000, 0x000000071e400000|100%| E|CS|TAMS 0x000000071e200000, 0x000000071e200000| Complete 
| 233|0x000000071e400000, 0x000000071e600000, 0x000000071e600000|100%| E|CS|TAMS 0x000000071e400000, 0x000000071e400000| Complete 
| 234|0x000000071e600000, 0x000000071e800000, 0x000000071e800000|100%| E|CS|TAMS 0x000000071e600000, 0x000000071e600000| Complete 
| 235|0x000000071e800000, 0x000000071ea00000, 0x000000071ea00000|100%| E|CS|TAMS 0x000000071e800000, 0x000000071e800000| Complete 
| 236|0x000000071ea00000, 0x000000071ec00000, 0x000000071ec00000|100%| E|CS|TAMS 0x000000071ea00000, 0x000000071ea00000| Complete 
| 237|0x000000071ec00000, 0x000000071ee00000, 0x000000071ee00000|100%| E|CS|TAMS 0x000000071ec00000, 0x000000071ec00000| Complete 
| 238|0x000000071ee00000, 0x000000071f000000, 0x000000071f000000|100%| E|CS|TAMS 0x000000071ee00000, 0x000000071ee00000| Complete 
| 239|0x000000071f000000, 0x000000071f200000, 0x000000071f200000|100%| E|CS|TAMS 0x000000071f000000, 0x000000071f000000| Complete 
| 240|0x000000071f200000, 0x000000071f400000, 0x000000071f400000|100%| E|CS|TAMS 0x000000071f200000, 0x000000071f200000| Complete 
| 241|0x000000071f400000, 0x000000071f600000, 0x000000071f600000|100%| E|CS|TAMS 0x000000071f400000, 0x000000071f400000| Complete 
| 242|0x000000071f600000, 0x000000071f800000, 0x000000071f800000|100%| E|CS|TAMS 0x000000071f600000, 0x000000071f600000| Complete 
| 243|0x000000071f800000, 0x000000071fa00000, 0x000000071fa00000|100%| E|CS|TAMS 0x000000071f800000, 0x000000071f800000| Complete 
| 244|0x000000071fa00000, 0x000000071fc00000, 0x000000071fc00000|100%| E|CS|TAMS 0x000000071fa00000, 0x000000071fa00000| Complete 
| 245|0x000000071fc00000, 0x000000071fe00000, 0x000000071fe00000|100%| E|CS|TAMS 0x000000071fc00000, 0x000000071fc00000| Complete 
| 246|0x000000071fe00000, 0x0000000720000000, 0x0000000720000000|100%| E|CS|TAMS 0x000000071fe00000, 0x000000071fe00000| Complete 
| 247|0x0000000720000000, 0x0000000720200000, 0x0000000720200000|100%| E|CS|TAMS 0x0000000720000000, 0x0000000720000000| Complete 
| 248|0x0000000720200000, 0x0000000720400000, 0x0000000720400000|100%| E|CS|TAMS 0x0000000720200000, 0x0000000720200000| Complete 
| 249|0x0000000720400000, 0x0000000720600000, 0x0000000720600000|100%| E|CS|TAMS 0x0000000720400000, 0x0000000720400000| Complete 
| 250|0x0000000720600000, 0x0000000720800000, 0x0000000720800000|100%| E|  |TAMS 0x0000000720600000, 0x0000000720600000| Complete 
| 251|0x0000000720800000, 0x0000000720a00000, 0x0000000720a00000|100%| E|CS|TAMS 0x0000000720800000, 0x0000000720800000| Complete 
| 252|0x0000000720a00000, 0x0000000720c00000, 0x0000000720c00000|100%| E|CS|TAMS 0x0000000720a00000, 0x0000000720a00000| Complete 
| 253|0x0000000720c00000, 0x0000000720e00000, 0x0000000720e00000|100%| E|CS|TAMS 0x0000000720c00000, 0x0000000720c00000| Complete 
| 254|0x0000000720e00000, 0x0000000721000000, 0x0000000721000000|100%| E|CS|TAMS 0x0000000720e00000, 0x0000000720e00000| Complete 
| 255|0x0000000721000000, 0x0000000721200000, 0x0000000721200000|100%| E|CS|TAMS 0x0000000721000000, 0x0000000721000000| Complete 
| 256|0x0000000721200000, 0x0000000721400000, 0x0000000721400000|100%| E|CS|TAMS 0x0000000721200000, 0x0000000721200000| Complete 
| 257|0x0000000721400000, 0x0000000721600000, 0x0000000721600000|100%| E|CS|TAMS 0x0000000721400000, 0x0000000721400000| Complete 
| 258|0x0000000721600000, 0x0000000721800000, 0x0000000721800000|100%| E|CS|TAMS 0x0000000721600000, 0x0000000721600000| Complete 
| 259|0x0000000721800000, 0x0000000721a00000, 0x0000000721a00000|100%| E|CS|TAMS 0x0000000721800000, 0x0000000721800000| Complete 
| 260|0x0000000721a00000, 0x0000000721c00000, 0x0000000721c00000|100%| E|CS|TAMS 0x0000000721a00000, 0x0000000721a00000| Complete 
| 261|0x0000000721c00000, 0x0000000721e00000, 0x0000000721e00000|100%| E|CS|TAMS 0x0000000721c00000, 0x0000000721c00000| Complete 
| 262|0x0000000721e00000, 0x0000000722000000, 0x0000000722000000|100%| E|CS|TAMS 0x0000000721e00000, 0x0000000721e00000| Complete 
| 263|0x0000000722000000, 0x0000000722200000, 0x0000000722200000|100%| E|CS|TAMS 0x0000000722000000, 0x0000000722000000| Complete 
| 264|0x0000000722200000, 0x0000000722400000, 0x0000000722400000|100%| E|CS|TAMS 0x0000000722200000, 0x0000000722200000| Complete 
| 265|0x0000000722400000, 0x0000000722600000, 0x0000000722600000|100%| E|CS|TAMS 0x0000000722400000, 0x0000000722400000| Complete 
| 266|0x0000000722600000, 0x0000000722800000, 0x0000000722800000|100%| E|CS|TAMS 0x0000000722600000, 0x0000000722600000| Complete 

Card table byte_map: [0x00000191f9fe0000,0x00000191fa7e0000] _byte_map_base: 0x00000191f67d7000

Marking Bits (Prev, Next): (CMBitMap*) 0x00000191f92123e0, (CMBitMap*) 0x00000191f9212420
 Prev Bits: [0x00000191fafe0000, 0x00000191fef98000)
 Next Bits: [0x0000019196770000, 0x000001919a728000)

Polling page: 0x00000191f7170000

Metaspace:

Usage:
  Non-class:      6.69 MB used.
      Class:    355.75 KB used.
       Both:      7.04 MB used.

Virtual space:
  Non-class space:       16.00 MB reserved,       6.81 MB ( 43%) committed,  2 nodes.
      Class space:        1.00 GB reserved,     448.00 KB ( <1%) committed,  1 nodes.
             Both:        1.02 GB reserved,       7.25 MB ( <1%) committed. 

Chunk freelists:
   Non-Class:  3.42 MB
       Class:  3.51 MB
        Both:  6.93 MB

MaxMetaspaceSize: unlimited
CompressedClassSpaceSize: 1.00 GB
Initial GC threshold: 21.00 MB
Current GC threshold: 21.00 MB
CDS: on
MetaspaceReclaimPolicy: balanced
 - commit_granule_bytes: 65536.
 - commit_granule_words: 8192.
 - virtual_space_node_default_size: 1048576.
 - enlarge_chunks_in_place: 1.
 - new_chunks_are_fully_committed: 0.
 - uncommit_free_chunks: 1.
 - use_allocation_guard: 0.
 - handle_deallocations: 1.


Internal statistics:

num_allocs_failed_limit: 0.
num_arena_births: 90.
num_arena_deaths: 0.
num_vsnodes_births: 3.
num_vsnodes_deaths: 0.
num_space_committed: 114.
num_space_uncommitted: 0.
num_chunks_returned_to_freelist: 0.
num_chunks_taken_from_freelist: 289.
num_chunk_merges: 0.
num_chunk_splits: 204.
num_chunks_enlarged: 159.
num_purges: 0.
num_inconsistent_stats: 0.

CodeHeap 'non-profiled nmethods': size=120000Kb used=1668Kb max_used=1668Kb free=118331Kb
 bounds [0x000001918f240000, 0x000001918f4b0000, 0x0000019196770000]
CodeHeap 'profiled nmethods': size=120000Kb used=3667Kb max_used=3667Kb free=116332Kb
 bounds [0x0000019187d10000, 0x00000191880b0000, 0x000001918f240000]
CodeHeap 'non-nmethods': size=5760Kb used=1627Kb max_used=1662Kb free=4133Kb
 bounds [0x0000019187770000, 0x00000191879e0000, 0x0000019187d10000]
 total_blobs=3060 nmethods=1993 adapters=980
 compilation: enabled
              stopped_count=0, restarted_count=0
 full_count=0

Compilation events (20 events):
Event: 10.579 Thread 0x00000191ffc3e320 1999       3       org.joml.Matrix4f::lookAt (60 bytes)
Event: 10.579 Thread 0x00000191ffc3e320 nmethod 1999 0x000001918809e310 code [0x000001918809e4e0, 0x000001918809e948]
Event: 10.579 Thread 0x00000191ffc3e320 2000       3       org.joml.Matrix4f::perspective (11 bytes)
Event: 10.579 Thread 0x00000191ffc3e320 nmethod 2000 0x000001918809eb90 code [0x000001918809ed20, 0x000001918809ee68]
Event: 10.579 Thread 0x00000191ffc3e320 2001       3       SpotLight::bind (143 bytes)
Event: 10.580 Thread 0x00000191ffc3e320 nmethod 2001 0x000001918809ef10 code [0x000001918809f300, 0x00000191880a05c8]
Event: 10.585 Thread 0x00000191ffc3e320 2006       3       org.joml.Matrix4f::perspective (36 bytes)
Event: 10.586 Thread 0x00000191ffc3e320 nmethod 2006 0x00000191880a0d90 code [0x00000191880a0f40, 0x00000191880a1138]
Event: 10.586 Thread 0x00000191ffc3e320 2007       3       org.joml.Matrix4f::setPerspective (228 bytes)
Event: 10.586 Thread 0x00000191ffc3e320 nmethod 2007 0x00000191880a1210 code [0x00000191880a1520, 0x00000191880a2328]
Event: 10.586 Thread 0x00000191ffc3e320 2008       3       org.joml.MemUtil$MemUtilNIO::zero (67 bytes)
Event: 10.587 Thread 0x00000191ffc3e320 nmethod 2008 0x00000191880a2710 code [0x00000191880a2940, 0x00000191880a31b8]
Event: 10.587 Thread 0x00000191ffc3e320 2009       3       org.lwjgl.glfw.GLFW::glfwSwapBuffers (21 bytes)
Event: 10.587 Thread 0x00000191ffc3e320 nmethod 2009 0x00000191880a3510 code [0x00000191880a36c0, 0x00000191880a3958]
Event: 10.675 Thread 0x00000191ffc3b080 2010       4       cga.exercise.game.Scene::checkCollisionSpaceship (195 bytes)
Event: 10.705 Thread 0x00000191ffc3b080 nmethod 2010 0x000001918f3de690 code [0x000001918f3de9e0, 0x000001918f3e0288]
Event: 10.795 Thread 0x00000191ffc3e320 2011       3       org.lwjgl.glfw.GLFWCursorPosCallbackI::callback (40 bytes)
Event: 10.796 Thread 0x00000191ffc3e320 nmethod 2011 0x00000191880a3a90 code [0x00000191880a3ce0, 0x00000191880a4708]
Event: 10.796 Thread 0x00000191ffc3e320 2012       3       cga.framework.GameWindow$$Lambda$44/0x0000000800c13c30::invoke (12 bytes)
Event: 10.796 Thread 0x00000191ffc3e320 nmethod 2012 0x00000191880a4990 code [0x00000191880a4b20, 0x00000191880a4c68]

GC Heap History (20 events):
Event: 2.606 GC heap before
{Heap before GC invocations=13 (full 0):
 garbage-first heap   total 378880K, used 226634K [0x0000000701200000, 0x0000000800000000)
  region size 2048K, 111 young (227328K), 5 survivors (10240K)
 Metaspace       used 5398K, committed 5568K, reserved 1056768K
  class space    used 291K, committed 384K, reserved 1048576K
}
Event: 2.609 GC heap after
{Heap after GC invocations=14 (full 0):
 garbage-first heap   total 378880K, used 10038K [0x0000000701200000, 0x0000000800000000)
  region size 2048K, 5 young (10240K), 5 survivors (10240K)
 Metaspace       used 5398K, committed 5568K, reserved 1056768K
  class space    used 291K, committed 384K, reserved 1048576K
}
Event: 2.768 GC heap before
{Heap before GC invocations=14 (full 0):
 garbage-first heap   total 378880K, used 227126K [0x0000000701200000, 0x0000000800000000)
  region size 2048K, 111 young (227328K), 5 survivors (10240K)
 Metaspace       used 5399K, committed 5568K, reserved 1056768K
  class space    used 291K, committed 384K, reserved 1048576K
}
Event: 2.771 GC heap after
{Heap after GC invocations=15 (full 0):
 garbage-first heap   total 454656K, used 10897K [0x0000000701200000, 0x0000000800000000)
  region size 2048K, 6 young (12288K), 6 survivors (12288K)
 Metaspace       used 5399K, committed 5568K, reserved 1056768K
  class space    used 291K, committed 384K, reserved 1048576K
}
Event: 2.939 GC heap before
{Heap before GC invocations=15 (full 0):
 garbage-first heap   total 454656K, used 270993K [0x0000000701200000, 0x0000000800000000)
  region size 2048K, 133 young (272384K), 6 survivors (12288K)
 Metaspace       used 5399K, committed 5568K, reserved 1056768K
  class space    used 291K, committed 384K, reserved 1048576K
}
Event: 2.942 GC heap after
{Heap after GC invocations=16 (full 0):
 garbage-first heap   total 454656K, used 11619K [0x0000000701200000, 0x0000000800000000)
  region size 2048K, 5 young (10240K), 5 survivors (10240K)
 Metaspace       used 5399K, committed 5568K, reserved 1056768K
  class space    used 291K, committed 384K, reserved 1048576K
}
Event: 3.109 GC heap before
{Heap before GC invocations=16 (full 0):
 garbage-first heap   total 454656K, used 273763K [0x0000000701200000, 0x0000000800000000)
  region size 2048K, 133 young (272384K), 5 survivors (10240K)
 Metaspace       used 5399K, committed 5568K, reserved 1056768K
  class space    used 291K, committed 384K, reserved 1048576K
}
Event: 3.112 GC heap after
{Heap after GC invocations=17 (full 0):
 garbage-first heap   total 454656K, used 12968K [0x0000000701200000, 0x0000000800000000)
  region size 2048K, 6 young (12288K), 6 survivors (12288K)
 Metaspace       used 5399K, committed 5568K, reserved 1056768K
  class space    used 291K, committed 384K, reserved 1048576K
}
Event: 3.273 GC heap before
{Heap before GC invocations=17 (full 0):
 garbage-first heap   total 454656K, used 273064K [0x0000000701200000, 0x0000000800000000)
  region size 2048K, 133 young (272384K), 6 survivors (12288K)
 Metaspace       used 5399K, committed 5568K, reserved 1056768K
  class space    used 291K, committed 384K, reserved 1048576K
}
Event: 3.276 GC heap after
{Heap after GC invocations=18 (full 0):
 garbage-first heap   total 454656K, used 13787K [0x0000000701200000, 0x0000000800000000)
  region size 2048K, 6 young (12288K), 6 survivors (12288K)
 Metaspace       used 5399K, committed 5568K, reserved 1056768K
  class space    used 291K, committed 384K, reserved 1048576K
}
Event: 3.426 GC heap before
{Heap before GC invocations=18 (full 0):
 garbage-first heap   total 454656K, used 273883K [0x0000000701200000, 0x0000000800000000)
  region size 2048K, 133 young (272384K), 6 survivors (12288K)
 Metaspace       used 5399K, committed 5568K, reserved 1056768K
  class space    used 291K, committed 384K, reserved 1048576K
}
Event: 3.429 GC heap after
{Heap after GC invocations=19 (full 0):
 garbage-first heap   total 454656K, used 14623K [0x0000000701200000, 0x0000000800000000)
  region size 2048K, 6 young (12288K), 6 survivors (12288K)
 Metaspace       used 5399K, committed 5568K, reserved 1056768K
  class space    used 291K, committed 384K, reserved 1048576K
}
Event: 3.582 GC heap before
{Heap before GC invocations=19 (full 0):
 garbage-first heap   total 454656K, used 274719K [0x0000000701200000, 0x0000000800000000)
  region size 2048K, 133 young (272384K), 6 survivors (12288K)
 Metaspace       used 5399K, committed 5568K, reserved 1056768K
  class space    used 291K, committed 384K, reserved 1048576K
}
Event: 3.585 GC heap after
{Heap after GC invocations=20 (full 0):
 garbage-first heap   total 454656K, used 15076K [0x0000000701200000, 0x0000000800000000)
  region size 2048K, 6 young (12288K), 6 survivors (12288K)
 Metaspace       used 5399K, committed 5568K, reserved 1056768K
  class space    used 291K, committed 384K, reserved 1048576K
}
Event: 3.739 GC heap before
{Heap before GC invocations=20 (full 0):
 garbage-first heap   total 454656K, used 275172K [0x0000000701200000, 0x0000000800000000)
  region size 2048K, 133 young (272384K), 6 survivors (12288K)
 Metaspace       used 5399K, committed 5568K, reserved 1056768K
  class space    used 291K, committed 384K, reserved 1048576K
}
Event: 3.742 GC heap after
{Heap after GC invocations=21 (full 0):
 garbage-first heap   total 546816K, used 15457K [0x0000000701200000, 0x0000000800000000)
  region size 2048K, 7 young (14336K), 7 survivors (14336K)
 Metaspace       used 5399K, committed 5568K, reserved 1056768K
  class space    used 291K, committed 384K, reserved 1048576K
}
Event: 5.422 GC heap before
{Heap before GC invocations=21 (full 0):
 garbage-first heap   total 546816K, used 332897K [0x0000000701200000, 0x0000000800000000)
  region size 2048K, 160 young (327680K), 7 survivors (14336K)
 Metaspace       used 6141K, committed 6336K, reserved 1056768K
  class space    used 320K, committed 448K, reserved 1048576K
}
Event: 5.427 GC heap after
{Heap after GC invocations=22 (full 0):
 garbage-first heap   total 546816K, used 20565K [0x0000000701200000, 0x0000000800000000)
  region size 2048K, 8 young (16384K), 8 survivors (16384K)
 Metaspace       used 6141K, committed 6336K, reserved 1056768K
  class space    used 320K, committed 448K, reserved 1048576K
}
Event: 6.487 GC heap before
{Heap before GC invocations=22 (full 0):
 garbage-first heap   total 546816K, used 329813K [0x0000000701200000, 0x0000000800000000)
  region size 2048K, 160 young (327680K), 8 survivors (16384K)
 Metaspace       used 6926K, committed 7168K, reserved 1064960K
  class space    used 349K, committed 448K, reserved 1048576K
}
Event: 6.491 GC heap after
{Heap after GC invocations=23 (full 0):
 garbage-first heap   total 546816K, used 22081K [0x0000000701200000, 0x0000000800000000)
  region size 2048K, 9 young (18432K), 9 survivors (18432K)
 Metaspace       used 6926K, committed 7168K, reserved 1064960K
  class space    used 349K, committed 448K, reserved 1048576K
}

Deoptimization events (20 events):
Event: 5.549 Thread 0x00000191f91c3150 DEOPT PACKING pc=0x000001918f3a5c0c sp=0x00000014d90fe860
Event: 5.549 Thread 0x00000191f91c3150 DEOPT UNPACKING pc=0x00000191877c23a3 sp=0x00000014d90fe800 mode 2
Event: 5.549 Thread 0x00000191f91c3150 Uncommon trap: trap_request=0xffffffbe fr.pc=0x000001918f3a5c0c relative=0x00000000000004cc
Event: 5.549 Thread 0x00000191f91c3150 Uncommon trap: reason=profile_predicate action=maybe_recompile pc=0x000001918f3a5c0c method=java.util.regex.Pattern$Slice.match(Ljava/util/regex/Matcher;ILjava/lang/CharSequence;)Z @ 18 c2
Event: 5.549 Thread 0x00000191f91c3150 DEOPT PACKING pc=0x000001918f3a5c0c sp=0x00000014d90fe860
Event: 5.549 Thread 0x00000191f91c3150 DEOPT UNPACKING pc=0x00000191877c23a3 sp=0x00000014d90fe800 mode 2
Event: 5.549 Thread 0x00000191f91c3150 Uncommon trap: trap_request=0xffffffbe fr.pc=0x000001918f3a5c0c relative=0x00000000000004cc
Event: 5.549 Thread 0x00000191f91c3150 Uncommon trap: reason=profile_predicate action=maybe_recompile pc=0x000001918f3a5c0c method=java.util.regex.Pattern$Slice.match(Ljava/util/regex/Matcher;ILjava/lang/CharSequence;)Z @ 18 c2
Event: 5.549 Thread 0x00000191f91c3150 DEOPT PACKING pc=0x000001918f3a5c0c sp=0x00000014d90fe860
Event: 5.549 Thread 0x00000191f91c3150 DEOPT UNPACKING pc=0x00000191877c23a3 sp=0x00000014d90fe800 mode 2
Event: 5.568 Thread 0x00000191f91c3150 Uncommon trap: trap_request=0xffffff45 fr.pc=0x000001918f328aa4 relative=0x0000000000000284
Event: 5.568 Thread 0x00000191f91c3150 Uncommon trap: reason=unstable_if action=reinterpret pc=0x000001918f328aa4 method=java.util.Scanner.makeSpace()Z @ 34 c2
Event: 5.568 Thread 0x00000191f91c3150 DEOPT PACKING pc=0x000001918f328aa4 sp=0x00000014d90fe9e0
Event: 5.568 Thread 0x00000191f91c3150 DEOPT UNPACKING pc=0x00000191877c23a3 sp=0x00000014d90fe9a0 mode 2
Event: 5.712 Thread 0x00000191f91c3150 DEOPT PACKING pc=0x0000019187ff3242 sp=0x00000014d90feb30
Event: 5.713 Thread 0x00000191f91c3150 DEOPT UNPACKING pc=0x00000191877c2b43 sp=0x00000014d90fe258 mode 0
Event: 5.764 Thread 0x00000191f91c3150 DEOPT PACKING pc=0x0000019187ffaf72 sp=0x00000014d90feda0
Event: 5.764 Thread 0x00000191f91c3150 DEOPT UNPACKING pc=0x00000191877c2b43 sp=0x00000014d90fe280 mode 0
Event: 5.795 Thread 0x00000191f91c3150 DEOPT PACKING pc=0x0000019187ff3242 sp=0x00000014d90feb30
Event: 5.795 Thread 0x00000191f91c3150 DEOPT UNPACKING pc=0x00000191877c2b43 sp=0x00000014d90fe258 mode 0

Classes unloaded (0 events):
No events

Classes redefined (0 events):
No events

Internal exceptions (20 events):
Event: 0.118 Thread 0x00000191f91c3150 Exception <a 'sun/nio/fs/WindowsException'{0x0000000710ce6758}> (0x0000000710ce6758) 
thrown [t:\workspace\open\src\hotspot\share\prims\jni.cpp, line 516]
Event: 0.118 Thread 0x00000191f91c3150 Exception <a 'sun/nio/fs/WindowsException'{0x0000000710ce6ad0}> (0x0000000710ce6ad0) 
thrown [t:\workspace\open\src\hotspot\share\prims\jni.cpp, line 516]
Event: 0.125 Thread 0x00000191f91c3150 Exception <a 'java/lang/NoSuchMethodError'{0x0000000710d32a50}: 'int java.lang.invoke.DirectMethodHandle$Holder.invokeStaticInit(java.lang.Object, java.lang.Object, int, long)'> (0x0000000710d32a50) 
thrown [t:\workspace\open\src\hotspot\share\interpreter\linkResolver.cpp, line 766]
Event: 0.125 Thread 0x00000191f91c3150 Exception <a 'java/lang/NoSuchMethodError'{0x0000000710d38318}: 'java.lang.Object java.lang.invoke.DirectMethodHandle$Holder.newInvokeSpecial(java.lang.Object, java.lang.Object, int)'> (0x0000000710d38318) 
thrown [t:\workspace\open\src\hotspot\share\interpreter\linkResolver.cpp, line 766]
Event: 0.127 Thread 0x00000191f91c3150 Exception <a 'java/lang/NoSuchMethodError'{0x0000000710d47ad0}: 'int java.lang.invoke.DirectMethodHandle$Holder.invokeStaticInit(java.lang.Object, java.lang.Object, long, long)'> (0x0000000710d47ad0) 
thrown [t:\workspace\open\src\hotspot\share\interpreter\linkResolver.cpp, line 766]
Event: 0.127 Thread 0x00000191f91c3150 Exception <a 'java/lang/NoSuchMethodError'{0x0000000710d4dbe0}: 'java.lang.Object java.lang.invoke.DirectMethodHandle$Holder.newInvokeSpecial(java.lang.Object, java.lang.Object, long)'> (0x0000000710d4dbe0) 
thrown [t:\workspace\open\src\hotspot\share\interpreter\linkResolver.cpp, line 766]
Event: 0.128 Thread 0x00000191f91c3150 Exception <a 'java/lang/NoSuchMethodError'{0x0000000710d51ed0}: 'java.lang.Object java.lang.invoke.Invokers$Holder.linkToTargetMethod(java.lang.Object, long, java.lang.Object)'> (0x0000000710d51ed0) 
thrown [t:\workspace\open\src\hotspot\share\interpreter\linkResolver.cpp, line 766]
Event: 0.128 Thread 0x00000191f91c3150 Exception <a 'java/lang/NoSuchMethodError'{0x0000000710d59850}: 'int java.lang.invoke.DirectMethodHandle$Holder.invokeStaticInit(java.lang.Object, java.lang.Object, java.lang.Object, long)'> (0x0000000710d59850) 
thrown [t:\workspace\open\src\hotspot\share\interpreter\linkResolver.cpp, line 766]
Event: 0.151 Thread 0x00000191f91c3150 Exception <a 'java/lang/NoSuchMethodError'{0x0000000710dc4840}: 'void java.lang.invoke.DirectMethodHandle$Holder.invokeStatic(java.lang.Object, int, long)'> (0x0000000710dc4840) 
thrown [t:\workspace\open\src\hotspot\share\interpreter\linkResolver.cpp, line 766]
Event: 0.356 Thread 0x00000191f91c3150 Exception <a 'sun/nio/fs/WindowsException'{0x0000000710a9ddd0}> (0x0000000710a9ddd0) 
thrown [t:\workspace\open\src\hotspot\share\prims\jni.cpp, line 516]
Event: 0.356 Thread 0x00000191f91c3150 Exception <a 'sun/nio/fs/WindowsException'{0x0000000710a9e180}> (0x0000000710a9e180) 
thrown [t:\workspace\open\src\hotspot\share\prims\jni.cpp, line 516]
Event: 0.358 Thread 0x00000191f91c3150 Exception <a 'sun/nio/fs/WindowsException'{0x0000000710aa4aa8}> (0x0000000710aa4aa8) 
thrown [t:\workspace\open\src\hotspot\share\prims\jni.cpp, line 516]
Event: 0.358 Thread 0x00000191f91c3150 Exception <a 'sun/nio/fs/WindowsException'{0x0000000710aa4d98}> (0x0000000710aa4d98) 
thrown [t:\workspace\open\src\hotspot\share\prims\jni.cpp, line 516]
Event: 0.650 Thread 0x00000191f91c3150 Exception <a 'sun/nio/fs/WindowsException'{0x00000007100f91c0}> (0x00000007100f91c0) 
thrown [t:\workspace\open\src\hotspot\share\prims\jni.cpp, line 516]
Event: 0.650 Thread 0x00000191f91c3150 Exception <a 'sun/nio/fs/WindowsException'{0x00000007100f9550}> (0x00000007100f9550) 
thrown [t:\workspace\open\src\hotspot\share\prims\jni.cpp, line 516]
Event: 0.817 Thread 0x00000191f91c3150 Implicit null exception at 0x000001918f2ad7dd to 0x000001918f2adf30
Event: 0.817 Thread 0x00000191f91c3150 Implicit null exception at 0x000001918f296008 to 0x000001918f29668f
Event: 0.817 Thread 0x00000191f91c3150 Implicit null exception at 0x000001918f295469 to 0x000001918f295a93
Event: 5.023 Thread 0x00000191f91c3150 Exception <a 'sun/nio/fs/WindowsException'{0x0000000712d6a4a8}> (0x0000000712d6a4a8) 
thrown [t:\workspace\open\src\hotspot\share\prims\jni.cpp, line 516]
Event: 5.023 Thread 0x00000191f91c3150 Exception <a 'sun/nio/fs/WindowsException'{0x0000000712d6a838}> (0x0000000712d6a838) 
thrown [t:\workspace\open\src\hotspot\share\prims\jni.cpp, line 516]

VM Operations (20 events):
Event: 5.576 Executing VM operation: ICBufferFull
Event: 5.576 Executing VM operation: ICBufferFull done
Event: 5.577 Executing VM operation: ICBufferFull
Event: 5.577 Executing VM operation: ICBufferFull done
Event: 5.577 Executing VM operation: ICBufferFull
Event: 5.577 Executing VM operation: ICBufferFull done
Event: 5.578 Executing VM operation: ICBufferFull
Event: 5.578 Executing VM operation: ICBufferFull done
Event: 5.578 Executing VM operation: ICBufferFull
Event: 5.578 Executing VM operation: ICBufferFull done
Event: 5.579 Executing VM operation: ICBufferFull
Event: 5.579 Executing VM operation: ICBufferFull done
Event: 6.487 Executing VM operation: G1CollectForAllocation
Event: 6.491 Executing VM operation: G1CollectForAllocation done
Event: 8.498 Executing VM operation: Cleanup
Event: 8.498 Executing VM operation: Cleanup done
Event: 9.500 Executing VM operation: Cleanup
Event: 9.500 Executing VM operation: Cleanup done
Event: 10.514 Executing VM operation: Cleanup
Event: 10.514 Executing VM operation: Cleanup done

Events (20 events):
Event: 1.033 loading class sun/util/resources/TimeZoneNames_en
Event: 1.033 loading class sun/util/resources/TimeZoneNames_en done
Event: 1.284 Thread 0x000001919daba740 Thread exited: 0x000001919daba740
Event: 1.449 Thread 0x000001919dabdef0 Thread exited: 0x000001919dabdef0
Event: 1.456 Thread 0x000001919dabbb80 Thread added: 0x000001919dabbb80
Event: 1.462 Thread 0x000001919dabc090 Thread added: 0x000001919dabc090
Event: 1.628 Thread 0x000001919dabc090 Thread exited: 0x000001919dabc090
Event: 1.628 Thread 0x000001919dabbb80 Thread exited: 0x000001919dabbb80
Event: 2.365 Thread 0x000001919dabd4d0 Thread added: 0x000001919dabd4d0
Event: 3.024 Thread 0x000001919dabd4d0 Thread exited: 0x000001919dabd4d0
Event: 5.042 Thread 0x000001919dabd9e0 Thread added: 0x000001919dabd9e0
Event: 5.046 Thread 0x000001919daba740 Thread added: 0x000001919daba740
Event: 5.197 Thread 0x000001919daba740 Thread exited: 0x000001919daba740
Event: 5.197 Thread 0x000001919dabd9e0 Thread exited: 0x000001919dabd9e0
Event: 5.281 Thread 0x000001919dabc5a0 Thread added: 0x000001919dabc5a0
Event: 5.667 loading class java/lang/SecurityException
Event: 5.667 loading class java/lang/SecurityException done
Event: 6.042 Thread 0x000001919dabc5a0 Thread exited: 0x000001919dabc5a0
Event: 8.518 loading class java/util/NoSuchElementException
Event: 8.518 loading class java/util/NoSuchElementException done


Dynamic libraries:
0x00007ff6a56a0000 - 0x00007ff6a56ae000 	C:\OpenJDK17\jdk-17.0.2\bin\java.exe
0x00007ffb33250000 - 0x00007ffb33464000 	C:\WINDOWS\SYSTEM32\ntdll.dll
0x00007ffb31310000 - 0x00007ffb313d4000 	C:\WINDOWS\System32\KERNEL32.DLL
0x00007ffb309d0000 - 0x00007ffb30d74000 	C:\WINDOWS\System32\KERNELBASE.dll
0x00007ffb306d0000 - 0x00007ffb307e1000 	C:\WINDOWS\System32\ucrtbase.dll
0x00007ffb21820000 - 0x00007ffb21838000 	C:\OpenJDK17\jdk-17.0.2\bin\jli.dll
0x00007ffb21840000 - 0x00007ffb2185a000 	C:\OpenJDK17\jdk-17.0.2\bin\VCRUNTIME140.dll
0x00007ffb32640000 - 0x00007ffb327ea000 	C:\WINDOWS\System32\USER32.dll
0x00007ffb30f60000 - 0x00007ffb30f86000 	C:\WINDOWS\System32\win32u.dll
0x00007ffb21470000 - 0x00007ffb216ff000 	C:\WINDOWS\WinSxS\amd64_microsoft.windows.common-controls_6595b64144ccf1df_6.0.22621.2070_none_2713e6537381f706\COMCTL32.dll
0x00007ffb31d60000 - 0x00007ffb31d89000 	C:\WINDOWS\System32\GDI32.dll
0x00007ffb31a70000 - 0x00007ffb31b17000 	C:\WINDOWS\System32\msvcrt.dll
0x00007ffb30e40000 - 0x00007ffb30f59000 	C:\WINDOWS\System32\gdi32full.dll
0x00007ffb30630000 - 0x00007ffb306ca000 	C:\WINDOWS\System32\msvcp_win.dll
0x00007ffb31d90000 - 0x00007ffb31dc1000 	C:\WINDOWS\System32\IMM32.DLL
0x00007ffb21190000 - 0x00007ffb2119c000 	C:\OpenJDK17\jdk-17.0.2\bin\vcruntime140_1.dll
0x00007ffb059d0000 - 0x00007ffb05a5d000 	C:\OpenJDK17\jdk-17.0.2\bin\msvcp140.dll
0x00007ffac6b10000 - 0x00007ffac76d1000 	C:\OpenJDK17\jdk-17.0.2\bin\server\jvm.dll
0x00007ffb33160000 - 0x00007ffb33210000 	C:\WINDOWS\System32\ADVAPI32.dll
0x00007ffb31790000 - 0x00007ffb31836000 	C:\WINDOWS\System32\sechost.dll
0x00007ffb31950000 - 0x00007ffb31a67000 	C:\WINDOWS\System32\RPCRT4.dll
0x00007ffb313e0000 - 0x00007ffb313e8000 	C:\WINDOWS\System32\PSAPI.DLL
0x00007ffb2b260000 - 0x00007ffb2b269000 	C:\WINDOWS\SYSTEM32\WSOCK32.dll
0x00007ffb2b1a0000 - 0x00007ffb2b1aa000 	C:\WINDOWS\SYSTEM32\VERSION.dll
0x00007ffb24ef0000 - 0x00007ffb24f24000 	C:\WINDOWS\SYSTEM32\WINMM.dll
0x00007ffb31710000 - 0x00007ffb31781000 	C:\WINDOWS\System32\WS2_32.dll
0x00007ffb2f720000 - 0x00007ffb2f738000 	C:\WINDOWS\SYSTEM32\kernel.appcore.dll
0x00007ffb1ff30000 - 0x00007ffb1ff3a000 	C:\OpenJDK17\jdk-17.0.2\bin\jimage.dll
0x00007ffb2a850000 - 0x00007ffb2aa7e000 	C:\WINDOWS\SYSTEM32\DBGHELP.DLL
0x00007ffb31dd0000 - 0x00007ffb3215a000 	C:\WINDOWS\System32\combase.dll
0x00007ffb31070000 - 0x00007ffb31147000 	C:\WINDOWS\System32\OLEAUT32.dll
0x00007ffb2a7a0000 - 0x00007ffb2a7d2000 	C:\WINDOWS\SYSTEM32\dbgcore.DLL
0x00007ffb30f90000 - 0x00007ffb3100a000 	C:\WINDOWS\System32\bcryptPrimitives.dll
0x00007ffb29dd0000 - 0x00007ffb29dde000 	C:\OpenJDK17\jdk-17.0.2\bin\instrument.dll
0x00007ffb1c380000 - 0x00007ffb1c3a5000 	C:\OpenJDK17\jdk-17.0.2\bin\java.dll
0x00007ffafaa10000 - 0x00007ffafaae6000 	C:\OpenJDK17\jdk-17.0.2\bin\jsvml.dll
0x00007ffb32940000 - 0x00007ffb33156000 	C:\WINDOWS\System32\SHELL32.dll
0x00007ffb2e5c0000 - 0x00007ffb2eeaa000 	C:\WINDOWS\SYSTEM32\windows.storage.dll
0x00007ffb2e480000 - 0x00007ffb2e5be000 	C:\WINDOWS\SYSTEM32\wintypes.dll
0x00007ffb31850000 - 0x00007ffb31943000 	C:\WINDOWS\System32\SHCORE.dll
0x00007ffb31010000 - 0x00007ffb3106e000 	C:\WINDOWS\System32\shlwapi.dll
0x00007ffb30560000 - 0x00007ffb30586000 	C:\WINDOWS\SYSTEM32\profapi.dll
0x00007ffb194d0000 - 0x00007ffb194e8000 	C:\OpenJDK17\jdk-17.0.2\bin\zip.dll
0x00007ffb1bfe0000 - 0x00007ffb1bff9000 	C:\OpenJDK17\jdk-17.0.2\bin\net.dll
0x00007ffb2bad0000 - 0x00007ffb2bc07000 	C:\WINDOWS\SYSTEM32\WINHTTP.dll
0x00007ffb2fb90000 - 0x00007ffb2fbf9000 	C:\WINDOWS\system32\mswsock.dll
0x00007ffb1bfc0000 - 0x00007ffb1bfd6000 	C:\OpenJDK17\jdk-17.0.2\bin\nio.dll
0x00007ffb23af0000 - 0x00007ffb23b0a000 	C:\Program Files\JetBrains\IntelliJ IDEA Community Edition 2023.1.2\bin\breakgen64.dll
0x00007ffb1fce0000 - 0x00007ffb1fd55000 	C:\Users\Pascal\AppData\Local\Temp\lwjglPascal\3.3.1-build-7\lwjgl.dll
0x00007ffb13e90000 - 0x00007ffb13ef1000 	C:\Users\Pascal\AppData\Local\Temp\lwjglPascal\3.3.1-build-7\glfw.dll
0x00007ffb1c320000 - 0x00007ffb1c366000 	C:\WINDOWS\SYSTEM32\dinput8.dll
0x00007ffb15ec0000 - 0x00007ffb15ed1000 	C:\WINDOWS\SYSTEM32\xinput1_4.dll
0x00007ffb30340000 - 0x00007ffb3036c000 	C:\WINDOWS\SYSTEM32\DEVOBJ.dll
0x00007ffb302f0000 - 0x00007ffb3033e000 	C:\WINDOWS\SYSTEM32\cfgmgr32.dll
0x00007ffb2e000000 - 0x00007ffb2e02b000 	C:\WINDOWS\SYSTEM32\dwmapi.dll
0x00007ffb1da40000 - 0x00007ffb1dc41000 	C:\WINDOWS\SYSTEM32\inputhost.dll
0x00007ffb2d830000 - 0x00007ffb2d963000 	C:\WINDOWS\SYSTEM32\CoreMessaging.dll
0x00007ffb2dbf0000 - 0x00007ffb2dc9b000 	C:\WINDOWS\system32\uxtheme.dll
0x00007ffb2fe90000 - 0x00007ffb2fe9c000 	C:\WINDOWS\SYSTEM32\CRYPTBASE.DLL
0x00007ffb31bc0000 - 0x00007ffb31ce7000 	C:\WINDOWS\System32\MSCTF.dll
0x00007ffb0c620000 - 0x00007ffb0c720000 	C:\WINDOWS\SYSTEM32\opengl32.dll
0x00007ffb2b2b0000 - 0x00007ffb2b2dd000 	C:\WINDOWS\SYSTEM32\GLU32.dll
0x00007ffb2dcd0000 - 0x00007ffb2dd08000 	C:\WINDOWS\SYSTEM32\dxcore.dll
0x00007ffb314a0000 - 0x00007ffb31550000 	C:\WINDOWS\System32\clbcatq.dll
0x00007ffa96030000 - 0x00007ffa9a2c2000 	C:\WINDOWS\System32\DriverStore\FileRepository\nv_dispi.inf_amd64_d3828c822366e497\nvoglv64.dll
0x00007ffb32160000 - 0x00007ffb325d4000 	C:\WINDOWS\System32\SETUPAPI.dll
0x00007ffb31570000 - 0x00007ffb3170c000 	C:\WINDOWS\System32\ole32.dll
0x00007ffb2db10000 - 0x00007ffb2db24000 	C:\WINDOWS\SYSTEM32\WTSAPI32.dll
0x00007ffb2ffd0000 - 0x00007ffb2fff8000 	C:\WINDOWS\SYSTEM32\bcrypt.dll
0x00007ffb302d0000 - 0x00007ffb302e2000 	C:\WINDOWS\SYSTEM32\msasn1.dll
0x00007ffb2b160000 - 0x00007ffb2b192000 	C:\WINDOWS\SYSTEM32\cryptnet.dll
0x00007ffb307f0000 - 0x00007ffb30957000 	C:\WINDOWS\System32\CRYPT32.dll
0x00007ffb2b000000 - 0x00007ffb2b158000 	C:\WINDOWS\SYSTEM32\drvstore.dll
0x00007ffb2fe10000 - 0x00007ffb2fe5b000 	C:\WINDOWS\SYSTEM32\wldp.dll
0x00007ffb30960000 - 0x00007ffb309cb000 	C:\WINDOWS\System32\WINTRUST.dll
0x00007ffb2f740000 - 0x00007ffb2f774000 	C:\WINDOWS\SYSTEM32\ntmarta.dll
0x00007ffaeebd0000 - 0x00007ffaeeea1000 	C:\WINDOWS\system32\nvspcap64.dll
0x00007ffb2f4e0000 - 0x00007ffb2f52d000 	C:\WINDOWS\SYSTEM32\powrprof.dll
0x00007ffb2f4c0000 - 0x00007ffb2f4d3000 	C:\WINDOWS\SYSTEM32\UMPDC.dll
0x00007ffb2f150000 - 0x00007ffb2f1b6000 	C:\WINDOWS\SYSTEM32\WINSTA.dll
0x00007ffb1b520000 - 0x00007ffb1b64d000 	C:\WINDOWS\SYSTEM32\textinputframework.dll
0x00007ffb1e570000 - 0x00007ffb1e8dc000 	C:\WINDOWS\SYSTEM32\CoreUIComponents.dll
0x00007ffb13e30000 - 0x00007ffb13e8d000 	C:\Users\Pascal\AppData\Local\Temp\lwjglPascal\3.3.1-build-7\lwjgl_opengl.dll
0x00007ffb1bf60000 - 0x00007ffb1bf70000 	C:\OpenJDK17\jdk-17.0.2\bin\verify.dll
0x00007ffb05500000 - 0x00007ffb05581000 	C:\Users\Pascal\AppData\Local\Temp\lwjglPascal\3.3.1-build-7\lwjgl_stb.dll
0x00007ffade550000 - 0x00007ffadeaf9000 	C:\Users\Pascal\AppData\Local\Temp\lwjglPascal\3.3.1-build-7\assimp.dll

dbghelp: loaded successfully - version: 4.0.5 - missing functions: none
symbol engine: initialized successfully - sym options: 0x614 - pdb path: .;C:\OpenJDK17\jdk-17.0.2\bin;C:\WINDOWS\SYSTEM32;C:\WINDOWS\WinSxS\amd64_microsoft.windows.common-controls_6595b64144ccf1df_6.0.22621.2070_none_2713e6537381f706;C:\OpenJDK17\jdk-17.0.2\bin\server;C:\Program Files\JetBrains\IntelliJ IDEA Community Edition 2023.1.2\bin;C:\Users\Pascal\AppData\Local\Temp\lwjglPascal\3.3.1-build-7;C:\WINDOWS\System32\DriverStore\FileRepository\nv_dispi.inf_amd64_d3828c822366e497

VM Arguments:
jvm_args: -javaagent:C:\Program Files\JetBrains\IntelliJ IDEA Community Edition 2023.1.2\lib\idea_rt.jar=60012:C:\Program Files\JetBrains\IntelliJ IDEA Community Edition 2023.1.2\bin -Dfile.encoding=UTF-8 
java_command: cga.exercise.MainKt
java_class_path (initial): C:\Users\Pascal\IdeaProjects\CGASoSe2023\build\classes\kotlin\main;C:\Users\Pascal\.gradle\caches\modules-2\files-2.1\org.lwjgl\lwjgl-assimp\3.3.1\312072f451794f25670aebb0160ce6ec88aff842\lwjgl-assimp-3.3.1.jar;C:\Users\Pascal\.gradle\caches\modules-2\files-2.1\org.lwjgl\lwjgl-glfw\3.3.1\cbac1b8d30cb4795149c1ef540f912671a8616d0\lwjgl-glfw-3.3.1.jar;C:\Users\Pascal\.gradle\caches\modules-2\files-2.1\org.lwjgl\lwjgl-opengl\3.3.1\831a5533a21a5f4f81bbc51bb13e9899319b5411\lwjgl-opengl-3.3.1.jar;C:\Users\Pascal\.gradle\caches\modules-2\files-2.1\org.lwjgl\lwjgl-stb\3.3.1\b119297cf8ed01f247abe8685857f8e7fcf5980f\lwjgl-stb-3.3.1.jar;C:\Users\Pascal\.gradle\caches\modules-2\files-2.1\org.lwjgl\lwjgl\3.3.1\ae58664f88e18a9bb2c77b063833ca7aaec484cb\lwjgl-3.3.1.jar;C:\Users\Pascal\.gradle\caches\modules-2\files-2.1\org.joml\joml\1.9.24\6dfea02caa5a5dd2f0b6da2abbe0b2edca8c8cb9\joml-1.9.24.jar;C:\Users\Pascal\.gradle\caches\modules-2\files-2.1\org.jetbrains.kotlin\kotlin-stdlib-jdk8\1.8.0\ed04f49e186a116753ad70d34f0ac2925d1d8020\kotlin-stdlib-jdk8-1.8.0.jar;C:\Users\Pascal\.gradle\caches\modules-2\files-2.1\org.jetbrains.kotlin\kotlin-stdlib-jdk7\1.8.0\3c91271347f678c239607abb676d4032a7898427\kotlin-stdlib-jdk7-1.8.0.jar;C:\Users\Pascal\.gradle\caches\modules-2\files-2.1\org.jetbrains.kotlin\kotlin-stdlib\1.8.0\1796921c7a3e2e2665a83e6c8d33399336cd39bc\kotlin-stdlib-1.8.0.jar;C:\Users\Pascal\.gradle\caches\modules-2\files-2.1\org.jetbrains.kotlin\kotlin-stdlib-common\1.8.0\f7197e7cc76453ac59f8b0f8d5137cc600becd36\kotlin-stdlib-common-1.8.0.jar;C:\Users\Pascal\.gradle\caches\modules-2\files-2.1\org.jetbrains\annotations\13.0\919f0dfe192fb4e063e7dacadee7f8bb9a2672a9\annotations-13.0.jar;C:\Users\Pascal\.gradle\caches\modules-2\files-2.1\org.lwjgl\lwjgl-assimp\3.3.1\bfa2a0d57acbf952b716d0ad8a3acbd7ad9f5639\lwjgl-assimp-3.3.1-natives-windows.jar;C:\Users\Pascal\.gradle\caches\modules-2\files-2.1\org.lwjgl\lwjgl-glfw\3.3.1\ed892f945cf7e79c8756796f32d00fa4cea
Launcher Type: SUN_STANDARD

[Global flags]
     intx CICompilerCount                          = 4                                         {product} {ergonomic}
     uint ConcGCThreads                            = 3                                         {product} {ergonomic}
     uint G1ConcRefinementThreads                  = 10                                        {product} {ergonomic}
   size_t G1HeapRegionSize                         = 2097152                                   {product} {ergonomic}
    uintx GCDrainStackTargetSize                   = 64                                        {product} {ergonomic}
   size_t InitialHeapSize                          = 268435456                                 {product} {ergonomic}
   size_t MarkStackSize                            = 4194304                                   {product} {ergonomic}
   size_t MaxHeapSize                              = 4276092928                                {product} {ergonomic}
   size_t MaxNewSize                               = 2564816896                                {product} {ergonomic}
   size_t MinHeapDeltaBytes                        = 2097152                                   {product} {ergonomic}
   size_t MinHeapSize                              = 8388608                                   {product} {ergonomic}
    uintx NonNMethodCodeHeapSize                   = 5839372                                {pd product} {ergonomic}
    uintx NonProfiledCodeHeapSize                  = 122909434                              {pd product} {ergonomic}
    uintx ProfiledCodeHeapSize                     = 122909434                              {pd product} {ergonomic}
    uintx ReservedCodeCacheSize                    = 251658240                              {pd product} {ergonomic}
     bool SegmentedCodeCache                       = true                                      {product} {ergonomic}
   size_t SoftMaxHeapSize                          = 4276092928                             {manageable} {ergonomic}
     bool UseCompressedClassPointers               = true                           {product lp64_product} {ergonomic}
     bool UseCompressedOops                        = true                           {product lp64_product} {ergonomic}
     bool UseG1GC                                  = true                                      {product} {ergonomic}
     bool UseLargePagesIndividualAllocation        = false                                  {pd product} {ergonomic}

Logging:
Log output configuration:
 #0: stdout all=warning uptime,level,tags
 #1: stderr all=off uptime,level,tags

Environment Variables:
JAVA_HOME=C:\OpenJDK17\jdk-17.0.2
PATH=C:\OpenJDK17\jdk-17.0.2\bin;C:\WINDOWS\system32;C:\WINDOWS;C:\WINDOWS\System32\Wbem;C:\WINDOWS\System32\WindowsPowerShell\v1.0\;C:\WINDOWS\System32\OpenSSH\;C:\Program Files\NVIDIA Corporation\NVIDIA NvDLISR;C:\Program Files (x86)\NVIDIA Corporation\PhysX\Common;C:\Program Files (x86)\Common Files\Oracle\Java\javapath;C:\Program Files\Git\cmd;C:\Program Files\nodejs\;C:\Program Files\dotnet\;C:\Users\Pascal\AppData\Local\Microsoft\WindowsApps;C:\Users\Pascal\AppData\Roaming\npm;C:\Users\Pascal\AppData\Local\Programs\Microsoft VS Code\bin;C:\Users\Pascal\.dotnet\tools
USERNAME=Pascal
OS=Windows_NT
PROCESSOR_IDENTIFIER=AMD64 Family 23 Model 113 Stepping 0, AuthenticAMD



---------------  S Y S T E M  ---------------

OS:
 Windows 11 , 64 bit Build 22621 (10.0.22621.2070)
OS uptime: 12 days 17:56 hours
Hyper-V role detected

CPU: total 12 (initial active 12) (12 cores per cpu, 2 threads per core) family 23 model 113 stepping 0 microcode 0x0, cx8, cmov, fxsr, ht, mmx, 3dnowpref, sse, sse2, sse3, ssse3, sse4a, sse4.1, sse4.2, popcnt, lzcnt, tsc, tscinvbit, avx, avx2, aes, clmul, bmi1, bmi2, adx, sha, fma, vzeroupper, clflush, clflushopt, hv

Memory: 4k page, system-wide physical 16309M (3058M free)
TotalPageFile size 22578M (AvailPageFile size 2642M)
current process WorkingSet (physical memory assigned to process): 672M, peak: 778M
current process commit charge ("private bytes"): 1517M, peak: 1525M

vm_info: OpenJDK 64-Bit Server VM (17.0.2+8-86) for windows-amd64 JRE (17.0.2+8-86), built on Dec  7 2021 21:49:10 by "mach5one" with MS VC++ 16.8 / 16.9 (VS2019)

END.
