#
# A fatal error has been detected by the Java Runtime Environment:
#
#  EXCEPTION_ACCESS_VIOLATION (0xc0000005) at pc=0x00007ffb13e96e81, pid=8432, tid=13080
#
# JRE version: OpenJDK Runtime Environment (17.0.2+8) (build 17.0.2+8-86)
# Java VM: OpenJDK 64-Bit Server VM (17.0.2+8-86, mixed mode, sharing, tiered, compressed oops, compressed class ptrs, g1 gc, windows-amd64)
# Problematic frame:
# C  [glfw.dll+0x6e81]
#
# No core dump will be written. Minidumps are not enabled by default on client versions of Windows
#
# If you would like to submit a bug report, please visit:
#   https://bugreport.java.com/bugreport/crash.jsp
# The crash happened outside the Java Virtual Machine in native code.
# See problematic frame for where to report the bug.
#

---------------  S U M M A R Y ------------

Command Line: -javaagent:C:\Program Files\JetBrains\IntelliJ IDEA Community Edition 2023.1.2\lib\idea_rt.jar=60100:C:\Program Files\JetBrains\IntelliJ IDEA Community Edition 2023.1.2\bin -Dfile.encoding=UTF-8 cga.exercise.MainKt

Host: AMD Ryzen 5 3600 6-Core Processor              , 12 cores, 15G,  Windows 11 , 64 bit Build 22621 (10.0.22621.2070)
Time: Thu Aug 24 17:38:06 2023 Mitteleuropäische Sommerzeit elapsed time: 37.640514 seconds (0d 0h 0m 37s)

---------------  T H R E A D  ---------------

Current thread (0x000001e1fd7af7e0):  JavaThread "main" [_thread_in_native, id=13080, stack(0x00000031ac600000,0x00000031ac700000)]

Stack: [0x00000031ac600000,0x00000031ac700000],  sp=0x00000031ac6fecb0,  free space=1019k
Native frames: (J=compiled Java code, j=interpreted, Vv=VM code, C=native code)
C  [glfw.dll+0x6e81]

Java frames: (J=compiled Java code, j=interpreted, Vv=VM code)
J 1993  org.lwjgl.system.JNI.invokePV(JJ)V (0 bytes) @ 0x000001e18f3e656c [0x000001e18f3e6520+0x000000000000004c]
j  org.lwjgl.glfw.GLFW.glfwDestroyWindow(J)V+6
J 2040 c1 cga.exercise.game.Scene.checkCollisionMenu()V (211 bytes) @ 0x000001e1880da454 [0x000001e1880da100+0x0000000000000354]
J 2013 c1 cga.exercise.game.Scene.update(FF)V (432 bytes) @ 0x000001e1880cd3fc [0x000001e1880cd300+0x00000000000000fc]
J 2012 c1 cga.exercise.game.Game.update(FF)V (10 bytes) @ 0x000001e1880ccc3c [0x000001e1880ccbc0+0x000000000000007c]
j  cga.framework.GameWindow.run()V+107
j  cga.exercise.MainKt.main()V+23
j  cga.exercise.MainKt.main([Ljava/lang/String;)V+0
v  ~StubRoutines::call_stub

siginfo: EXCEPTION_ACCESS_VIOLATION (0xc0000005), writing address 0x00000000000002d1


Register to memory mapping:

RIP=0x00007ffb13e96e81 glfw.dll
RAX=0x0 is NULL
RBX=0x0000000000000001 is an unknown value
RCX=0x0000000000000001 is an unknown value
RDX=0x00000031ac6fed30 is pointing into the stack for thread: 0x000001e1fd7af7e0
RSP=0x00000031ac6fecb0 is pointing into the stack for thread: 0x000001e1fd7af7e0
RBP=0x00000031ac6fed40 is pointing into the stack for thread: 0x000001e1fd7af7e0
RSI=0x000001e1b1485940 is pointing into metadata
RDI=0x0000000000000001 is an unknown value
R8 =0x0000000000000001 is an unknown value
R9 =0x00007ffb13e96e50 glfw.dll
R10=0x00007ffb1fce1380 lwjgl.dll
R11=0x000001e18f3e6540 is at entry_point+32 in (nmethod*)0x000001e18f3e6390
R12=0x0 is NULL
R13=0x00000031ac6fed60 is pointing into the stack for thread: 0x000001e1fd7af7e0
R14=0x00000031ac6fed30 is pointing into the stack for thread: 0x000001e1fd7af7e0
R15=0x000001e1fd7af7e0 is a thread


Registers:
RAX=0x0000000000000000, RBX=0x0000000000000001, RCX=0x0000000000000001, RDX=0x00000031ac6fed30
RSP=0x00000031ac6fecb0, RBP=0x00000031ac6fed40, RSI=0x000001e1b1485940, RDI=0x0000000000000001
R8 =0x0000000000000001, R9 =0x00007ffb13e96e50, R10=0x00007ffb1fce1380, R11=0x000001e18f3e6540
R12=0x0000000000000000, R13=0x00000031ac6fed60, R14=0x00000031ac6fed30, R15=0x000001e1fd7af7e0
RIP=0x00007ffb13e96e81, EFLAGS=0x0000000000010246

Top of Stack: (sp=0x00000031ac6fecb0)
0x00000031ac6fecb0:   0000000000000000 0000000000000000
0x00000031ac6fecc0:   000001e1aedf340f 000000000000058a
0x00000031ac6fecd0:   000001e1a109ef38 000001e18f3e660c
0x00000031ac6fece0:   000001e1aede8180 0000000000000000
0x00000031ac6fecf0:   0000000000000000 0000000000000000
0x00000031ac6fed00:   0000000000000000 0000000000000000
0x00000031ac6fed10:   0000000080000000 0000000000000000
0x00000031ac6fed20:   000001e1fd7af7e0 00000031ac6fef60
0x00000031ac6fed30:   00000007012cc538 0000000000000001
0x00000031ac6fed40:   00000031ac6fedc8 000001e1877794fe
0x00000031ac6fed50:   00000031ac6ff008 000001e1877794fe
0x00000031ac6fed60:   00007ffb13e96e50 0000000000000000
0x00000031ac6fed70:   0000000000000001 0000000000000000
0x00000031ac6fed80:   00000031ac6fed80 000001e1a10171a6
0x00000031ac6fed90:   00000031ac6fedf0 000001e1a10286f0
0x00000031ac6feda0:   000001e1b1492808 00000007012ac090 

Instructions: (pc=0x00007ffb13e96e81)
0x00007ffb13e96d81:   d2 0f 11 05 47 02 05 00 41 b8 48 03 00 00 48 89
0x00007ffb13e96d91:   05 4a 02 05 00 66 0f 6f 05 02 e8 03 00 f3 0f 7f
0x00007ffb13e96da1:   05 0a 02 05 00 e8 c5 e4 00 00 66 0f 6f 05 fd e7
0x00007ffb13e96db1:   03 00 33 c0 f3 0f 7f 05 bb fe 04 00 c7 05 c1 fe
0x00007ffb13e96dc1:   04 00 01 00 00 00 0f 57 c0 c7 05 c0 fe 04 00 01
0x00007ffb13e96dd1:   00 00 00 0f 11 05 55 fe 04 00 c7 05 b3 fe 04 00
0x00007ffb13e96de1:   01 00 00 00 0f 11 05 64 fe 04 00 48 89 05 6d fe
0x00007ffb13e96df1:   04 00 0f 11 05 46 fe 04 00 c7 05 2c fe 04 00 18
0x00007ffb13e96e01:   00 00 00 66 0f 6f 05 b4 e7 03 00 f3 0f 7f 05 0c
0x00007ffb13e96e11:   fe 04 00 c7 05 16 fe 04 00 08 00 00 00 c7 05 30
0x00007ffb13e96e21:   fe 04 00 01 00 00 00 c7 05 b6 01 05 00 ff ff ff
0x00007ffb13e96e31:   ff c7 05 68 fe 04 00 01 00 00 00 48 83 c4 28 c3
0x00007ffb13e96e41:   cc cc cc cc cc cc cc cc cc cc cc cc cc cc cc 40
0x00007ffb13e96e51:   53 48 83 ec 20 83 3d 33 fb 04 00 00 48 8b d9 75
0x00007ffb13e96e61:   11 33 d2 b9 01 00 01 00 48 83 c4 20 5b e9 bd af
0x00007ffb13e96e71:   ff ff 48 85 db 0f 84 a5 00 00 00 0f 57 c0 33 c0
0x00007ffb13e96e81:   0f 11 81 d0 02 00 00 0f 11 81 e0 02 00 00 0f 11
0x00007ffb13e96e91:   81 f0 02 00 00 0f 11 81 00 03 00 00 0f 11 81 10
0x00007ffb13e96ea1:   03 00 00 0f 11 81 20 03 00 00 0f 11 81 30 03 00
0x00007ffb13e96eb1:   00 0f 11 81 40 03 00 00 48 89 81 50 03 00 00 48
0x00007ffb13e96ec1:   8d 0d 65 13 05 00 e8 74 42 00 00 48 3b d8 75 07
0x00007ffb13e96ed1:   33 c9 e8 a8 ad ff ff 48 8b cb ff 15 c7 fb 04 00
0x00007ffb13e96ee1:   48 8b 0d 18 01 05 00 48 8d 15 11 01 05 00 48 3b
0x00007ffb13e96ef1:   cb 74 1a 0f 1f 40 00 0f 1f 84 00 00 00 00 00 48
0x00007ffb13e96f01:   8b 01 48 8b d1 48 8b c8 48 3b c3 75 f2 48 8b 03
0x00007ffb13e96f11:   48 8b cb 48 89 02 48 83 c4 20 5b e9 7f b4 ff ff
0x00007ffb13e96f21:   48 83 c4 20 5b c3 cc cc cc cc cc cc cc cc cc 83
0x00007ffb13e96f31:   3d 59 fa 04 00 00 75 0c 33 d2 b9 01 00 01 00 e9
0x00007ffb13e96f41:   eb ae ff ff 48 ff 25 ec fb 04 00 cc cc cc cc 33
0x00007ffb13e96f51:   c0 48 85 d2 74 02 89 02 4d 85 c0 74 03 41 89 00
0x00007ffb13e96f61:   39 05 29 fa 04 00 75 0c 33 d2 b9 01 00 01 00 e9
0x00007ffb13e96f71:   bb ae ff ff 48 ff 25 74 fb 04 00 cc cc cc cc 48 


Stack slot to memory mapping:
stack at sp + 0 slots: 0x0 is NULL
stack at sp + 1 slots: 0x0 is NULL
stack at sp + 2 slots: 0x000001e1aedf340f points into unknown readable memory: 80
stack at sp + 3 slots: 0x000000000000058a is an unknown value
stack at sp + 4 slots: {method} {0x000001e1a109ef40} 'invokePV' '(JJ)V' in 'org/lwjgl/system/JNI'
stack at sp + 5 slots: 0x000001e18f3e660c is at entry_point+236 in (nmethod*)0x000001e18f3e6390
stack at sp + 6 slots: 0x000001e1aede8180 points into unknown readable memory: 0x000001e1a1505bb0 | b0 5b 50 a1 e1 01 00 00
stack at sp + 7 slots: 0x0 is NULL


---------------  P R O C E S S  ---------------

Threads class SMR info:
_java_thread_list=0x000001e1a15bcd80, length=13, elements={
0x000001e1fd7af7e0, 0x000001e1a09c2030, 0x000001e1a09c2be0, 0x000001e1a09d5a60,
0x000001e1a09d6610, 0x000001e1a09d90d0, 0x000001e1a09dae90, 0x000001e1a09dbc20,
0x000001e1a09dc6c0, 0x000001e1a09e5fe0, 0x000001e1a09ad290, 0x000001e1a1668be0,
0x000001e1a167d280
}

Java Threads: ( => current thread )
=>0x000001e1fd7af7e0 JavaThread "main" [_thread_in_native, id=13080, stack(0x00000031ac600000,0x00000031ac700000)]
  0x000001e1a09c2030 JavaThread "Reference Handler" daemon [_thread_blocked, id=12772, stack(0x00000031acd00000,0x00000031ace00000)]
  0x000001e1a09c2be0 JavaThread "Finalizer" daemon [_thread_blocked, id=12220, stack(0x00000031ace00000,0x00000031acf00000)]
  0x000001e1a09d5a60 JavaThread "Signal Dispatcher" daemon [_thread_blocked, id=9632, stack(0x00000031acf00000,0x00000031ad000000)]
  0x000001e1a09d6610 JavaThread "Attach Listener" daemon [_thread_blocked, id=17792, stack(0x00000031ad000000,0x00000031ad100000)]
  0x000001e1a09d90d0 JavaThread "Service Thread" daemon [_thread_blocked, id=15056, stack(0x00000031ad100000,0x00000031ad200000)]
  0x000001e1a09dae90 JavaThread "Monitor Deflation Thread" daemon [_thread_blocked, id=2392, stack(0x00000031ad200000,0x00000031ad300000)]
  0x000001e1a09dbc20 JavaThread "C2 CompilerThread0" daemon [_thread_blocked, id=15224, stack(0x00000031ad300000,0x00000031ad400000)]
  0x000001e1a09dc6c0 JavaThread "C1 CompilerThread0" daemon [_thread_blocked, id=18320, stack(0x00000031ad400000,0x00000031ad500000)]
  0x000001e1a09e5fe0 JavaThread "Sweeper thread" daemon [_thread_blocked, id=18384, stack(0x00000031ad500000,0x00000031ad600000)]
  0x000001e1a09ad290 JavaThread "Common-Cleaner" daemon [_thread_blocked, id=10796, stack(0x00000031ad600000,0x00000031ad700000)]
  0x000001e1a1668be0 JavaThread "Monitor Ctrl-Break" daemon [_thread_in_native, id=12100, stack(0x00000031ad700000,0x00000031ad800000)]
  0x000001e1a167d280 JavaThread "Notification Thread" daemon [_thread_blocked, id=12364, stack(0x00000031ad800000,0x00000031ad900000)]

Other Threads:
  0x000001e1a09bd590 VMThread "VM Thread" [stack: 0x00000031acc00000,0x00000031acd00000] [id=8888]
  0x000001e1fd81cb70 WatcherThread [stack: 0x00000031ad900000,0x00000031ada00000] [id=14916]
  0x000001e1fd7fc610 GCTaskThread "GC Thread#0" [stack: 0x00000031ac700000,0x00000031ac800000] [id=8012]
  0x000001e1a8df8600 GCTaskThread "GC Thread#1" [stack: 0x00000031ae200000,0x00000031ae300000] [id=13056]
  0x000001e1a90cefa0 GCTaskThread "GC Thread#2" [stack: 0x00000031ae300000,0x00000031ae400000] [id=4568]
  0x000001e1a8c33920 GCTaskThread "GC Thread#3" [stack: 0x00000031ae400000,0x00000031ae500000] [id=14732]
  0x000001e1a8f7cd60 GCTaskThread "GC Thread#4" [stack: 0x00000031ae500000,0x00000031ae600000] [id=17392]
  0x000001e1a9225c60 GCTaskThread "GC Thread#5" [stack: 0x00000031ae600000,0x00000031ae700000] [id=14208]
  0x000001e1a1f87010 GCTaskThread "GC Thread#6" [stack: 0x00000031ae700000,0x00000031ae800000] [id=928]
  0x000001e1a1f872c0 GCTaskThread "GC Thread#7" [stack: 0x00000031ae800000,0x00000031ae900000] [id=18652]
  0x000001e1ac139710 GCTaskThread "GC Thread#8" [stack: 0x00000031ae900000,0x00000031aea00000] [id=22116]
  0x000001e1a96c2700 GCTaskThread "GC Thread#9" [stack: 0x00000031ae000000,0x00000031ae100000] [id=16440]
  0x000001e1fd80d580 ConcurrentGCThread "G1 Main Marker" [stack: 0x00000031ac800000,0x00000031ac900000] [id=21572]
  0x000001e1fd80df90 ConcurrentGCThread "G1 Conc#0" [stack: 0x00000031ac900000,0x00000031aca00000] [id=1732]
  0x000001e1a08834e0 ConcurrentGCThread "G1 Refine#0" [stack: 0x00000031aca00000,0x00000031acb00000] [id=20496]
  0x000001e1fd873c70 ConcurrentGCThread "G1 Service" [stack: 0x00000031acb00000,0x00000031acc00000] [id=22340]

Threads with active compile tasks:

VM state: not at safepoint (normal execution)

VM Mutex/Monitor currently owned by a thread: None

Heap address: 0x0000000701200000, size: 4078 MB, Compressed Oops mode: Zero based, Oop shift amount: 3

CDS archive(s) mapped at: [0x0000000800000000-0x0000000800bc0000-0x0000000800bc0000), size 12320768, SharedBaseAddress: 0x0000000800000000, ArchiveRelocationMode: 0.
Compressed class space mapped at: 0x0000000800c00000-0x0000000840c00000, reserved size: 1073741824
Narrow klass base: 0x0000000800000000, Narrow klass shift: 0, Narrow klass range: 0x100000000

GC Precious Log:
 CPUs: 12 total, 12 available
 Memory: 16309M
 Large Page Support: Disabled
 NUMA Support: Disabled
 Compressed Oops: Enabled (Zero based)
 Heap Region Size: 2M
 Heap Min Capacity: 8M
 Heap Initial Capacity: 256M
 Heap Max Capacity: 4078M
 Pre-touch: Disabled
 Parallel Workers: 10
 Concurrent Workers: 3
 Concurrent Refinement Workers: 10
 Periodic GC: Disabled

Heap:
 garbage-first heap   total 546816K, used 288869K [0x0000000701200000, 0x0000000800000000)
  region size 2048K, 141 young (288768K), 8 survivors (16384K)
 Metaspace       used 7214K, committed 7424K, reserved 1064960K
  class space    used 355K, committed 448K, reserved 1048576K

Heap Regions: E=young(eden), S=young(survivor), O=old, HS=humongous(starts), HC=humongous(continues), CS=collection set, F=free, OA=open archive, CA=closed archive, TAMS=top-at-mark-start (previous, next)
|   0|0x0000000701200000, 0x0000000701400000, 0x0000000701400000|100%| O|  |TAMS 0x0000000701200000, 0x0000000701200000| Untracked 
|   1|0x0000000701400000, 0x0000000701600000, 0x0000000701600000|100%| O|  |TAMS 0x0000000701400000, 0x0000000701400000| Untracked 
|   2|0x0000000701600000, 0x00000007016c4200, 0x0000000701800000| 38%| O|  |TAMS 0x0000000701600000, 0x0000000701600000| Untracked 
|   3|0x0000000701800000, 0x0000000701800000, 0x0000000701a00000|  0%| F|  |TAMS 0x0000000701800000, 0x0000000701800000| Untracked 
|   4|0x0000000701a00000, 0x0000000701a00000, 0x0000000701c00000|  0%| F|  |TAMS 0x0000000701a00000, 0x0000000701a00000| Untracked 
|   5|0x0000000701c00000, 0x0000000701c00000, 0x0000000701e00000|  0%| F|  |TAMS 0x0000000701c00000, 0x0000000701c00000| Untracked 
|   6|0x0000000701e00000, 0x0000000701e00000, 0x0000000702000000|  0%| F|  |TAMS 0x0000000701e00000, 0x0000000701e00000| Untracked 
|   7|0x0000000702000000, 0x0000000702000000, 0x0000000702200000|  0%| F|  |TAMS 0x0000000702000000, 0x0000000702000000| Untracked 
|   8|0x0000000702200000, 0x0000000702200000, 0x0000000702400000|  0%| F|  |TAMS 0x0000000702200000, 0x0000000702200000| Untracked 
|   9|0x0000000702400000, 0x0000000702400000, 0x0000000702600000|  0%| F|  |TAMS 0x0000000702400000, 0x0000000702400000| Untracked 
|  10|0x0000000702600000, 0x0000000702600000, 0x0000000702800000|  0%| F|  |TAMS 0x0000000702600000, 0x0000000702600000| Untracked 
|  11|0x0000000702800000, 0x0000000702800000, 0x0000000702a00000|  0%| F|  |TAMS 0x0000000702800000, 0x0000000702800000| Untracked 
|  12|0x0000000702a00000, 0x0000000702a00000, 0x0000000702c00000|  0%| F|  |TAMS 0x0000000702a00000, 0x0000000702a00000| Untracked 
|  13|0x0000000702c00000, 0x0000000702c00000, 0x0000000702e00000|  0%| F|  |TAMS 0x0000000702c00000, 0x0000000702c00000| Untracked 
|  14|0x0000000702e00000, 0x0000000702e00000, 0x0000000703000000|  0%| F|  |TAMS 0x0000000702e00000, 0x0000000702e00000| Untracked 
|  15|0x0000000703000000, 0x0000000703000000, 0x0000000703200000|  0%| F|  |TAMS 0x0000000703000000, 0x0000000703000000| Untracked 
|  16|0x0000000703200000, 0x0000000703200000, 0x0000000703400000|  0%| F|  |TAMS 0x0000000703200000, 0x0000000703200000| Untracked 
|  17|0x0000000703400000, 0x0000000703400000, 0x0000000703600000|  0%| F|  |TAMS 0x0000000703400000, 0x0000000703400000| Untracked 
|  18|0x0000000703600000, 0x0000000703600000, 0x0000000703800000|  0%| F|  |TAMS 0x0000000703600000, 0x0000000703600000| Untracked 
|  19|0x0000000703800000, 0x0000000703800000, 0x0000000703a00000|  0%| F|  |TAMS 0x0000000703800000, 0x0000000703800000| Untracked 
|  20|0x0000000703a00000, 0x0000000703a00000, 0x0000000703c00000|  0%| F|  |TAMS 0x0000000703a00000, 0x0000000703a00000| Untracked 
|  21|0x0000000703c00000, 0x0000000703c00000, 0x0000000703e00000|  0%| F|  |TAMS 0x0000000703c00000, 0x0000000703c00000| Untracked 
|  22|0x0000000703e00000, 0x0000000703e00000, 0x0000000704000000|  0%| F|  |TAMS 0x0000000703e00000, 0x0000000703e00000| Untracked 
|  23|0x0000000704000000, 0x0000000704000000, 0x0000000704200000|  0%| F|  |TAMS 0x0000000704000000, 0x0000000704000000| Untracked 
|  24|0x0000000704200000, 0x0000000704200000, 0x0000000704400000|  0%| F|  |TAMS 0x0000000704200000, 0x0000000704200000| Untracked 
|  25|0x0000000704400000, 0x0000000704400000, 0x0000000704600000|  0%| F|  |TAMS 0x0000000704400000, 0x0000000704400000| Untracked 
|  26|0x0000000704600000, 0x0000000704600000, 0x0000000704800000|  0%| F|  |TAMS 0x0000000704600000, 0x0000000704600000| Untracked 
|  27|0x0000000704800000, 0x0000000704800000, 0x0000000704a00000|  0%| F|  |TAMS 0x0000000704800000, 0x0000000704800000| Untracked 
|  28|0x0000000704a00000, 0x0000000704a00000, 0x0000000704c00000|  0%| F|  |TAMS 0x0000000704a00000, 0x0000000704a00000| Untracked 
|  29|0x0000000704c00000, 0x0000000704c00000, 0x0000000704e00000|  0%| F|  |TAMS 0x0000000704c00000, 0x0000000704c00000| Untracked 
|  30|0x0000000704e00000, 0x0000000704e00000, 0x0000000705000000|  0%| F|  |TAMS 0x0000000704e00000, 0x0000000704e00000| Untracked 
|  31|0x0000000705000000, 0x0000000705000000, 0x0000000705200000|  0%| F|  |TAMS 0x0000000705000000, 0x0000000705000000| Untracked 
|  32|0x0000000705200000, 0x0000000705200000, 0x0000000705400000|  0%| F|  |TAMS 0x0000000705200000, 0x0000000705200000| Untracked 
|  33|0x0000000705400000, 0x0000000705400000, 0x0000000705600000|  0%| F|  |TAMS 0x0000000705400000, 0x0000000705400000| Untracked 
|  34|0x0000000705600000, 0x0000000705600000, 0x0000000705800000|  0%| F|  |TAMS 0x0000000705600000, 0x0000000705600000| Untracked 
|  35|0x0000000705800000, 0x0000000705800000, 0x0000000705a00000|  0%| F|  |TAMS 0x0000000705800000, 0x0000000705800000| Untracked 
|  36|0x0000000705a00000, 0x0000000705a00000, 0x0000000705c00000|  0%| F|  |TAMS 0x0000000705a00000, 0x0000000705a00000| Untracked 
|  37|0x0000000705c00000, 0x0000000705c00000, 0x0000000705e00000|  0%| F|  |TAMS 0x0000000705c00000, 0x0000000705c00000| Untracked 
|  38|0x0000000705e00000, 0x0000000705e00000, 0x0000000706000000|  0%| F|  |TAMS 0x0000000705e00000, 0x0000000705e00000| Untracked 
|  39|0x0000000706000000, 0x0000000706000000, 0x0000000706200000|  0%| F|  |TAMS 0x0000000706000000, 0x0000000706000000| Untracked 
|  40|0x0000000706200000, 0x0000000706200000, 0x0000000706400000|  0%| F|  |TAMS 0x0000000706200000, 0x0000000706200000| Untracked 
|  41|0x0000000706400000, 0x0000000706400000, 0x0000000706600000|  0%| F|  |TAMS 0x0000000706400000, 0x0000000706400000| Untracked 
|  42|0x0000000706600000, 0x0000000706600000, 0x0000000706800000|  0%| F|  |TAMS 0x0000000706600000, 0x0000000706600000| Untracked 
|  43|0x0000000706800000, 0x0000000706800000, 0x0000000706a00000|  0%| F|  |TAMS 0x0000000706800000, 0x0000000706800000| Untracked 
|  44|0x0000000706a00000, 0x0000000706a00000, 0x0000000706c00000|  0%| F|  |TAMS 0x0000000706a00000, 0x0000000706a00000| Untracked 
|  45|0x0000000706c00000, 0x0000000706c00000, 0x0000000706e00000|  0%| F|  |TAMS 0x0000000706c00000, 0x0000000706c00000| Untracked 
|  46|0x0000000706e00000, 0x0000000706e00000, 0x0000000707000000|  0%| F|  |TAMS 0x0000000706e00000, 0x0000000706e00000| Untracked 
|  47|0x0000000707000000, 0x0000000707000000, 0x0000000707200000|  0%| F|  |TAMS 0x0000000707000000, 0x0000000707000000| Untracked 
|  48|0x0000000707200000, 0x0000000707200000, 0x0000000707400000|  0%| F|  |TAMS 0x0000000707200000, 0x0000000707200000| Untracked 
|  49|0x0000000707400000, 0x0000000707400000, 0x0000000707600000|  0%| F|  |TAMS 0x0000000707400000, 0x0000000707400000| Untracked 
|  50|0x0000000707600000, 0x0000000707600000, 0x0000000707800000|  0%| F|  |TAMS 0x0000000707600000, 0x0000000707600000| Untracked 
|  51|0x0000000707800000, 0x0000000707800000, 0x0000000707a00000|  0%| F|  |TAMS 0x0000000707800000, 0x0000000707800000| Untracked 
|  52|0x0000000707a00000, 0x0000000707a00000, 0x0000000707c00000|  0%| F|  |TAMS 0x0000000707a00000, 0x0000000707a00000| Untracked 
|  53|0x0000000707c00000, 0x0000000707c00000, 0x0000000707e00000|  0%| F|  |TAMS 0x0000000707c00000, 0x0000000707c00000| Untracked 
|  54|0x0000000707e00000, 0x0000000707e00000, 0x0000000708000000|  0%| F|  |TAMS 0x0000000707e00000, 0x0000000707e00000| Untracked 
|  55|0x0000000708000000, 0x0000000708000000, 0x0000000708200000|  0%| F|  |TAMS 0x0000000708000000, 0x0000000708000000| Untracked 
|  56|0x0000000708200000, 0x0000000708200000, 0x0000000708400000|  0%| F|  |TAMS 0x0000000708200000, 0x0000000708200000| Untracked 
|  57|0x0000000708400000, 0x0000000708400000, 0x0000000708600000|  0%| F|  |TAMS 0x0000000708400000, 0x0000000708400000| Untracked 
|  58|0x0000000708600000, 0x0000000708600000, 0x0000000708800000|  0%| F|  |TAMS 0x0000000708600000, 0x0000000708600000| Untracked 
|  59|0x0000000708800000, 0x0000000708800000, 0x0000000708a00000|  0%| F|  |TAMS 0x0000000708800000, 0x0000000708800000| Untracked 
|  60|0x0000000708a00000, 0x0000000708a00000, 0x0000000708c00000|  0%| F|  |TAMS 0x0000000708a00000, 0x0000000708a00000| Untracked 
|  61|0x0000000708c00000, 0x0000000708c00000, 0x0000000708e00000|  0%| F|  |TAMS 0x0000000708c00000, 0x0000000708c00000| Untracked 
|  62|0x0000000708e00000, 0x0000000708e00000, 0x0000000709000000|  0%| F|  |TAMS 0x0000000708e00000, 0x0000000708e00000| Untracked 
|  63|0x0000000709000000, 0x0000000709000000, 0x0000000709200000|  0%| F|  |TAMS 0x0000000709000000, 0x0000000709000000| Untracked 
|  64|0x0000000709200000, 0x0000000709200000, 0x0000000709400000|  0%| F|  |TAMS 0x0000000709200000, 0x0000000709200000| Untracked 
|  65|0x0000000709400000, 0x0000000709400000, 0x0000000709600000|  0%| F|  |TAMS 0x0000000709400000, 0x0000000709400000| Untracked 
|  66|0x0000000709600000, 0x0000000709600000, 0x0000000709800000|  0%| F|  |TAMS 0x0000000709600000, 0x0000000709600000| Untracked 
|  67|0x0000000709800000, 0x0000000709800000, 0x0000000709a00000|  0%| F|  |TAMS 0x0000000709800000, 0x0000000709800000| Untracked 
|  68|0x0000000709a00000, 0x0000000709a00000, 0x0000000709c00000|  0%| F|  |TAMS 0x0000000709a00000, 0x0000000709a00000| Untracked 
|  69|0x0000000709c00000, 0x0000000709c00000, 0x0000000709e00000|  0%| F|  |TAMS 0x0000000709c00000, 0x0000000709c00000| Untracked 
|  70|0x0000000709e00000, 0x0000000709e00000, 0x000000070a000000|  0%| F|  |TAMS 0x0000000709e00000, 0x0000000709e00000| Untracked 
|  71|0x000000070a000000, 0x000000070a000000, 0x000000070a200000|  0%| F|  |TAMS 0x000000070a000000, 0x000000070a000000| Untracked 
|  72|0x000000070a200000, 0x000000070a200000, 0x000000070a400000|  0%| F|  |TAMS 0x000000070a200000, 0x000000070a200000| Untracked 
|  73|0x000000070a400000, 0x000000070a400000, 0x000000070a600000|  0%| F|  |TAMS 0x000000070a400000, 0x000000070a400000| Untracked 
|  74|0x000000070a600000, 0x000000070a600000, 0x000000070a800000|  0%| F|  |TAMS 0x000000070a600000, 0x000000070a600000| Untracked 
|  75|0x000000070a800000, 0x000000070a800000, 0x000000070aa00000|  0%| F|  |TAMS 0x000000070a800000, 0x000000070a800000| Untracked 
|  76|0x000000070aa00000, 0x000000070aa00000, 0x000000070ac00000|  0%| F|  |TAMS 0x000000070aa00000, 0x000000070aa00000| Untracked 
|  77|0x000000070ac00000, 0x000000070ac00000, 0x000000070ae00000|  0%| F|  |TAMS 0x000000070ac00000, 0x000000070ac00000| Untracked 
|  78|0x000000070ae00000, 0x000000070ae00000, 0x000000070b000000|  0%| F|  |TAMS 0x000000070ae00000, 0x000000070ae00000| Untracked 
|  79|0x000000070b000000, 0x000000070b000000, 0x000000070b200000|  0%| F|  |TAMS 0x000000070b000000, 0x000000070b000000| Untracked 
|  80|0x000000070b200000, 0x000000070b200000, 0x000000070b400000|  0%| F|  |TAMS 0x000000070b200000, 0x000000070b200000| Untracked 
|  81|0x000000070b400000, 0x000000070b400000, 0x000000070b600000|  0%| F|  |TAMS 0x000000070b400000, 0x000000070b400000| Untracked 
|  82|0x000000070b600000, 0x000000070b600000, 0x000000070b800000|  0%| F|  |TAMS 0x000000070b600000, 0x000000070b600000| Untracked 
|  83|0x000000070b800000, 0x000000070b800000, 0x000000070ba00000|  0%| F|  |TAMS 0x000000070b800000, 0x000000070b800000| Untracked 
|  84|0x000000070ba00000, 0x000000070ba00000, 0x000000070bc00000|  0%| F|  |TAMS 0x000000070ba00000, 0x000000070ba00000| Untracked 
|  85|0x000000070bc00000, 0x000000070bc00000, 0x000000070be00000|  0%| F|  |TAMS 0x000000070bc00000, 0x000000070bc00000| Untracked 
|  86|0x000000070be00000, 0x000000070be00000, 0x000000070c000000|  0%| F|  |TAMS 0x000000070be00000, 0x000000070be00000| Untracked 
|  87|0x000000070c000000, 0x000000070c000000, 0x000000070c200000|  0%| F|  |TAMS 0x000000070c000000, 0x000000070c000000| Untracked 
|  88|0x000000070c200000, 0x000000070c200000, 0x000000070c400000|  0%| F|  |TAMS 0x000000070c200000, 0x000000070c200000| Untracked 
|  89|0x000000070c400000, 0x000000070c400000, 0x000000070c600000|  0%| F|  |TAMS 0x000000070c400000, 0x000000070c400000| Untracked 
|  90|0x000000070c600000, 0x000000070c600000, 0x000000070c800000|  0%| F|  |TAMS 0x000000070c600000, 0x000000070c600000| Untracked 
|  91|0x000000070c800000, 0x000000070c800000, 0x000000070ca00000|  0%| F|  |TAMS 0x000000070c800000, 0x000000070c800000| Untracked 
|  92|0x000000070ca00000, 0x000000070ca00000, 0x000000070cc00000|  0%| F|  |TAMS 0x000000070ca00000, 0x000000070ca00000| Untracked 
|  93|0x000000070cc00000, 0x000000070cc00000, 0x000000070ce00000|  0%| F|  |TAMS 0x000000070cc00000, 0x000000070cc00000| Untracked 
|  94|0x000000070ce00000, 0x000000070ce00000, 0x000000070d000000|  0%| F|  |TAMS 0x000000070ce00000, 0x000000070ce00000| Untracked 
|  95|0x000000070d000000, 0x000000070d000000, 0x000000070d200000|  0%| F|  |TAMS 0x000000070d000000, 0x000000070d000000| Untracked 
|  96|0x000000070d200000, 0x000000070d200000, 0x000000070d400000|  0%| F|  |TAMS 0x000000070d200000, 0x000000070d200000| Untracked 
|  97|0x000000070d400000, 0x000000070d400000, 0x000000070d600000|  0%| F|  |TAMS 0x000000070d400000, 0x000000070d400000| Untracked 
|  98|0x000000070d600000, 0x000000070d600000, 0x000000070d800000|  0%| F|  |TAMS 0x000000070d600000, 0x000000070d600000| Untracked 
|  99|0x000000070d800000, 0x000000070d955580, 0x000000070da00000| 66%| S|CS|TAMS 0x000000070d800000, 0x000000070d800000| Complete 
| 100|0x000000070da00000, 0x000000070dc00000, 0x000000070dc00000|100%| S|CS|TAMS 0x000000070da00000, 0x000000070da00000| Complete 
| 101|0x000000070dc00000, 0x000000070de00000, 0x000000070de00000|100%| S|CS|TAMS 0x000000070dc00000, 0x000000070dc00000| Complete 
| 102|0x000000070de00000, 0x000000070e000000, 0x000000070e000000|100%| S|CS|TAMS 0x000000070de00000, 0x000000070de00000| Complete 
| 103|0x000000070e000000, 0x000000070e000000, 0x000000070e200000|  0%| F|  |TAMS 0x000000070e000000, 0x000000070e000000| Untracked 
| 104|0x000000070e200000, 0x000000070e200000, 0x000000070e400000|  0%| F|  |TAMS 0x000000070e200000, 0x000000070e200000| Untracked 
| 105|0x000000070e400000, 0x000000070e400000, 0x000000070e600000|  0%| F|  |TAMS 0x000000070e400000, 0x000000070e400000| Untracked 
| 106|0x000000070e600000, 0x000000070e600000, 0x000000070e800000|  0%| F|  |TAMS 0x000000070e600000, 0x000000070e600000| Untracked 
| 107|0x000000070e800000, 0x000000070e800000, 0x000000070ea00000|  0%| F|  |TAMS 0x000000070e800000, 0x000000070e800000| Untracked 
| 108|0x000000070ea00000, 0x000000070ea00000, 0x000000070ec00000|  0%| F|  |TAMS 0x000000070ea00000, 0x000000070ea00000| Untracked 
| 109|0x000000070ec00000, 0x000000070ec00000, 0x000000070ee00000|  0%| F|  |TAMS 0x000000070ec00000, 0x000000070ec00000| Untracked 
| 110|0x000000070ee00000, 0x000000070ee00000, 0x000000070f000000|  0%| F|  |TAMS 0x000000070ee00000, 0x000000070ee00000| Untracked 
| 111|0x000000070f000000, 0x000000070f000000, 0x000000070f200000|  0%| F|  |TAMS 0x000000070f000000, 0x000000070f000000| Untracked 
| 112|0x000000070f200000, 0x000000070f200000, 0x000000070f400000|  0%| F|  |TAMS 0x000000070f200000, 0x000000070f200000| Untracked 
| 113|0x000000070f400000, 0x000000070f400000, 0x000000070f600000|  0%| F|  |TAMS 0x000000070f400000, 0x000000070f400000| Untracked 
| 114|0x000000070f600000, 0x000000070f800000, 0x000000070f800000|100%| S|CS|TAMS 0x000000070f600000, 0x000000070f600000| Complete 
| 115|0x000000070f800000, 0x000000070fa00000, 0x000000070fa00000|100%| S|CS|TAMS 0x000000070f800000, 0x000000070f800000| Complete 
| 116|0x000000070fa00000, 0x000000070fc00000, 0x000000070fc00000|100%| S|CS|TAMS 0x000000070fa00000, 0x000000070fa00000| Complete 
| 117|0x000000070fc00000, 0x000000070fe00000, 0x000000070fe00000|100%| S|CS|TAMS 0x000000070fc00000, 0x000000070fc00000| Complete 
| 118|0x000000070fe00000, 0x000000070fe00000, 0x0000000710000000|  0%| F|  |TAMS 0x000000070fe00000, 0x000000070fe00000| Untracked 
| 119|0x0000000710000000, 0x0000000710000000, 0x0000000710200000|  0%| F|  |TAMS 0x0000000710000000, 0x0000000710000000| Untracked 
| 120|0x0000000710200000, 0x0000000710200000, 0x0000000710400000|  0%| F|  |TAMS 0x0000000710200000, 0x0000000710200000| Untracked 
| 121|0x0000000710400000, 0x0000000710400000, 0x0000000710600000|  0%| F|  |TAMS 0x0000000710400000, 0x0000000710400000| Untracked 
| 122|0x0000000710600000, 0x0000000710600000, 0x0000000710800000|  0%| F|  |TAMS 0x0000000710600000, 0x0000000710600000| Untracked 
| 123|0x0000000710800000, 0x0000000710800000, 0x0000000710a00000|  0%| F|  |TAMS 0x0000000710800000, 0x0000000710800000| Untracked 
| 124|0x0000000710a00000, 0x0000000710a00000, 0x0000000710c00000|  0%| F|  |TAMS 0x0000000710a00000, 0x0000000710a00000| Untracked 
| 125|0x0000000710c00000, 0x0000000710c00000, 0x0000000710e00000|  0%| F|  |TAMS 0x0000000710c00000, 0x0000000710c00000| Untracked 
| 126|0x0000000710e00000, 0x0000000710e00000, 0x0000000711000000|  0%| F|  |TAMS 0x0000000710e00000, 0x0000000710e00000| Untracked 
| 127|0x0000000711000000, 0x0000000711000000, 0x0000000711200000|  0%| F|  |TAMS 0x0000000711000000, 0x0000000711000000| Untracked 
| 128|0x0000000711200000, 0x0000000711200000, 0x0000000711400000|  0%| F|  |TAMS 0x0000000711200000, 0x0000000711200000| Untracked 
| 129|0x0000000711400000, 0x0000000711400000, 0x0000000711600000|  0%| F|  |TAMS 0x0000000711400000, 0x0000000711400000| Untracked 
| 130|0x0000000711600000, 0x0000000711600000, 0x0000000711800000|  0%| F|  |TAMS 0x0000000711600000, 0x0000000711600000| Untracked 
| 131|0x0000000711800000, 0x0000000711800000, 0x0000000711a00000|  0%| F|  |TAMS 0x0000000711800000, 0x0000000711800000| Untracked 
| 132|0x0000000711a00000, 0x0000000711a00000, 0x0000000711c00000|  0%| F|  |TAMS 0x0000000711a00000, 0x0000000711a00000| Untracked 
| 133|0x0000000711c00000, 0x0000000711c00000, 0x0000000711e00000|  0%| F|  |TAMS 0x0000000711c00000, 0x0000000711c00000| Untracked 
| 134|0x0000000711e00000, 0x0000000712000000, 0x0000000712000000|100%| E|  |TAMS 0x0000000711e00000, 0x0000000711e00000| Complete 
| 135|0x0000000712000000, 0x0000000712200000, 0x0000000712200000|100%| E|CS|TAMS 0x0000000712000000, 0x0000000712000000| Complete 
| 136|0x0000000712200000, 0x0000000712400000, 0x0000000712400000|100%| E|CS|TAMS 0x0000000712200000, 0x0000000712200000| Complete 
| 137|0x0000000712400000, 0x0000000712600000, 0x0000000712600000|100%| E|CS|TAMS 0x0000000712400000, 0x0000000712400000| Complete 
| 138|0x0000000712600000, 0x0000000712800000, 0x0000000712800000|100%| E|CS|TAMS 0x0000000712600000, 0x0000000712600000| Complete 
| 139|0x0000000712800000, 0x0000000712a00000, 0x0000000712a00000|100%| E|CS|TAMS 0x0000000712800000, 0x0000000712800000| Complete 
| 140|0x0000000712a00000, 0x0000000712c00000, 0x0000000712c00000|100%| E|CS|TAMS 0x0000000712a00000, 0x0000000712a00000| Complete 
| 141|0x0000000712c00000, 0x0000000712e00000, 0x0000000712e00000|100%| E|CS|TAMS 0x0000000712c00000, 0x0000000712c00000| Complete 
| 142|0x0000000712e00000, 0x0000000713000000, 0x0000000713000000|100%| E|CS|TAMS 0x0000000712e00000, 0x0000000712e00000| Complete 
| 143|0x0000000713000000, 0x0000000713200000, 0x0000000713200000|100%| E|CS|TAMS 0x0000000713000000, 0x0000000713000000| Complete 
| 144|0x0000000713200000, 0x0000000713400000, 0x0000000713400000|100%| E|CS|TAMS 0x0000000713200000, 0x0000000713200000| Complete 
| 145|0x0000000713400000, 0x0000000713600000, 0x0000000713600000|100%| E|CS|TAMS 0x0000000713400000, 0x0000000713400000| Complete 
| 146|0x0000000713600000, 0x0000000713800000, 0x0000000713800000|100%| E|CS|TAMS 0x0000000713600000, 0x0000000713600000| Complete 
| 147|0x0000000713800000, 0x0000000713a00000, 0x0000000713a00000|100%| E|CS|TAMS 0x0000000713800000, 0x0000000713800000| Complete 
| 148|0x0000000713a00000, 0x0000000713c00000, 0x0000000713c00000|100%| E|CS|TAMS 0x0000000713a00000, 0x0000000713a00000| Complete 
| 149|0x0000000713c00000, 0x0000000713e00000, 0x0000000713e00000|100%| E|CS|TAMS 0x0000000713c00000, 0x0000000713c00000| Complete 
| 150|0x0000000713e00000, 0x0000000714000000, 0x0000000714000000|100%| E|CS|TAMS 0x0000000713e00000, 0x0000000713e00000| Complete 
| 151|0x0000000714000000, 0x0000000714200000, 0x0000000714200000|100%| E|CS|TAMS 0x0000000714000000, 0x0000000714000000| Complete 
| 152|0x0000000714200000, 0x0000000714400000, 0x0000000714400000|100%| E|CS|TAMS 0x0000000714200000, 0x0000000714200000| Complete 
| 153|0x0000000714400000, 0x0000000714600000, 0x0000000714600000|100%| E|CS|TAMS 0x0000000714400000, 0x0000000714400000| Complete 
| 154|0x0000000714600000, 0x0000000714800000, 0x0000000714800000|100%| E|CS|TAMS 0x0000000714600000, 0x0000000714600000| Complete 
| 155|0x0000000714800000, 0x0000000714a00000, 0x0000000714a00000|100%| E|CS|TAMS 0x0000000714800000, 0x0000000714800000| Complete 
| 156|0x0000000714a00000, 0x0000000714c00000, 0x0000000714c00000|100%| E|CS|TAMS 0x0000000714a00000, 0x0000000714a00000| Complete 
| 157|0x0000000714c00000, 0x0000000714e00000, 0x0000000714e00000|100%| E|CS|TAMS 0x0000000714c00000, 0x0000000714c00000| Complete 
| 158|0x0000000714e00000, 0x0000000715000000, 0x0000000715000000|100%| E|CS|TAMS 0x0000000714e00000, 0x0000000714e00000| Complete 
| 159|0x0000000715000000, 0x0000000715200000, 0x0000000715200000|100%| E|CS|TAMS 0x0000000715000000, 0x0000000715000000| Complete 
| 160|0x0000000715200000, 0x0000000715400000, 0x0000000715400000|100%| E|CS|TAMS 0x0000000715200000, 0x0000000715200000| Complete 
| 161|0x0000000715400000, 0x0000000715600000, 0x0000000715600000|100%| E|CS|TAMS 0x0000000715400000, 0x0000000715400000| Complete 
| 162|0x0000000715600000, 0x0000000715800000, 0x0000000715800000|100%| E|CS|TAMS 0x0000000715600000, 0x0000000715600000| Complete 
| 163|0x0000000715800000, 0x0000000715a00000, 0x0000000715a00000|100%| E|CS|TAMS 0x0000000715800000, 0x0000000715800000| Complete 
| 164|0x0000000715a00000, 0x0000000715c00000, 0x0000000715c00000|100%| E|CS|TAMS 0x0000000715a00000, 0x0000000715a00000| Complete 
| 165|0x0000000715c00000, 0x0000000715e00000, 0x0000000715e00000|100%| E|CS|TAMS 0x0000000715c00000, 0x0000000715c00000| Complete 
| 166|0x0000000715e00000, 0x0000000716000000, 0x0000000716000000|100%| E|CS|TAMS 0x0000000715e00000, 0x0000000715e00000| Complete 
| 167|0x0000000716000000, 0x0000000716200000, 0x0000000716200000|100%| E|CS|TAMS 0x0000000716000000, 0x0000000716000000| Complete 
| 168|0x0000000716200000, 0x0000000716400000, 0x0000000716400000|100%| E|CS|TAMS 0x0000000716200000, 0x0000000716200000| Complete 
| 169|0x0000000716400000, 0x0000000716600000, 0x0000000716600000|100%| E|CS|TAMS 0x0000000716400000, 0x0000000716400000| Complete 
| 170|0x0000000716600000, 0x0000000716800000, 0x0000000716800000|100%| E|CS|TAMS 0x0000000716600000, 0x0000000716600000| Complete 
| 171|0x0000000716800000, 0x0000000716a00000, 0x0000000716a00000|100%| E|CS|TAMS 0x0000000716800000, 0x0000000716800000| Complete 
| 172|0x0000000716a00000, 0x0000000716c00000, 0x0000000716c00000|100%| E|CS|TAMS 0x0000000716a00000, 0x0000000716a00000| Complete 
| 173|0x0000000716c00000, 0x0000000716e00000, 0x0000000716e00000|100%| E|CS|TAMS 0x0000000716c00000, 0x0000000716c00000| Complete 
| 174|0x0000000716e00000, 0x0000000717000000, 0x0000000717000000|100%| E|CS|TAMS 0x0000000716e00000, 0x0000000716e00000| Complete 
| 175|0x0000000717000000, 0x0000000717200000, 0x0000000717200000|100%| E|CS|TAMS 0x0000000717000000, 0x0000000717000000| Complete 
| 176|0x0000000717200000, 0x0000000717400000, 0x0000000717400000|100%| E|CS|TAMS 0x0000000717200000, 0x0000000717200000| Complete 
| 177|0x0000000717400000, 0x0000000717600000, 0x0000000717600000|100%| E|CS|TAMS 0x0000000717400000, 0x0000000717400000| Complete 
| 178|0x0000000717600000, 0x0000000717800000, 0x0000000717800000|100%| E|CS|TAMS 0x0000000717600000, 0x0000000717600000| Complete 
| 179|0x0000000717800000, 0x0000000717a00000, 0x0000000717a00000|100%| E|CS|TAMS 0x0000000717800000, 0x0000000717800000| Complete 
| 180|0x0000000717a00000, 0x0000000717c00000, 0x0000000717c00000|100%| E|CS|TAMS 0x0000000717a00000, 0x0000000717a00000| Complete 
| 181|0x0000000717c00000, 0x0000000717e00000, 0x0000000717e00000|100%| E|CS|TAMS 0x0000000717c00000, 0x0000000717c00000| Complete 
| 182|0x0000000717e00000, 0x0000000718000000, 0x0000000718000000|100%| E|CS|TAMS 0x0000000717e00000, 0x0000000717e00000| Complete 
| 183|0x0000000718000000, 0x0000000718200000, 0x0000000718200000|100%| E|CS|TAMS 0x0000000718000000, 0x0000000718000000| Complete 
| 184|0x0000000718200000, 0x0000000718400000, 0x0000000718400000|100%| E|CS|TAMS 0x0000000718200000, 0x0000000718200000| Complete 
| 185|0x0000000718400000, 0x0000000718600000, 0x0000000718600000|100%| E|CS|TAMS 0x0000000718400000, 0x0000000718400000| Complete 
| 186|0x0000000718600000, 0x0000000718800000, 0x0000000718800000|100%| E|CS|TAMS 0x0000000718600000, 0x0000000718600000| Complete 
| 187|0x0000000718800000, 0x0000000718a00000, 0x0000000718a00000|100%| E|CS|TAMS 0x0000000718800000, 0x0000000718800000| Complete 
| 188|0x0000000718a00000, 0x0000000718c00000, 0x0000000718c00000|100%| E|CS|TAMS 0x0000000718a00000, 0x0000000718a00000| Complete 
| 189|0x0000000718c00000, 0x0000000718e00000, 0x0000000718e00000|100%| E|CS|TAMS 0x0000000718c00000, 0x0000000718c00000| Complete 
| 190|0x0000000718e00000, 0x0000000719000000, 0x0000000719000000|100%| E|CS|TAMS 0x0000000718e00000, 0x0000000718e00000| Complete 
| 191|0x0000000719000000, 0x0000000719200000, 0x0000000719200000|100%| E|CS|TAMS 0x0000000719000000, 0x0000000719000000| Complete 
| 192|0x0000000719200000, 0x0000000719400000, 0x0000000719400000|100%| E|CS|TAMS 0x0000000719200000, 0x0000000719200000| Complete 
| 193|0x0000000719400000, 0x0000000719600000, 0x0000000719600000|100%| E|CS|TAMS 0x0000000719400000, 0x0000000719400000| Complete 
| 194|0x0000000719600000, 0x0000000719800000, 0x0000000719800000|100%| E|CS|TAMS 0x0000000719600000, 0x0000000719600000| Complete 
| 195|0x0000000719800000, 0x0000000719a00000, 0x0000000719a00000|100%| E|CS|TAMS 0x0000000719800000, 0x0000000719800000| Complete 
| 196|0x0000000719a00000, 0x0000000719c00000, 0x0000000719c00000|100%| E|CS|TAMS 0x0000000719a00000, 0x0000000719a00000| Complete 
| 197|0x0000000719c00000, 0x0000000719e00000, 0x0000000719e00000|100%| E|CS|TAMS 0x0000000719c00000, 0x0000000719c00000| Complete 
| 198|0x0000000719e00000, 0x000000071a000000, 0x000000071a000000|100%| E|CS|TAMS 0x0000000719e00000, 0x0000000719e00000| Complete 
| 199|0x000000071a000000, 0x000000071a200000, 0x000000071a200000|100%| E|CS|TAMS 0x000000071a000000, 0x000000071a000000| Complete 
| 200|0x000000071a200000, 0x000000071a400000, 0x000000071a400000|100%| E|CS|TAMS 0x000000071a200000, 0x000000071a200000| Complete 
| 201|0x000000071a400000, 0x000000071a600000, 0x000000071a600000|100%| E|CS|TAMS 0x000000071a400000, 0x000000071a400000| Complete 
| 202|0x000000071a600000, 0x000000071a800000, 0x000000071a800000|100%| E|CS|TAMS 0x000000071a600000, 0x000000071a600000| Complete 
| 203|0x000000071a800000, 0x000000071aa00000, 0x000000071aa00000|100%| E|CS|TAMS 0x000000071a800000, 0x000000071a800000| Complete 
| 204|0x000000071aa00000, 0x000000071ac00000, 0x000000071ac00000|100%| E|CS|TAMS 0x000000071aa00000, 0x000000071aa00000| Complete 
| 205|0x000000071ac00000, 0x000000071ae00000, 0x000000071ae00000|100%| E|CS|TAMS 0x000000071ac00000, 0x000000071ac00000| Complete 
| 206|0x000000071ae00000, 0x000000071b000000, 0x000000071b000000|100%| E|CS|TAMS 0x000000071ae00000, 0x000000071ae00000| Complete 
| 207|0x000000071b000000, 0x000000071b200000, 0x000000071b200000|100%| E|CS|TAMS 0x000000071b000000, 0x000000071b000000| Complete 
| 208|0x000000071b200000, 0x000000071b400000, 0x000000071b400000|100%| E|CS|TAMS 0x000000071b200000, 0x000000071b200000| Complete 
| 209|0x000000071b400000, 0x000000071b600000, 0x000000071b600000|100%| E|CS|TAMS 0x000000071b400000, 0x000000071b400000| Complete 
| 210|0x000000071b600000, 0x000000071b800000, 0x000000071b800000|100%| E|CS|TAMS 0x000000071b600000, 0x000000071b600000| Complete 
| 211|0x000000071b800000, 0x000000071ba00000, 0x000000071ba00000|100%| E|CS|TAMS 0x000000071b800000, 0x000000071b800000| Complete 
| 212|0x000000071ba00000, 0x000000071bc00000, 0x000000071bc00000|100%| E|CS|TAMS 0x000000071ba00000, 0x000000071ba00000| Complete 
| 213|0x000000071bc00000, 0x000000071be00000, 0x000000071be00000|100%| E|  |TAMS 0x000000071bc00000, 0x000000071bc00000| Complete 
| 214|0x000000071be00000, 0x000000071c000000, 0x000000071c000000|100%| E|CS|TAMS 0x000000071be00000, 0x000000071be00000| Complete 
| 215|0x000000071c000000, 0x000000071c200000, 0x000000071c200000|100%| E|CS|TAMS 0x000000071c000000, 0x000000071c000000| Complete 
| 216|0x000000071c200000, 0x000000071c400000, 0x000000071c400000|100%| E|CS|TAMS 0x000000071c200000, 0x000000071c200000| Complete 
| 217|0x000000071c400000, 0x000000071c600000, 0x000000071c600000|100%| E|CS|TAMS 0x000000071c400000, 0x000000071c400000| Complete 
| 218|0x000000071c600000, 0x000000071c800000, 0x000000071c800000|100%| E|CS|TAMS 0x000000071c600000, 0x000000071c600000| Complete 
| 219|0x000000071c800000, 0x000000071ca00000, 0x000000071ca00000|100%| E|CS|TAMS 0x000000071c800000, 0x000000071c800000| Complete 
| 220|0x000000071ca00000, 0x000000071cc00000, 0x000000071cc00000|100%| E|CS|TAMS 0x000000071ca00000, 0x000000071ca00000| Complete 
| 221|0x000000071cc00000, 0x000000071ce00000, 0x000000071ce00000|100%| E|CS|TAMS 0x000000071cc00000, 0x000000071cc00000| Complete 
| 222|0x000000071ce00000, 0x000000071d000000, 0x000000071d000000|100%| E|CS|TAMS 0x000000071ce00000, 0x000000071ce00000| Complete 
| 223|0x000000071d000000, 0x000000071d200000, 0x000000071d200000|100%| E|CS|TAMS 0x000000071d000000, 0x000000071d000000| Complete 
| 224|0x000000071d200000, 0x000000071d400000, 0x000000071d400000|100%| E|CS|TAMS 0x000000071d200000, 0x000000071d200000| Complete 
| 225|0x000000071d400000, 0x000000071d600000, 0x000000071d600000|100%| E|CS|TAMS 0x000000071d400000, 0x000000071d400000| Complete 
| 226|0x000000071d600000, 0x000000071d800000, 0x000000071d800000|100%| E|CS|TAMS 0x000000071d600000, 0x000000071d600000| Complete 
| 227|0x000000071d800000, 0x000000071da00000, 0x000000071da00000|100%| E|CS|TAMS 0x000000071d800000, 0x000000071d800000| Complete 
| 228|0x000000071da00000, 0x000000071dc00000, 0x000000071dc00000|100%| E|CS|TAMS 0x000000071da00000, 0x000000071da00000| Complete 
| 229|0x000000071dc00000, 0x000000071de00000, 0x000000071de00000|100%| E|CS|TAMS 0x000000071dc00000, 0x000000071dc00000| Complete 
| 230|0x000000071de00000, 0x000000071e000000, 0x000000071e000000|100%| E|CS|TAMS 0x000000071de00000, 0x000000071de00000| Complete 
| 231|0x000000071e000000, 0x000000071e200000, 0x000000071e200000|100%| E|CS|TAMS 0x000000071e000000, 0x000000071e000000| Complete 
| 232|0x000000071e200000, 0x000000071e400000, 0x000000071e400000|100%| E|CS|TAMS 0x000000071e200000, 0x000000071e200000| Complete 
| 233|0x000000071e400000, 0x000000071e600000, 0x000000071e600000|100%| E|CS|TAMS 0x000000071e400000, 0x000000071e400000| Complete 
| 234|0x000000071e600000, 0x000000071e800000, 0x000000071e800000|100%| E|CS|TAMS 0x000000071e600000, 0x000000071e600000| Complete 
| 235|0x000000071e800000, 0x000000071ea00000, 0x000000071ea00000|100%| E|CS|TAMS 0x000000071e800000, 0x000000071e800000| Complete 
| 236|0x000000071ea00000, 0x000000071ec00000, 0x000000071ec00000|100%| E|CS|TAMS 0x000000071ea00000, 0x000000071ea00000| Complete 
| 237|0x000000071ec00000, 0x000000071ee00000, 0x000000071ee00000|100%| E|CS|TAMS 0x000000071ec00000, 0x000000071ec00000| Complete 
| 238|0x000000071ee00000, 0x000000071f000000, 0x000000071f000000|100%| E|CS|TAMS 0x000000071ee00000, 0x000000071ee00000| Complete 
| 239|0x000000071f000000, 0x000000071f200000, 0x000000071f200000|100%| E|CS|TAMS 0x000000071f000000, 0x000000071f000000| Complete 
| 240|0x000000071f200000, 0x000000071f400000, 0x000000071f400000|100%| E|CS|TAMS 0x000000071f200000, 0x000000071f200000| Complete 
| 241|0x000000071f400000, 0x000000071f600000, 0x000000071f600000|100%| E|CS|TAMS 0x000000071f400000, 0x000000071f400000| Complete 
| 242|0x000000071f600000, 0x000000071f800000, 0x000000071f800000|100%| E|CS|TAMS 0x000000071f600000, 0x000000071f600000| Complete 
| 243|0x000000071f800000, 0x000000071fa00000, 0x000000071fa00000|100%| E|CS|TAMS 0x000000071f800000, 0x000000071f800000| Complete 
| 244|0x000000071fa00000, 0x000000071fc00000, 0x000000071fc00000|100%| E|CS|TAMS 0x000000071fa00000, 0x000000071fa00000| Complete 
| 245|0x000000071fc00000, 0x000000071fe00000, 0x000000071fe00000|100%| E|CS|TAMS 0x000000071fc00000, 0x000000071fc00000| Complete 
| 246|0x000000071fe00000, 0x0000000720000000, 0x0000000720000000|100%| E|CS|TAMS 0x000000071fe00000, 0x000000071fe00000| Complete 
| 247|0x0000000720000000, 0x0000000720200000, 0x0000000720200000|100%| E|CS|TAMS 0x0000000720000000, 0x0000000720000000| Complete 
| 248|0x0000000720200000, 0x0000000720400000, 0x0000000720400000|100%| E|CS|TAMS 0x0000000720200000, 0x0000000720200000| Complete 
| 249|0x0000000720400000, 0x0000000720600000, 0x0000000720600000|100%| E|CS|TAMS 0x0000000720400000, 0x0000000720400000| Complete 
| 250|0x0000000720600000, 0x0000000720800000, 0x0000000720800000|100%| E|CS|TAMS 0x0000000720600000, 0x0000000720600000| Complete 
| 251|0x0000000720800000, 0x0000000720a00000, 0x0000000720a00000|100%| E|CS|TAMS 0x0000000720800000, 0x0000000720800000| Complete 
| 252|0x0000000720a00000, 0x0000000720c00000, 0x0000000720c00000|100%| E|CS|TAMS 0x0000000720a00000, 0x0000000720a00000| Complete 
| 253|0x0000000720c00000, 0x0000000720e00000, 0x0000000720e00000|100%| E|CS|TAMS 0x0000000720c00000, 0x0000000720c00000| Complete 
| 254|0x0000000720e00000, 0x0000000721000000, 0x0000000721000000|100%| E|CS|TAMS 0x0000000720e00000, 0x0000000720e00000| Complete 
| 255|0x0000000721000000, 0x0000000721200000, 0x0000000721200000|100%| E|CS|TAMS 0x0000000721000000, 0x0000000721000000| Complete 
| 256|0x0000000721200000, 0x0000000721400000, 0x0000000721400000|100%| E|CS|TAMS 0x0000000721200000, 0x0000000721200000| Complete 
| 257|0x0000000721400000, 0x0000000721600000, 0x0000000721600000|100%| E|CS|TAMS 0x0000000721400000, 0x0000000721400000| Complete 
| 258|0x0000000721600000, 0x0000000721800000, 0x0000000721800000|100%| E|CS|TAMS 0x0000000721600000, 0x0000000721600000| Complete 
| 259|0x0000000721800000, 0x0000000721a00000, 0x0000000721a00000|100%| E|CS|TAMS 0x0000000721800000, 0x0000000721800000| Complete 
| 260|0x0000000721a00000, 0x0000000721c00000, 0x0000000721c00000|100%| E|CS|TAMS 0x0000000721a00000, 0x0000000721a00000| Complete 
| 261|0x0000000721c00000, 0x0000000721e00000, 0x0000000721e00000|100%| E|CS|TAMS 0x0000000721c00000, 0x0000000721c00000| Complete 
| 262|0x0000000721e00000, 0x0000000722000000, 0x0000000722000000|100%| E|CS|TAMS 0x0000000721e00000, 0x0000000721e00000| Complete 
| 263|0x0000000722000000, 0x0000000722200000, 0x0000000722200000|100%| E|CS|TAMS 0x0000000722000000, 0x0000000722000000| Complete 
| 264|0x0000000722200000, 0x0000000722400000, 0x0000000722400000|100%| E|CS|TAMS 0x0000000722200000, 0x0000000722200000| Complete 
| 265|0x0000000722400000, 0x0000000722600000, 0x0000000722600000|100%| E|CS|TAMS 0x0000000722400000, 0x0000000722400000| Complete 
| 266|0x0000000722600000, 0x0000000722800000, 0x0000000722800000|100%| E|CS|TAMS 0x0000000722600000, 0x0000000722600000| Complete 

Card table byte_map: [0x000001e1fe5d0000,0x000001e1fedd0000] _byte_map_base: 0x000001e1fadc7000

Marking Bits (Prev, Next): (CMBitMap*) 0x000001e1fd7fcc20, (CMBitMap*) 0x000001e1fd7fcc60
 Prev Bits: [0x000001e196770000, 0x000001e19a728000)
 Next Bits: [0x000001e19a730000, 0x000001e19e6e8000)

Polling page: 0x000001e1fb780000

Metaspace:

Usage:
  Non-class:      6.70 MB used.
      Class:    355.25 KB used.
       Both:      7.05 MB used.

Virtual space:
  Non-class space:       16.00 MB reserved,       6.81 MB ( 43%) committed,  2 nodes.
      Class space:        1.00 GB reserved,     448.00 KB ( <1%) committed,  1 nodes.
             Both:        1.02 GB reserved,       7.25 MB ( <1%) committed. 

Chunk freelists:
   Non-Class:  3.41 MB
       Class:  3.51 MB
        Both:  6.92 MB

MaxMetaspaceSize: unlimited
CompressedClassSpaceSize: 1.00 GB
Initial GC threshold: 21.00 MB
Current GC threshold: 21.00 MB
CDS: on
MetaspaceReclaimPolicy: balanced
 - commit_granule_bytes: 65536.
 - commit_granule_words: 8192.
 - virtual_space_node_default_size: 1048576.
 - enlarge_chunks_in_place: 1.
 - new_chunks_are_fully_committed: 0.
 - uncommit_free_chunks: 1.
 - use_allocation_guard: 0.
 - handle_deallocations: 1.


Internal statistics:

num_allocs_failed_limit: 0.
num_arena_births: 90.
num_arena_deaths: 0.
num_vsnodes_births: 3.
num_vsnodes_deaths: 0.
num_space_committed: 114.
num_space_uncommitted: 0.
num_chunks_returned_to_freelist: 0.
num_chunks_taken_from_freelist: 287.
num_chunk_merges: 0.
num_chunk_splits: 205.
num_chunks_enlarged: 160.
num_purges: 0.
num_inconsistent_stats: 0.

CodeHeap 'non-profiled nmethods': size=120000Kb used=1844Kb max_used=1844Kb free=118156Kb
 bounds [0x000001e18f240000, 0x000001e18f4b0000, 0x000001e196770000]
CodeHeap 'profiled nmethods': size=120000Kb used=3931Kb max_used=3931Kb free=116068Kb
 bounds [0x000001e187d10000, 0x000001e1880f0000, 0x000001e18f240000]
CodeHeap 'non-nmethods': size=5760Kb used=1627Kb max_used=1662Kb free=4132Kb
 bounds [0x000001e187770000, 0x000001e1879e0000, 0x000001e187d10000]
 total_blobs=3149 nmethods=2082 adapters=980
 compilation: enabled
              stopped_count=0, restarted_count=0
 full_count=0

Compilation events (20 events):
Event: 32.264 Thread 0x000001e1a09dc6c0 2085       3       cga.framework.GameWindow::initializeCallbacks$lambda$4 (36 bytes)
Event: 32.264 Thread 0x000001e1a09dc6c0 nmethod 2085 0x000001e1880e3c90 code [0x000001e1880e3ec0, 0x000001e1880e4518]
Event: 33.325 Thread 0x000001e1a09dbc20 2086       4       org.joml.Matrix4f::_m10 (7 bytes)
Event: 33.325 Thread 0x000001e1a09dbc20 nmethod 2086 0x000001e18f40a190 code [0x000001e18f40a300, 0x000001e18f40a378]
Event: 35.491 Thread 0x000001e1a09dbc20 2088       4       org.joml.Matrix4f::_m20 (7 bytes)
Event: 35.491 Thread 0x000001e1a09dbc20 nmethod 2088 0x000001e18f40a490 code [0x000001e18f40a600, 0x000001e18f40a678]
Event: 35.491 Thread 0x000001e1a09dbc20 2087       4       org.joml.Matrix4f::_m13 (7 bytes)
Event: 35.492 Thread 0x000001e1a09dbc20 nmethod 2087 0x000001e18f40a790 code [0x000001e18f40a900, 0x000001e18f40a978]
Event: 35.950 Thread 0x000001e1a09dbc20 2089       4       jdk.internal.math.FloatingDecimal$BinaryToASCIIBuffer::dtoa (1509 bytes)
Event: 35.969 Thread 0x000001e1a09dbc20 nmethod 2089 0x000001e18f40aa90 code [0x000001e18f40ac80, 0x000001e18f40be18]
Event: 36.485 Thread 0x000001e1a09dc6c0 2090       3       cga.exercise.game.Game::onKey (13 bytes)
Event: 36.486 Thread 0x000001e1a09dc6c0 nmethod 2090 0x000001e1880e4810 code [0x000001e1880e49a0, 0x000001e1880e4b18]
Event: 36.486 Thread 0x000001e1a09dc6c0 2091       3       cga.exercise.game.Scene::onKey (1 bytes)
Event: 36.486 Thread 0x000001e1a09dc6c0 nmethod 2091 0x000001e1880e4c10 code [0x000001e1880e4da0, 0x000001e1880e4eb8]
Event: 36.638 Thread 0x000001e1a09dbc20 2092       4       org.lwjgl.system.MemoryStack::stackGet (10 bytes)
Event: 36.639 Thread 0x000001e1a09dbc20 nmethod 2092 0x000001e18f40ca90 code [0x000001e18f40cc40, 0x000001e18f40cdb8]
Event: 36.647 Thread 0x000001e1a09dc6c0 2093       3       java.nio.MappedByteBuffer::<init> (22 bytes)
Event: 36.647 Thread 0x000001e1a09dc6c0 nmethod 2093 0x000001e1880e4f90 code [0x000001e1880e5140, 0x000001e1880e52c8]
Event: 36.807 Thread 0x000001e1a09dc6c0 2094       3       cga.exercise.game.Scene::checkCollisionSpaceship (195 bytes)
Event: 36.808 Thread 0x000001e1a09dc6c0 nmethod 2094 0x000001e1880e5390 code [0x000001e1880e56e0, 0x000001e1880e6828]

GC Heap History (20 events):
Event: 2.610 GC heap before
{Heap before GC invocations=13 (full 0):
 garbage-first heap   total 378880K, used 226223K [0x0000000701200000, 0x0000000800000000)
  region size 2048K, 111 young (227328K), 5 survivors (10240K)
 Metaspace       used 5399K, committed 5568K, reserved 1056768K
  class space    used 291K, committed 384K, reserved 1048576K
}
Event: 2.613 GC heap after
{Heap after GC invocations=14 (full 0):
 garbage-first heap   total 378880K, used 9619K [0x0000000701200000, 0x0000000800000000)
  region size 2048K, 5 young (10240K), 5 survivors (10240K)
 Metaspace       used 5399K, committed 5568K, reserved 1056768K
  class space    used 291K, committed 384K, reserved 1048576K
}
Event: 2.763 GC heap before
{Heap before GC invocations=14 (full 0):
 garbage-first heap   total 378880K, used 226707K [0x0000000701200000, 0x0000000800000000)
  region size 2048K, 111 young (227328K), 5 survivors (10240K)
 Metaspace       used 5400K, committed 5568K, reserved 1056768K
  class space    used 291K, committed 384K, reserved 1048576K
}
Event: 2.767 GC heap after
{Heap after GC invocations=15 (full 0):
 garbage-first heap   total 454656K, used 10891K [0x0000000701200000, 0x0000000800000000)
  region size 2048K, 6 young (12288K), 6 survivors (12288K)
 Metaspace       used 5400K, committed 5568K, reserved 1056768K
  class space    used 291K, committed 384K, reserved 1048576K
}
Event: 2.946 GC heap before
{Heap before GC invocations=15 (full 0):
 garbage-first heap   total 454656K, used 270987K [0x0000000701200000, 0x0000000800000000)
  region size 2048K, 133 young (272384K), 6 survivors (12288K)
 Metaspace       used 5400K, committed 5568K, reserved 1056768K
  class space    used 291K, committed 384K, reserved 1048576K
}
Event: 2.950 GC heap after
{Heap after GC invocations=16 (full 0):
 garbage-first heap   total 454656K, used 11599K [0x0000000701200000, 0x0000000800000000)
  region size 2048K, 5 young (10240K), 5 survivors (10240K)
 Metaspace       used 5400K, committed 5568K, reserved 1056768K
  class space    used 291K, committed 384K, reserved 1048576K
}
Event: 3.125 GC heap before
{Heap before GC invocations=16 (full 0):
 garbage-first heap   total 454656K, used 273743K [0x0000000701200000, 0x0000000800000000)
  region size 2048K, 133 young (272384K), 5 survivors (10240K)
 Metaspace       used 5400K, committed 5568K, reserved 1056768K
  class space    used 291K, committed 384K, reserved 1048576K
}
Event: 3.128 GC heap after
{Heap after GC invocations=17 (full 0):
 garbage-first heap   total 454656K, used 12588K [0x0000000701200000, 0x0000000800000000)
  region size 2048K, 6 young (12288K), 6 survivors (12288K)
 Metaspace       used 5400K, committed 5568K, reserved 1056768K
  class space    used 291K, committed 384K, reserved 1048576K
}
Event: 3.289 GC heap before
{Heap before GC invocations=17 (full 0):
 garbage-first heap   total 454656K, used 272684K [0x0000000701200000, 0x0000000800000000)
  region size 2048K, 133 young (272384K), 6 survivors (12288K)
 Metaspace       used 5400K, committed 5568K, reserved 1056768K
  class space    used 291K, committed 384K, reserved 1048576K
}
Event: 3.292 GC heap after
{Heap after GC invocations=18 (full 0):
 garbage-first heap   total 454656K, used 13616K [0x0000000701200000, 0x0000000800000000)
  region size 2048K, 6 young (12288K), 6 survivors (12288K)
 Metaspace       used 5400K, committed 5568K, reserved 1056768K
  class space    used 291K, committed 384K, reserved 1048576K
}
Event: 3.447 GC heap before
{Heap before GC invocations=18 (full 0):
 garbage-first heap   total 454656K, used 273712K [0x0000000701200000, 0x0000000800000000)
  region size 2048K, 133 young (272384K), 6 survivors (12288K)
 Metaspace       used 5400K, committed 5568K, reserved 1056768K
  class space    used 291K, committed 384K, reserved 1048576K
}
Event: 3.450 GC heap after
{Heap after GC invocations=19 (full 0):
 garbage-first heap   total 454656K, used 14242K [0x0000000701200000, 0x0000000800000000)
  region size 2048K, 6 young (12288K), 6 survivors (12288K)
 Metaspace       used 5400K, committed 5568K, reserved 1056768K
  class space    used 291K, committed 384K, reserved 1048576K
}
Event: 3.603 GC heap before
{Heap before GC invocations=19 (full 0):
 garbage-first heap   total 454656K, used 274338K [0x0000000701200000, 0x0000000800000000)
  region size 2048K, 133 young (272384K), 6 survivors (12288K)
 Metaspace       used 5400K, committed 5568K, reserved 1056768K
  class space    used 291K, committed 384K, reserved 1048576K
}
Event: 3.606 GC heap after
{Heap after GC invocations=20 (full 0):
 garbage-first heap   total 454656K, used 15352K [0x0000000701200000, 0x0000000800000000)
  region size 2048K, 7 young (14336K), 7 survivors (14336K)
 Metaspace       used 5400K, committed 5568K, reserved 1056768K
  class space    used 291K, committed 384K, reserved 1048576K
}
Event: 3.763 GC heap before
{Heap before GC invocations=20 (full 0):
 garbage-first heap   total 454656K, used 273400K [0x0000000701200000, 0x0000000800000000)
  region size 2048K, 133 young (272384K), 7 survivors (14336K)
 Metaspace       used 5400K, committed 5568K, reserved 1056768K
  class space    used 291K, committed 384K, reserved 1048576K
}
Event: 3.766 GC heap after
{Heap after GC invocations=21 (full 0):
 garbage-first heap   total 546816K, used 15660K [0x0000000701200000, 0x0000000800000000)
  region size 2048K, 7 young (14336K), 7 survivors (14336K)
 Metaspace       used 5400K, committed 5568K, reserved 1056768K
  class space    used 291K, committed 384K, reserved 1048576K
}
Event: 5.639 GC heap before
{Heap before GC invocations=21 (full 0):
 garbage-first heap   total 546816K, used 326956K [0x0000000701200000, 0x0000000800000000)
  region size 2048K, 160 young (327680K), 7 survivors (14336K)
 Metaspace       used 6141K, committed 6336K, reserved 1056768K
  class space    used 320K, committed 448K, reserved 1048576K
}
Event: 5.647 GC heap after
{Heap after GC invocations=22 (full 0):
 garbage-first heap   total 546816K, used 25815K [0x0000000701200000, 0x0000000800000000)
  region size 2048K, 11 young (22528K), 11 survivors (22528K)
 Metaspace       used 6141K, committed 6336K, reserved 1056768K
  class space    used 320K, committed 448K, reserved 1048576K
}
Event: 6.379 GC heap before
{Heap before GC invocations=22 (full 0):
 garbage-first heap   total 546816K, used 335063K [0x0000000701200000, 0x0000000800000000)
  region size 2048K, 160 young (327680K), 11 survivors (22528K)
 Metaspace       used 6927K, committed 7168K, reserved 1064960K
  class space    used 349K, committed 448K, reserved 1048576K
}
Event: 6.382 GC heap after
{Heap after GC invocations=23 (full 0):
 garbage-first heap   total 546816K, used 20581K [0x0000000701200000, 0x0000000800000000)
  region size 2048K, 8 young (16384K), 8 survivors (16384K)
 Metaspace       used 6927K, committed 7168K, reserved 1064960K
  class space    used 349K, committed 448K, reserved 1048576K
}

Deoptimization events (20 events):
Event: 14.630 Thread 0x000001e1fd7af7e0 DEOPT PACKING pc=0x000001e18f3ecdac sp=0x00000031ac6febc0
Event: 14.630 Thread 0x000001e1fd7af7e0 DEOPT UNPACKING pc=0x000001e1877c23a3 sp=0x00000031ac6feb48 mode 2
Event: 14.630 Thread 0x000001e1fd7af7e0 Uncommon trap: trap_request=0xffffffde fr.pc=0x000001e18f3ecdac relative=0x000000000000010c
Event: 14.630 Thread 0x000001e1fd7af7e0 Uncommon trap: reason=class_check action=maybe_recompile pc=0x000001e18f3ecdac method=jdk.internal.misc.Unsafe.allocateUninitializedArray(Ljava/lang/Class;I)Ljava/lang/Object; @ 51 c2
Event: 14.630 Thread 0x000001e1fd7af7e0 DEOPT PACKING pc=0x000001e18f3ecdac sp=0x00000031ac6febc0
Event: 14.630 Thread 0x000001e1fd7af7e0 DEOPT UNPACKING pc=0x000001e1877c23a3 sp=0x00000031ac6feb48 mode 2
Event: 14.630 Thread 0x000001e1fd7af7e0 Uncommon trap: trap_request=0xffffffde fr.pc=0x000001e18f3ecdac relative=0x000000000000010c
Event: 14.630 Thread 0x000001e1fd7af7e0 Uncommon trap: reason=class_check action=maybe_recompile pc=0x000001e18f3ecdac method=jdk.internal.misc.Unsafe.allocateUninitializedArray(Ljava/lang/Class;I)Ljava/lang/Object; @ 51 c2
Event: 14.630 Thread 0x000001e1fd7af7e0 DEOPT PACKING pc=0x000001e18f3ecdac sp=0x00000031ac6febc0
Event: 14.631 Thread 0x000001e1fd7af7e0 DEOPT UNPACKING pc=0x000001e1877c23a3 sp=0x00000031ac6feb48 mode 2
Event: 14.631 Thread 0x000001e1fd7af7e0 Uncommon trap: trap_request=0xffffffde fr.pc=0x000001e18f3ecdac relative=0x000000000000010c
Event: 14.631 Thread 0x000001e1fd7af7e0 Uncommon trap: reason=class_check action=maybe_recompile pc=0x000001e18f3ecdac method=jdk.internal.misc.Unsafe.allocateUninitializedArray(Ljava/lang/Class;I)Ljava/lang/Object; @ 51 c2
Event: 14.631 Thread 0x000001e1fd7af7e0 DEOPT PACKING pc=0x000001e18f3ecdac sp=0x00000031ac6febc0
Event: 14.631 Thread 0x000001e1fd7af7e0 DEOPT UNPACKING pc=0x000001e1877c23a3 sp=0x00000031ac6feb48 mode 2
Event: 25.492 Thread 0x000001e1fd7af7e0 DEOPT PACKING pc=0x000001e18805b1d5 sp=0x00000031ac6fed70
Event: 25.492 Thread 0x000001e1fd7af7e0 DEOPT UNPACKING pc=0x000001e1877c2b43 sp=0x00000031ac6fe210 mode 0
Event: 36.638 Thread 0x000001e1fd7af7e0 Uncommon trap: trap_request=0xffffff45 fr.pc=0x000001e18f3e95e4 relative=0x0000000000001884
Event: 36.638 Thread 0x000001e1fd7af7e0 Uncommon trap: reason=unstable_if action=reinterpret pc=0x000001e18f3e95e4 method=cga.exercise.game.Scene.checkCollisionSpaceship()V @ 173 c2
Event: 36.638 Thread 0x000001e1fd7af7e0 DEOPT PACKING pc=0x000001e18f3e95e4 sp=0x00000031ac6fee60
Event: 36.638 Thread 0x000001e1fd7af7e0 DEOPT UNPACKING pc=0x000001e1877c23a3 sp=0x00000031ac6fee28 mode 2

Classes unloaded (0 events):
No events

Classes redefined (0 events):
No events

Internal exceptions (20 events):
Event: 0.114 Thread 0x000001e1fd7af7e0 Exception <a 'sun/nio/fs/WindowsException'{0x0000000710cd07d0}> (0x0000000710cd07d0) 
thrown [t:\workspace\open\src\hotspot\share\prims\jni.cpp, line 516]
Event: 0.119 Thread 0x000001e1fd7af7e0 Exception <a 'sun/nio/fs/WindowsException'{0x0000000710ce6be0}> (0x0000000710ce6be0) 
thrown [t:\workspace\open\src\hotspot\share\prims\jni.cpp, line 516]
Event: 0.119 Thread 0x000001e1fd7af7e0 Exception <a 'sun/nio/fs/WindowsException'{0x0000000710ce6f58}> (0x0000000710ce6f58) 
thrown [t:\workspace\open\src\hotspot\share\prims\jni.cpp, line 516]
Event: 0.126 Thread 0x000001e1fd7af7e0 Exception <a 'java/lang/NoSuchMethodError'{0x0000000710d32ed8}: 'int java.lang.invoke.DirectMethodHandle$Holder.invokeStaticInit(java.lang.Object, java.lang.Object, int, long)'> (0x0000000710d32ed8) 
thrown [t:\workspace\open\src\hotspot\share\interpreter\linkResolver.cpp, line 766]
Event: 0.126 Thread 0x000001e1fd7af7e0 Exception <a 'java/lang/NoSuchMethodError'{0x0000000710d387a0}: 'java.lang.Object java.lang.invoke.DirectMethodHandle$Holder.newInvokeSpecial(java.lang.Object, java.lang.Object, int)'> (0x0000000710d387a0) 
thrown [t:\workspace\open\src\hotspot\share\interpreter\linkResolver.cpp, line 766]
Event: 0.128 Thread 0x000001e1fd7af7e0 Exception <a 'java/lang/NoSuchMethodError'{0x0000000710d47f58}: 'int java.lang.invoke.DirectMethodHandle$Holder.invokeStaticInit(java.lang.Object, java.lang.Object, long, long)'> (0x0000000710d47f58) 
thrown [t:\workspace\open\src\hotspot\share\interpreter\linkResolver.cpp, line 766]
Event: 0.129 Thread 0x000001e1fd7af7e0 Exception <a 'java/lang/NoSuchMethodError'{0x0000000710d4e068}: 'java.lang.Object java.lang.invoke.DirectMethodHandle$Holder.newInvokeSpecial(java.lang.Object, java.lang.Object, long)'> (0x0000000710d4e068) 
thrown [t:\workspace\open\src\hotspot\share\interpreter\linkResolver.cpp, line 766]
Event: 0.129 Thread 0x000001e1fd7af7e0 Exception <a 'java/lang/NoSuchMethodError'{0x0000000710d52358}: 'java.lang.Object java.lang.invoke.Invokers$Holder.linkToTargetMethod(java.lang.Object, long, java.lang.Object)'> (0x0000000710d52358) 
thrown [t:\workspace\open\src\hotspot\share\interpreter\linkResolver.cpp, line 766]
Event: 0.129 Thread 0x000001e1fd7af7e0 Exception <a 'java/lang/NoSuchMethodError'{0x0000000710d59d40}: 'int java.lang.invoke.DirectMethodHandle$Holder.invokeStaticInit(java.lang.Object, java.lang.Object, java.lang.Object, long)'> (0x0000000710d59d40) 
thrown [t:\workspace\open\src\hotspot\share\interpreter\linkResolver.cpp, line 766]
Event: 0.152 Thread 0x000001e1fd7af7e0 Exception <a 'java/lang/NoSuchMethodError'{0x0000000710dc4e68}: 'void java.lang.invoke.DirectMethodHandle$Holder.invokeStatic(java.lang.Object, int, long)'> (0x0000000710dc4e68) 
thrown [t:\workspace\open\src\hotspot\share\interpreter\linkResolver.cpp, line 766]
Event: 0.387 Thread 0x000001e1fd7af7e0 Exception <a 'sun/nio/fs/WindowsException'{0x0000000710a9e4f0}> (0x0000000710a9e4f0) 
thrown [t:\workspace\open\src\hotspot\share\prims\jni.cpp, line 516]
Event: 0.387 Thread 0x000001e1fd7af7e0 Exception <a 'sun/nio/fs/WindowsException'{0x0000000710a9e8a0}> (0x0000000710a9e8a0) 
thrown [t:\workspace\open\src\hotspot\share\prims\jni.cpp, line 516]
Event: 0.389 Thread 0x000001e1fd7af7e0 Exception <a 'sun/nio/fs/WindowsException'{0x0000000710aa51c8}> (0x0000000710aa51c8) 
thrown [t:\workspace\open\src\hotspot\share\prims\jni.cpp, line 516]
Event: 0.389 Thread 0x000001e1fd7af7e0 Exception <a 'sun/nio/fs/WindowsException'{0x0000000710aa54b8}> (0x0000000710aa54b8) 
thrown [t:\workspace\open\src\hotspot\share\prims\jni.cpp, line 516]
Event: 0.685 Thread 0x000001e1fd7af7e0 Exception <a 'sun/nio/fs/WindowsException'{0x00000007100488c0}> (0x00000007100488c0) 
thrown [t:\workspace\open\src\hotspot\share\prims\jni.cpp, line 516]
Event: 0.685 Thread 0x000001e1fd7af7e0 Exception <a 'sun/nio/fs/WindowsException'{0x0000000710048c50}> (0x0000000710048c50) 
thrown [t:\workspace\open\src\hotspot\share\prims\jni.cpp, line 516]
Event: 0.847 Thread 0x000001e1fd7af7e0 Implicit null exception at 0x000001e18f2ada65 to 0x000001e18f2ae1b4
Event: 0.847 Thread 0x000001e1fd7af7e0 Implicit null exception at 0x000001e18f292e68 to 0x000001e18f2934bc
Event: 5.309 Thread 0x000001e1fd7af7e0 Exception <a 'sun/nio/fs/WindowsException'{0x00000007115dfbb0}> (0x00000007115dfbb0) 
thrown [t:\workspace\open\src\hotspot\share\prims\jni.cpp, line 516]
Event: 5.309 Thread 0x000001e1fd7af7e0 Exception <a 'sun/nio/fs/WindowsException'{0x00000007115dff40}> (0x00000007115dff40) 
thrown [t:\workspace\open\src\hotspot\share\prims\jni.cpp, line 516]

VM Operations (20 events):
Event: 5.914 Executing VM operation: ICBufferFull
Event: 5.914 Executing VM operation: ICBufferFull done
Event: 5.914 Executing VM operation: ICBufferFull
Event: 5.914 Executing VM operation: ICBufferFull done
Event: 6.379 Executing VM operation: G1CollectForAllocation
Event: 6.382 Executing VM operation: G1CollectForAllocation done
Event: 8.400 Executing VM operation: Cleanup
Event: 8.400 Executing VM operation: Cleanup done
Event: 9.413 Executing VM operation: Cleanup
Event: 9.413 Executing VM operation: Cleanup done
Event: 10.422 Executing VM operation: Cleanup
Event: 10.422 Executing VM operation: Cleanup done
Event: 11.436 Executing VM operation: Cleanup
Event: 11.436 Executing VM operation: Cleanup done
Event: 27.545 Executing VM operation: Cleanup
Event: 27.545 Executing VM operation: Cleanup done
Event: 30.575 Executing VM operation: Cleanup
Event: 30.575 Executing VM operation: Cleanup done
Event: 32.602 Executing VM operation: Cleanup
Event: 32.602 Executing VM operation: Cleanup done

Events (20 events):
Event: 1.014 loading class java/util/LinkedHashMap$LinkedKeySet
Event: 1.014 loading class java/util/LinkedHashMap$LinkedKeySet done
Event: 1.014 loading class sun/util/resources/TimeZoneNames
Event: 1.014 loading class sun/util/resources/TimeZoneNames done
Event: 1.015 loading class sun/util/resources/TimeZoneNames_en
Event: 1.015 loading class sun/util/resources/TimeZoneNames_en done
Event: 1.953 Thread 0x000001e1a93f9e20 Thread exited: 0x000001e1a93f9e20
Event: 2.015 Thread 0x000001e1a8db2160 Thread exited: 0x000001e1a8db2160
Event: 2.343 Thread 0x000001e1a1f59ff0 Thread added: 0x000001e1a1f59ff0
Event: 2.524 Thread 0x000001e1a1f59ff0 Thread exited: 0x000001e1a1f59ff0
Event: 3.946 Thread 0x000001e1a984af80 Thread added: 0x000001e1a984af80
Event: 5.237 Thread 0x000001e1a984af80 Thread exited: 0x000001e1a984af80
Event: 5.336 Thread 0x000001e1a93d8d50 Thread added: 0x000001e1a93d8d50
Event: 5.336 Thread 0x000001e1ac3d9020 Thread added: 0x000001e1ac3d9020
Event: 5.471 Thread 0x000001e1ac3d9020 Thread exited: 0x000001e1ac3d9020
Event: 6.004 loading class java/lang/SecurityException
Event: 6.004 loading class java/lang/SecurityException done
Event: 6.378 Thread 0x000001e1a93d8d50 Thread exited: 0x000001e1a93d8d50
Event: 8.093 loading class java/util/NoSuchElementException
Event: 8.093 loading class java/util/NoSuchElementException done


Dynamic libraries:
0x00007ff6a56a0000 - 0x00007ff6a56ae000 	C:\OpenJDK17\jdk-17.0.2\bin\java.exe
0x00007ffb33250000 - 0x00007ffb33464000 	C:\WINDOWS\SYSTEM32\ntdll.dll
0x00007ffb31310000 - 0x00007ffb313d4000 	C:\WINDOWS\System32\KERNEL32.DLL
0x00007ffb309d0000 - 0x00007ffb30d74000 	C:\WINDOWS\System32\KERNELBASE.dll
0x00007ffb306d0000 - 0x00007ffb307e1000 	C:\WINDOWS\System32\ucrtbase.dll
0x00007ffb21840000 - 0x00007ffb2185a000 	C:\OpenJDK17\jdk-17.0.2\bin\VCRUNTIME140.dll
0x00007ffb21820000 - 0x00007ffb21838000 	C:\OpenJDK17\jdk-17.0.2\bin\jli.dll
0x00007ffb32640000 - 0x00007ffb327ea000 	C:\WINDOWS\System32\USER32.dll
0x00007ffb21470000 - 0x00007ffb216ff000 	C:\WINDOWS\WinSxS\amd64_microsoft.windows.common-controls_6595b64144ccf1df_6.0.22621.2070_none_2713e6537381f706\COMCTL32.dll
0x00007ffb30f60000 - 0x00007ffb30f86000 	C:\WINDOWS\System32\win32u.dll
0x00007ffb31a70000 - 0x00007ffb31b17000 	C:\WINDOWS\System32\msvcrt.dll
0x00007ffb31d60000 - 0x00007ffb31d89000 	C:\WINDOWS\System32\GDI32.dll
0x00007ffb30e40000 - 0x00007ffb30f59000 	C:\WINDOWS\System32\gdi32full.dll
0x00007ffb30630000 - 0x00007ffb306ca000 	C:\WINDOWS\System32\msvcp_win.dll
0x00007ffb31d90000 - 0x00007ffb31dc1000 	C:\WINDOWS\System32\IMM32.DLL
0x00007ffb21190000 - 0x00007ffb2119c000 	C:\OpenJDK17\jdk-17.0.2\bin\vcruntime140_1.dll
0x00007ffb059d0000 - 0x00007ffb05a5d000 	C:\OpenJDK17\jdk-17.0.2\bin\msvcp140.dll
0x00007ffac6b10000 - 0x00007ffac76d1000 	C:\OpenJDK17\jdk-17.0.2\bin\server\jvm.dll
0x00007ffb33160000 - 0x00007ffb33210000 	C:\WINDOWS\System32\ADVAPI32.dll
0x00007ffb31790000 - 0x00007ffb31836000 	C:\WINDOWS\System32\sechost.dll
0x00007ffb31950000 - 0x00007ffb31a67000 	C:\WINDOWS\System32\RPCRT4.dll
0x00007ffb313e0000 - 0x00007ffb313e8000 	C:\WINDOWS\System32\PSAPI.DLL
0x00007ffb24ef0000 - 0x00007ffb24f24000 	C:\WINDOWS\SYSTEM32\WINMM.dll
0x00007ffb2b260000 - 0x00007ffb2b269000 	C:\WINDOWS\SYSTEM32\WSOCK32.dll
0x00007ffb2b1a0000 - 0x00007ffb2b1aa000 	C:\WINDOWS\SYSTEM32\VERSION.dll
0x00007ffb31710000 - 0x00007ffb31781000 	C:\WINDOWS\System32\WS2_32.dll
0x00007ffb2f720000 - 0x00007ffb2f738000 	C:\WINDOWS\SYSTEM32\kernel.appcore.dll
0x00007ffb1ff30000 - 0x00007ffb1ff3a000 	C:\OpenJDK17\jdk-17.0.2\bin\jimage.dll
0x00007ffb2a850000 - 0x00007ffb2aa7e000 	C:\WINDOWS\SYSTEM32\DBGHELP.DLL
0x00007ffb31dd0000 - 0x00007ffb3215a000 	C:\WINDOWS\System32\combase.dll
0x00007ffb31070000 - 0x00007ffb31147000 	C:\WINDOWS\System32\OLEAUT32.dll
0x00007ffb2a7a0000 - 0x00007ffb2a7d2000 	C:\WINDOWS\SYSTEM32\dbgcore.DLL
0x00007ffb30f90000 - 0x00007ffb3100a000 	C:\WINDOWS\System32\bcryptPrimitives.dll
0x00007ffb29dd0000 - 0x00007ffb29dde000 	C:\OpenJDK17\jdk-17.0.2\bin\instrument.dll
0x00007ffb1c380000 - 0x00007ffb1c3a5000 	C:\OpenJDK17\jdk-17.0.2\bin\java.dll
0x00007ffafaa10000 - 0x00007ffafaae6000 	C:\OpenJDK17\jdk-17.0.2\bin\jsvml.dll
0x00007ffb32940000 - 0x00007ffb33156000 	C:\WINDOWS\System32\SHELL32.dll
0x00007ffb2e5c0000 - 0x00007ffb2eeaa000 	C:\WINDOWS\SYSTEM32\windows.storage.dll
0x00007ffb2e480000 - 0x00007ffb2e5be000 	C:\WINDOWS\SYSTEM32\wintypes.dll
0x00007ffb31850000 - 0x00007ffb31943000 	C:\WINDOWS\System32\SHCORE.dll
0x00007ffb31010000 - 0x00007ffb3106e000 	C:\WINDOWS\System32\shlwapi.dll
0x00007ffb30560000 - 0x00007ffb30586000 	C:\WINDOWS\SYSTEM32\profapi.dll
0x00007ffb194d0000 - 0x00007ffb194e8000 	C:\OpenJDK17\jdk-17.0.2\bin\zip.dll
0x00007ffb1bfe0000 - 0x00007ffb1bff9000 	C:\OpenJDK17\jdk-17.0.2\bin\net.dll
0x00007ffb2bad0000 - 0x00007ffb2bc07000 	C:\WINDOWS\SYSTEM32\WINHTTP.dll
0x00007ffb2fb90000 - 0x00007ffb2fbf9000 	C:\WINDOWS\system32\mswsock.dll
0x00007ffb1bfc0000 - 0x00007ffb1bfd6000 	C:\OpenJDK17\jdk-17.0.2\bin\nio.dll
0x00007ffb23af0000 - 0x00007ffb23b0a000 	C:\Program Files\JetBrains\IntelliJ IDEA Community Edition 2023.1.2\bin\breakgen64.dll
0x00007ffb1fce0000 - 0x00007ffb1fd55000 	C:\Users\Pascal\AppData\Local\Temp\lwjglPascal\3.3.1-build-7\lwjgl.dll
0x00007ffb13e90000 - 0x00007ffb13ef1000 	C:\Users\Pascal\AppData\Local\Temp\lwjglPascal\3.3.1-build-7\glfw.dll
0x00007ffb1c320000 - 0x00007ffb1c366000 	C:\WINDOWS\SYSTEM32\dinput8.dll
0x00007ffb15ec0000 - 0x00007ffb15ed1000 	C:\WINDOWS\SYSTEM32\xinput1_4.dll
0x00007ffb302f0000 - 0x00007ffb3033e000 	C:\WINDOWS\SYSTEM32\cfgmgr32.dll
0x00007ffb30340000 - 0x00007ffb3036c000 	C:\WINDOWS\SYSTEM32\DEVOBJ.dll
0x00007ffb2e000000 - 0x00007ffb2e02b000 	C:\WINDOWS\SYSTEM32\dwmapi.dll
0x00007ffb1da40000 - 0x00007ffb1dc41000 	C:\WINDOWS\SYSTEM32\inputhost.dll
0x00007ffb2d830000 - 0x00007ffb2d963000 	C:\WINDOWS\SYSTEM32\CoreMessaging.dll
0x00007ffb2dbf0000 - 0x00007ffb2dc9b000 	C:\WINDOWS\system32\uxtheme.dll
0x00007ffb2fe90000 - 0x00007ffb2fe9c000 	C:\WINDOWS\SYSTEM32\CRYPTBASE.DLL
0x00007ffb31bc0000 - 0x00007ffb31ce7000 	C:\WINDOWS\System32\MSCTF.dll
0x00007ffb0c620000 - 0x00007ffb0c720000 	C:\WINDOWS\SYSTEM32\opengl32.dll
0x00007ffb2b2b0000 - 0x00007ffb2b2dd000 	C:\WINDOWS\SYSTEM32\GLU32.dll
0x00007ffb2dcd0000 - 0x00007ffb2dd08000 	C:\WINDOWS\SYSTEM32\dxcore.dll
0x00007ffb314a0000 - 0x00007ffb31550000 	C:\WINDOWS\System32\clbcatq.dll
0x00007ffa96030000 - 0x00007ffa9a2c2000 	C:\WINDOWS\System32\DriverStore\FileRepository\nv_dispi.inf_amd64_d3828c822366e497\nvoglv64.dll
0x00007ffb32160000 - 0x00007ffb325d4000 	C:\WINDOWS\System32\SETUPAPI.dll
0x00007ffb31570000 - 0x00007ffb3170c000 	C:\WINDOWS\System32\ole32.dll
0x00007ffb2ffd0000 - 0x00007ffb2fff8000 	C:\WINDOWS\SYSTEM32\bcrypt.dll
0x00007ffb2db10000 - 0x00007ffb2db24000 	C:\WINDOWS\SYSTEM32\WTSAPI32.dll
0x00007ffb302d0000 - 0x00007ffb302e2000 	C:\WINDOWS\SYSTEM32\msasn1.dll
0x00007ffb2b160000 - 0x00007ffb2b192000 	C:\WINDOWS\SYSTEM32\cryptnet.dll
0x00007ffb307f0000 - 0x00007ffb30957000 	C:\WINDOWS\System32\CRYPT32.dll
0x00007ffb2b000000 - 0x00007ffb2b158000 	C:\WINDOWS\SYSTEM32\drvstore.dll
0x00007ffb2fe10000 - 0x00007ffb2fe5b000 	C:\WINDOWS\SYSTEM32\wldp.dll
0x00007ffb30960000 - 0x00007ffb309cb000 	C:\WINDOWS\System32\WINTRUST.dll
0x00007ffb2f740000 - 0x00007ffb2f774000 	C:\WINDOWS\SYSTEM32\ntmarta.dll
0x00007ffaeebd0000 - 0x00007ffaeeea1000 	C:\WINDOWS\system32\nvspcap64.dll
0x00007ffb2f4e0000 - 0x00007ffb2f52d000 	C:\WINDOWS\SYSTEM32\powrprof.dll
0x00007ffb2f4c0000 - 0x00007ffb2f4d3000 	C:\WINDOWS\SYSTEM32\UMPDC.dll
0x00007ffb2f150000 - 0x00007ffb2f1b6000 	C:\WINDOWS\SYSTEM32\WINSTA.dll
0x00007ffb1b520000 - 0x00007ffb1b64d000 	C:\WINDOWS\SYSTEM32\textinputframework.dll
0x00007ffb1e570000 - 0x00007ffb1e8dc000 	C:\WINDOWS\SYSTEM32\CoreUIComponents.dll
0x00007ffb0c9e0000 - 0x00007ffb0ca3d000 	C:\Users\Pascal\AppData\Local\Temp\lwjglPascal\3.3.1-build-7\lwjgl_opengl.dll
0x00007ffb1bf60000 - 0x00007ffb1bf70000 	C:\OpenJDK17\jdk-17.0.2\bin\verify.dll
0x00007ffb05500000 - 0x00007ffb05581000 	C:\Users\Pascal\AppData\Local\Temp\lwjglPascal\3.3.1-build-7\lwjgl_stb.dll
0x00007ffade550000 - 0x00007ffadeaf9000 	C:\Users\Pascal\AppData\Local\Temp\lwjglPascal\3.3.1-build-7\assimp.dll

dbghelp: loaded successfully - version: 4.0.5 - missing functions: none
symbol engine: initialized successfully - sym options: 0x614 - pdb path: .;C:\OpenJDK17\jdk-17.0.2\bin;C:\WINDOWS\SYSTEM32;C:\WINDOWS\WinSxS\amd64_microsoft.windows.common-controls_6595b64144ccf1df_6.0.22621.2070_none_2713e6537381f706;C:\OpenJDK17\jdk-17.0.2\bin\server;C:\Program Files\JetBrains\IntelliJ IDEA Community Edition 2023.1.2\bin;C:\Users\Pascal\AppData\Local\Temp\lwjglPascal\3.3.1-build-7;C:\WINDOWS\System32\DriverStore\FileRepository\nv_dispi.inf_amd64_d3828c822366e497

VM Arguments:
jvm_args: -javaagent:C:\Program Files\JetBrains\IntelliJ IDEA Community Edition 2023.1.2\lib\idea_rt.jar=60100:C:\Program Files\JetBrains\IntelliJ IDEA Community Edition 2023.1.2\bin -Dfile.encoding=UTF-8 
java_command: cga.exercise.MainKt
java_class_path (initial): C:\Users\Pascal\IdeaProjects\CGASoSe2023\build\classes\kotlin\main;C:\Users\Pascal\.gradle\caches\modules-2\files-2.1\org.lwjgl\lwjgl-assimp\3.3.1\312072f451794f25670aebb0160ce6ec88aff842\lwjgl-assimp-3.3.1.jar;C:\Users\Pascal\.gradle\caches\modules-2\files-2.1\org.lwjgl\lwjgl-glfw\3.3.1\cbac1b8d30cb4795149c1ef540f912671a8616d0\lwjgl-glfw-3.3.1.jar;C:\Users\Pascal\.gradle\caches\modules-2\files-2.1\org.lwjgl\lwjgl-opengl\3.3.1\831a5533a21a5f4f81bbc51bb13e9899319b5411\lwjgl-opengl-3.3.1.jar;C:\Users\Pascal\.gradle\caches\modules-2\files-2.1\org.lwjgl\lwjgl-stb\3.3.1\b119297cf8ed01f247abe8685857f8e7fcf5980f\lwjgl-stb-3.3.1.jar;C:\Users\Pascal\.gradle\caches\modules-2\files-2.1\org.lwjgl\lwjgl\3.3.1\ae58664f88e18a9bb2c77b063833ca7aaec484cb\lwjgl-3.3.1.jar;C:\Users\Pascal\.gradle\caches\modules-2\files-2.1\org.joml\joml\1.9.24\6dfea02caa5a5dd2f0b6da2abbe0b2edca8c8cb9\joml-1.9.24.jar;C:\Users\Pascal\.gradle\caches\modules-2\files-2.1\org.jetbrains.kotlin\kotlin-stdlib-jdk8\1.8.0\ed04f49e186a116753ad70d34f0ac2925d1d8020\kotlin-stdlib-jdk8-1.8.0.jar;C:\Users\Pascal\.gradle\caches\modules-2\files-2.1\org.jetbrains.kotlin\kotlin-stdlib-jdk7\1.8.0\3c91271347f678c239607abb676d4032a7898427\kotlin-stdlib-jdk7-1.8.0.jar;C:\Users\Pascal\.gradle\caches\modules-2\files-2.1\org.jetbrains.kotlin\kotlin-stdlib\1.8.0\1796921c7a3e2e2665a83e6c8d33399336cd39bc\kotlin-stdlib-1.8.0.jar;C:\Users\Pascal\.gradle\caches\modules-2\files-2.1\org.jetbrains.kotlin\kotlin-stdlib-common\1.8.0\f7197e7cc76453ac59f8b0f8d5137cc600becd36\kotlin-stdlib-common-1.8.0.jar;C:\Users\Pascal\.gradle\caches\modules-2\files-2.1\org.jetbrains\annotations\13.0\919f0dfe192fb4e063e7dacadee7f8bb9a2672a9\annotations-13.0.jar;C:\Users\Pascal\.gradle\caches\modules-2\files-2.1\org.lwjgl\lwjgl-assimp\3.3.1\bfa2a0d57acbf952b716d0ad8a3acbd7ad9f5639\lwjgl-assimp-3.3.1-natives-windows.jar;C:\Users\Pascal\.gradle\caches\modules-2\files-2.1\org.lwjgl\lwjgl-glfw\3.3.1\ed892f945cf7e79c8756796f32d00fa4cea
Launcher Type: SUN_STANDARD

[Global flags]
     intx CICompilerCount                          = 4                                         {product} {ergonomic}
     uint ConcGCThreads                            = 3                                         {product} {ergonomic}
     uint G1ConcRefinementThreads                  = 10                                        {product} {ergonomic}
   size_t G1HeapRegionSize                         = 2097152                                   {product} {ergonomic}
    uintx GCDrainStackTargetSize                   = 64                                        {product} {ergonomic}
   size_t InitialHeapSize                          = 268435456                                 {product} {ergonomic}
   size_t MarkStackSize                            = 4194304                                   {product} {ergonomic}
   size_t MaxHeapSize                              = 4276092928                                {product} {ergonomic}
   size_t MaxNewSize                               = 2564816896                                {product} {ergonomic}
   size_t MinHeapDeltaBytes                        = 2097152                                   {product} {ergonomic}
   size_t MinHeapSize                              = 8388608                                   {product} {ergonomic}
    uintx NonNMethodCodeHeapSize                   = 5839372                                {pd product} {ergonomic}
    uintx NonProfiledCodeHeapSize                  = 122909434                              {pd product} {ergonomic}
    uintx ProfiledCodeHeapSize                     = 122909434                              {pd product} {ergonomic}
    uintx ReservedCodeCacheSize                    = 251658240                              {pd product} {ergonomic}
     bool SegmentedCodeCache                       = true                                      {product} {ergonomic}
   size_t SoftMaxHeapSize                          = 4276092928                             {manageable} {ergonomic}
     bool UseCompressedClassPointers               = true                           {product lp64_product} {ergonomic}
     bool UseCompressedOops                        = true                           {product lp64_product} {ergonomic}
     bool UseG1GC                                  = true                                      {product} {ergonomic}
     bool UseLargePagesIndividualAllocation        = false                                  {pd product} {ergonomic}

Logging:
Log output configuration:
 #0: stdout all=warning uptime,level,tags
 #1: stderr all=off uptime,level,tags

Environment Variables:
JAVA_HOME=C:\OpenJDK17\jdk-17.0.2
PATH=C:\OpenJDK17\jdk-17.0.2\bin;C:\WINDOWS\system32;C:\WINDOWS;C:\WINDOWS\System32\Wbem;C:\WINDOWS\System32\WindowsPowerShell\v1.0\;C:\WINDOWS\System32\OpenSSH\;C:\Program Files\NVIDIA Corporation\NVIDIA NvDLISR;C:\Program Files (x86)\NVIDIA Corporation\PhysX\Common;C:\Program Files (x86)\Common Files\Oracle\Java\javapath;C:\Program Files\Git\cmd;C:\Program Files\nodejs\;C:\Program Files\dotnet\;C:\Users\Pascal\AppData\Local\Microsoft\WindowsApps;C:\Users\Pascal\AppData\Roaming\npm;C:\Users\Pascal\AppData\Local\Programs\Microsoft VS Code\bin;C:\Users\Pascal\.dotnet\tools
USERNAME=Pascal
OS=Windows_NT
PROCESSOR_IDENTIFIER=AMD64 Family 23 Model 113 Stepping 0, AuthenticAMD



---------------  S Y S T E M  ---------------

OS:
 Windows 11 , 64 bit Build 22621 (10.0.22621.2070)
OS uptime: 12 days 18:06 hours
Hyper-V role detected

CPU: total 12 (initial active 12) (12 cores per cpu, 2 threads per core) family 23 model 113 stepping 0 microcode 0x0, cx8, cmov, fxsr, ht, mmx, 3dnowpref, sse, sse2, sse3, ssse3, sse4a, sse4.1, sse4.2, popcnt, lzcnt, tsc, tscinvbit, avx, avx2, aes, clmul, bmi1, bmi2, adx, sha, fma, vzeroupper, clflush, clflushopt, hv

Memory: 4k page, system-wide physical 16309M (2907M free)
TotalPageFile size 23613M (AvailPageFile size 3354M)
current process WorkingSet (physical memory assigned to process): 643M, peak: 793M
current process commit charge ("private bytes"): 1587M, peak: 1603M

vm_info: OpenJDK 64-Bit Server VM (17.0.2+8-86) for windows-amd64 JRE (17.0.2+8-86), built on Dec  7 2021 21:49:10 by "mach5one" with MS VC++ 16.8 / 16.9 (VS2019)

END.
