#
# A fatal error has been detected by the Java Runtime Environment:
#
#  EXCEPTION_ACCESS_VIOLATION (0xc0000005) at pc=0x00007ffb09a46e81, pid=22476, tid=8976
#
# JRE version: OpenJDK Runtime Environment (17.0.2+8) (build 17.0.2+8-86)
# Java VM: OpenJDK 64-Bit Server VM (17.0.2+8-86, mixed mode, sharing, tiered, compressed oops, compressed class ptrs, g1 gc, windows-amd64)
# Problematic frame:
# C  [glfw.dll+0x6e81]
#
# No core dump will be written. Minidumps are not enabled by default on client versions of Windows
#
# If you would like to submit a bug report, please visit:
#   https://bugreport.java.com/bugreport/crash.jsp
# The crash happened outside the Java Virtual Machine in native code.
# See problematic frame for where to report the bug.
#

---------------  S U M M A R Y ------------

Command Line: -javaagent:C:\Program Files\JetBrains\IntelliJ IDEA Community Edition 2023.1.2\lib\idea_rt.jar=60530:C:\Program Files\JetBrains\IntelliJ IDEA Community Edition 2023.1.2\bin -Dfile.encoding=UTF-8 cga.exercise.MainKt

Host: AMD Ryzen 5 3600 6-Core Processor              , 12 cores, 15G,  Windows 11 , 64 bit Build 22621 (10.0.22621.2070)
Time: Thu Aug 24 18:31:54 2023 Mitteleuropäische Sommerzeit elapsed time: 41.638682 seconds (0d 0h 0m 41s)

---------------  T H R E A D  ---------------

Current thread (0x000002e44aa6f270):  JavaThread "main" [_thread_in_native, id=8976, stack(0x000000e5e5500000,0x000000e5e5600000)]

Stack: [0x000000e5e5500000,0x000000e5e5600000],  sp=0x000000e5e55fed40,  free space=1019k
Native frames: (J=compiled Java code, j=interpreted, Vv=VM code, C=native code)
C  [glfw.dll+0x6e81]

Java frames: (J=compiled Java code, j=interpreted, Vv=VM code)
J 1942  org.lwjgl.system.JNI.invokePV(JJ)V (0 bytes) @ 0x000002e459ef346c [0x000002e459ef3420+0x000000000000004c]
j  org.lwjgl.glfw.GLFW.glfwDestroyWindow(J)V+6
J 1985 c1 cga.exercise.game.Scene.checkCollisionMenu()V (211 bytes) @ 0x000002e452be7c54 [0x000002e452be7900+0x0000000000000354]
J 1952 c1 cga.exercise.game.Scene.update(FF)V (453 bytes) @ 0x000002e452bd769c [0x000002e452bd75a0+0x00000000000000fc]
J 1951 c1 cga.exercise.game.Game.update(FF)V (10 bytes) @ 0x000002e452bd6ebc [0x000002e452bd6e40+0x000000000000007c]
j  cga.framework.GameWindow.run()V+107
j  cga.exercise.MainKt.main()V+23
j  cga.exercise.MainKt.main([Ljava/lang/String;)V+0
v  ~StubRoutines::call_stub

siginfo: EXCEPTION_ACCESS_VIOLATION (0xc0000005), writing address 0x00000000000002d1


Register to memory mapping:

RIP=0x00007ffb09a46e81 glfw.dll
RAX=0x0 is NULL
RBX=0x0000000000000001 is an unknown value
RCX=0x0000000000000001 is an unknown value
RDX=0x000000e5e55fedc0 is pointing into the stack for thread: 0x000002e44aa6f270
RSP=0x000000e5e55fed40 is pointing into the stack for thread: 0x000002e44aa6f270
RBP=0x000000e5e55fedd0 is pointing into the stack for thread: 0x000002e44aa6f270
RSI=0x000002e40a88c948 is pointing into metadata
RDI=0x0000000000000001 is an unknown value
R8 =0x0000000000000001 is an unknown value
R9 =0x00007ffb09a46e50 glfw.dll
R10=0x00007ffb05c31380 lwjgl.dll
R11=0x000002e459ef3440 is at entry_point+32 in (nmethod*)0x000002e459ef3290
R12=0x0 is NULL
R13=0x000000e5e55fedf0 is pointing into the stack for thread: 0x000002e44aa6f270
R14=0x000000e5e55fedc0 is pointing into the stack for thread: 0x000002e44aa6f270
R15=0x000002e44aa6f270 is a thread


Registers:
RAX=0x0000000000000000, RBX=0x0000000000000001, RCX=0x0000000000000001, RDX=0x000000e5e55fedc0
RSP=0x000000e5e55fed40, RBP=0x000000e5e55fedd0, RSI=0x000002e40a88c948, RDI=0x0000000000000001
R8 =0x0000000000000001, R9 =0x00007ffb09a46e50, R10=0x00007ffb05c31380, R11=0x000002e459ef3440
R12=0x0000000000000000, R13=0x000000e5e55fedf0, R14=0x000000e5e55fedc0, R15=0x000002e44aa6f270
RIP=0x00007ffb09a46e81, EFLAGS=0x0000000000010246

Top of Stack: (sp=0x000000e5e55fed40)
0x000000e5e55fed40:   00000000000e04ea 0000000001680280
0x000000e5e55fed50:   000000e5e55ff050 00007ffb326584b6
0x000000e5e55fed60:   000002e46e49ef38 000002e459ef350c
0x000000e5e55fed70:   0000000080000022 0000000000000001
0x000000e5e55fed80:   0000000000000000 0000000000000000
0x000000e5e55fed90:   0000000000000000 0000000000000000
0x000000e5e55feda0:   0000000080000000 0000000000000000
0x000000e5e55fedb0:   0000000100000000 000000e580000022
0x000000e5e55fedc0:   00000007012ed4f0 0000000000000001
0x000000e5e55fedd0:   000000e5e55fee58 000002e4522b94fe
0x000000e5e55fede0:   000000e5e55ff098 000002e4522b94fe
0x000000e5e55fedf0:   00007ffb09a46e50 0000000000000000
0x000000e5e55fee00:   0000000000000001 0000000000000000
0x000000e5e55fee10:   000000e5e55fee10 000002e46e4171a6
0x000000e5e55fee20:   000000e5e55fee80 000002e46e4286f0
0x000000e5e55fee30:   000002e40a8915a8 00000007012d4038 

Instructions: (pc=0x00007ffb09a46e81)
0x00007ffb09a46d81:   d2 0f 11 05 47 02 05 00 41 b8 48 03 00 00 48 89
0x00007ffb09a46d91:   05 4a 02 05 00 66 0f 6f 05 02 e8 03 00 f3 0f 7f
0x00007ffb09a46da1:   05 0a 02 05 00 e8 c5 e4 00 00 66 0f 6f 05 fd e7
0x00007ffb09a46db1:   03 00 33 c0 f3 0f 7f 05 bb fe 04 00 c7 05 c1 fe
0x00007ffb09a46dc1:   04 00 01 00 00 00 0f 57 c0 c7 05 c0 fe 04 00 01
0x00007ffb09a46dd1:   00 00 00 0f 11 05 55 fe 04 00 c7 05 b3 fe 04 00
0x00007ffb09a46de1:   01 00 00 00 0f 11 05 64 fe 04 00 48 89 05 6d fe
0x00007ffb09a46df1:   04 00 0f 11 05 46 fe 04 00 c7 05 2c fe 04 00 18
0x00007ffb09a46e01:   00 00 00 66 0f 6f 05 b4 e7 03 00 f3 0f 7f 05 0c
0x00007ffb09a46e11:   fe 04 00 c7 05 16 fe 04 00 08 00 00 00 c7 05 30
0x00007ffb09a46e21:   fe 04 00 01 00 00 00 c7 05 b6 01 05 00 ff ff ff
0x00007ffb09a46e31:   ff c7 05 68 fe 04 00 01 00 00 00 48 83 c4 28 c3
0x00007ffb09a46e41:   cc cc cc cc cc cc cc cc cc cc cc cc cc cc cc 40
0x00007ffb09a46e51:   53 48 83 ec 20 83 3d 33 fb 04 00 00 48 8b d9 75
0x00007ffb09a46e61:   11 33 d2 b9 01 00 01 00 48 83 c4 20 5b e9 bd af
0x00007ffb09a46e71:   ff ff 48 85 db 0f 84 a5 00 00 00 0f 57 c0 33 c0
0x00007ffb09a46e81:   0f 11 81 d0 02 00 00 0f 11 81 e0 02 00 00 0f 11
0x00007ffb09a46e91:   81 f0 02 00 00 0f 11 81 00 03 00 00 0f 11 81 10
0x00007ffb09a46ea1:   03 00 00 0f 11 81 20 03 00 00 0f 11 81 30 03 00
0x00007ffb09a46eb1:   00 0f 11 81 40 03 00 00 48 89 81 50 03 00 00 48
0x00007ffb09a46ec1:   8d 0d 65 13 05 00 e8 74 42 00 00 48 3b d8 75 07
0x00007ffb09a46ed1:   33 c9 e8 a8 ad ff ff 48 8b cb ff 15 c7 fb 04 00
0x00007ffb09a46ee1:   48 8b 0d 18 01 05 00 48 8d 15 11 01 05 00 48 3b
0x00007ffb09a46ef1:   cb 74 1a 0f 1f 40 00 0f 1f 84 00 00 00 00 00 48
0x00007ffb09a46f01:   8b 01 48 8b d1 48 8b c8 48 3b c3 75 f2 48 8b 03
0x00007ffb09a46f11:   48 8b cb 48 89 02 48 83 c4 20 5b e9 7f b4 ff ff
0x00007ffb09a46f21:   48 83 c4 20 5b c3 cc cc cc cc cc cc cc cc cc 83
0x00007ffb09a46f31:   3d 59 fa 04 00 00 75 0c 33 d2 b9 01 00 01 00 e9
0x00007ffb09a46f41:   eb ae ff ff 48 ff 25 ec fb 04 00 cc cc cc cc 33
0x00007ffb09a46f51:   c0 48 85 d2 74 02 89 02 4d 85 c0 74 03 41 89 00
0x00007ffb09a46f61:   39 05 29 fa 04 00 75 0c 33 d2 b9 01 00 01 00 e9
0x00007ffb09a46f71:   bb ae ff ff 48 ff 25 74 fb 04 00 cc cc cc cc 48 


Stack slot to memory mapping:
stack at sp + 0 slots: 0x00000000000e04ea is an unknown value
stack at sp + 1 slots: 0x0000000001680280 is an unknown value
stack at sp + 2 slots: 0x000000e5e55ff050 is pointing into the stack for thread: 0x000002e44aa6f270
stack at sp + 3 slots: 0x00007ffb326584b6 USER32.dll
stack at sp + 4 slots: {method} {0x000002e46e49ef40} 'invokePV' '(JJ)V' in 'org/lwjgl/system/JNI'
stack at sp + 5 slots: 0x000002e459ef350c is at entry_point+236 in (nmethod*)0x000002e459ef3290
stack at sp + 6 slots: 0x0000000080000022 is an unknown value
stack at sp + 7 slots: 0x0000000000000001 is an unknown value


---------------  P R O C E S S  ---------------

Threads class SMR info:
_java_thread_list=0x000002e46eb682d0, length=13, elements={
0x000002e44aa6f270, 0x000002e46dbdf910, 0x000002e46dbe24d0, 0x000002e46dbf46c0,
0x000002e46dbf5270, 0x000002e46dbf7c30, 0x000002e46dbf95f0, 0x000002e46dbfa2d0,
0x000002e46dbfacc0, 0x000002e46dbfc0d0, 0x000002e46dbcc220, 0x000002e46e999720,
0x000002e46e999bf0
}

Java Threads: ( => current thread )
=>0x000002e44aa6f270 JavaThread "main" [_thread_in_native, id=8976, stack(0x000000e5e5500000,0x000000e5e5600000)]
  0x000002e46dbdf910 JavaThread "Reference Handler" daemon [_thread_blocked, id=21656, stack(0x000000e5e5c00000,0x000000e5e5d00000)]
  0x000002e46dbe24d0 JavaThread "Finalizer" daemon [_thread_blocked, id=19644, stack(0x000000e5e5d00000,0x000000e5e5e00000)]
  0x000002e46dbf46c0 JavaThread "Signal Dispatcher" daemon [_thread_blocked, id=6516, stack(0x000000e5e5e00000,0x000000e5e5f00000)]
  0x000002e46dbf5270 JavaThread "Attach Listener" daemon [_thread_blocked, id=9904, stack(0x000000e5e5f00000,0x000000e5e6000000)]
  0x000002e46dbf7c30 JavaThread "Service Thread" daemon [_thread_blocked, id=8632, stack(0x000000e5e6000000,0x000000e5e6100000)]
  0x000002e46dbf95f0 JavaThread "Monitor Deflation Thread" daemon [_thread_blocked, id=22064, stack(0x000000e5e6100000,0x000000e5e6200000)]
  0x000002e46dbfa2d0 JavaThread "C2 CompilerThread0" daemon [_thread_blocked, id=20592, stack(0x000000e5e6200000,0x000000e5e6300000)]
  0x000002e46dbfacc0 JavaThread "C1 CompilerThread0" daemon [_thread_blocked, id=17728, stack(0x000000e5e6300000,0x000000e5e6400000)]
  0x000002e46dbfc0d0 JavaThread "Sweeper thread" daemon [_thread_blocked, id=22220, stack(0x000000e5e6400000,0x000000e5e6500000)]
  0x000002e46dbcc220 JavaThread "Common-Cleaner" daemon [_thread_blocked, id=21896, stack(0x000000e5e6500000,0x000000e5e6600000)]
  0x000002e46e999720 JavaThread "Monitor Ctrl-Break" daemon [_thread_in_native, id=10180, stack(0x000000e5e6600000,0x000000e5e6700000)]
  0x000002e46e999bf0 JavaThread "Notification Thread" daemon [_thread_blocked, id=15960, stack(0x000000e5e6700000,0x000000e5e6800000)]

Other Threads:
  0x000002e46dbdbe80 VMThread "VM Thread" [stack: 0x000000e5e5b00000,0x000000e5e5c00000] [id=6248]
  0x000002e44aae2740 WatcherThread [stack: 0x000000e5e6800000,0x000000e5e6900000] [id=1708]
  0x000002e44aabe330 GCTaskThread "GC Thread#0" [stack: 0x000000e5e5600000,0x000000e5e5700000] [id=14912]
  0x000002e475f81030 GCTaskThread "GC Thread#1" [stack: 0x000000e5e7100000,0x000000e5e7200000] [id=4832]
  0x000002e4760f56b0 GCTaskThread "GC Thread#2" [stack: 0x000000e5e7200000,0x000000e5e7300000] [id=18848]
  0x000002e4763c0610 GCTaskThread "GC Thread#3" [stack: 0x000000e5e7300000,0x000000e5e7400000] [id=20564]
  0x000002e4763c08c0 GCTaskThread "GC Thread#4" [stack: 0x000000e5e7400000,0x000000e5e7500000] [id=16608]
  0x000002e4763c0b70 GCTaskThread "GC Thread#5" [stack: 0x000000e5e7500000,0x000000e5e7600000] [id=4068]
  0x000002e4760b24a0 GCTaskThread "GC Thread#6" [stack: 0x000000e5e7600000,0x000000e5e7700000] [id=14620]
  0x000002e4760b2750 GCTaskThread "GC Thread#7" [stack: 0x000000e5e7700000,0x000000e5e7800000] [id=9340]
  0x000002e4765dd220 GCTaskThread "GC Thread#8" [stack: 0x000000e5e7800000,0x000000e5e7900000] [id=13140]
  0x000002e476392810 GCTaskThread "GC Thread#9" [stack: 0x000000e5e6f00000,0x000000e5e7000000] [id=14772]
  0x000002e44aacf2a0 ConcurrentGCThread "G1 Main Marker" [stack: 0x000000e5e5700000,0x000000e5e5800000] [id=15808]
  0x000002e44aad0b60 ConcurrentGCThread "G1 Conc#0" [stack: 0x000000e5e5800000,0x000000e5e5900000] [id=9636]
  0x000002e44ab359c0 ConcurrentGCThread "G1 Refine#0" [stack: 0x000000e5e5900000,0x000000e5e5a00000] [id=16892]
  0x000002e44ab36280 ConcurrentGCThread "G1 Service" [stack: 0x000000e5e5a00000,0x000000e5e5b00000] [id=21916]

Threads with active compile tasks:

VM state: not at safepoint (normal execution)

VM Mutex/Monitor currently owned by a thread: None

Heap address: 0x0000000701200000, size: 4078 MB, Compressed Oops mode: Zero based, Oop shift amount: 3

CDS archive(s) mapped at: [0x0000000800000000-0x0000000800bc0000-0x0000000800bc0000), size 12320768, SharedBaseAddress: 0x0000000800000000, ArchiveRelocationMode: 0.
Compressed class space mapped at: 0x0000000800c00000-0x0000000840c00000, reserved size: 1073741824
Narrow klass base: 0x0000000800000000, Narrow klass shift: 0, Narrow klass range: 0x100000000

GC Precious Log:
 CPUs: 12 total, 12 available
 Memory: 16309M
 Large Page Support: Disabled
 NUMA Support: Disabled
 Compressed Oops: Enabled (Zero based)
 Heap Region Size: 2M
 Heap Min Capacity: 8M
 Heap Initial Capacity: 256M
 Heap Max Capacity: 4078M
 Pre-touch: Disabled
 Parallel Workers: 10
 Concurrent Workers: 3
 Concurrent Refinement Workers: 10
 Periodic GC: Disabled

Heap:
 garbage-first heap   total 546816K, used 145906K [0x0000000701200000, 0x0000000800000000)
  region size 2048K, 71 young (145408K), 8 survivors (16384K)
 Metaspace       used 7172K, committed 7360K, reserved 1064960K
  class space    used 355K, committed 448K, reserved 1048576K

Heap Regions: E=young(eden), S=young(survivor), O=old, HS=humongous(starts), HC=humongous(continues), CS=collection set, F=free, OA=open archive, CA=closed archive, TAMS=top-at-mark-start (previous, next)
|   0|0x0000000701200000, 0x0000000701400000, 0x0000000701400000|100%| O|  |TAMS 0x0000000701200000, 0x0000000701200000| Untracked 
|   1|0x0000000701400000, 0x0000000701600000, 0x0000000701600000|100%| O|  |TAMS 0x0000000701400000, 0x0000000701400000| Untracked 
|   2|0x0000000701600000, 0x0000000701600000, 0x0000000701800000|  0%| F|  |TAMS 0x0000000701600000, 0x0000000701600000| Untracked 
|   3|0x0000000701800000, 0x0000000701800000, 0x0000000701a00000|  0%| F|  |TAMS 0x0000000701800000, 0x0000000701800000| Untracked 
|   4|0x0000000701a00000, 0x0000000701aba000, 0x0000000701c00000| 36%| O|  |TAMS 0x0000000701a00000, 0x0000000701a00000| Untracked 
|   5|0x0000000701c00000, 0x0000000701c00000, 0x0000000701e00000|  0%| F|  |TAMS 0x0000000701c00000, 0x0000000701c00000| Untracked 
|   6|0x0000000701e00000, 0x0000000701e00000, 0x0000000702000000|  0%| F|  |TAMS 0x0000000701e00000, 0x0000000701e00000| Untracked 
|   7|0x0000000702000000, 0x0000000702000000, 0x0000000702200000|  0%| F|  |TAMS 0x0000000702000000, 0x0000000702000000| Untracked 
|   8|0x0000000702200000, 0x0000000702200000, 0x0000000702400000|  0%| F|  |TAMS 0x0000000702200000, 0x0000000702200000| Untracked 
|   9|0x0000000702400000, 0x0000000702400000, 0x0000000702600000|  0%| F|  |TAMS 0x0000000702400000, 0x0000000702400000| Untracked 
|  10|0x0000000702600000, 0x0000000702600000, 0x0000000702800000|  0%| F|  |TAMS 0x0000000702600000, 0x0000000702600000| Untracked 
|  11|0x0000000702800000, 0x0000000702800000, 0x0000000702a00000|  0%| F|  |TAMS 0x0000000702800000, 0x0000000702800000| Untracked 
|  12|0x0000000702a00000, 0x0000000702a00000, 0x0000000702c00000|  0%| F|  |TAMS 0x0000000702a00000, 0x0000000702a00000| Untracked 
|  13|0x0000000702c00000, 0x0000000702c00000, 0x0000000702e00000|  0%| F|  |TAMS 0x0000000702c00000, 0x0000000702c00000| Untracked 
|  14|0x0000000702e00000, 0x0000000702e00000, 0x0000000703000000|  0%| F|  |TAMS 0x0000000702e00000, 0x0000000702e00000| Untracked 
|  15|0x0000000703000000, 0x0000000703000000, 0x0000000703200000|  0%| F|  |TAMS 0x0000000703000000, 0x0000000703000000| Untracked 
|  16|0x0000000703200000, 0x0000000703200000, 0x0000000703400000|  0%| F|  |TAMS 0x0000000703200000, 0x0000000703200000| Untracked 
|  17|0x0000000703400000, 0x0000000703400000, 0x0000000703600000|  0%| F|  |TAMS 0x0000000703400000, 0x0000000703400000| Untracked 
|  18|0x0000000703600000, 0x0000000703600000, 0x0000000703800000|  0%| F|  |TAMS 0x0000000703600000, 0x0000000703600000| Untracked 
|  19|0x0000000703800000, 0x0000000703800000, 0x0000000703a00000|  0%| F|  |TAMS 0x0000000703800000, 0x0000000703800000| Untracked 
|  20|0x0000000703a00000, 0x0000000703a00000, 0x0000000703c00000|  0%| F|  |TAMS 0x0000000703a00000, 0x0000000703a00000| Untracked 
|  21|0x0000000703c00000, 0x0000000703c00000, 0x0000000703e00000|  0%| F|  |TAMS 0x0000000703c00000, 0x0000000703c00000| Untracked 
|  22|0x0000000703e00000, 0x0000000703e00000, 0x0000000704000000|  0%| F|  |TAMS 0x0000000703e00000, 0x0000000703e00000| Untracked 
|  23|0x0000000704000000, 0x0000000704000000, 0x0000000704200000|  0%| F|  |TAMS 0x0000000704000000, 0x0000000704000000| Untracked 
|  24|0x0000000704200000, 0x0000000704200000, 0x0000000704400000|  0%| F|  |TAMS 0x0000000704200000, 0x0000000704200000| Untracked 
|  25|0x0000000704400000, 0x0000000704400000, 0x0000000704600000|  0%| F|  |TAMS 0x0000000704400000, 0x0000000704400000| Untracked 
|  26|0x0000000704600000, 0x0000000704600000, 0x0000000704800000|  0%| F|  |TAMS 0x0000000704600000, 0x0000000704600000| Untracked 
|  27|0x0000000704800000, 0x0000000704800000, 0x0000000704a00000|  0%| F|  |TAMS 0x0000000704800000, 0x0000000704800000| Untracked 
|  28|0x0000000704a00000, 0x0000000704a00000, 0x0000000704c00000|  0%| F|  |TAMS 0x0000000704a00000, 0x0000000704a00000| Untracked 
|  29|0x0000000704c00000, 0x0000000704c00000, 0x0000000704e00000|  0%| F|  |TAMS 0x0000000704c00000, 0x0000000704c00000| Untracked 
|  30|0x0000000704e00000, 0x0000000704e00000, 0x0000000705000000|  0%| F|  |TAMS 0x0000000704e00000, 0x0000000704e00000| Untracked 
|  31|0x0000000705000000, 0x0000000705000000, 0x0000000705200000|  0%| F|  |TAMS 0x0000000705000000, 0x0000000705000000| Untracked 
|  32|0x0000000705200000, 0x0000000705200000, 0x0000000705400000|  0%| F|  |TAMS 0x0000000705200000, 0x0000000705200000| Untracked 
|  33|0x0000000705400000, 0x0000000705400000, 0x0000000705600000|  0%| F|  |TAMS 0x0000000705400000, 0x0000000705400000| Untracked 
|  34|0x0000000705600000, 0x0000000705600000, 0x0000000705800000|  0%| F|  |TAMS 0x0000000705600000, 0x0000000705600000| Untracked 
|  35|0x0000000705800000, 0x0000000705800000, 0x0000000705a00000|  0%| F|  |TAMS 0x0000000705800000, 0x0000000705800000| Untracked 
|  36|0x0000000705a00000, 0x0000000705a00000, 0x0000000705c00000|  0%| F|  |TAMS 0x0000000705a00000, 0x0000000705a00000| Untracked 
|  37|0x0000000705c00000, 0x0000000705c00000, 0x0000000705e00000|  0%| F|  |TAMS 0x0000000705c00000, 0x0000000705c00000| Untracked 
|  38|0x0000000705e00000, 0x0000000705e00000, 0x0000000706000000|  0%| F|  |TAMS 0x0000000705e00000, 0x0000000705e00000| Untracked 
|  39|0x0000000706000000, 0x0000000706000000, 0x0000000706200000|  0%| F|  |TAMS 0x0000000706000000, 0x0000000706000000| Untracked 
|  40|0x0000000706200000, 0x0000000706200000, 0x0000000706400000|  0%| F|  |TAMS 0x0000000706200000, 0x0000000706200000| Untracked 
|  41|0x0000000706400000, 0x0000000706400000, 0x0000000706600000|  0%| F|  |TAMS 0x0000000706400000, 0x0000000706400000| Untracked 
|  42|0x0000000706600000, 0x0000000706600000, 0x0000000706800000|  0%| F|  |TAMS 0x0000000706600000, 0x0000000706600000| Untracked 
|  43|0x0000000706800000, 0x0000000706800000, 0x0000000706a00000|  0%| F|  |TAMS 0x0000000706800000, 0x0000000706800000| Untracked 
|  44|0x0000000706a00000, 0x0000000706a00000, 0x0000000706c00000|  0%| F|  |TAMS 0x0000000706a00000, 0x0000000706a00000| Untracked 
|  45|0x0000000706c00000, 0x0000000706c00000, 0x0000000706e00000|  0%| F|  |TAMS 0x0000000706c00000, 0x0000000706c00000| Untracked 
|  46|0x0000000706e00000, 0x0000000706e00000, 0x0000000707000000|  0%| F|  |TAMS 0x0000000706e00000, 0x0000000706e00000| Untracked 
|  47|0x0000000707000000, 0x0000000707000000, 0x0000000707200000|  0%| F|  |TAMS 0x0000000707000000, 0x0000000707000000| Untracked 
|  48|0x0000000707200000, 0x0000000707200000, 0x0000000707400000|  0%| F|  |TAMS 0x0000000707200000, 0x0000000707200000| Untracked 
|  49|0x0000000707400000, 0x0000000707400000, 0x0000000707600000|  0%| F|  |TAMS 0x0000000707400000, 0x0000000707400000| Untracked 
|  50|0x0000000707600000, 0x0000000707600000, 0x0000000707800000|  0%| F|  |TAMS 0x0000000707600000, 0x0000000707600000| Untracked 
|  51|0x0000000707800000, 0x0000000707800000, 0x0000000707a00000|  0%| F|  |TAMS 0x0000000707800000, 0x0000000707800000| Untracked 
|  52|0x0000000707a00000, 0x0000000707a00000, 0x0000000707c00000|  0%| F|  |TAMS 0x0000000707a00000, 0x0000000707a00000| Untracked 
|  53|0x0000000707c00000, 0x0000000707c00000, 0x0000000707e00000|  0%| F|  |TAMS 0x0000000707c00000, 0x0000000707c00000| Untracked 
|  54|0x0000000707e00000, 0x0000000707e00000, 0x0000000708000000|  0%| F|  |TAMS 0x0000000707e00000, 0x0000000707e00000| Untracked 
|  55|0x0000000708000000, 0x0000000708000000, 0x0000000708200000|  0%| F|  |TAMS 0x0000000708000000, 0x0000000708000000| Untracked 
|  56|0x0000000708200000, 0x0000000708200000, 0x0000000708400000|  0%| F|  |TAMS 0x0000000708200000, 0x0000000708200000| Untracked 
|  57|0x0000000708400000, 0x0000000708400000, 0x0000000708600000|  0%| F|  |TAMS 0x0000000708400000, 0x0000000708400000| Untracked 
|  58|0x0000000708600000, 0x0000000708600000, 0x0000000708800000|  0%| F|  |TAMS 0x0000000708600000, 0x0000000708600000| Untracked 
|  59|0x0000000708800000, 0x0000000708800000, 0x0000000708a00000|  0%| F|  |TAMS 0x0000000708800000, 0x0000000708800000| Untracked 
|  60|0x0000000708a00000, 0x0000000708a00000, 0x0000000708c00000|  0%| F|  |TAMS 0x0000000708a00000, 0x0000000708a00000| Untracked 
|  61|0x0000000708c00000, 0x0000000708c00000, 0x0000000708e00000|  0%| F|  |TAMS 0x0000000708c00000, 0x0000000708c00000| Untracked 
|  62|0x0000000708e00000, 0x0000000708e00000, 0x0000000709000000|  0%| F|  |TAMS 0x0000000708e00000, 0x0000000708e00000| Untracked 
|  63|0x0000000709000000, 0x0000000709000000, 0x0000000709200000|  0%| F|  |TAMS 0x0000000709000000, 0x0000000709000000| Untracked 
|  64|0x0000000709200000, 0x0000000709200000, 0x0000000709400000|  0%| F|  |TAMS 0x0000000709200000, 0x0000000709200000| Untracked 
|  65|0x0000000709400000, 0x0000000709400000, 0x0000000709600000|  0%| F|  |TAMS 0x0000000709400000, 0x0000000709400000| Untracked 
|  66|0x0000000709600000, 0x0000000709600000, 0x0000000709800000|  0%| F|  |TAMS 0x0000000709600000, 0x0000000709600000| Untracked 
|  67|0x0000000709800000, 0x0000000709800000, 0x0000000709a00000|  0%| F|  |TAMS 0x0000000709800000, 0x0000000709800000| Untracked 
|  68|0x0000000709a00000, 0x0000000709a00000, 0x0000000709c00000|  0%| F|  |TAMS 0x0000000709a00000, 0x0000000709a00000| Untracked 
|  69|0x0000000709c00000, 0x0000000709c00000, 0x0000000709e00000|  0%| F|  |TAMS 0x0000000709c00000, 0x0000000709c00000| Untracked 
|  70|0x0000000709e00000, 0x0000000709e00000, 0x000000070a000000|  0%| F|  |TAMS 0x0000000709e00000, 0x0000000709e00000| Untracked 
|  71|0x000000070a000000, 0x000000070a000000, 0x000000070a200000|  0%| F|  |TAMS 0x000000070a000000, 0x000000070a000000| Untracked 
|  72|0x000000070a200000, 0x000000070a200000, 0x000000070a400000|  0%| F|  |TAMS 0x000000070a200000, 0x000000070a200000| Untracked 
|  73|0x000000070a400000, 0x000000070a400000, 0x000000070a600000|  0%| F|  |TAMS 0x000000070a400000, 0x000000070a400000| Untracked 
|  74|0x000000070a600000, 0x000000070a600000, 0x000000070a800000|  0%| F|  |TAMS 0x000000070a600000, 0x000000070a600000| Untracked 
|  75|0x000000070a800000, 0x000000070a800000, 0x000000070aa00000|  0%| F|  |TAMS 0x000000070a800000, 0x000000070a800000| Untracked 
|  76|0x000000070aa00000, 0x000000070aa00000, 0x000000070ac00000|  0%| F|  |TAMS 0x000000070aa00000, 0x000000070aa00000| Untracked 
|  77|0x000000070ac00000, 0x000000070ac00000, 0x000000070ae00000|  0%| F|  |TAMS 0x000000070ac00000, 0x000000070ac00000| Untracked 
|  78|0x000000070ae00000, 0x000000070ae00000, 0x000000070b000000|  0%| F|  |TAMS 0x000000070ae00000, 0x000000070ae00000| Untracked 
|  79|0x000000070b000000, 0x000000070b000000, 0x000000070b200000|  0%| F|  |TAMS 0x000000070b000000, 0x000000070b000000| Untracked 
|  80|0x000000070b200000, 0x000000070b200000, 0x000000070b400000|  0%| F|  |TAMS 0x000000070b200000, 0x000000070b200000| Untracked 
|  81|0x000000070b400000, 0x000000070b400000, 0x000000070b600000|  0%| F|  |TAMS 0x000000070b400000, 0x000000070b400000| Untracked 
|  82|0x000000070b600000, 0x000000070b600000, 0x000000070b800000|  0%| F|  |TAMS 0x000000070b600000, 0x000000070b600000| Untracked 
|  83|0x000000070b800000, 0x000000070b800000, 0x000000070ba00000|  0%| F|  |TAMS 0x000000070b800000, 0x000000070b800000| Untracked 
|  84|0x000000070ba00000, 0x000000070ba00000, 0x000000070bc00000|  0%| F|  |TAMS 0x000000070ba00000, 0x000000070ba00000| Untracked 
|  85|0x000000070bc00000, 0x000000070bc00000, 0x000000070be00000|  0%| F|  |TAMS 0x000000070bc00000, 0x000000070bc00000| Untracked 
|  86|0x000000070be00000, 0x000000070be00000, 0x000000070c000000|  0%| F|  |TAMS 0x000000070be00000, 0x000000070be00000| Untracked 
|  87|0x000000070c000000, 0x000000070c000000, 0x000000070c200000|  0%| F|  |TAMS 0x000000070c000000, 0x000000070c000000| Untracked 
|  88|0x000000070c200000, 0x000000070c200000, 0x000000070c400000|  0%| F|  |TAMS 0x000000070c200000, 0x000000070c200000| Untracked 
|  89|0x000000070c400000, 0x000000070c400000, 0x000000070c600000|  0%| F|  |TAMS 0x000000070c400000, 0x000000070c400000| Untracked 
|  90|0x000000070c600000, 0x000000070c600000, 0x000000070c800000|  0%| F|  |TAMS 0x000000070c600000, 0x000000070c600000| Untracked 
|  91|0x000000070c800000, 0x000000070c800000, 0x000000070ca00000|  0%| F|  |TAMS 0x000000070c800000, 0x000000070c800000| Untracked 
|  92|0x000000070ca00000, 0x000000070ca00000, 0x000000070cc00000|  0%| F|  |TAMS 0x000000070ca00000, 0x000000070ca00000| Untracked 
|  93|0x000000070cc00000, 0x000000070cc00000, 0x000000070ce00000|  0%| F|  |TAMS 0x000000070cc00000, 0x000000070cc00000| Untracked 
|  94|0x000000070ce00000, 0x000000070ce00000, 0x000000070d000000|  0%| F|  |TAMS 0x000000070ce00000, 0x000000070ce00000| Untracked 
|  95|0x000000070d000000, 0x000000070d000000, 0x000000070d200000|  0%| F|  |TAMS 0x000000070d000000, 0x000000070d000000| Untracked 
|  96|0x000000070d200000, 0x000000070d200000, 0x000000070d400000|  0%| F|  |TAMS 0x000000070d200000, 0x000000070d200000| Untracked 
|  97|0x000000070d400000, 0x000000070d400000, 0x000000070d600000|  0%| F|  |TAMS 0x000000070d400000, 0x000000070d400000| Untracked 
|  98|0x000000070d600000, 0x000000070d600000, 0x000000070d800000|  0%| F|  |TAMS 0x000000070d600000, 0x000000070d600000| Untracked 
|  99|0x000000070d800000, 0x000000070d9c2b40, 0x000000070da00000| 88%| S|CS|TAMS 0x000000070d800000, 0x000000070d800000| Complete 
| 100|0x000000070da00000, 0x000000070da00000, 0x000000070dc00000|  0%| F|  |TAMS 0x000000070da00000, 0x000000070da00000| Untracked 
| 101|0x000000070dc00000, 0x000000070dc00000, 0x000000070de00000|  0%| F|  |TAMS 0x000000070dc00000, 0x000000070dc00000| Untracked 
| 102|0x000000070de00000, 0x000000070de00000, 0x000000070e000000|  0%| F|  |TAMS 0x000000070de00000, 0x000000070de00000| Untracked 
| 103|0x000000070e000000, 0x000000070e000000, 0x000000070e200000|  0%| F|  |TAMS 0x000000070e000000, 0x000000070e000000| Untracked 
| 104|0x000000070e200000, 0x000000070e200000, 0x000000070e400000|  0%| F|  |TAMS 0x000000070e200000, 0x000000070e200000| Untracked 
| 105|0x000000070e400000, 0x000000070e400000, 0x000000070e600000|  0%| F|  |TAMS 0x000000070e400000, 0x000000070e400000| Untracked 
| 106|0x000000070e600000, 0x000000070e800000, 0x000000070e800000|100%| S|CS|TAMS 0x000000070e600000, 0x000000070e600000| Complete 
| 107|0x000000070e800000, 0x000000070ea00000, 0x000000070ea00000|100%| S|CS|TAMS 0x000000070e800000, 0x000000070e800000| Complete 
| 108|0x000000070ea00000, 0x000000070ec00000, 0x000000070ec00000|100%| S|CS|TAMS 0x000000070ea00000, 0x000000070ea00000| Complete 
| 109|0x000000070ec00000, 0x000000070ee00000, 0x000000070ee00000|100%| S|CS|TAMS 0x000000070ec00000, 0x000000070ec00000| Complete 
| 110|0x000000070ee00000, 0x000000070f000000, 0x000000070f000000|100%| S|CS|TAMS 0x000000070ee00000, 0x000000070ee00000| Complete 
| 111|0x000000070f000000, 0x000000070f200000, 0x000000070f200000|100%| S|CS|TAMS 0x000000070f000000, 0x000000070f000000| Complete 
| 112|0x000000070f200000, 0x000000070f400000, 0x000000070f400000|100%| S|CS|TAMS 0x000000070f200000, 0x000000070f200000| Complete 
| 113|0x000000070f400000, 0x000000070f400000, 0x000000070f600000|  0%| F|  |TAMS 0x000000070f400000, 0x000000070f400000| Untracked 
| 114|0x000000070f600000, 0x000000070f600000, 0x000000070f800000|  0%| F|  |TAMS 0x000000070f600000, 0x000000070f600000| Untracked 
| 115|0x000000070f800000, 0x000000070f800000, 0x000000070fa00000|  0%| F|  |TAMS 0x000000070f800000, 0x000000070f800000| Untracked 
| 116|0x000000070fa00000, 0x000000070fa00000, 0x000000070fc00000|  0%| F|  |TAMS 0x000000070fa00000, 0x000000070fa00000| Untracked 
| 117|0x000000070fc00000, 0x000000070fc00000, 0x000000070fe00000|  0%| F|  |TAMS 0x000000070fc00000, 0x000000070fc00000| Untracked 
| 118|0x000000070fe00000, 0x000000070fe00000, 0x0000000710000000|  0%| F|  |TAMS 0x000000070fe00000, 0x000000070fe00000| Untracked 
| 119|0x0000000710000000, 0x0000000710000000, 0x0000000710200000|  0%| F|  |TAMS 0x0000000710000000, 0x0000000710000000| Untracked 
| 120|0x0000000710200000, 0x0000000710200000, 0x0000000710400000|  0%| F|  |TAMS 0x0000000710200000, 0x0000000710200000| Untracked 
| 121|0x0000000710400000, 0x0000000710400000, 0x0000000710600000|  0%| F|  |TAMS 0x0000000710400000, 0x0000000710400000| Untracked 
| 122|0x0000000710600000, 0x0000000710600000, 0x0000000710800000|  0%| F|  |TAMS 0x0000000710600000, 0x0000000710600000| Untracked 
| 123|0x0000000710800000, 0x0000000710800000, 0x0000000710a00000|  0%| F|  |TAMS 0x0000000710800000, 0x0000000710800000| Untracked 
| 124|0x0000000710a00000, 0x0000000710a00000, 0x0000000710c00000|  0%| F|  |TAMS 0x0000000710a00000, 0x0000000710a00000| Untracked 
| 125|0x0000000710c00000, 0x0000000710c00000, 0x0000000710e00000|  0%| F|  |TAMS 0x0000000710c00000, 0x0000000710c00000| Untracked 
| 126|0x0000000710e00000, 0x0000000710e00000, 0x0000000711000000|  0%| F|  |TAMS 0x0000000710e00000, 0x0000000710e00000| Untracked 
| 127|0x0000000711000000, 0x0000000711000000, 0x0000000711200000|  0%| F|  |TAMS 0x0000000711000000, 0x0000000711000000| Untracked 
| 128|0x0000000711200000, 0x0000000711200000, 0x0000000711400000|  0%| F|  |TAMS 0x0000000711200000, 0x0000000711200000| Untracked 
| 129|0x0000000711400000, 0x0000000711400000, 0x0000000711600000|  0%| F|  |TAMS 0x0000000711400000, 0x0000000711400000| Untracked 
| 130|0x0000000711600000, 0x0000000711600000, 0x0000000711800000|  0%| F|  |TAMS 0x0000000711600000, 0x0000000711600000| Untracked 
| 131|0x0000000711800000, 0x0000000711800000, 0x0000000711a00000|  0%| F|  |TAMS 0x0000000711800000, 0x0000000711800000| Untracked 
| 132|0x0000000711a00000, 0x0000000711a00000, 0x0000000711c00000|  0%| F|  |TAMS 0x0000000711a00000, 0x0000000711a00000| Untracked 
| 133|0x0000000711c00000, 0x0000000711c00000, 0x0000000711e00000|  0%| F|  |TAMS 0x0000000711c00000, 0x0000000711c00000| Untracked 
| 134|0x0000000711e00000, 0x0000000711e00000, 0x0000000712000000|  0%| F|  |TAMS 0x0000000711e00000, 0x0000000711e00000| Untracked 
| 135|0x0000000712000000, 0x0000000712000000, 0x0000000712200000|  0%| F|  |TAMS 0x0000000712000000, 0x0000000712000000| Untracked 
| 136|0x0000000712200000, 0x0000000712200000, 0x0000000712400000|  0%| F|  |TAMS 0x0000000712200000, 0x0000000712200000| Untracked 
| 137|0x0000000712400000, 0x0000000712400000, 0x0000000712600000|  0%| F|  |TAMS 0x0000000712400000, 0x0000000712400000| Untracked 
| 138|0x0000000712600000, 0x0000000712600000, 0x0000000712800000|  0%| F|  |TAMS 0x0000000712600000, 0x0000000712600000| Untracked 
| 139|0x0000000712800000, 0x0000000712800000, 0x0000000712a00000|  0%| F|  |TAMS 0x0000000712800000, 0x0000000712800000| Untracked 
| 140|0x0000000712a00000, 0x0000000712a00000, 0x0000000712c00000|  0%| F|  |TAMS 0x0000000712a00000, 0x0000000712a00000| Untracked 
| 141|0x0000000712c00000, 0x0000000712c00000, 0x0000000712e00000|  0%| F|  |TAMS 0x0000000712c00000, 0x0000000712c00000| Untracked 
| 142|0x0000000712e00000, 0x0000000712e00000, 0x0000000713000000|  0%| F|  |TAMS 0x0000000712e00000, 0x0000000712e00000| Untracked 
| 143|0x0000000713000000, 0x0000000713000000, 0x0000000713200000|  0%| F|  |TAMS 0x0000000713000000, 0x0000000713000000| Untracked 
| 144|0x0000000713200000, 0x0000000713200000, 0x0000000713400000|  0%| F|  |TAMS 0x0000000713200000, 0x0000000713200000| Untracked 
| 145|0x0000000713400000, 0x0000000713400000, 0x0000000713600000|  0%| F|  |TAMS 0x0000000713400000, 0x0000000713400000| Untracked 
| 146|0x0000000713600000, 0x0000000713600000, 0x0000000713800000|  0%| F|  |TAMS 0x0000000713600000, 0x0000000713600000| Untracked 
| 147|0x0000000713800000, 0x0000000713800000, 0x0000000713a00000|  0%| F|  |TAMS 0x0000000713800000, 0x0000000713800000| Untracked 
| 148|0x0000000713a00000, 0x0000000713a00000, 0x0000000713c00000|  0%| F|  |TAMS 0x0000000713a00000, 0x0000000713a00000| Untracked 
| 149|0x0000000713c00000, 0x0000000713c00000, 0x0000000713e00000|  0%| F|  |TAMS 0x0000000713c00000, 0x0000000713c00000| Untracked 
| 150|0x0000000713e00000, 0x0000000713e00000, 0x0000000714000000|  0%| F|  |TAMS 0x0000000713e00000, 0x0000000713e00000| Untracked 
| 151|0x0000000714000000, 0x0000000714000000, 0x0000000714200000|  0%| F|  |TAMS 0x0000000714000000, 0x0000000714000000| Untracked 
| 152|0x0000000714200000, 0x0000000714200000, 0x0000000714400000|  0%| F|  |TAMS 0x0000000714200000, 0x0000000714200000| Untracked 
| 153|0x0000000714400000, 0x0000000714400000, 0x0000000714600000|  0%| F|  |TAMS 0x0000000714400000, 0x0000000714400000| Untracked 
| 154|0x0000000714600000, 0x0000000714600000, 0x0000000714800000|  0%| F|  |TAMS 0x0000000714600000, 0x0000000714600000| Untracked 
| 155|0x0000000714800000, 0x0000000714800000, 0x0000000714a00000|  0%| F|  |TAMS 0x0000000714800000, 0x0000000714800000| Untracked 
| 156|0x0000000714a00000, 0x0000000714a00000, 0x0000000714c00000|  0%| F|  |TAMS 0x0000000714a00000, 0x0000000714a00000| Untracked 
| 157|0x0000000714c00000, 0x0000000714c00000, 0x0000000714e00000|  0%| F|  |TAMS 0x0000000714c00000, 0x0000000714c00000| Untracked 
| 158|0x0000000714e00000, 0x0000000714e00000, 0x0000000715000000|  0%| F|  |TAMS 0x0000000714e00000, 0x0000000714e00000| Untracked 
| 159|0x0000000715000000, 0x0000000715000000, 0x0000000715200000|  0%| F|  |TAMS 0x0000000715000000, 0x0000000715000000| Untracked 
| 160|0x0000000715200000, 0x0000000715200000, 0x0000000715400000|  0%| F|  |TAMS 0x0000000715200000, 0x0000000715200000| Untracked 
| 161|0x0000000715400000, 0x0000000715400000, 0x0000000715600000|  0%| F|  |TAMS 0x0000000715400000, 0x0000000715400000| Untracked 
| 162|0x0000000715600000, 0x0000000715600000, 0x0000000715800000|  0%| F|  |TAMS 0x0000000715600000, 0x0000000715600000| Untracked 
| 163|0x0000000715800000, 0x0000000715800000, 0x0000000715a00000|  0%| F|  |TAMS 0x0000000715800000, 0x0000000715800000| Untracked 
| 164|0x0000000715a00000, 0x0000000715a00000, 0x0000000715c00000|  0%| F|  |TAMS 0x0000000715a00000, 0x0000000715a00000| Untracked 
| 165|0x0000000715c00000, 0x0000000715c00000, 0x0000000715e00000|  0%| F|  |TAMS 0x0000000715c00000, 0x0000000715c00000| Untracked 
| 166|0x0000000715e00000, 0x0000000715e00000, 0x0000000716000000|  0%| F|  |TAMS 0x0000000715e00000, 0x0000000715e00000| Untracked 
| 167|0x0000000716000000, 0x0000000716000000, 0x0000000716200000|  0%| F|  |TAMS 0x0000000716000000, 0x0000000716000000| Untracked 
| 168|0x0000000716200000, 0x0000000716200000, 0x0000000716400000|  0%| F|  |TAMS 0x0000000716200000, 0x0000000716200000| Untracked 
| 169|0x0000000716400000, 0x0000000716400000, 0x0000000716600000|  0%| F|  |TAMS 0x0000000716400000, 0x0000000716400000| Untracked 
| 170|0x0000000716600000, 0x0000000716600000, 0x0000000716800000|  0%| F|  |TAMS 0x0000000716600000, 0x0000000716600000| Untracked 
| 171|0x0000000716800000, 0x0000000716800000, 0x0000000716a00000|  0%| F|  |TAMS 0x0000000716800000, 0x0000000716800000| Untracked 
| 172|0x0000000716a00000, 0x0000000716a00000, 0x0000000716c00000|  0%| F|  |TAMS 0x0000000716a00000, 0x0000000716a00000| Untracked 
| 173|0x0000000716c00000, 0x0000000716c00000, 0x0000000716e00000|  0%| F|  |TAMS 0x0000000716c00000, 0x0000000716c00000| Untracked 
| 174|0x0000000716e00000, 0x0000000716e00000, 0x0000000717000000|  0%| F|  |TAMS 0x0000000716e00000, 0x0000000716e00000| Untracked 
| 175|0x0000000717000000, 0x0000000717000000, 0x0000000717200000|  0%| F|  |TAMS 0x0000000717000000, 0x0000000717000000| Untracked 
| 176|0x0000000717200000, 0x0000000717200000, 0x0000000717400000|  0%| F|  |TAMS 0x0000000717200000, 0x0000000717200000| Untracked 
| 177|0x0000000717400000, 0x0000000717400000, 0x0000000717600000|  0%| F|  |TAMS 0x0000000717400000, 0x0000000717400000| Untracked 
| 178|0x0000000717600000, 0x0000000717600000, 0x0000000717800000|  0%| F|  |TAMS 0x0000000717600000, 0x0000000717600000| Untracked 
| 179|0x0000000717800000, 0x0000000717800000, 0x0000000717a00000|  0%| F|  |TAMS 0x0000000717800000, 0x0000000717800000| Untracked 
| 180|0x0000000717a00000, 0x0000000717a00000, 0x0000000717c00000|  0%| F|  |TAMS 0x0000000717a00000, 0x0000000717a00000| Untracked 
| 181|0x0000000717c00000, 0x0000000717c00000, 0x0000000717e00000|  0%| F|  |TAMS 0x0000000717c00000, 0x0000000717c00000| Untracked 
| 182|0x0000000717e00000, 0x0000000717e00000, 0x0000000718000000|  0%| F|  |TAMS 0x0000000717e00000, 0x0000000717e00000| Untracked 
| 183|0x0000000718000000, 0x0000000718000000, 0x0000000718200000|  0%| F|  |TAMS 0x0000000718000000, 0x0000000718000000| Untracked 
| 184|0x0000000718200000, 0x0000000718200000, 0x0000000718400000|  0%| F|  |TAMS 0x0000000718200000, 0x0000000718200000| Untracked 
| 185|0x0000000718400000, 0x0000000718400000, 0x0000000718600000|  0%| F|  |TAMS 0x0000000718400000, 0x0000000718400000| Untracked 
| 186|0x0000000718600000, 0x0000000718600000, 0x0000000718800000|  0%| F|  |TAMS 0x0000000718600000, 0x0000000718600000| Untracked 
| 187|0x0000000718800000, 0x0000000718800000, 0x0000000718a00000|  0%| F|  |TAMS 0x0000000718800000, 0x0000000718800000| Untracked 
| 188|0x0000000718a00000, 0x0000000718a00000, 0x0000000718c00000|  0%| F|  |TAMS 0x0000000718a00000, 0x0000000718a00000| Untracked 
| 189|0x0000000718c00000, 0x0000000718c00000, 0x0000000718e00000|  0%| F|  |TAMS 0x0000000718c00000, 0x0000000718c00000| Untracked 
| 190|0x0000000718e00000, 0x0000000718e00000, 0x0000000719000000|  0%| F|  |TAMS 0x0000000718e00000, 0x0000000718e00000| Untracked 
| 191|0x0000000719000000, 0x0000000719000000, 0x0000000719200000|  0%| F|  |TAMS 0x0000000719000000, 0x0000000719000000| Untracked 
| 192|0x0000000719200000, 0x0000000719200000, 0x0000000719400000|  0%| F|  |TAMS 0x0000000719200000, 0x0000000719200000| Untracked 
| 193|0x0000000719400000, 0x0000000719400000, 0x0000000719600000|  0%| F|  |TAMS 0x0000000719400000, 0x0000000719400000| Untracked 
| 194|0x0000000719600000, 0x0000000719600000, 0x0000000719800000|  0%| F|  |TAMS 0x0000000719600000, 0x0000000719600000| Untracked 
| 195|0x0000000719800000, 0x0000000719800000, 0x0000000719a00000|  0%| F|  |TAMS 0x0000000719800000, 0x0000000719800000| Untracked 
| 196|0x0000000719a00000, 0x0000000719a00000, 0x0000000719c00000|  0%| F|  |TAMS 0x0000000719a00000, 0x0000000719a00000| Untracked 
| 197|0x0000000719c00000, 0x0000000719c00000, 0x0000000719e00000|  0%| F|  |TAMS 0x0000000719c00000, 0x0000000719c00000| Untracked 
| 198|0x0000000719e00000, 0x0000000719e00000, 0x000000071a000000|  0%| F|  |TAMS 0x0000000719e00000, 0x0000000719e00000| Untracked 
| 199|0x000000071a000000, 0x000000071a000000, 0x000000071a200000|  0%| F|  |TAMS 0x000000071a000000, 0x000000071a000000| Untracked 
| 200|0x000000071a200000, 0x000000071a200000, 0x000000071a400000|  0%| F|  |TAMS 0x000000071a200000, 0x000000071a200000| Untracked 
| 201|0x000000071a400000, 0x000000071a400000, 0x000000071a600000|  0%| F|  |TAMS 0x000000071a400000, 0x000000071a400000| Untracked 
| 202|0x000000071a600000, 0x000000071a600000, 0x000000071a800000|  0%| F|  |TAMS 0x000000071a600000, 0x000000071a600000| Untracked 
| 203|0x000000071a800000, 0x000000071a800000, 0x000000071aa00000|  0%| F|  |TAMS 0x000000071a800000, 0x000000071a800000| Untracked 
| 204|0x000000071aa00000, 0x000000071ab00800, 0x000000071ac00000| 50%| E|  |TAMS 0x000000071aa00000, 0x000000071aa00000| Complete 
| 205|0x000000071ac00000, 0x000000071ae00000, 0x000000071ae00000|100%| E|CS|TAMS 0x000000071ac00000, 0x000000071ac00000| Complete 
| 206|0x000000071ae00000, 0x000000071b000000, 0x000000071b000000|100%| E|CS|TAMS 0x000000071ae00000, 0x000000071ae00000| Complete 
| 207|0x000000071b000000, 0x000000071b200000, 0x000000071b200000|100%| E|CS|TAMS 0x000000071b000000, 0x000000071b000000| Complete 
| 208|0x000000071b200000, 0x000000071b400000, 0x000000071b400000|100%| E|CS|TAMS 0x000000071b200000, 0x000000071b200000| Complete 
| 209|0x000000071b400000, 0x000000071b600000, 0x000000071b600000|100%| E|CS|TAMS 0x000000071b400000, 0x000000071b400000| Complete 
| 210|0x000000071b600000, 0x000000071b800000, 0x000000071b800000|100%| E|CS|TAMS 0x000000071b600000, 0x000000071b600000| Complete 
| 211|0x000000071b800000, 0x000000071ba00000, 0x000000071ba00000|100%| E|CS|TAMS 0x000000071b800000, 0x000000071b800000| Complete 
| 212|0x000000071ba00000, 0x000000071bc00000, 0x000000071bc00000|100%| E|CS|TAMS 0x000000071ba00000, 0x000000071ba00000| Complete 
| 213|0x000000071bc00000, 0x000000071be00000, 0x000000071be00000|100%| E|CS|TAMS 0x000000071bc00000, 0x000000071bc00000| Complete 
| 214|0x000000071be00000, 0x000000071c000000, 0x000000071c000000|100%| E|CS|TAMS 0x000000071be00000, 0x000000071be00000| Complete 
| 215|0x000000071c000000, 0x000000071c200000, 0x000000071c200000|100%| E|CS|TAMS 0x000000071c000000, 0x000000071c000000| Complete 
| 216|0x000000071c200000, 0x000000071c400000, 0x000000071c400000|100%| E|CS|TAMS 0x000000071c200000, 0x000000071c200000| Complete 
| 217|0x000000071c400000, 0x000000071c600000, 0x000000071c600000|100%| E|CS|TAMS 0x000000071c400000, 0x000000071c400000| Complete 
| 218|0x000000071c600000, 0x000000071c800000, 0x000000071c800000|100%| E|CS|TAMS 0x000000071c600000, 0x000000071c600000| Complete 
| 219|0x000000071c800000, 0x000000071ca00000, 0x000000071ca00000|100%| E|CS|TAMS 0x000000071c800000, 0x000000071c800000| Complete 
| 220|0x000000071ca00000, 0x000000071cc00000, 0x000000071cc00000|100%| E|CS|TAMS 0x000000071ca00000, 0x000000071ca00000| Complete 
| 221|0x000000071cc00000, 0x000000071ce00000, 0x000000071ce00000|100%| E|CS|TAMS 0x000000071cc00000, 0x000000071cc00000| Complete 
| 222|0x000000071ce00000, 0x000000071d000000, 0x000000071d000000|100%| E|CS|TAMS 0x000000071ce00000, 0x000000071ce00000| Complete 
| 223|0x000000071d000000, 0x000000071d200000, 0x000000071d200000|100%| E|CS|TAMS 0x000000071d000000, 0x000000071d000000| Complete 
| 224|0x000000071d200000, 0x000000071d400000, 0x000000071d400000|100%| E|CS|TAMS 0x000000071d200000, 0x000000071d200000| Complete 
| 225|0x000000071d400000, 0x000000071d600000, 0x000000071d600000|100%| E|CS|TAMS 0x000000071d400000, 0x000000071d400000| Complete 
| 226|0x000000071d600000, 0x000000071d800000, 0x000000071d800000|100%| E|CS|TAMS 0x000000071d600000, 0x000000071d600000| Complete 
| 227|0x000000071d800000, 0x000000071da00000, 0x000000071da00000|100%| E|CS|TAMS 0x000000071d800000, 0x000000071d800000| Complete 
| 228|0x000000071da00000, 0x000000071dc00000, 0x000000071dc00000|100%| E|CS|TAMS 0x000000071da00000, 0x000000071da00000| Complete 
| 229|0x000000071dc00000, 0x000000071de00000, 0x000000071de00000|100%| E|CS|TAMS 0x000000071dc00000, 0x000000071dc00000| Complete 
| 230|0x000000071de00000, 0x000000071e000000, 0x000000071e000000|100%| E|CS|TAMS 0x000000071de00000, 0x000000071de00000| Complete 
| 231|0x000000071e000000, 0x000000071e200000, 0x000000071e200000|100%| E|CS|TAMS 0x000000071e000000, 0x000000071e000000| Complete 
| 232|0x000000071e200000, 0x000000071e400000, 0x000000071e400000|100%| E|CS|TAMS 0x000000071e200000, 0x000000071e200000| Complete 
| 233|0x000000071e400000, 0x000000071e600000, 0x000000071e600000|100%| E|CS|TAMS 0x000000071e400000, 0x000000071e400000| Complete 
| 234|0x000000071e600000, 0x000000071e800000, 0x000000071e800000|100%| E|CS|TAMS 0x000000071e600000, 0x000000071e600000| Complete 
| 235|0x000000071e800000, 0x000000071ea00000, 0x000000071ea00000|100%| E|CS|TAMS 0x000000071e800000, 0x000000071e800000| Complete 
| 236|0x000000071ea00000, 0x000000071ec00000, 0x000000071ec00000|100%| E|CS|TAMS 0x000000071ea00000, 0x000000071ea00000| Complete 
| 237|0x000000071ec00000, 0x000000071ee00000, 0x000000071ee00000|100%| E|CS|TAMS 0x000000071ec00000, 0x000000071ec00000| Complete 
| 238|0x000000071ee00000, 0x000000071f000000, 0x000000071f000000|100%| E|CS|TAMS 0x000000071ee00000, 0x000000071ee00000| Complete 
| 239|0x000000071f000000, 0x000000071f200000, 0x000000071f200000|100%| E|CS|TAMS 0x000000071f000000, 0x000000071f000000| Complete 
| 240|0x000000071f200000, 0x000000071f400000, 0x000000071f400000|100%| E|CS|TAMS 0x000000071f200000, 0x000000071f200000| Complete 
| 241|0x000000071f400000, 0x000000071f600000, 0x000000071f600000|100%| E|CS|TAMS 0x000000071f400000, 0x000000071f400000| Complete 
| 242|0x000000071f600000, 0x000000071f800000, 0x000000071f800000|100%| E|CS|TAMS 0x000000071f600000, 0x000000071f600000| Complete 
| 243|0x000000071f800000, 0x000000071fa00000, 0x000000071fa00000|100%| E|CS|TAMS 0x000000071f800000, 0x000000071f800000| Complete 
| 244|0x000000071fa00000, 0x000000071fc00000, 0x000000071fc00000|100%| E|CS|TAMS 0x000000071fa00000, 0x000000071fa00000| Complete 
| 245|0x000000071fc00000, 0x000000071fe00000, 0x000000071fe00000|100%| E|CS|TAMS 0x000000071fc00000, 0x000000071fc00000| Complete 
| 246|0x000000071fe00000, 0x0000000720000000, 0x0000000720000000|100%| E|  |TAMS 0x000000071fe00000, 0x000000071fe00000| Complete 
| 247|0x0000000720000000, 0x0000000720200000, 0x0000000720200000|100%| E|CS|TAMS 0x0000000720000000, 0x0000000720000000| Complete 
| 248|0x0000000720200000, 0x0000000720400000, 0x0000000720400000|100%| E|CS|TAMS 0x0000000720200000, 0x0000000720200000| Complete 
| 249|0x0000000720400000, 0x0000000720600000, 0x0000000720600000|100%| E|CS|TAMS 0x0000000720400000, 0x0000000720400000| Complete 
| 250|0x0000000720600000, 0x0000000720800000, 0x0000000720800000|100%| E|CS|TAMS 0x0000000720600000, 0x0000000720600000| Complete 
| 251|0x0000000720800000, 0x0000000720a00000, 0x0000000720a00000|100%| E|CS|TAMS 0x0000000720800000, 0x0000000720800000| Complete 
| 252|0x0000000720a00000, 0x0000000720c00000, 0x0000000720c00000|100%| E|CS|TAMS 0x0000000720a00000, 0x0000000720a00000| Complete 
| 253|0x0000000720c00000, 0x0000000720e00000, 0x0000000720e00000|100%| E|CS|TAMS 0x0000000720c00000, 0x0000000720c00000| Complete 
| 254|0x0000000720e00000, 0x0000000721000000, 0x0000000721000000|100%| E|CS|TAMS 0x0000000720e00000, 0x0000000720e00000| Complete 
| 255|0x0000000721000000, 0x0000000721200000, 0x0000000721200000|100%| E|CS|TAMS 0x0000000721000000, 0x0000000721000000| Complete 
| 256|0x0000000721200000, 0x0000000721400000, 0x0000000721400000|100%| E|CS|TAMS 0x0000000721200000, 0x0000000721200000| Complete 
| 257|0x0000000721400000, 0x0000000721600000, 0x0000000721600000|100%| E|CS|TAMS 0x0000000721400000, 0x0000000721400000| Complete 
| 258|0x0000000721600000, 0x0000000721800000, 0x0000000721800000|100%| E|CS|TAMS 0x0000000721600000, 0x0000000721600000| Complete 
| 259|0x0000000721800000, 0x0000000721a00000, 0x0000000721a00000|100%| E|CS|TAMS 0x0000000721800000, 0x0000000721800000| Complete 
| 260|0x0000000721a00000, 0x0000000721c00000, 0x0000000721c00000|100%| E|CS|TAMS 0x0000000721a00000, 0x0000000721a00000| Complete 
| 261|0x0000000721c00000, 0x0000000721e00000, 0x0000000721e00000|100%| E|CS|TAMS 0x0000000721c00000, 0x0000000721c00000| Complete 
| 262|0x0000000721e00000, 0x0000000722000000, 0x0000000722000000|100%| E|CS|TAMS 0x0000000721e00000, 0x0000000721e00000| Complete 
| 263|0x0000000722000000, 0x0000000722200000, 0x0000000722200000|100%| E|CS|TAMS 0x0000000722000000, 0x0000000722000000| Complete 
| 264|0x0000000722200000, 0x0000000722400000, 0x0000000722400000|100%| E|CS|TAMS 0x0000000722200000, 0x0000000722200000| Complete 
| 265|0x0000000722400000, 0x0000000722600000, 0x0000000722600000|100%| E|CS|TAMS 0x0000000722400000, 0x0000000722400000| Complete 
| 266|0x0000000722600000, 0x0000000722800000, 0x0000000722800000|100%| E|CS|TAMS 0x0000000722600000, 0x0000000722600000| Complete 

Card table byte_map: [0x000002e462000000,0x000002e462800000] _byte_map_base: 0x000002e45e7f7000

Marking Bits (Prev, Next): (CMBitMap*) 0x000002e44aabe940, (CMBitMap*) 0x000002e44aabe980
 Prev Bits: [0x000002e463000000, 0x000002e466fb8000)
 Next Bits: [0x000002e466fc0000, 0x000002e46af78000)

Polling page: 0x000002e4489e0000

Metaspace:

Usage:
  Non-class:      6.66 MB used.
      Class:    355.75 KB used.
       Both:      7.00 MB used.

Virtual space:
  Non-class space:       16.00 MB reserved,       6.75 MB ( 42%) committed,  2 nodes.
      Class space:        1.00 GB reserved,     448.00 KB ( <1%) committed,  1 nodes.
             Both:        1.02 GB reserved,       7.19 MB ( <1%) committed. 

Chunk freelists:
   Non-Class:  3.42 MB
       Class:  3.51 MB
        Both:  6.93 MB

MaxMetaspaceSize: unlimited
CompressedClassSpaceSize: 1.00 GB
Initial GC threshold: 21.00 MB
Current GC threshold: 21.00 MB
CDS: on
MetaspaceReclaimPolicy: balanced
 - commit_granule_bytes: 65536.
 - commit_granule_words: 8192.
 - virtual_space_node_default_size: 1048576.
 - enlarge_chunks_in_place: 1.
 - new_chunks_are_fully_committed: 0.
 - uncommit_free_chunks: 1.
 - use_allocation_guard: 0.
 - handle_deallocations: 1.


Internal statistics:

num_allocs_failed_limit: 0.
num_arena_births: 90.
num_arena_deaths: 0.
num_vsnodes_births: 3.
num_vsnodes_deaths: 0.
num_space_committed: 113.
num_space_uncommitted: 0.
num_chunks_returned_to_freelist: 0.
num_chunks_taken_from_freelist: 289.
num_chunk_merges: 0.
num_chunk_splits: 203.
num_chunks_enlarged: 158.
num_purges: 0.
num_inconsistent_stats: 0.

CodeHeap 'non-profiled nmethods': size=120000Kb used=1597Kb max_used=1597Kb free=118402Kb
 bounds [0x000002e459d80000, 0x000002e459ff0000, 0x000002e4612b0000]
CodeHeap 'profiled nmethods': size=120000Kb used=3711Kb max_used=3711Kb free=116288Kb
 bounds [0x000002e452850000, 0x000002e452bf0000, 0x000002e459d80000]
CodeHeap 'non-nmethods': size=5760Kb used=1629Kb max_used=1663Kb free=4130Kb
 bounds [0x000002e4522b0000, 0x000002e452520000, 0x000002e452850000]
 total_blobs=3072 nmethods=2005 adapters=980
 compilation: enabled
              stopped_count=0, restarted_count=0
 full_count=0

Compilation events (20 events):
Event: 23.608 Thread 0x000002e46dbfa2d0 2013       4       org.joml.Vector4f::mulAffine (166 bytes)
Event: 23.609 Thread 0x000002e46dbfa2d0 nmethod 2013 0x000002e459f06a10 code [0x000002e459f06ba0, 0x000002e459f06d18]
Event: 25.504 Thread 0x000002e46dbfa2d0 2014       4       org.joml.Math::cosFromSinInternal (55 bytes)
Event: 25.504 Thread 0x000002e46dbfa2d0 nmethod 2014 0x000002e459f06f10 code [0x000002e459f070c0, 0x000002e459f071b8]
Event: 27.448 Thread 0x000002e46dbfa2d0 2015       4       cga.exercise.components.light.PointLight::bind (123 bytes)
Event: 27.508 Thread 0x000002e46dbfa2d0 nmethod 2015 0x000002e459f07290 code [0x000002e459f07560, 0x000002e459f099b8]
Event: 27.892 Thread 0x000002e46dbfa2d0 2016       4       cga.exercise.components.geometry.Transformable::getWorldZAxis (31 bytes)
Event: 27.902 Thread 0x000002e46dbfa2d0 nmethod 2016 0x000002e459f0c790 code [0x000002e459f0c980, 0x000002e459f0d208]
Event: 39.990 Thread 0x000002e46dbfacc0 2017       3       cga.exercise.game.Scene::checkCollisionAsteroid (261 bytes)
Event: 39.990 Thread 0x000002e46dbfacc0 nmethod 2017 0x000002e452bee110 code [0x000002e452bee4a0, 0x000002e452bef758]
Event: 41.135 Thread 0x000002e46dbfa2d0 2018       4       org.joml.Matrix4f::translation (35 bytes)
Event: 41.136 Thread 0x000002e46dbfa2d0 nmethod 2018 0x000002e459f0d810 code [0x000002e459f0d980, 0x000002e459f0da58]
Event: 41.330 Thread 0x000002e46dbfa2d0 2019       4       org.joml.Matrix4f::rotateXYZ (9 bytes)
Event: 41.331 Thread 0x000002e46dbfa2d0 nmethod 2019 0x000002e459f0db10 code [0x000002e459f0dca0, 0x000002e459f0dde8]
Event: 41.413 Thread 0x000002e46dbfa2d0 2020       4       cga.exercise.components.light.PointLight::<init> (33 bytes)
Event: 41.416 Thread 0x000002e46dbfa2d0 nmethod 2020 0x000002e459f0df90 code [0x000002e459f0e120, 0x000002e459f0e408]
Event: 41.448 Thread 0x000002e46dbfa2d0 2021       4       org.joml.Matrix4f::rotateAffineXYZInternal (389 bytes)
Event: 41.451 Thread 0x000002e46dbfa2d0 nmethod 2021 0x000002e459f0e610 code [0x000002e459f0e820, 0x000002e459f0ee18]
Event: 41.594 Thread 0x000002e46dbfa2d0 2022       4       cga.exercise.components.geometry.Transformable::<init> (29 bytes)
Event: 41.596 Thread 0x000002e46dbfa2d0 nmethod 2022 0x000002e459f0f110 code [0x000002e459f0f2a0, 0x000002e459f0f538]

GC Heap History (20 events):
Event: 2.645 GC heap before
{Heap before GC invocations=13 (full 0):
 garbage-first heap   total 378880K, used 226475K [0x0000000701200000, 0x0000000800000000)
  region size 2048K, 111 young (227328K), 5 survivors (10240K)
 Metaspace       used 5395K, committed 5568K, reserved 1056768K
  class space    used 291K, committed 384K, reserved 1048576K
}
Event: 2.649 GC heap after
{Heap after GC invocations=14 (full 0):
 garbage-first heap   total 378880K, used 10061K [0x0000000701200000, 0x0000000800000000)
  region size 2048K, 5 young (10240K), 5 survivors (10240K)
 Metaspace       used 5395K, committed 5568K, reserved 1056768K
  class space    used 291K, committed 384K, reserved 1048576K
}
Event: 2.802 GC heap before
{Heap before GC invocations=14 (full 0):
 garbage-first heap   total 378880K, used 227149K [0x0000000701200000, 0x0000000800000000)
  region size 2048K, 111 young (227328K), 5 survivors (10240K)
 Metaspace       used 5395K, committed 5568K, reserved 1056768K
  class space    used 291K, committed 384K, reserved 1048576K
}
Event: 2.806 GC heap after
{Heap after GC invocations=15 (full 0):
 garbage-first heap   total 454656K, used 10674K [0x0000000701200000, 0x0000000800000000)
  region size 2048K, 6 young (12288K), 6 survivors (12288K)
 Metaspace       used 5395K, committed 5568K, reserved 1056768K
  class space    used 291K, committed 384K, reserved 1048576K
}
Event: 2.978 GC heap before
{Heap before GC invocations=15 (full 0):
 garbage-first heap   total 454656K, used 270770K [0x0000000701200000, 0x0000000800000000)
  region size 2048K, 133 young (272384K), 6 survivors (12288K)
 Metaspace       used 5395K, committed 5568K, reserved 1056768K
  class space    used 291K, committed 384K, reserved 1048576K
}
Event: 2.982 GC heap after
{Heap after GC invocations=16 (full 0):
 garbage-first heap   total 454656K, used 11603K [0x0000000701200000, 0x0000000800000000)
  region size 2048K, 5 young (10240K), 5 survivors (10240K)
 Metaspace       used 5395K, committed 5568K, reserved 1056768K
  class space    used 291K, committed 384K, reserved 1048576K
}
Event: 3.158 GC heap before
{Heap before GC invocations=16 (full 0):
 garbage-first heap   total 454656K, used 273747K [0x0000000701200000, 0x0000000800000000)
  region size 2048K, 133 young (272384K), 5 survivors (10240K)
 Metaspace       used 5395K, committed 5568K, reserved 1056768K
  class space    used 291K, committed 384K, reserved 1048576K
}
Event: 3.161 GC heap after
{Heap after GC invocations=17 (full 0):
 garbage-first heap   total 454656K, used 12783K [0x0000000701200000, 0x0000000800000000)
  region size 2048K, 6 young (12288K), 6 survivors (12288K)
 Metaspace       used 5395K, committed 5568K, reserved 1056768K
  class space    used 291K, committed 384K, reserved 1048576K
}
Event: 3.326 GC heap before
{Heap before GC invocations=17 (full 0):
 garbage-first heap   total 454656K, used 272879K [0x0000000701200000, 0x0000000800000000)
  region size 2048K, 133 young (272384K), 6 survivors (12288K)
 Metaspace       used 5395K, committed 5568K, reserved 1056768K
  class space    used 291K, committed 384K, reserved 1048576K
}
Event: 3.329 GC heap after
{Heap after GC invocations=18 (full 0):
 garbage-first heap   total 454656K, used 13225K [0x0000000701200000, 0x0000000800000000)
  region size 2048K, 6 young (12288K), 6 survivors (12288K)
 Metaspace       used 5395K, committed 5568K, reserved 1056768K
  class space    used 291K, committed 384K, reserved 1048576K
}
Event: 3.485 GC heap before
{Heap before GC invocations=18 (full 0):
 garbage-first heap   total 454656K, used 273321K [0x0000000701200000, 0x0000000800000000)
  region size 2048K, 133 young (272384K), 6 survivors (12288K)
 Metaspace       used 5395K, committed 5568K, reserved 1056768K
  class space    used 291K, committed 384K, reserved 1048576K
}
Event: 3.488 GC heap after
{Heap after GC invocations=19 (full 0):
 garbage-first heap   total 454656K, used 14195K [0x0000000701200000, 0x0000000800000000)
  region size 2048K, 6 young (12288K), 6 survivors (12288K)
 Metaspace       used 5395K, committed 5568K, reserved 1056768K
  class space    used 291K, committed 384K, reserved 1048576K
}
Event: 3.645 GC heap before
{Heap before GC invocations=19 (full 0):
 garbage-first heap   total 454656K, used 274291K [0x0000000701200000, 0x0000000800000000)
  region size 2048K, 133 young (272384K), 6 survivors (12288K)
 Metaspace       used 5395K, committed 5568K, reserved 1056768K
  class space    used 291K, committed 384K, reserved 1048576K
}
Event: 3.649 GC heap after
{Heap after GC invocations=20 (full 0):
 garbage-first heap   total 546816K, used 14926K [0x0000000701200000, 0x0000000800000000)
  region size 2048K, 6 young (12288K), 6 survivors (12288K)
 Metaspace       used 5395K, committed 5568K, reserved 1056768K
  class space    used 291K, committed 384K, reserved 1048576K
}
Event: 3.877 GC heap before
{Heap before GC invocations=20 (full 0):
 garbage-first heap   total 546816K, used 330318K [0x0000000701200000, 0x0000000800000000)
  region size 2048K, 160 young (327680K), 6 survivors (12288K)
 Metaspace       used 5395K, committed 5568K, reserved 1056768K
  class space    used 291K, committed 384K, reserved 1048576K
}
Event: 3.880 GC heap after
{Heap after GC invocations=21 (full 0):
 garbage-first heap   total 546816K, used 15635K [0x0000000701200000, 0x0000000800000000)
  region size 2048K, 7 young (14336K), 7 survivors (14336K)
 Metaspace       used 5395K, committed 5568K, reserved 1056768K
  class space    used 291K, committed 384K, reserved 1048576K
}
Event: 6.196 GC heap before
{Heap before GC invocations=21 (full 0):
 garbage-first heap   total 546816K, used 333075K [0x0000000701200000, 0x0000000800000000)
  region size 2048K, 160 young (327680K), 7 survivors (14336K)
 Metaspace       used 6142K, committed 6336K, reserved 1056768K
  class space    used 320K, committed 448K, reserved 1048576K
}
Event: 6.201 GC heap after
{Heap after GC invocations=22 (full 0):
 garbage-first heap   total 546816K, used 17355K [0x0000000701200000, 0x0000000800000000)
  region size 2048K, 7 young (14336K), 7 survivors (14336K)
 Metaspace       used 6142K, committed 6336K, reserved 1056768K
  class space    used 320K, committed 448K, reserved 1048576K
}
Event: 7.921 GC heap before
{Heap before GC invocations=22 (full 0):
 garbage-first heap   total 546816K, used 330699K [0x0000000701200000, 0x0000000800000000)
  region size 2048K, 160 young (327680K), 7 survivors (14336K)
 Metaspace       used 6929K, committed 7168K, reserved 1064960K
  class space    used 349K, committed 448K, reserved 1048576K
}
Event: 7.925 GC heap after
{Heap after GC invocations=23 (full 0):
 garbage-first heap   total 546816K, used 20978K [0x0000000701200000, 0x0000000800000000)
  region size 2048K, 8 young (16384K), 8 survivors (16384K)
 Metaspace       used 6929K, committed 7168K, reserved 1064960K
  class space    used 349K, committed 448K, reserved 1048576K
}

Deoptimization events (20 events):
Event: 6.491 Thread 0x000002e44aa6f270 DEOPT PACKING pc=0x000002e452b4b042 sp=0x000000e5e55fea00
Event: 6.491 Thread 0x000002e44aa6f270 DEOPT UNPACKING pc=0x000002e452302b43 sp=0x000000e5e55fe128 mode 0
Event: 8.183 Thread 0x000002e44aa6f270 DEOPT PACKING pc=0x000002e452890ef4 sp=0x000000e5e55fe980
Event: 8.183 Thread 0x000002e44aa6f270 DEOPT UNPACKING pc=0x000002e452302b43 sp=0x000000e5e55fde30 mode 0
Event: 15.052 Thread 0x000002e44aa6f270 Uncommon trap: trap_request=0xffffffde fr.pc=0x000002e459f03b2c relative=0x000000000000010c
Event: 15.052 Thread 0x000002e44aa6f270 Uncommon trap: reason=class_check action=maybe_recompile pc=0x000002e459f03b2c method=jdk.internal.misc.Unsafe.allocateUninitializedArray(Ljava/lang/Class;I)Ljava/lang/Object; @ 51 c2
Event: 15.052 Thread 0x000002e44aa6f270 DEOPT PACKING pc=0x000002e459f03b2c sp=0x000000e5e55fec50
Event: 15.052 Thread 0x000002e44aa6f270 DEOPT UNPACKING pc=0x000002e4523023a3 sp=0x000000e5e55febd8 mode 2
Event: 15.052 Thread 0x000002e44aa6f270 Uncommon trap: trap_request=0xffffffde fr.pc=0x000002e459f03b2c relative=0x000000000000010c
Event: 15.052 Thread 0x000002e44aa6f270 Uncommon trap: reason=class_check action=maybe_recompile pc=0x000002e459f03b2c method=jdk.internal.misc.Unsafe.allocateUninitializedArray(Ljava/lang/Class;I)Ljava/lang/Object; @ 51 c2
Event: 15.052 Thread 0x000002e44aa6f270 DEOPT PACKING pc=0x000002e459f03b2c sp=0x000000e5e55fec50
Event: 15.052 Thread 0x000002e44aa6f270 DEOPT UNPACKING pc=0x000002e4523023a3 sp=0x000000e5e55febd8 mode 2
Event: 15.052 Thread 0x000002e44aa6f270 Uncommon trap: trap_request=0xffffffde fr.pc=0x000002e459f03b2c relative=0x000000000000010c
Event: 15.052 Thread 0x000002e44aa6f270 Uncommon trap: reason=class_check action=maybe_recompile pc=0x000002e459f03b2c method=jdk.internal.misc.Unsafe.allocateUninitializedArray(Ljava/lang/Class;I)Ljava/lang/Object; @ 51 c2
Event: 15.052 Thread 0x000002e44aa6f270 DEOPT PACKING pc=0x000002e459f03b2c sp=0x000000e5e55fec50
Event: 15.052 Thread 0x000002e44aa6f270 DEOPT UNPACKING pc=0x000002e4523023a3 sp=0x000000e5e55febd8 mode 2
Event: 15.052 Thread 0x000002e44aa6f270 Uncommon trap: trap_request=0xffffffde fr.pc=0x000002e459f03b2c relative=0x000000000000010c
Event: 15.052 Thread 0x000002e44aa6f270 Uncommon trap: reason=class_check action=maybe_recompile pc=0x000002e459f03b2c method=jdk.internal.misc.Unsafe.allocateUninitializedArray(Ljava/lang/Class;I)Ljava/lang/Object; @ 51 c2
Event: 15.052 Thread 0x000002e44aa6f270 DEOPT PACKING pc=0x000002e459f03b2c sp=0x000000e5e55fec50
Event: 15.052 Thread 0x000002e44aa6f270 DEOPT UNPACKING pc=0x000002e4523023a3 sp=0x000000e5e55febd8 mode 2

Classes unloaded (0 events):
No events

Classes redefined (0 events):
No events

Internal exceptions (20 events):
Event: 0.121 Thread 0x000002e44aa6f270 Exception <a 'sun/nio/fs/WindowsException'{0x0000000710cd08c0}> (0x0000000710cd08c0) 
thrown [t:\workspace\open\src\hotspot\share\prims\jni.cpp, line 516]
Event: 0.127 Thread 0x000002e44aa6f270 Exception <a 'sun/nio/fs/WindowsException'{0x0000000710ce6be0}> (0x0000000710ce6be0) 
thrown [t:\workspace\open\src\hotspot\share\prims\jni.cpp, line 516]
Event: 0.127 Thread 0x000002e44aa6f270 Exception <a 'sun/nio/fs/WindowsException'{0x0000000710ce6f58}> (0x0000000710ce6f58) 
thrown [t:\workspace\open\src\hotspot\share\prims\jni.cpp, line 516]
Event: 0.134 Thread 0x000002e44aa6f270 Exception <a 'java/lang/NoSuchMethodError'{0x0000000710d32ed8}: 'int java.lang.invoke.DirectMethodHandle$Holder.invokeStaticInit(java.lang.Object, java.lang.Object, int, long)'> (0x0000000710d32ed8) 
thrown [t:\workspace\open\src\hotspot\share\interpreter\linkResolver.cpp, line 766]
Event: 0.134 Thread 0x000002e44aa6f270 Exception <a 'java/lang/NoSuchMethodError'{0x0000000710d387a0}: 'java.lang.Object java.lang.invoke.DirectMethodHandle$Holder.newInvokeSpecial(java.lang.Object, java.lang.Object, int)'> (0x0000000710d387a0) 
thrown [t:\workspace\open\src\hotspot\share\interpreter\linkResolver.cpp, line 766]
Event: 0.136 Thread 0x000002e44aa6f270 Exception <a 'java/lang/NoSuchMethodError'{0x0000000710d47f58}: 'int java.lang.invoke.DirectMethodHandle$Holder.invokeStaticInit(java.lang.Object, java.lang.Object, long, long)'> (0x0000000710d47f58) 
thrown [t:\workspace\open\src\hotspot\share\interpreter\linkResolver.cpp, line 766]
Event: 0.136 Thread 0x000002e44aa6f270 Exception <a 'java/lang/NoSuchMethodError'{0x0000000710d4e068}: 'java.lang.Object java.lang.invoke.DirectMethodHandle$Holder.newInvokeSpecial(java.lang.Object, java.lang.Object, long)'> (0x0000000710d4e068) 
thrown [t:\workspace\open\src\hotspot\share\interpreter\linkResolver.cpp, line 766]
Event: 0.137 Thread 0x000002e44aa6f270 Exception <a 'java/lang/NoSuchMethodError'{0x0000000710d52358}: 'java.lang.Object java.lang.invoke.Invokers$Holder.linkToTargetMethod(java.lang.Object, long, java.lang.Object)'> (0x0000000710d52358) 
thrown [t:\workspace\open\src\hotspot\share\interpreter\linkResolver.cpp, line 766]
Event: 0.137 Thread 0x000002e44aa6f270 Exception <a 'java/lang/NoSuchMethodError'{0x0000000710d59cd8}: 'int java.lang.invoke.DirectMethodHandle$Holder.invokeStaticInit(java.lang.Object, java.lang.Object, java.lang.Object, long)'> (0x0000000710d59cd8) 
thrown [t:\workspace\open\src\hotspot\share\interpreter\linkResolver.cpp, line 766]
Event: 0.161 Thread 0x000002e44aa6f270 Exception <a 'java/lang/NoSuchMethodError'{0x0000000710dc4cc8}: 'void java.lang.invoke.DirectMethodHandle$Holder.invokeStatic(java.lang.Object, int, long)'> (0x0000000710dc4cc8) 
thrown [t:\workspace\open\src\hotspot\share\interpreter\linkResolver.cpp, line 766]
Event: 0.371 Thread 0x000002e44aa6f270 Exception <a 'sun/nio/fs/WindowsException'{0x0000000710a9e4f0}> (0x0000000710a9e4f0) 
thrown [t:\workspace\open\src\hotspot\share\prims\jni.cpp, line 516]
Event: 0.372 Thread 0x000002e44aa6f270 Exception <a 'sun/nio/fs/WindowsException'{0x0000000710a9e8a0}> (0x0000000710a9e8a0) 
thrown [t:\workspace\open\src\hotspot\share\prims\jni.cpp, line 516]
Event: 0.374 Thread 0x000002e44aa6f270 Exception <a 'sun/nio/fs/WindowsException'{0x0000000710aa51c8}> (0x0000000710aa51c8) 
thrown [t:\workspace\open\src\hotspot\share\prims\jni.cpp, line 516]
Event: 0.374 Thread 0x000002e44aa6f270 Exception <a 'sun/nio/fs/WindowsException'{0x0000000710aa54b8}> (0x0000000710aa54b8) 
thrown [t:\workspace\open\src\hotspot\share\prims\jni.cpp, line 516]
Event: 0.697 Thread 0x000002e44aa6f270 Exception <a 'sun/nio/fs/WindowsException'{0x00000007101d9688}> (0x00000007101d9688) 
thrown [t:\workspace\open\src\hotspot\share\prims\jni.cpp, line 516]
Event: 0.697 Thread 0x000002e44aa6f270 Exception <a 'sun/nio/fs/WindowsException'{0x00000007101d9a18}> (0x00000007101d9a18) 
thrown [t:\workspace\open\src\hotspot\share\prims\jni.cpp, line 516]
Event: 0.871 Thread 0x000002e44aa6f270 Implicit null exception at 0x000002e459df9ce5 to 0x000002e459dfa434
Event: 0.871 Thread 0x000002e44aa6f270 Implicit null exception at 0x000002e459dd37e9 to 0x000002e459dd3e05
Event: 5.663 Thread 0x000002e44aa6f270 Exception <a 'sun/nio/fs/WindowsException'{0x000000071600cc50}> (0x000000071600cc50) 
thrown [t:\workspace\open\src\hotspot\share\prims\jni.cpp, line 516]
Event: 5.663 Thread 0x000002e44aa6f270 Exception <a 'sun/nio/fs/WindowsException'{0x000000071600cfe0}> (0x000000071600cfe0) 
thrown [t:\workspace\open\src\hotspot\share\prims\jni.cpp, line 516]

VM Operations (20 events):
Event: 6.264 Executing VM operation: ICBufferFull
Event: 6.264 Executing VM operation: ICBufferFull done
Event: 6.264 Executing VM operation: ICBufferFull
Event: 6.264 Executing VM operation: ICBufferFull done
Event: 6.265 Executing VM operation: ICBufferFull
Event: 6.265 Executing VM operation: ICBufferFull done
Event: 6.265 Executing VM operation: ICBufferFull
Event: 6.265 Executing VM operation: ICBufferFull done
Event: 6.266 Executing VM operation: ICBufferFull
Event: 6.266 Executing VM operation: ICBufferFull done
Event: 6.266 Executing VM operation: ICBufferFull
Event: 6.266 Executing VM operation: ICBufferFull done
Event: 7.280 Executing VM operation: Cleanup
Event: 7.280 Executing VM operation: Cleanup done
Event: 7.921 Executing VM operation: G1CollectForAllocation
Event: 7.925 Executing VM operation: G1CollectForAllocation done
Event: 8.938 Executing VM operation: Cleanup
Event: 8.938 Executing VM operation: Cleanup done
Event: 10.949 Executing VM operation: Cleanup
Event: 10.949 Executing VM operation: Cleanup done

Events (20 events):
Event: 1.032 loading class java/util/LinkedHashMap$LinkedKeySet
Event: 1.032 loading class java/util/LinkedHashMap$LinkedKeySet done
Event: 1.032 loading class sun/util/resources/TimeZoneNames
Event: 1.033 loading class sun/util/resources/TimeZoneNames done
Event: 1.033 loading class sun/util/resources/TimeZoneNames_en
Event: 1.033 loading class sun/util/resources/TimeZoneNames_en done
Event: 1.688 Thread 0x000002e46eae8560 Thread exited: 0x000002e46eae8560
Event: 2.377 Thread 0x000002e46f3c1fa0 Thread exited: 0x000002e46f3c1fa0
Event: 3.993 Thread 0x000002e476632450 Thread added: 0x000002e476632450
Event: 5.690 Thread 0x000002e476376960 Thread added: 0x000002e476376960
Event: 5.853 Thread 0x000002e476376960 Thread exited: 0x000002e476376960
Event: 5.853 Thread 0x000002e476632450 Thread exited: 0x000002e476632450
Event: 5.946 Thread 0x000002e476325ff0 Thread added: 0x000002e476325ff0
Event: 6.356 loading class java/lang/SecurityException
Event: 6.356 loading class java/lang/SecurityException done
Event: 6.748 Thread 0x000002e476325ff0 Thread exited: 0x000002e476325ff0
Event: 9.007 loading class java/util/NoSuchElementException
Event: 9.007 loading class java/util/NoSuchElementException done
Event: 9.152 Thread 0x000002e47b37ba90 Thread added: 0x000002e47b37ba90
Event: 9.282 Thread 0x000002e47b37ba90 Thread exited: 0x000002e47b37ba90


Dynamic libraries:
0x00007ff6a56a0000 - 0x00007ff6a56ae000 	C:\OpenJDK17\jdk-17.0.2\bin\java.exe
0x00007ffb33250000 - 0x00007ffb33464000 	C:\WINDOWS\SYSTEM32\ntdll.dll
0x00007ffb31310000 - 0x00007ffb313d4000 	C:\WINDOWS\System32\KERNEL32.DLL
0x00007ffb309d0000 - 0x00007ffb30d74000 	C:\WINDOWS\System32\KERNELBASE.dll
0x00007ffb306d0000 - 0x00007ffb307e1000 	C:\WINDOWS\System32\ucrtbase.dll
0x00007ffb2c280000 - 0x00007ffb2c298000 	C:\OpenJDK17\jdk-17.0.2\bin\jli.dll
0x00007ffb23af0000 - 0x00007ffb23b0a000 	C:\OpenJDK17\jdk-17.0.2\bin\VCRUNTIME140.dll
0x00007ffb32640000 - 0x00007ffb327ea000 	C:\WINDOWS\System32\USER32.dll
0x00007ffb21470000 - 0x00007ffb216ff000 	C:\WINDOWS\WinSxS\amd64_microsoft.windows.common-controls_6595b64144ccf1df_6.0.22621.2070_none_2713e6537381f706\COMCTL32.dll
0x00007ffb30f60000 - 0x00007ffb30f86000 	C:\WINDOWS\System32\win32u.dll
0x00007ffb31a70000 - 0x00007ffb31b17000 	C:\WINDOWS\System32\msvcrt.dll
0x00007ffb31d60000 - 0x00007ffb31d89000 	C:\WINDOWS\System32\GDI32.dll
0x00007ffb30e40000 - 0x00007ffb30f59000 	C:\WINDOWS\System32\gdi32full.dll
0x00007ffb30630000 - 0x00007ffb306ca000 	C:\WINDOWS\System32\msvcp_win.dll
0x00007ffb31d90000 - 0x00007ffb31dc1000 	C:\WINDOWS\System32\IMM32.DLL
0x00007ffb2ca20000 - 0x00007ffb2ca2c000 	C:\OpenJDK17\jdk-17.0.2\bin\vcruntime140_1.dll
0x00007ffb1fcd0000 - 0x00007ffb1fd5d000 	C:\OpenJDK17\jdk-17.0.2\bin\msvcp140.dll
0x00007ffaddf30000 - 0x00007ffadeaf1000 	C:\OpenJDK17\jdk-17.0.2\bin\server\jvm.dll
0x00007ffb33160000 - 0x00007ffb33210000 	C:\WINDOWS\System32\ADVAPI32.dll
0x00007ffb31790000 - 0x00007ffb31836000 	C:\WINDOWS\System32\sechost.dll
0x00007ffb31950000 - 0x00007ffb31a67000 	C:\WINDOWS\System32\RPCRT4.dll
0x00007ffb313e0000 - 0x00007ffb313e8000 	C:\WINDOWS\System32\PSAPI.DLL
0x00007ffb24ef0000 - 0x00007ffb24f24000 	C:\WINDOWS\SYSTEM32\WINMM.dll
0x00007ffb2b1a0000 - 0x00007ffb2b1aa000 	C:\WINDOWS\SYSTEM32\VERSION.dll
0x00007ffb2b260000 - 0x00007ffb2b269000 	C:\WINDOWS\SYSTEM32\WSOCK32.dll
0x00007ffb31710000 - 0x00007ffb31781000 	C:\WINDOWS\System32\WS2_32.dll
0x00007ffb2f720000 - 0x00007ffb2f738000 	C:\WINDOWS\SYSTEM32\kernel.appcore.dll
0x00007ffb2c950000 - 0x00007ffb2c95a000 	C:\OpenJDK17\jdk-17.0.2\bin\jimage.dll
0x00007ffb2a850000 - 0x00007ffb2aa7e000 	C:\WINDOWS\SYSTEM32\DBGHELP.DLL
0x00007ffb31dd0000 - 0x00007ffb3215a000 	C:\WINDOWS\System32\combase.dll
0x00007ffb31070000 - 0x00007ffb31147000 	C:\WINDOWS\System32\OLEAUT32.dll
0x00007ffb2a7a0000 - 0x00007ffb2a7d2000 	C:\WINDOWS\SYSTEM32\dbgcore.DLL
0x00007ffb30f90000 - 0x00007ffb3100a000 	C:\WINDOWS\System32\bcryptPrimitives.dll
0x00007ffb1ff30000 - 0x00007ffb1ff3e000 	C:\OpenJDK17\jdk-17.0.2\bin\instrument.dll
0x00007ffb21830000 - 0x00007ffb21855000 	C:\OpenJDK17\jdk-17.0.2\bin\java.dll
0x00007ffb09ab0000 - 0x00007ffb09b86000 	C:\OpenJDK17\jdk-17.0.2\bin\jsvml.dll
0x00007ffb32940000 - 0x00007ffb33156000 	C:\WINDOWS\System32\SHELL32.dll
0x00007ffb2e5c0000 - 0x00007ffb2eeaa000 	C:\WINDOWS\SYSTEM32\windows.storage.dll
0x00007ffb2e480000 - 0x00007ffb2e5be000 	C:\WINDOWS\SYSTEM32\wintypes.dll
0x00007ffb31850000 - 0x00007ffb31943000 	C:\WINDOWS\System32\SHCORE.dll
0x00007ffb31010000 - 0x00007ffb3106e000 	C:\WINDOWS\System32\shlwapi.dll
0x00007ffb30560000 - 0x00007ffb30586000 	C:\WINDOWS\SYSTEM32\profapi.dll
0x00007ffb1c330000 - 0x00007ffb1c348000 	C:\OpenJDK17\jdk-17.0.2\bin\zip.dll
0x00007ffb1c390000 - 0x00007ffb1c3a9000 	C:\OpenJDK17\jdk-17.0.2\bin\net.dll
0x00007ffb2bad0000 - 0x00007ffb2bc07000 	C:\WINDOWS\SYSTEM32\WINHTTP.dll
0x00007ffb2fb90000 - 0x00007ffb2fbf9000 	C:\WINDOWS\system32\mswsock.dll
0x00007ffb1c350000 - 0x00007ffb1c366000 	C:\OpenJDK17\jdk-17.0.2\bin\nio.dll
0x00007ffb16c00000 - 0x00007ffb16c1a000 	C:\Program Files\JetBrains\IntelliJ IDEA Community Edition 2023.1.2\bin\breakgen64.dll
0x00007ffb05c30000 - 0x00007ffb05ca5000 	C:\Users\Pascal\AppData\Local\Temp\lwjglPascal\3.3.1-build-7\lwjgl.dll
0x00007ffb09a40000 - 0x00007ffb09aa1000 	C:\Users\Pascal\AppData\Local\Temp\lwjglPascal\3.3.1-build-7\glfw.dll
0x00007ffb0b480000 - 0x00007ffb0b4c6000 	C:\WINDOWS\SYSTEM32\dinput8.dll
0x00007ffb15ec0000 - 0x00007ffb15ed1000 	C:\WINDOWS\SYSTEM32\xinput1_4.dll
0x00007ffb30340000 - 0x00007ffb3036c000 	C:\WINDOWS\SYSTEM32\DEVOBJ.dll
0x00007ffb302f0000 - 0x00007ffb3033e000 	C:\WINDOWS\SYSTEM32\cfgmgr32.dll
0x00007ffb2e000000 - 0x00007ffb2e02b000 	C:\WINDOWS\SYSTEM32\dwmapi.dll
0x00007ffb1da40000 - 0x00007ffb1dc41000 	C:\WINDOWS\SYSTEM32\inputhost.dll
0x00007ffb2d830000 - 0x00007ffb2d963000 	C:\WINDOWS\SYSTEM32\CoreMessaging.dll
0x00007ffb2dbf0000 - 0x00007ffb2dc9b000 	C:\WINDOWS\system32\uxtheme.dll
0x00007ffb2fe90000 - 0x00007ffb2fe9c000 	C:\WINDOWS\SYSTEM32\CRYPTBASE.DLL
0x00007ffb31bc0000 - 0x00007ffb31ce7000 	C:\WINDOWS\System32\MSCTF.dll
0x00007ffb0c620000 - 0x00007ffb0c720000 	C:\WINDOWS\SYSTEM32\opengl32.dll
0x00007ffb2b2b0000 - 0x00007ffb2b2dd000 	C:\WINDOWS\SYSTEM32\GLU32.dll
0x00007ffb2dcd0000 - 0x00007ffb2dd08000 	C:\WINDOWS\SYSTEM32\dxcore.dll
0x00007ffb314a0000 - 0x00007ffb31550000 	C:\WINDOWS\System32\clbcatq.dll
0x00007ffa96030000 - 0x00007ffa9a2c2000 	C:\WINDOWS\System32\DriverStore\FileRepository\nv_dispi.inf_amd64_d3828c822366e497\nvoglv64.dll
0x00007ffb32160000 - 0x00007ffb325d4000 	C:\WINDOWS\System32\SETUPAPI.dll
0x00007ffb31570000 - 0x00007ffb3170c000 	C:\WINDOWS\System32\ole32.dll
0x00007ffb2db10000 - 0x00007ffb2db24000 	C:\WINDOWS\SYSTEM32\WTSAPI32.dll
0x00007ffb2ffd0000 - 0x00007ffb2fff8000 	C:\WINDOWS\SYSTEM32\bcrypt.dll
0x00007ffb302d0000 - 0x00007ffb302e2000 	C:\WINDOWS\SYSTEM32\msasn1.dll
0x00007ffb2b160000 - 0x00007ffb2b192000 	C:\WINDOWS\SYSTEM32\cryptnet.dll
0x00007ffb307f0000 - 0x00007ffb30957000 	C:\WINDOWS\System32\CRYPT32.dll
0x00007ffb2b000000 - 0x00007ffb2b158000 	C:\WINDOWS\SYSTEM32\drvstore.dll
0x00007ffb2fe10000 - 0x00007ffb2fe5b000 	C:\WINDOWS\SYSTEM32\wldp.dll
0x00007ffb30960000 - 0x00007ffb309cb000 	C:\WINDOWS\System32\WINTRUST.dll
0x00007ffb2f740000 - 0x00007ffb2f774000 	C:\WINDOWS\SYSTEM32\ntmarta.dll
0x00007ffaeebd0000 - 0x00007ffaeeea1000 	C:\WINDOWS\system32\nvspcap64.dll
0x00007ffb2f4e0000 - 0x00007ffb2f52d000 	C:\WINDOWS\SYSTEM32\powrprof.dll
0x00007ffb2f4c0000 - 0x00007ffb2f4d3000 	C:\WINDOWS\SYSTEM32\UMPDC.dll
0x00007ffb2f150000 - 0x00007ffb2f1b6000 	C:\WINDOWS\SYSTEM32\WINSTA.dll
0x00007ffb1b520000 - 0x00007ffb1b64d000 	C:\WINDOWS\SYSTEM32\textinputframework.dll
0x00007ffb1e570000 - 0x00007ffb1e8dc000 	C:\WINDOWS\SYSTEM32\CoreUIComponents.dll
0x00007ffb08550000 - 0x00007ffb085ad000 	C:\Users\Pascal\AppData\Local\Temp\lwjglPascal\3.3.1-build-7\lwjgl_opengl.dll
0x00007ffb29dd0000 - 0x00007ffb29de0000 	C:\OpenJDK17\jdk-17.0.2\bin\verify.dll
0x00007ffb05500000 - 0x00007ffb05581000 	C:\Users\Pascal\AppData\Local\Temp\lwjglPascal\3.3.1-build-7\lwjgl_stb.dll
0x00007ffac7130000 - 0x00007ffac76d9000 	C:\Users\Pascal\AppData\Local\Temp\lwjglPascal\3.3.1-build-7\assimp.dll

dbghelp: loaded successfully - version: 4.0.5 - missing functions: none
symbol engine: initialized successfully - sym options: 0x614 - pdb path: .;C:\OpenJDK17\jdk-17.0.2\bin;C:\WINDOWS\SYSTEM32;C:\WINDOWS\WinSxS\amd64_microsoft.windows.common-controls_6595b64144ccf1df_6.0.22621.2070_none_2713e6537381f706;C:\OpenJDK17\jdk-17.0.2\bin\server;C:\Program Files\JetBrains\IntelliJ IDEA Community Edition 2023.1.2\bin;C:\Users\Pascal\AppData\Local\Temp\lwjglPascal\3.3.1-build-7;C:\WINDOWS\System32\DriverStore\FileRepository\nv_dispi.inf_amd64_d3828c822366e497

VM Arguments:
jvm_args: -javaagent:C:\Program Files\JetBrains\IntelliJ IDEA Community Edition 2023.1.2\lib\idea_rt.jar=60530:C:\Program Files\JetBrains\IntelliJ IDEA Community Edition 2023.1.2\bin -Dfile.encoding=UTF-8 
java_command: cga.exercise.MainKt
java_class_path (initial): C:\Users\Pascal\IdeaProjects\CGASoSe2023\build\classes\kotlin\main;C:\Users\Pascal\.gradle\caches\modules-2\files-2.1\org.lwjgl\lwjgl-assimp\3.3.1\312072f451794f25670aebb0160ce6ec88aff842\lwjgl-assimp-3.3.1.jar;C:\Users\Pascal\.gradle\caches\modules-2\files-2.1\org.lwjgl\lwjgl-glfw\3.3.1\cbac1b8d30cb4795149c1ef540f912671a8616d0\lwjgl-glfw-3.3.1.jar;C:\Users\Pascal\.gradle\caches\modules-2\files-2.1\org.lwjgl\lwjgl-opengl\3.3.1\831a5533a21a5f4f81bbc51bb13e9899319b5411\lwjgl-opengl-3.3.1.jar;C:\Users\Pascal\.gradle\caches\modules-2\files-2.1\org.lwjgl\lwjgl-stb\3.3.1\b119297cf8ed01f247abe8685857f8e7fcf5980f\lwjgl-stb-3.3.1.jar;C:\Users\Pascal\.gradle\caches\modules-2\files-2.1\org.lwjgl\lwjgl\3.3.1\ae58664f88e18a9bb2c77b063833ca7aaec484cb\lwjgl-3.3.1.jar;C:\Users\Pascal\.gradle\caches\modules-2\files-2.1\org.joml\joml\1.9.24\6dfea02caa5a5dd2f0b6da2abbe0b2edca8c8cb9\joml-1.9.24.jar;C:\Users\Pascal\.gradle\caches\modules-2\files-2.1\org.jetbrains.kotlin\kotlin-stdlib-jdk8\1.8.0\ed04f49e186a116753ad70d34f0ac2925d1d8020\kotlin-stdlib-jdk8-1.8.0.jar;C:\Users\Pascal\.gradle\caches\modules-2\files-2.1\org.jetbrains.kotlin\kotlin-stdlib-jdk7\1.8.0\3c91271347f678c239607abb676d4032a7898427\kotlin-stdlib-jdk7-1.8.0.jar;C:\Users\Pascal\.gradle\caches\modules-2\files-2.1\org.jetbrains.kotlin\kotlin-stdlib\1.8.0\1796921c7a3e2e2665a83e6c8d33399336cd39bc\kotlin-stdlib-1.8.0.jar;C:\Users\Pascal\.gradle\caches\modules-2\files-2.1\org.jetbrains.kotlin\kotlin-stdlib-common\1.8.0\f7197e7cc76453ac59f8b0f8d5137cc600becd36\kotlin-stdlib-common-1.8.0.jar;C:\Users\Pascal\.gradle\caches\modules-2\files-2.1\org.jetbrains\annotations\13.0\919f0dfe192fb4e063e7dacadee7f8bb9a2672a9\annotations-13.0.jar;C:\Users\Pascal\.gradle\caches\modules-2\files-2.1\org.lwjgl\lwjgl-assimp\3.3.1\bfa2a0d57acbf952b716d0ad8a3acbd7ad9f5639\lwjgl-assimp-3.3.1-natives-windows.jar;C:\Users\Pascal\.gradle\caches\modules-2\files-2.1\org.lwjgl\lwjgl-glfw\3.3.1\ed892f945cf7e79c8756796f32d00fa4cea
Launcher Type: SUN_STANDARD

[Global flags]
     intx CICompilerCount                          = 4                                         {product} {ergonomic}
     uint ConcGCThreads                            = 3                                         {product} {ergonomic}
     uint G1ConcRefinementThreads                  = 10                                        {product} {ergonomic}
   size_t G1HeapRegionSize                         = 2097152                                   {product} {ergonomic}
    uintx GCDrainStackTargetSize                   = 64                                        {product} {ergonomic}
   size_t InitialHeapSize                          = 268435456                                 {product} {ergonomic}
   size_t MarkStackSize                            = 4194304                                   {product} {ergonomic}
   size_t MaxHeapSize                              = 4276092928                                {product} {ergonomic}
   size_t MaxNewSize                               = 2564816896                                {product} {ergonomic}
   size_t MinHeapDeltaBytes                        = 2097152                                   {product} {ergonomic}
   size_t MinHeapSize                              = 8388608                                   {product} {ergonomic}
    uintx NonNMethodCodeHeapSize                   = 5839372                                {pd product} {ergonomic}
    uintx NonProfiledCodeHeapSize                  = 122909434                              {pd product} {ergonomic}
    uintx ProfiledCodeHeapSize                     = 122909434                              {pd product} {ergonomic}
    uintx ReservedCodeCacheSize                    = 251658240                              {pd product} {ergonomic}
     bool SegmentedCodeCache                       = true                                      {product} {ergonomic}
   size_t SoftMaxHeapSize                          = 4276092928                             {manageable} {ergonomic}
     bool UseCompressedClassPointers               = true                           {product lp64_product} {ergonomic}
     bool UseCompressedOops                        = true                           {product lp64_product} {ergonomic}
     bool UseG1GC                                  = true                                      {product} {ergonomic}
     bool UseLargePagesIndividualAllocation        = false                                  {pd product} {ergonomic}

Logging:
Log output configuration:
 #0: stdout all=warning uptime,level,tags
 #1: stderr all=off uptime,level,tags

Environment Variables:
JAVA_HOME=C:\OpenJDK17\jdk-17.0.2
PATH=C:\OpenJDK17\jdk-17.0.2\bin;C:\WINDOWS\system32;C:\WINDOWS;C:\WINDOWS\System32\Wbem;C:\WINDOWS\System32\WindowsPowerShell\v1.0\;C:\WINDOWS\System32\OpenSSH\;C:\Program Files\NVIDIA Corporation\NVIDIA NvDLISR;C:\Program Files (x86)\NVIDIA Corporation\PhysX\Common;C:\Program Files (x86)\Common Files\Oracle\Java\javapath;C:\Program Files\Git\cmd;C:\Program Files\nodejs\;C:\Program Files\dotnet\;C:\Users\Pascal\AppData\Local\Microsoft\WindowsApps;C:\Users\Pascal\AppData\Roaming\npm;C:\Users\Pascal\AppData\Local\Programs\Microsoft VS Code\bin;C:\Users\Pascal\.dotnet\tools
USERNAME=Pascal
OS=Windows_NT
PROCESSOR_IDENTIFIER=AMD64 Family 23 Model 113 Stepping 0, AuthenticAMD



---------------  S Y S T E M  ---------------

OS:
 Windows 11 , 64 bit Build 22621 (10.0.22621.2070)
OS uptime: 12 days 19:00 hours
Hyper-V role detected

CPU: total 12 (initial active 12) (12 cores per cpu, 2 threads per core) family 23 model 113 stepping 0 microcode 0x0, cx8, cmov, fxsr, ht, mmx, 3dnowpref, sse, sse2, sse3, ssse3, sse4a, sse4.1, sse4.2, popcnt, lzcnt, tsc, tscinvbit, avx, avx2, aes, clmul, bmi1, bmi2, adx, sha, fma, vzeroupper, clflush, clflushopt, hv

Memory: 4k page, system-wide physical 16309M (3050M free)
TotalPageFile size 24165M (AvailPageFile size 2894M)
current process WorkingSet (physical memory assigned to process): 638M, peak: 897M
current process commit charge ("private bytes"): 1627M, peak: 1759M

vm_info: OpenJDK 64-Bit Server VM (17.0.2+8-86) for windows-amd64 JRE (17.0.2+8-86), built on Dec  7 2021 21:49:10 by "mach5one" with MS VC++ 16.8 / 16.9 (VS2019)

END.
