#
# A fatal error has been detected by the Java Runtime Environment:
#
#  EXCEPTION_ACCESS_VIOLATION (0xc0000005) at pc=0x0000019053155d8f, pid=13436, tid=12856
#
# JRE version: OpenJDK Runtime Environment (17.0.2+8) (build 17.0.2+8-86)
# Java VM: OpenJDK 64-Bit Server VM (17.0.2+8-86, mixed mode, sharing, tiered, compressed oops, compressed class ptrs, g1 gc, windows-amd64)
# Problematic frame:
# J 1287 c2 org.lwjgl.system.MemoryUtil.memGetAddress(J)J (31 bytes) @ 0x0000019053155d8f [0x0000019053155d80+0x000000000000000f]
#
# No core dump will be written. Minidumps are not enabled by default on client versions of Windows
#
# If you would like to submit a bug report, please visit:
#   https://bugreport.java.com/bugreport/crash.jsp
#

---------------  S U M M A R Y ------------

Command Line: -javaagent:C:\Program Files\JetBrains\IntelliJ IDEA Community Edition 2023.1.2\lib\idea_rt.jar=54249:C:\Program Files\JetBrains\IntelliJ IDEA Community Edition 2023.1.2\bin -Dfile.encoding=UTF-8 cga.exercise.MainKt

Host: AMD Ryzen 5 3600 6-Core Processor              , 12 cores, 15G,  Windows 11 , 64 bit Build 22621 (10.0.22621.2070)
Time: Tue Aug 22 19:57:27 2023 Mitteleuropäische Sommerzeit elapsed time: 6.912529 seconds (0d 0h 0m 6s)

---------------  T H R E A D  ---------------

Current thread (0x0000019043d730c0):  JavaThread "main" [_thread_in_Java, id=12856, stack(0x0000002eb0400000,0x0000002eb0500000)]

Stack: [0x0000002eb0400000,0x0000002eb0500000],  sp=0x0000002eb04ff230,  free space=1020k
Native frames: (J=compiled Java code, j=interpreted, Vv=VM code, C=native code)
C  0x0000019053155d8f


siginfo: EXCEPTION_ACCESS_VIOLATION (0xc0000005), reading address 0x0000000000000418


Register to memory mapping:

RIP=0x0000019053155d8f is at entry_point+15 in (nmethod*)0x0000019053155c10
RAX={method} {0x000001906745f698} 'memGetAddress' '(J)J' in 'org/lwjgl/system/MemoryUtil'
RBX={method} {0x000001906745f698} 'memGetAddress' '(J)J' in 'org/lwjgl/system/MemoryUtil'
RCX=0x0000019067760000 is pointing into metadata
RDX=0x0000000000000418 is an unknown value
RSP=0x0000002eb04ff230 is pointing into the stack for thread: 0x0000019043d730c0
RBP=0x0000002eb04ff2b0 is pointing into the stack for thread: 0x0000019043d730c0
RSI=0x0000000000016352 is an unknown value
RDI=0x0000000800c2fa08 is a pointer to class: 
org.lwjgl.assimp.AIMaterialProperty {0x0000000800c2fa10}
 - instance size:     3
 - klass size:        80
 - access:            public synchronized 
 - state:             fully_initialized
 - name:              'org/lwjgl/assimp/AIMaterialProperty'
 - super:             'org/lwjgl/system/Struct'
 - sub:               
 - arrays:            NULL
 - methods:           Array<T>(0x000001906775eca8)
 - method ordering:   Array<T>(0x00000008008f01d8)
 - default_methods:   Array<T>(0x0000000000000000)
 - local interfaces:  Array<T>(0x00000008005cf2a8)
 - trans. interfaces: Array<T>(0x0000019067421048)
 - constants:         constant pool [177] {0x000001906775e620} for 'org/lwjgl/assimp/AIMaterialProperty' cache=0x0000019067760000
 - class loader data:  loader data: 0x0000019067a31a40 for instance a 'jdk/internal/loader/ClassLoaders$AppClassLoader'{0x0000000707800000}
 - source file:       'AIMaterialProperty.java'
 - class annotations:       Array<T>(0x000001906775fbb0)
 - class type annotations:  Array<T>(0x0000000000000000)
 - field annotations:       Array<T>(0x0000000000000000)
 - field type annotations:  Array<T>(0x0000000000000000)
 - inner classes:     Array<T>(0x000001906775fbc8)
 - nest members:     Array<T>(0x00000008005cf238)
 - permitted subclasses:     Array<T>(0x00000008005cf238)
 - java mirror:       a 'java/lang/Class'{0x000000070788f800} = 'org/lwjgl/assimp/AIMaterialProperty'
 - vtable length      17  (start addr: 0x0000000800c2fbd0)
 - itable length      5 (start addr: 0x0000000800c2fc58)
 - ---- static fields (4 words):
 - public static final 'SIZEOF' 'I' @112 
 - public static final 'ALIGNOF' 'I' @116 
 - public static final 'MKEY' 'I' @120 
 - public static final 'MSEMANTIC' 'I' @124 
 - public static final 'MINDEX' 'I' @128 
 - public static final 'MDATALENGTH' 'I' @132 
 - public static final 'MTYPE' 'I' @136 
 - public static final 'MDATA' 'I' @140 
 - ---- non-static fields (3 words):
 - protected 'address' 'J' @16 
 - protected 'container' 'Ljava/nio/ByteBuffer;' @12 
 - non-static oop maps: 12-12 
R8 =0x0 is NULL
R9 =0x000000070788f800 is an oop: java.lang.Class 
{0x000000070788f800} - klass: 'java/lang/Class'
 - ---- fields (total size 18 words):
 - private volatile transient 'classRedefinedCount' 'I' @12  0
 - private volatile transient 'cachedConstructor' 'Ljava/lang/reflect/Constructor;' @40  NULL (0)
 - private transient 'name' 'Ljava/lang/String;' @44  "org.lwjgl.assimp.AIMaterialProperty"{0x00000007079430d0} (e0f2861a)
 - private transient 'module' 'Ljava/lang/Module;' @48  a 'java/lang/Module'{0x00000007078562d0} (e0f0ac5a)
 - private final 'classLoader' 'Ljava/lang/ClassLoader;' @52  a 'jdk/internal/loader/ClassLoaders$AppClassLoader'{0x0000000707800000} (e0f00000)
 - private transient 'classData' 'Ljava/lang/Object;' @56  NULL (0)
 - private transient 'packageName' 'Ljava/lang/String;' @60  "org.lwjgl.assimp"{0x0000000707942c70} (e0f2858e)
 - private final 'componentType' 'Ljava/lang/Class;' @64  NULL (0)
 - private volatile transient 'reflectionData' 'Ljava/lang/ref/SoftReference;' @68  NULL (0)
 - private volatile transient 'genericInfo' 'Lsun/reflect/generics/repository/ClassRepository;' @72  NULL (0)
 - private volatile transient 'enumConstants' '[Ljava/lang/Object;' @76  NULL (0)
 - private volatile transient 'enumConstantDirectory' 'Ljava/util/Map;' @80  NULL (0)
 - private volatile transient 'annotationData' 'Ljava/lang/Class$AnnotationData;' @84  NULL (0)
 - private volatile transient 'annotationType' 'Lsun/reflect/annotation/AnnotationType;' @88  NULL (0)
 - transient 'classValueMap' 'Ljava/lang/ClassValue$ClassValueMap;' @92  NULL (0)
 - signature: Lorg/lwjgl/assimp/AIMaterialProperty;
 - fake entry for mirror: 'org/lwjgl/assimp/AIMaterialProperty'
 - fake entry for array: NULL
 - fake entry for oop_size: 18
 - fake entry for static_oop_field_count: 0
 - public static final 'SIZEOF' 'I' @112  1056 (420)
 - public static final 'ALIGNOF' 'I' @116  8
 - public static final 'MKEY' 'I' @120  0
 - public static final 'MSEMANTIC' 'I' @124  1028 (404)
 - public static final 'MINDEX' 'I' @128  1032 (408)
 - public static final 'MDATALENGTH' 'I' @132  1036 (40c)
 - public static final 'MTYPE' 'I' @136  1040 (410)
 - public static final 'MDATA' 'I' @140  1048 (418)
R10=0x0000000000000418 is an unknown value
R11=0x0000019053155d80 is at entry_point+0 in (nmethod*)0x0000019053155c10
R12=0x0 is NULL
R13=0x0000002eb04ff258 is pointing into the stack for thread: 0x0000019043d730c0
R14=0x0000002eb04ff2c8 is pointing into the stack for thread: 0x0000019043d730c0
R15=0x0000019043d730c0 is a thread


Registers:
RAX=0x000001906745f690, RBX=0x000001906745f690, RCX=0x0000019067760000, RDX=0x0000000000000418
RSP=0x0000002eb04ff230, RBP=0x0000002eb04ff2b0, RSI=0x0000000000016352, RDI=0x0000000800c2fa08
R8 =0x0000000000000000, R9 =0x000000070788f800, R10=0x0000000000000418, R11=0x0000019053155d80
R12=0x0000000000000000, R13=0x0000002eb04ff258, R14=0x0000002eb04ff2c8, R15=0x0000019043d730c0
RIP=0x0000019053155d8f, EFLAGS=0x0000000000010206

Top of Stack: (sp=0x0000002eb04ff230)
0x0000002eb04ff230:   000001904b5b8e10 0000000000000000
0x0000002eb04ff240:   0000002eb04ff2b0 000001904b5b95cd
0x0000002eb04ff250:   000001904b5b95cd 0000000000000418
0x0000002eb04ff260:   0000000000000000 0000002eb04ff268
0x0000002eb04ff270:   000001906775fa0e 0000002eb04ff2c8
0x0000002eb04ff280:   0000019067760000 00000190677a2df8
0x0000002eb04ff290:   000000070788f800 000001906775fa30
0x0000002eb04ff2a0:   0000002eb04ff258 0000002eb04ff2c0
0x0000002eb04ff2b0:   0000002eb04ff318 000001904b5b9657
0x0000002eb04ff2c0:   0000000000000000 0000000000000000
0x0000002eb04ff2d0:   0000002eb04ff2d0 000001906775f2bc
0x0000002eb04ff2e0:   0000002eb04ff328 0000019067760000
0x0000002eb04ff2f0:   00000190677a2c98 000000070788f800
0x0000002eb04ff300:   000001906775f2e0 0000002eb04ff2c0
0x0000002eb04ff310:   0000002eb04ff330 000000070b503b90
0x0000002eb04ff320:   00000190531980a8 000000070b503bb8 

Instructions: (pc=0x0000019053155d8f)
0x0000019053155c8f:   00 c5 5d 15 53 90 01 00 00 00 00 00 00 00 00 00
0x0000019053155c9f:   00 e8 5d 15 53 90 01 00 00 e8 5d 15 53 90 01 00
0x0000019053155caf:   00 e8 5d 15 53 90 01 00 00 e8 5d 15 53 90 01 00
0x0000019053155cbf:   00 00 00 00 00 00 00 00 00 00 00 00 00 00 00 00
0x0000019053155ccf:   00 ff ff ff ff 00 00 00 00 00 00 00 00 00 00 00
0x0000019053155cdf:   00 00 00 00 00 00 00 00 00 80 5d 15 53 90 01 00
0x0000019053155cef:   00 80 5d 15 53 90 01 00 00 80 5d 15 53 90 01 00
0x0000019053155cff:   00 b0 01 00 00 ff ff ff ff 70 01 00 00 b0 01 00
0x0000019053155d0f:   00 c8 01 00 00 d0 01 00 00 00 00 00 00 d8 01 00
0x0000019053155d1f:   00 f8 01 00 00 00 02 00 00 00 02 00 00 00 02 00
0x0000019053155d2f:   00 00 02 00 00 00 02 00 00 00 02 00 00 00 00 00
0x0000019053155d3f:   00 07 05 00 00 04 00 00 00 00 00 00 00 02 00 00
0x0000019053155d4f:   00 00 00 00 00 00 00 00 00 df 01 00 00 02 00 00
0x0000019053155d5f:   00 ff ff ff ff ff ff ff ff 17 b0 0e f0 0e 80 11
0x0000019053155d6f:   64 0a 00 00 64 0f 64 00 00 00 00 00 00 00 00 00
0x0000019053155d7f:   00 48 81 ec 18 00 00 00 48 89 6c 24 10 4c 8b d2
0x0000019053155d8f:   49 8b 02 48 83 c4 10 5d 49 3b a7 40 03 00 00 0f
0x0000019053155d9f:   87 01 00 00 00 c3 49 ba 97 5d 15 53 90 01 00 00
0x0000019053155daf:   4d 89 97 58 03 00 00 e9 45 d6 4a f8 f4 f4 f4 f4
0x0000019053155dbf:   f4 e9 bb db 54 f8 e8 00 00 00 00 48 83 2c 24 05
0x0000019053155dcf:   e9 cc c8 4a f8 f4 f4 f4 f4 00 00 80 07 07 00 00
0x0000019053155ddf:   00 ff 00 00 00 00 00 00 00 ff ff ff ff 00 00 00
0x0000019053155def:   00 00 00 00 00 00 00 00 00 59 00 00 00 00 00 00
0x0000019053155dff:   00 00 00 00 00 00 00 00 00 00 00 00 00 00 00 00
0x0000019053155e0f:   00 00 00 00 00 00 00 00 00 00 00 00 00 00 00 00
0x0000019053155e1f:   00 00 00 00 00 00 00 00 00 00 00 00 00 00 00 00
0x0000019053155e2f:   00 00 00 00 00 00 00 00 00 00 00 00 00 00 00 00
0x0000019053155e3f:   00 00 00 00 00 00 00 00 00 00 00 00 00 00 00 00
0x0000019053155e4f:   00 00 00 00 00 00 00 00 00 00 00 00 00 00 00 00
0x0000019053155e5f:   00 00 00 00 00 00 00 00 00 00 00 00 00 00 00 00
0x0000019053155e6f:   00 00 00 00 00 00 00 00 00 00 00 00 00 00 00 00
0x0000019053155e7f:   00 00 00 00 00 00 00 00 00 00 00 00 00 00 00 00 


Stack slot to memory mapping:
stack at sp + 0 slots: 0x000001904b5b8e10 is at code_begin+-112 in 
[CodeBlob (0x000001904b5b8e10)]
Framesize: 0
BufferBlob (0x000001904b5b8e10) used for Interpreter
stack at sp + 1 slots: 0x0 is NULL
stack at sp + 2 slots: 0x0000002eb04ff2b0 is pointing into the stack for thread: 0x0000019043d730c0
stack at sp + 3 slots: 0x000001904b5b95cd is at code_begin+1325 in an Interpreter codelet
return entry points  [0x000001904b5b90a0, 0x000001904b5b9ba0]  2816 bytes
stack at sp + 4 slots: 0x000001904b5b95cd is at code_begin+1325 in an Interpreter codelet
return entry points  [0x000001904b5b90a0, 0x000001904b5b9ba0]  2816 bytes
stack at sp + 5 slots: 0x0000000000000418 is an unknown value
stack at sp + 6 slots: 0x0 is NULL
stack at sp + 7 slots: 0x0000002eb04ff268 is pointing into the stack for thread: 0x0000019043d730c0

--------------------------------------------------------------------------------
[Constant Pool (empty)]

--------------------------------------------------------------------------------

[MachCode]
  0x0000019053155d80: 4881 ec18 | 0000 0048 | 896c 2410 | 4c8b d249 | 8b02 4883 | c410 5d49 | 3ba7 4003 | 0000 0f87 
  0x0000019053155da0: 0100 0000 | c349 ba97 | 5d15 5390 | 0100 004d | 8997 5803 | 0000 e945 | d64a f8f4 | f4f4 f4f4 
  0x0000019053155dc0: e9bb db54 | f8e8 0000 | 0000 4883 | 2c24 05e9 | ccc8 4af8 | f4f4 f4f4 
[/MachCode]
--------------------------------------------------------------------------------


---------------  P R O C E S S  ---------------

Threads class SMR info:
_java_thread_list=0x000001906fc86e40, length=13, elements={
0x0000019043d730c0, 0x0000019066ef0770, 0x0000019066ef1320, 0x0000019066f04950,
0x0000019066f05500, 0x0000019066f060b0, 0x0000019066f09a80, 0x0000019066f0c820,
0x0000019066f0f320, 0x0000019066f0fc20, 0x00000190679ebb50, 0x0000019067bd1450,
0x0000019067bd38d0
}

Java Threads: ( => current thread )
=>0x0000019043d730c0 JavaThread "main" [_thread_in_Java, id=12856, stack(0x0000002eb0400000,0x0000002eb0500000)]
  0x0000019066ef0770 JavaThread "Reference Handler" daemon [_thread_blocked, id=19500, stack(0x0000002eb0b00000,0x0000002eb0c00000)]
  0x0000019066ef1320 JavaThread "Finalizer" daemon [_thread_blocked, id=11984, stack(0x0000002eb0c00000,0x0000002eb0d00000)]
  0x0000019066f04950 JavaThread "Signal Dispatcher" daemon [_thread_blocked, id=7692, stack(0x0000002eb0d00000,0x0000002eb0e00000)]
  0x0000019066f05500 JavaThread "Attach Listener" daemon [_thread_blocked, id=10300, stack(0x0000002eb0e00000,0x0000002eb0f00000)]
  0x0000019066f060b0 JavaThread "Service Thread" daemon [_thread_blocked, id=3048, stack(0x0000002eb0f00000,0x0000002eb1000000)]
  0x0000019066f09a80 JavaThread "Monitor Deflation Thread" daemon [_thread_blocked, id=16504, stack(0x0000002eb1000000,0x0000002eb1100000)]
  0x0000019066f0c820 JavaThread "C2 CompilerThread0" daemon [_thread_blocked, id=11952, stack(0x0000002eb1100000,0x0000002eb1200000)]
  0x0000019066f0f320 JavaThread "C1 CompilerThread0" daemon [_thread_blocked, id=3464, stack(0x0000002eb1200000,0x0000002eb1300000)]
  0x0000019066f0fc20 JavaThread "Sweeper thread" daemon [_thread_blocked, id=15960, stack(0x0000002eb1300000,0x0000002eb1400000)]
  0x00000190679ebb50 JavaThread "Common-Cleaner" daemon [_thread_blocked, id=15308, stack(0x0000002eb1400000,0x0000002eb1500000)]
  0x0000019067bd1450 JavaThread "Monitor Ctrl-Break" daemon [_thread_in_native, id=12772, stack(0x0000002eb1500000,0x0000002eb1600000)]
  0x0000019067bd38d0 JavaThread "Notification Thread" daemon [_thread_blocked, id=3288, stack(0x0000002eb1600000,0x0000002eb1700000)]

Other Threads:
  0x0000019066eecce0 VMThread "VM Thread" [stack: 0x0000002eb0a00000,0x0000002eb0b00000] [id=316]
  0x0000019067bd1920 WatcherThread [stack: 0x0000002eb1700000,0x0000002eb1800000] [id=8184]
  0x0000019041c9e7f0 GCTaskThread "GC Thread#0" [stack: 0x0000002eb0500000,0x0000002eb0600000] [id=13976]
  0x000001906f390f40 GCTaskThread "GC Thread#1" [stack: 0x0000002eb2000000,0x0000002eb2100000] [id=1740]
  0x000001906f3911f0 GCTaskThread "GC Thread#2" [stack: 0x0000002eb2100000,0x0000002eb2200000] [id=8916]
  0x000001906f59eb20 GCTaskThread "GC Thread#3" [stack: 0x0000002eb2200000,0x0000002eb2300000] [id=5868]
  0x000001906f59edd0 GCTaskThread "GC Thread#4" [stack: 0x0000002eb2300000,0x0000002eb2400000] [id=15760]
  0x000001906f3cb7e0 GCTaskThread "GC Thread#5" [stack: 0x0000002eb2400000,0x0000002eb2500000] [id=12632]
  0x000001906f4842a0 GCTaskThread "GC Thread#6" [stack: 0x0000002eb2500000,0x0000002eb2600000] [id=5792]
  0x000001906f154a80 GCTaskThread "GC Thread#7" [stack: 0x0000002eb2600000,0x0000002eb2700000] [id=6084]
  0x000001906f6bfc50 GCTaskThread "GC Thread#8" [stack: 0x0000002eb1f00000,0x0000002eb2000000] [id=14624]
  0x00000190702e6260 GCTaskThread "GC Thread#9" [stack: 0x0000002eb2700000,0x0000002eb2800000] [id=9292]
  0x0000019043dcf160 ConcurrentGCThread "G1 Main Marker" [stack: 0x0000002eb0600000,0x0000002eb0700000] [id=2820]
  0x0000019043dcfbe0 ConcurrentGCThread "G1 Conc#0" [stack: 0x0000002eb0700000,0x0000002eb0800000] [id=7068]
  0x0000019066db30e0 ConcurrentGCThread "G1 Refine#0" [stack: 0x0000002eb0800000,0x0000002eb0900000] [id=21080]
  0x0000019066db49b0 ConcurrentGCThread "G1 Service" [stack: 0x0000002eb0900000,0x0000002eb0a00000] [id=15892]

Threads with active compile tasks:

VM state: not at safepoint (normal execution)

VM Mutex/Monitor currently owned by a thread: None

Heap address: 0x0000000701200000, size: 4078 MB, Compressed Oops mode: Zero based, Oop shift amount: 3

CDS archive(s) mapped at: [0x0000000800000000-0x0000000800bc0000-0x0000000800bc0000), size 12320768, SharedBaseAddress: 0x0000000800000000, ArchiveRelocationMode: 0.
Compressed class space mapped at: 0x0000000800c00000-0x0000000840c00000, reserved size: 1073741824
Narrow klass base: 0x0000000800000000, Narrow klass shift: 0, Narrow klass range: 0x100000000

GC Precious Log:
 CPUs: 12 total, 12 available
 Memory: 16309M
 Large Page Support: Disabled
 NUMA Support: Disabled
 Compressed Oops: Enabled (Zero based)
 Heap Region Size: 2M
 Heap Min Capacity: 8M
 Heap Initial Capacity: 256M
 Heap Max Capacity: 4078M
 Pre-touch: Disabled
 Parallel Workers: 10
 Concurrent Workers: 3
 Concurrent Refinement Workers: 10
 Periodic GC: Disabled

Heap:
 garbage-first heap   total 262144K, used 97448K [0x0000000701200000, 0x0000000800000000)
  region size 2048K, 50 young (102400K), 3 survivors (6144K)
 Metaspace       used 7091K, committed 7296K, reserved 1064960K
  class space    used 355K, committed 448K, reserved 1048576K

Heap Regions: E=young(eden), S=young(survivor), O=old, HS=humongous(starts), HC=humongous(continues), CS=collection set, F=free, OA=open archive, CA=closed archive, TAMS=top-at-mark-start (previous, next)
|   0|0x0000000701200000, 0x0000000701200000, 0x0000000701400000|  0%| F|  |TAMS 0x0000000701200000, 0x0000000701200000| Untracked 
|   1|0x0000000701400000, 0x0000000701400000, 0x0000000701600000|  0%| F|  |TAMS 0x0000000701400000, 0x0000000701400000| Untracked 
|   2|0x0000000701600000, 0x0000000701600000, 0x0000000701800000|  0%| F|  |TAMS 0x0000000701600000, 0x0000000701600000| Untracked 
|   3|0x0000000701800000, 0x0000000701800000, 0x0000000701a00000|  0%| F|  |TAMS 0x0000000701800000, 0x0000000701800000| Untracked 
|   4|0x0000000701a00000, 0x0000000701a00000, 0x0000000701c00000|  0%| F|  |TAMS 0x0000000701a00000, 0x0000000701a00000| Untracked 
|   5|0x0000000701c00000, 0x0000000701c00000, 0x0000000701e00000|  0%| F|  |TAMS 0x0000000701c00000, 0x0000000701c00000| Untracked 
|   6|0x0000000701e00000, 0x0000000701e00000, 0x0000000702000000|  0%| F|  |TAMS 0x0000000701e00000, 0x0000000701e00000| Untracked 
|   7|0x0000000702000000, 0x0000000702000000, 0x0000000702200000|  0%| F|  |TAMS 0x0000000702000000, 0x0000000702000000| Untracked 
|   8|0x0000000702200000, 0x0000000702200000, 0x0000000702400000|  0%| F|  |TAMS 0x0000000702200000, 0x0000000702200000| Untracked 
|   9|0x0000000702400000, 0x0000000702400000, 0x0000000702600000|  0%| F|  |TAMS 0x0000000702400000, 0x0000000702400000| Untracked 
|  10|0x0000000702600000, 0x0000000702600000, 0x0000000702800000|  0%| F|  |TAMS 0x0000000702600000, 0x0000000702600000| Untracked 
|  11|0x0000000702800000, 0x0000000702800000, 0x0000000702a00000|  0%| F|  |TAMS 0x0000000702800000, 0x0000000702800000| Untracked 
|  12|0x0000000702a00000, 0x0000000702a00000, 0x0000000702c00000|  0%| F|  |TAMS 0x0000000702a00000, 0x0000000702a00000| Untracked 
|  13|0x0000000702c00000, 0x0000000702c00000, 0x0000000702e00000|  0%| F|  |TAMS 0x0000000702c00000, 0x0000000702c00000| Untracked 
|  14|0x0000000702e00000, 0x0000000702e00000, 0x0000000703000000|  0%| F|  |TAMS 0x0000000702e00000, 0x0000000702e00000| Untracked 
|  15|0x0000000703000000, 0x0000000703000000, 0x0000000703200000|  0%| F|  |TAMS 0x0000000703000000, 0x0000000703000000| Untracked 
|  16|0x0000000703200000, 0x0000000703200000, 0x0000000703400000|  0%| F|  |TAMS 0x0000000703200000, 0x0000000703200000| Untracked 
|  17|0x0000000703400000, 0x0000000703400000, 0x0000000703600000|  0%| F|  |TAMS 0x0000000703400000, 0x0000000703400000| Untracked 
|  18|0x0000000703600000, 0x0000000703600000, 0x0000000703800000|  0%| F|  |TAMS 0x0000000703600000, 0x0000000703600000| Untracked 
|  19|0x0000000703800000, 0x0000000703800000, 0x0000000703a00000|  0%| F|  |TAMS 0x0000000703800000, 0x0000000703800000| Untracked 
|  20|0x0000000703a00000, 0x0000000703a00000, 0x0000000703c00000|  0%| F|  |TAMS 0x0000000703a00000, 0x0000000703a00000| Untracked 
|  21|0x0000000703c00000, 0x0000000703c00000, 0x0000000703e00000|  0%| F|  |TAMS 0x0000000703c00000, 0x0000000703c00000| Untracked 
|  22|0x0000000703e00000, 0x0000000703e00000, 0x0000000704000000|  0%| F|  |TAMS 0x0000000703e00000, 0x0000000703e00000| Untracked 
|  23|0x0000000704000000, 0x0000000704000000, 0x0000000704200000|  0%| F|  |TAMS 0x0000000704000000, 0x0000000704000000| Untracked 
|  24|0x0000000704200000, 0x0000000704200000, 0x0000000704400000|  0%| F|  |TAMS 0x0000000704200000, 0x0000000704200000| Untracked 
|  25|0x0000000704400000, 0x0000000704400000, 0x0000000704600000|  0%| F|  |TAMS 0x0000000704400000, 0x0000000704400000| Untracked 
|  26|0x0000000704600000, 0x0000000704600000, 0x0000000704800000|  0%| F|  |TAMS 0x0000000704600000, 0x0000000704600000| Untracked 
|  27|0x0000000704800000, 0x0000000704800000, 0x0000000704a00000|  0%| F|  |TAMS 0x0000000704800000, 0x0000000704800000| Untracked 
|  28|0x0000000704a00000, 0x0000000704a00000, 0x0000000704c00000|  0%| F|  |TAMS 0x0000000704a00000, 0x0000000704a00000| Untracked 
|  29|0x0000000704c00000, 0x0000000704c00000, 0x0000000704e00000|  0%| F|  |TAMS 0x0000000704c00000, 0x0000000704c00000| Untracked 
|  30|0x0000000704e00000, 0x0000000704e00000, 0x0000000705000000|  0%| F|  |TAMS 0x0000000704e00000, 0x0000000704e00000| Untracked 
|  31|0x0000000705000000, 0x0000000705000000, 0x0000000705200000|  0%| F|  |TAMS 0x0000000705000000, 0x0000000705000000| Untracked 
|  32|0x0000000705200000, 0x0000000705200000, 0x0000000705400000|  0%| F|  |TAMS 0x0000000705200000, 0x0000000705200000| Untracked 
|  33|0x0000000705400000, 0x0000000705400000, 0x0000000705600000|  0%| F|  |TAMS 0x0000000705400000, 0x0000000705400000| Untracked 
|  34|0x0000000705600000, 0x0000000705600000, 0x0000000705800000|  0%| F|  |TAMS 0x0000000705600000, 0x0000000705600000| Untracked 
|  35|0x0000000705800000, 0x0000000705800000, 0x0000000705a00000|  0%| F|  |TAMS 0x0000000705800000, 0x0000000705800000| Untracked 
|  36|0x0000000705a00000, 0x0000000705a00000, 0x0000000705c00000|  0%| F|  |TAMS 0x0000000705a00000, 0x0000000705a00000| Untracked 
|  37|0x0000000705c00000, 0x0000000705c00000, 0x0000000705e00000|  0%| F|  |TAMS 0x0000000705c00000, 0x0000000705c00000| Untracked 
|  38|0x0000000705e00000, 0x0000000705e00000, 0x0000000706000000|  0%| F|  |TAMS 0x0000000705e00000, 0x0000000705e00000| Untracked 
|  39|0x0000000706000000, 0x0000000706000000, 0x0000000706200000|  0%| F|  |TAMS 0x0000000706000000, 0x0000000706000000| Untracked 
|  40|0x0000000706200000, 0x0000000706200000, 0x0000000706400000|  0%| F|  |TAMS 0x0000000706200000, 0x0000000706200000| Untracked 
|  41|0x0000000706400000, 0x0000000706400000, 0x0000000706600000|  0%| F|  |TAMS 0x0000000706400000, 0x0000000706400000| Untracked 
|  42|0x0000000706600000, 0x0000000706600000, 0x0000000706800000|  0%| F|  |TAMS 0x0000000706600000, 0x0000000706600000| Untracked 
|  43|0x0000000706800000, 0x0000000706800000, 0x0000000706a00000|  0%| F|  |TAMS 0x0000000706800000, 0x0000000706800000| Untracked 
|  44|0x0000000706a00000, 0x0000000706a00000, 0x0000000706c00000|  0%| F|  |TAMS 0x0000000706a00000, 0x0000000706a00000| Untracked 
|  45|0x0000000706c00000, 0x0000000706c00000, 0x0000000706e00000|  0%| F|  |TAMS 0x0000000706c00000, 0x0000000706c00000| Untracked 
|  46|0x0000000706e00000, 0x0000000706e00000, 0x0000000707000000|  0%| F|  |TAMS 0x0000000706e00000, 0x0000000706e00000| Untracked 
|  47|0x0000000707000000, 0x0000000707000000, 0x0000000707200000|  0%| F|  |TAMS 0x0000000707000000, 0x0000000707000000| Untracked 
|  48|0x0000000707200000, 0x0000000707200000, 0x0000000707400000|  0%| F|  |TAMS 0x0000000707200000, 0x0000000707200000| Untracked 
|  49|0x0000000707400000, 0x000000070752a3f8, 0x0000000707600000| 58%| S|CS|TAMS 0x0000000707400000, 0x0000000707400000| Complete 
|  50|0x0000000707600000, 0x0000000707800000, 0x0000000707800000|100%| S|CS|TAMS 0x0000000707600000, 0x0000000707600000| Complete 
|  51|0x0000000707800000, 0x0000000707a00000, 0x0000000707a00000|100%| S|CS|TAMS 0x0000000707800000, 0x0000000707800000| Complete 
|  52|0x0000000707a00000, 0x0000000707a00000, 0x0000000707c00000|  0%| F|  |TAMS 0x0000000707a00000, 0x0000000707a00000| Untracked 
|  53|0x0000000707c00000, 0x0000000707c00000, 0x0000000707e00000|  0%| F|  |TAMS 0x0000000707c00000, 0x0000000707c00000| Untracked 
|  54|0x0000000707e00000, 0x0000000707e00000, 0x0000000708000000|  0%| F|  |TAMS 0x0000000707e00000, 0x0000000707e00000| Untracked 
|  55|0x0000000708000000, 0x0000000708000000, 0x0000000708200000|  0%| F|  |TAMS 0x0000000708000000, 0x0000000708000000| Untracked 
|  56|0x0000000708200000, 0x0000000708200000, 0x0000000708400000|  0%| F|  |TAMS 0x0000000708200000, 0x0000000708200000| Untracked 
|  57|0x0000000708400000, 0x0000000708400000, 0x0000000708600000|  0%| F|  |TAMS 0x0000000708400000, 0x0000000708400000| Untracked 
|  58|0x0000000708600000, 0x0000000708600000, 0x0000000708800000|  0%| F|  |TAMS 0x0000000708600000, 0x0000000708600000| Untracked 
|  59|0x0000000708800000, 0x0000000708800000, 0x0000000708a00000|  0%| F|  |TAMS 0x0000000708800000, 0x0000000708800000| Untracked 
|  60|0x0000000708a00000, 0x0000000708a00000, 0x0000000708c00000|  0%| F|  |TAMS 0x0000000708a00000, 0x0000000708a00000| Untracked 
|  61|0x0000000708c00000, 0x0000000708c00000, 0x0000000708e00000|  0%| F|  |TAMS 0x0000000708c00000, 0x0000000708c00000| Untracked 
|  62|0x0000000708e00000, 0x0000000708e00000, 0x0000000709000000|  0%| F|  |TAMS 0x0000000708e00000, 0x0000000708e00000| Untracked 
|  63|0x0000000709000000, 0x0000000709000000, 0x0000000709200000|  0%| F|  |TAMS 0x0000000709000000, 0x0000000709000000| Untracked 
|  64|0x0000000709200000, 0x0000000709200000, 0x0000000709400000|  0%| F|  |TAMS 0x0000000709200000, 0x0000000709200000| Untracked 
|  65|0x0000000709400000, 0x0000000709400000, 0x0000000709600000|  0%| F|  |TAMS 0x0000000709400000, 0x0000000709400000| Untracked 
|  66|0x0000000709600000, 0x0000000709600000, 0x0000000709800000|  0%| F|  |TAMS 0x0000000709600000, 0x0000000709600000| Untracked 
|  67|0x0000000709800000, 0x0000000709800000, 0x0000000709a00000|  0%| F|  |TAMS 0x0000000709800000, 0x0000000709800000| Untracked 
|  68|0x0000000709a00000, 0x0000000709a00000, 0x0000000709c00000|  0%| F|  |TAMS 0x0000000709a00000, 0x0000000709a00000| Untracked 
|  69|0x0000000709c00000, 0x0000000709c00000, 0x0000000709e00000|  0%| F|  |TAMS 0x0000000709c00000, 0x0000000709c00000| Untracked 
|  70|0x0000000709e00000, 0x0000000709e00000, 0x000000070a000000|  0%| F|  |TAMS 0x0000000709e00000, 0x0000000709e00000| Untracked 
|  71|0x000000070a000000, 0x000000070a000000, 0x000000070a200000|  0%| F|  |TAMS 0x000000070a000000, 0x000000070a000000| Untracked 
|  72|0x000000070a200000, 0x000000070a200000, 0x000000070a400000|  0%| F|  |TAMS 0x000000070a200000, 0x000000070a200000| Untracked 
|  73|0x000000070a400000, 0x000000070a400000, 0x000000070a600000|  0%| F|  |TAMS 0x000000070a400000, 0x000000070a400000| Untracked 
|  74|0x000000070a600000, 0x000000070a600000, 0x000000070a800000|  0%| F|  |TAMS 0x000000070a600000, 0x000000070a600000| Untracked 
|  75|0x000000070a800000, 0x000000070a800000, 0x000000070aa00000|  0%| F|  |TAMS 0x000000070a800000, 0x000000070a800000| Untracked 
|  76|0x000000070aa00000, 0x000000070aa00000, 0x000000070ac00000|  0%| F|  |TAMS 0x000000070aa00000, 0x000000070aa00000| Untracked 
|  77|0x000000070ac00000, 0x000000070ac00000, 0x000000070ae00000|  0%| F|  |TAMS 0x000000070ac00000, 0x000000070ac00000| Untracked 
|  78|0x000000070ae00000, 0x000000070ae00000, 0x000000070b000000|  0%| F|  |TAMS 0x000000070ae00000, 0x000000070ae00000| Untracked 
|  79|0x000000070b000000, 0x000000070b000000, 0x000000070b200000|  0%| F|  |TAMS 0x000000070b000000, 0x000000070b000000| Untracked 
|  80|0x000000070b200000, 0x000000070b200000, 0x000000070b400000|  0%| F|  |TAMS 0x000000070b200000, 0x000000070b200000| Untracked 
|  81|0x000000070b400000, 0x000000070b600000, 0x000000070b600000|100%| E|  |TAMS 0x000000070b400000, 0x000000070b400000| Complete 
|  82|0x000000070b600000, 0x000000070b800000, 0x000000070b800000|100%| E|CS|TAMS 0x000000070b600000, 0x000000070b600000| Complete 
|  83|0x000000070b800000, 0x000000070ba00000, 0x000000070ba00000|100%| E|CS|TAMS 0x000000070b800000, 0x000000070b800000| Complete 
|  84|0x000000070ba00000, 0x000000070bc00000, 0x000000070bc00000|100%| E|CS|TAMS 0x000000070ba00000, 0x000000070ba00000| Complete 
|  85|0x000000070bc00000, 0x000000070be00000, 0x000000070be00000|100%| E|CS|TAMS 0x000000070bc00000, 0x000000070bc00000| Complete 
|  86|0x000000070be00000, 0x000000070c000000, 0x000000070c000000|100%| E|CS|TAMS 0x000000070be00000, 0x000000070be00000| Complete 
|  87|0x000000070c000000, 0x000000070c200000, 0x000000070c200000|100%| E|CS|TAMS 0x000000070c000000, 0x000000070c000000| Complete 
|  88|0x000000070c200000, 0x000000070c400000, 0x000000070c400000|100%| E|CS|TAMS 0x000000070c200000, 0x000000070c200000| Complete 
|  89|0x000000070c400000, 0x000000070c600000, 0x000000070c600000|100%| E|CS|TAMS 0x000000070c400000, 0x000000070c400000| Complete 
|  90|0x000000070c600000, 0x000000070c800000, 0x000000070c800000|100%| E|CS|TAMS 0x000000070c600000, 0x000000070c600000| Complete 
|  91|0x000000070c800000, 0x000000070ca00000, 0x000000070ca00000|100%| E|CS|TAMS 0x000000070c800000, 0x000000070c800000| Complete 
|  92|0x000000070ca00000, 0x000000070cc00000, 0x000000070cc00000|100%| E|CS|TAMS 0x000000070ca00000, 0x000000070ca00000| Complete 
|  93|0x000000070cc00000, 0x000000070ce00000, 0x000000070ce00000|100%| E|CS|TAMS 0x000000070cc00000, 0x000000070cc00000| Complete 
|  94|0x000000070ce00000, 0x000000070d000000, 0x000000070d000000|100%| E|CS|TAMS 0x000000070ce00000, 0x000000070ce00000| Complete 
|  95|0x000000070d000000, 0x000000070d200000, 0x000000070d200000|100%| E|CS|TAMS 0x000000070d000000, 0x000000070d000000| Complete 
|  96|0x000000070d200000, 0x000000070d400000, 0x000000070d400000|100%| E|CS|TAMS 0x000000070d200000, 0x000000070d200000| Complete 
|  97|0x000000070d400000, 0x000000070d600000, 0x000000070d600000|100%| E|CS|TAMS 0x000000070d400000, 0x000000070d400000| Complete 
|  98|0x000000070d600000, 0x000000070d800000, 0x000000070d800000|100%| E|CS|TAMS 0x000000070d600000, 0x000000070d600000| Complete 
|  99|0x000000070d800000, 0x000000070da00000, 0x000000070da00000|100%| E|CS|TAMS 0x000000070d800000, 0x000000070d800000| Complete 
| 100|0x000000070da00000, 0x000000070dc00000, 0x000000070dc00000|100%| E|CS|TAMS 0x000000070da00000, 0x000000070da00000| Complete 
| 101|0x000000070dc00000, 0x000000070de00000, 0x000000070de00000|100%| E|CS|TAMS 0x000000070dc00000, 0x000000070dc00000| Complete 
| 102|0x000000070de00000, 0x000000070e000000, 0x000000070e000000|100%| E|CS|TAMS 0x000000070de00000, 0x000000070de00000| Complete 
| 103|0x000000070e000000, 0x000000070e200000, 0x000000070e200000|100%| E|CS|TAMS 0x000000070e000000, 0x000000070e000000| Complete 
| 104|0x000000070e200000, 0x000000070e400000, 0x000000070e400000|100%| E|CS|TAMS 0x000000070e200000, 0x000000070e200000| Complete 
| 105|0x000000070e400000, 0x000000070e600000, 0x000000070e600000|100%| E|CS|TAMS 0x000000070e400000, 0x000000070e400000| Complete 
| 106|0x000000070e600000, 0x000000070e800000, 0x000000070e800000|100%| E|CS|TAMS 0x000000070e600000, 0x000000070e600000| Complete 
| 107|0x000000070e800000, 0x000000070ea00000, 0x000000070ea00000|100%| E|CS|TAMS 0x000000070e800000, 0x000000070e800000| Complete 
| 108|0x000000070ea00000, 0x000000070ec00000, 0x000000070ec00000|100%| E|CS|TAMS 0x000000070ea00000, 0x000000070ea00000| Complete 
| 109|0x000000070ec00000, 0x000000070ee00000, 0x000000070ee00000|100%| E|CS|TAMS 0x000000070ec00000, 0x000000070ec00000| Complete 
| 110|0x000000070ee00000, 0x000000070f000000, 0x000000070f000000|100%| E|CS|TAMS 0x000000070ee00000, 0x000000070ee00000| Complete 
| 111|0x000000070f000000, 0x000000070f200000, 0x000000070f200000|100%| E|CS|TAMS 0x000000070f000000, 0x000000070f000000| Complete 
| 112|0x000000070f200000, 0x000000070f400000, 0x000000070f400000|100%| E|CS|TAMS 0x000000070f200000, 0x000000070f200000| Complete 
| 113|0x000000070f400000, 0x000000070f600000, 0x000000070f600000|100%| E|CS|TAMS 0x000000070f400000, 0x000000070f400000| Complete 
| 114|0x000000070f600000, 0x000000070f800000, 0x000000070f800000|100%| E|CS|TAMS 0x000000070f600000, 0x000000070f600000| Complete 
| 115|0x000000070f800000, 0x000000070fa00000, 0x000000070fa00000|100%| E|CS|TAMS 0x000000070f800000, 0x000000070f800000| Complete 
| 116|0x000000070fa00000, 0x000000070fc00000, 0x000000070fc00000|100%| E|CS|TAMS 0x000000070fa00000, 0x000000070fa00000| Complete 
| 117|0x000000070fc00000, 0x000000070fe00000, 0x000000070fe00000|100%| E|CS|TAMS 0x000000070fc00000, 0x000000070fc00000| Complete 
| 118|0x000000070fe00000, 0x0000000710000000, 0x0000000710000000|100%| E|CS|TAMS 0x000000070fe00000, 0x000000070fe00000| Complete 
| 119|0x0000000710000000, 0x0000000710200000, 0x0000000710200000|100%| E|  |TAMS 0x0000000710000000, 0x0000000710000000| Complete 
| 120|0x0000000710200000, 0x0000000710400000, 0x0000000710400000|100%| E|CS|TAMS 0x0000000710200000, 0x0000000710200000| Complete 
| 121|0x0000000710400000, 0x0000000710600000, 0x0000000710600000|100%| E|CS|TAMS 0x0000000710400000, 0x0000000710400000| Complete 
| 122|0x0000000710600000, 0x0000000710800000, 0x0000000710800000|100%| E|CS|TAMS 0x0000000710600000, 0x0000000710600000| Complete 
| 123|0x0000000710800000, 0x0000000710a00000, 0x0000000710a00000|100%| E|CS|TAMS 0x0000000710800000, 0x0000000710800000| Complete 
| 124|0x0000000710a00000, 0x0000000710c00000, 0x0000000710c00000|100%| E|CS|TAMS 0x0000000710a00000, 0x0000000710a00000| Complete 
| 125|0x0000000710c00000, 0x0000000710e00000, 0x0000000710e00000|100%| E|CS|TAMS 0x0000000710c00000, 0x0000000710c00000| Complete 
| 126|0x0000000710e00000, 0x0000000711000000, 0x0000000711000000|100%| E|CS|TAMS 0x0000000710e00000, 0x0000000710e00000| Complete 
| 127|0x0000000711000000, 0x0000000711200000, 0x0000000711200000|100%| E|CS|TAMS 0x0000000711000000, 0x0000000711000000| Complete 

Card table byte_map: [0x000001905b310000,0x000001905bb10000] _byte_map_base: 0x0000019057b07000

Marking Bits (Prev, Next): (CMBitMap*) 0x0000019043dbe960, (CMBitMap*) 0x0000019043dbe9a0
 Prev Bits: [0x000001905c310000, 0x00000190602c8000)
 Next Bits: [0x00000190602d0000, 0x0000019064288000)

Polling page: 0x0000019041d10000

Metaspace:

Usage:
  Non-class:      6.58 MB used.
      Class:    355.25 KB used.
       Both:      6.93 MB used.

Virtual space:
  Non-class space:       16.00 MB reserved,       6.69 MB ( 42%) committed,  2 nodes.
      Class space:        1.00 GB reserved,     448.00 KB ( <1%) committed,  1 nodes.
             Both:        1.02 GB reserved,       7.12 MB ( <1%) committed. 

Chunk freelists:
   Non-Class:  3.48 MB
       Class:  3.51 MB
        Both:  6.98 MB

MaxMetaspaceSize: unlimited
CompressedClassSpaceSize: 1.00 GB
Initial GC threshold: 21.00 MB
Current GC threshold: 21.00 MB
CDS: on
MetaspaceReclaimPolicy: balanced
 - commit_granule_bytes: 65536.
 - commit_granule_words: 8192.
 - virtual_space_node_default_size: 1048576.
 - enlarge_chunks_in_place: 1.
 - new_chunks_are_fully_committed: 0.
 - uncommit_free_chunks: 1.
 - use_allocation_guard: 0.
 - handle_deallocations: 1.


Internal statistics:

num_allocs_failed_limit: 0.
num_arena_births: 90.
num_arena_deaths: 0.
num_vsnodes_births: 3.
num_vsnodes_deaths: 0.
num_space_committed: 112.
num_space_uncommitted: 0.
num_chunks_returned_to_freelist: 0.
num_chunks_taken_from_freelist: 284.
num_chunk_merges: 0.
num_chunk_splits: 203.
num_chunks_enlarged: 157.
num_purges: 0.
num_inconsistent_stats: 0.

CodeHeap 'non-profiled nmethods': size=120000Kb used=1284Kb max_used=1284Kb free=118715Kb
 bounds [0x0000019053080000, 0x00000190532f0000, 0x000001905a5b0000]
CodeHeap 'profiled nmethods': size=120000Kb used=3049Kb max_used=3049Kb free=116950Kb
 bounds [0x000001904bb50000, 0x000001904be50000, 0x0000019053080000]
CodeHeap 'non-nmethods': size=5760Kb used=1627Kb max_used=1655Kb free=4132Kb
 bounds [0x000001904b5b0000, 0x000001904b820000, 0x000001904bb50000]
 total_blobs=2824 nmethods=1757 adapters=980
 compilation: enabled
              stopped_count=0, restarted_count=0
 full_count=0

Compilation events (20 events):
Event: 6.782 Thread 0x0000019066f0f320 1748       3       cga.exercise.components.camera.TronCamera::calculateViewMatrix (55 bytes)
Event: 6.782 Thread 0x0000019066f0f320 nmethod 1748 0x000001904be44b90 code [0x000001904be44de0, 0x000001904be454e8]
Event: 6.782 Thread 0x0000019066f0f320 1749       3       cga.exercise.components.camera.TronCamera::calculateProjectionMatrix (37 bytes)
Event: 6.782 Thread 0x0000019066f0f320 nmethod 1749 0x000001904be45810 code [0x000001904be45a00, 0x000001904be45f38]
Event: 6.782 Thread 0x0000019066f0f320 1750       3       cga.exercise.components.camera.TronCamera::bind (35 bytes)
Event: 6.783 Thread 0x0000019066f0f320 nmethod 1750 0x000001904be46110 code [0x000001904be46340, 0x000001904be469b8]
Event: 6.783 Thread 0x0000019066f0f320 1751       3       org.lwjgl.glfw.GLFW::glfwWindowShouldClose (29 bytes)
Event: 6.783 Thread 0x0000019066f0f320 nmethod 1751 0x000001904be46c90 code [0x000001904be46e60, 0x000001904be47158]
Event: 6.783 Thread 0x0000019066f0f320 1753       3       org.lwjgl.glfw.GLFW::glfwPollEvents (9 bytes)
Event: 6.783 Thread 0x0000019066f0f320 nmethod 1753 0x000001904be47290 code [0x000001904be47420, 0x000001904be47548]
Event: 6.783 Thread 0x0000019066f0f320 1754       3       cga.exercise.game.Game::render (10 bytes)
Event: 6.783 Thread 0x0000019066f0f320 nmethod 1754 0x000001904be47610 code [0x000001904be477c0, 0x000001904be47908]
Event: 6.788 Thread 0x0000019066f0f320 1755       3       org.joml.Matrix4f::lookAt (83 bytes)
Event: 6.789 Thread 0x0000019066f0f320 nmethod 1755 0x000001904be47a10 code [0x000001904be47be0, 0x000001904be47e88]
Event: 6.789 Thread 0x0000019066f0f320 1756       3       org.joml.Matrix4f::setLookAt (304 bytes)
Event: 6.789 Thread 0x0000019066f0f320 nmethod 1756 0x000001904be47f90 code [0x000001904be48220, 0x000001904be48d58]
Event: 6.789 Thread 0x0000019066f0f320 1757       3       org.joml.MemUtil$MemUtilNIO::zero (67 bytes)
Event: 6.789 Thread 0x0000019066f0f320 nmethod 1757 0x000001904be49290 code [0x000001904be494c0, 0x000001904be49d38]
Event: 6.790 Thread 0x0000019066f0f320 1758       3       org.lwjgl.glfw.GLFW::glfwSwapBuffers (21 bytes)
Event: 6.790 Thread 0x0000019066f0f320 nmethod 1758 0x000001904be4a090 code [0x000001904be4a240, 0x000001904be4a4d8]

GC Heap History (10 events):
Event: 0.613 GC heap before
{Heap before GC invocations=0 (full 0):
 garbage-first heap   total 262144K, used 22528K [0x0000000701200000, 0x0000000800000000)
  region size 2048K, 11 young (22528K), 0 survivors (0K)
 Metaspace       used 4892K, committed 5120K, reserved 1056768K
  class space    used 270K, committed 384K, reserved 1048576K
}
Event: 0.616 GC heap after
{Heap after GC invocations=1 (full 0):
 garbage-first heap   total 262144K, used 2207K [0x0000000701200000, 0x0000000800000000)
  region size 2048K, 2 young (4096K), 2 survivors (4096K)
 Metaspace       used 4892K, committed 5120K, reserved 1056768K
  class space    used 270K, committed 384K, reserved 1048576K
}
Event: 1.148 GC heap before
{Heap before GC invocations=1 (full 0):
 garbage-first heap   total 262144K, used 41119K [0x0000000701200000, 0x0000000800000000)
  region size 2048K, 21 young (43008K), 2 survivors (4096K)
 Metaspace       used 5075K, committed 5248K, reserved 1056768K
  class space    used 284K, committed 384K, reserved 1048576K
}
Event: 1.151 GC heap after
{Heap after GC invocations=2 (full 0):
 garbage-first heap   total 262144K, used 2795K [0x0000000701200000, 0x0000000800000000)
  region size 2048K, 2 young (4096K), 2 survivors (4096K)
 Metaspace       used 5075K, committed 5248K, reserved 1056768K
  class space    used 284K, committed 384K, reserved 1048576K
}
Event: 2.447 GC heap before
{Heap before GC invocations=2 (full 0):
 garbage-first heap   total 262144K, used 158443K [0x0000000701200000, 0x0000000800000000)
  region size 2048K, 76 young (155648K), 2 survivors (4096K)
 Metaspace       used 6111K, committed 6336K, reserved 1056768K
  class space    used 320K, committed 448K, reserved 1048576K
}
Event: 2.450 GC heap after
{Heap after GC invocations=3 (full 0):
 garbage-first heap   total 262144K, used 3147K [0x0000000701200000, 0x0000000800000000)
  region size 2048K, 2 young (4096K), 2 survivors (4096K)
 Metaspace       used 6111K, committed 6336K, reserved 1056768K
  class space    used 320K, committed 448K, reserved 1048576K
}
Event: 2.638 GC heap before
{Heap before GC invocations=3 (full 0):
 garbage-first heap   total 262144K, used 154699K [0x0000000701200000, 0x0000000800000000)
  region size 2048K, 76 young (155648K), 2 survivors (4096K)
 Metaspace       used 6889K, committed 7040K, reserved 1064960K
  class space    used 349K, committed 448K, reserved 1048576K
}
Event: 2.640 GC heap after
{Heap after GC invocations=4 (full 0):
 garbage-first heap   total 262144K, used 3971K [0x0000000701200000, 0x0000000800000000)
  region size 2048K, 2 young (4096K), 2 survivors (4096K)
 Metaspace       used 6889K, committed 7040K, reserved 1064960K
  class space    used 349K, committed 448K, reserved 1048576K
}
Event: 3.819 GC heap before
{Heap before GC invocations=4 (full 0):
 garbage-first heap   total 262144K, used 153475K [0x0000000701200000, 0x0000000800000000)
  region size 2048K, 76 young (155648K), 2 survivors (4096K)
 Metaspace       used 6893K, committed 7104K, reserved 1064960K
  class space    used 349K, committed 448K, reserved 1048576K
}
Event: 3.821 GC heap after
{Heap after GC invocations=5 (full 0):
 garbage-first heap   total 262144K, used 5288K [0x0000000701200000, 0x0000000800000000)
  region size 2048K, 3 young (6144K), 3 survivors (6144K)
 Metaspace       used 6893K, committed 7104K, reserved 1064960K
  class space    used 349K, committed 448K, reserved 1048576K
}

Deoptimization events (20 events):
Event: 2.666 Thread 0x0000019043d730c0 DEOPT PACKING pc=0x0000019053183230 sp=0x0000002eb04ff0a0
Event: 2.666 Thread 0x0000019043d730c0 DEOPT UNPACKING pc=0x000001904b6023a3 sp=0x0000002eb04fefe8 mode 2
Event: 2.720 Thread 0x0000019043d730c0 DEOPT PACKING pc=0x000001904bdb771a sp=0x0000002eb04ff0a0
Event: 2.720 Thread 0x0000019043d730c0 DEOPT UNPACKING pc=0x000001904b602b43 sp=0x0000002eb04fe7c8 mode 0
Event: 2.774 Thread 0x0000019043d730c0 DEOPT PACKING pc=0x000001904bdbf4da sp=0x0000002eb04ff310
Event: 2.774 Thread 0x0000019043d730c0 DEOPT UNPACKING pc=0x000001904b602b43 sp=0x0000002eb04fe7f0 mode 0
Event: 2.806 Thread 0x0000019043d730c0 DEOPT PACKING pc=0x000001904bdb771a sp=0x0000002eb04ff0a0
Event: 2.806 Thread 0x0000019043d730c0 DEOPT UNPACKING pc=0x000001904b602b43 sp=0x0000002eb04fe7c8 mode 0
Event: 2.889 Thread 0x0000019043d730c0 DEOPT PACKING pc=0x000001904bdb771a sp=0x0000002eb04ff0a0
Event: 2.889 Thread 0x0000019043d730c0 DEOPT UNPACKING pc=0x000001904b602b43 sp=0x0000002eb04fe7c8 mode 0
Event: 2.973 Thread 0x0000019043d730c0 DEOPT PACKING pc=0x000001904bdb771a sp=0x0000002eb04ff0a0
Event: 2.973 Thread 0x0000019043d730c0 DEOPT UNPACKING pc=0x000001904b602b43 sp=0x0000002eb04fe7c8 mode 0
Event: 3.057 Thread 0x0000019043d730c0 DEOPT PACKING pc=0x000001904bdb771a sp=0x0000002eb04ff0a0
Event: 3.057 Thread 0x0000019043d730c0 DEOPT UNPACKING pc=0x000001904b602b43 sp=0x0000002eb04fe7c8 mode 0
Event: 3.149 Thread 0x0000019043d730c0 DEOPT PACKING pc=0x000001904bdb771a sp=0x0000002eb04ff0a0
Event: 3.149 Thread 0x0000019043d730c0 DEOPT UNPACKING pc=0x000001904b602b43 sp=0x0000002eb04fe7c8 mode 0
Event: 4.897 Thread 0x0000019043d730c0 Uncommon trap: trap_request=0xffffff5c fr.pc=0x00000190531560dc relative=0x000000000000005c
Event: 4.897 Thread 0x0000019043d730c0 Uncommon trap: reason=speculate_null_check action=make_not_entrant pc=0x00000190531560dc method=sun.misc.Unsafe.putLong(Ljava/lang/Object;JJ)V @ 7 c2
Event: 4.897 Thread 0x0000019043d730c0 DEOPT PACKING pc=0x00000190531560dc sp=0x0000002eb04ff2b0
Event: 4.897 Thread 0x0000019043d730c0 DEOPT UNPACKING pc=0x000001904b6023a3 sp=0x0000002eb04ff228 mode 2

Classes unloaded (0 events):
No events

Classes redefined (0 events):
No events

Internal exceptions (20 events):
Event: 0.128 Thread 0x0000019043d730c0 Exception <a 'sun/nio/fs/WindowsException'{0x0000000710ce6be0}> (0x0000000710ce6be0) 
thrown [t:\workspace\open\src\hotspot\share\prims\jni.cpp, line 516]
Event: 0.128 Thread 0x0000019043d730c0 Exception <a 'sun/nio/fs/WindowsException'{0x0000000710ce6f58}> (0x0000000710ce6f58) 
thrown [t:\workspace\open\src\hotspot\share\prims\jni.cpp, line 516]
Event: 0.135 Thread 0x0000019043d730c0 Exception <a 'java/lang/NoSuchMethodError'{0x0000000710d32e50}: 'int java.lang.invoke.DirectMethodHandle$Holder.invokeStaticInit(java.lang.Object, java.lang.Object, int, long)'> (0x0000000710d32e50) 
thrown [t:\workspace\open\src\hotspot\share\interpreter\linkResolver.cpp, line 766]
Event: 0.135 Thread 0x0000019043d730c0 Exception <a 'java/lang/NoSuchMethodError'{0x0000000710d38718}: 'java.lang.Object java.lang.invoke.DirectMethodHandle$Holder.newInvokeSpecial(java.lang.Object, java.lang.Object, int)'> (0x0000000710d38718) 
thrown [t:\workspace\open\src\hotspot\share\interpreter\linkResolver.cpp, line 766]
Event: 0.137 Thread 0x0000019043d730c0 Exception <a 'java/lang/NoSuchMethodError'{0x0000000710d47ed0}: 'int java.lang.invoke.DirectMethodHandle$Holder.invokeStaticInit(java.lang.Object, java.lang.Object, long, long)'> (0x0000000710d47ed0) 
thrown [t:\workspace\open\src\hotspot\share\interpreter\linkResolver.cpp, line 766]
Event: 0.137 Thread 0x0000019043d730c0 Exception <a 'java/lang/NoSuchMethodError'{0x0000000710d4dfe0}: 'java.lang.Object java.lang.invoke.DirectMethodHandle$Holder.newInvokeSpecial(java.lang.Object, java.lang.Object, long)'> (0x0000000710d4dfe0) 
thrown [t:\workspace\open\src\hotspot\share\interpreter\linkResolver.cpp, line 766]
Event: 0.138 Thread 0x0000019043d730c0 Exception <a 'java/lang/NoSuchMethodError'{0x0000000710d522d0}: 'java.lang.Object java.lang.invoke.Invokers$Holder.linkToTargetMethod(java.lang.Object, long, java.lang.Object)'> (0x0000000710d522d0) 
thrown [t:\workspace\open\src\hotspot\share\interpreter\linkResolver.cpp, line 766]
Event: 0.138 Thread 0x0000019043d730c0 Exception <a 'java/lang/NoSuchMethodError'{0x0000000710d59c30}: 'int java.lang.invoke.DirectMethodHandle$Holder.invokeStaticInit(java.lang.Object, java.lang.Object, java.lang.Object, long)'> (0x0000000710d59c30) 
thrown [t:\workspace\open\src\hotspot\share\interpreter\linkResolver.cpp, line 766]
Event: 0.161 Thread 0x0000019043d730c0 Exception <a 'java/lang/NoSuchMethodError'{0x0000000710dc4c20}: 'void java.lang.invoke.DirectMethodHandle$Holder.invokeStatic(java.lang.Object, int, long)'> (0x0000000710dc4c20) 
thrown [t:\workspace\open\src\hotspot\share\interpreter\linkResolver.cpp, line 766]
Event: 0.377 Thread 0x0000019043d730c0 Exception <a 'sun/nio/fs/WindowsException'{0x0000000710a9e4f0}> (0x0000000710a9e4f0) 
thrown [t:\workspace\open\src\hotspot\share\prims\jni.cpp, line 516]
Event: 0.377 Thread 0x0000019043d730c0 Exception <a 'sun/nio/fs/WindowsException'{0x0000000710a9e8a0}> (0x0000000710a9e8a0) 
thrown [t:\workspace\open\src\hotspot\share\prims\jni.cpp, line 516]
Event: 0.379 Thread 0x0000019043d730c0 Exception <a 'sun/nio/fs/WindowsException'{0x0000000710aa51c8}> (0x0000000710aa51c8) 
thrown [t:\workspace\open\src\hotspot\share\prims\jni.cpp, line 516]
Event: 0.379 Thread 0x0000019043d730c0 Exception <a 'sun/nio/fs/WindowsException'{0x0000000710aa54b8}> (0x0000000710aa54b8) 
thrown [t:\workspace\open\src\hotspot\share\prims\jni.cpp, line 516]
Event: 1.324 Thread 0x0000019043d730c0 Implicit null exception at 0x0000019053118720 to 0x0000019053119c74
Event: 1.422 Thread 0x0000019043d730c0 Exception <a 'sun/nio/fs/WindowsException'{0x000000070d2c2390}> (0x000000070d2c2390) 
thrown [t:\workspace\open\src\hotspot\share\prims\jni.cpp, line 516]
Event: 1.422 Thread 0x0000019043d730c0 Exception <a 'sun/nio/fs/WindowsException'{0x000000070d2c2720}> (0x000000070d2c2720) 
thrown [t:\workspace\open\src\hotspot\share\prims\jni.cpp, line 516]
Event: 1.837 Thread 0x0000019043d730c0 Exception <a 'sun/nio/fs/WindowsException'{0x000000070d3e30c0}> (0x000000070d3e30c0) 
thrown [t:\workspace\open\src\hotspot\share\prims\jni.cpp, line 516]
Event: 1.837 Thread 0x0000019043d730c0 Exception <a 'sun/nio/fs/WindowsException'{0x000000070d3e3450}> (0x000000070d3e3450) 
thrown [t:\workspace\open\src\hotspot\share\prims\jni.cpp, line 516]
Event: 2.415 Thread 0x0000019043d730c0 Implicit null exception at 0x0000019053114096 to 0x0000019053114e54
Event: 6.912 Thread 0x0000019043d730c0 Implicit null exception at 0x0000019053155d8f to 0x0000000000000000

VM Operations (20 events):
Event: 2.541 Executing VM operation: ICBufferFull
Event: 2.541 Executing VM operation: ICBufferFull done
Event: 2.541 Executing VM operation: ICBufferFull
Event: 2.541 Executing VM operation: ICBufferFull done
Event: 2.542 Executing VM operation: ICBufferFull
Event: 2.542 Executing VM operation: ICBufferFull done
Event: 2.542 Executing VM operation: ICBufferFull
Event: 2.542 Executing VM operation: ICBufferFull done
Event: 2.638 Executing VM operation: G1CollectForAllocation
Event: 2.640 Executing VM operation: G1CollectForAllocation done
Event: 3.644 Executing VM operation: Cleanup
Event: 3.644 Executing VM operation: Cleanup done
Event: 3.819 Executing VM operation: G1CollectForAllocation
Event: 3.821 Executing VM operation: G1CollectForAllocation done
Event: 5.707 Executing VM operation: HandshakeAllThreads
Event: 5.707 Executing VM operation: HandshakeAllThreads done
Event: 5.707 Executing VM operation: Cleanup
Event: 5.707 Executing VM operation: Cleanup done
Event: 6.720 Executing VM operation: Cleanup
Event: 6.720 Executing VM operation: Cleanup done

Events (20 events):
Event: 1.013 loading class sun/util/resources/TimeZoneNames done
Event: 1.013 loading class sun/util/resources/TimeZoneNames_en
Event: 1.014 loading class sun/util/resources/TimeZoneNames_en done
Event: 1.119 Thread 0x000001906f475ae0 Thread exited: 0x000001906f475ae0
Event: 1.364 Thread 0x000001906f350630 Thread added: 0x000001906f350630
Event: 1.423 Loaded shared library C:\Users\Pascal\AppData\Local\Temp\lwjglPascal\3.3.1-build-7\lwjgl_stb.dll
Event: 1.781 Thread 0x000001906f350630 Thread exited: 0x000001906f350630
Event: 1.783 Thread 0x000001906f112170 Thread exited: 0x000001906f112170
Event: 1.867 Thread 0x000001907005d6f0 Thread added: 0x000001907005d6f0
Event: 1.867 Thread 0x000001906f474030 Thread added: 0x000001906f474030
Event: 2.078 Thread 0x000001906f474030 Thread exited: 0x000001906f474030
Event: 2.078 Thread 0x000001907005d6f0 Thread exited: 0x000001907005d6f0
Event: 2.178 Thread 0x00000190709a66f0 Thread added: 0x00000190709a66f0
Event: 2.503 Thread 0x000001906f475ac0 Thread added: 0x000001906f475ac0
Event: 2.569 loading class java/lang/SecurityException
Event: 2.569 loading class java/lang/SecurityException done
Event: 2.974 Thread 0x000001906f475ac0 Thread exited: 0x000001906f475ac0
Event: 2.974 Thread 0x00000190709a66f0 Thread exited: 0x00000190709a66f0
Event: 4.894 loading class java/util/NoSuchElementException
Event: 4.894 loading class java/util/NoSuchElementException done


Dynamic libraries:
0x00007ff7f8710000 - 0x00007ff7f871e000 	C:\OpenJDK17\jdk-17.0.2\bin\java.exe
0x00007ffb33250000 - 0x00007ffb33464000 	C:\WINDOWS\SYSTEM32\ntdll.dll
0x00007ffb31310000 - 0x00007ffb313d4000 	C:\WINDOWS\System32\KERNEL32.DLL
0x00007ffb309d0000 - 0x00007ffb30d74000 	C:\WINDOWS\System32\KERNELBASE.dll
0x00007ffb306d0000 - 0x00007ffb307e1000 	C:\WINDOWS\System32\ucrtbase.dll
0x00007ffb25f20000 - 0x00007ffb25f38000 	C:\OpenJDK17\jdk-17.0.2\bin\jli.dll
0x00007ffb29650000 - 0x00007ffb2966a000 	C:\OpenJDK17\jdk-17.0.2\bin\VCRUNTIME140.dll
0x00007ffb32640000 - 0x00007ffb327ea000 	C:\WINDOWS\System32\USER32.dll
0x00007ffb21470000 - 0x00007ffb216ff000 	C:\WINDOWS\WinSxS\amd64_microsoft.windows.common-controls_6595b64144ccf1df_6.0.22621.2070_none_2713e6537381f706\COMCTL32.dll
0x00007ffb30f60000 - 0x00007ffb30f86000 	C:\WINDOWS\System32\win32u.dll
0x00007ffb31d60000 - 0x00007ffb31d89000 	C:\WINDOWS\System32\GDI32.dll
0x00007ffb31a70000 - 0x00007ffb31b17000 	C:\WINDOWS\System32\msvcrt.dll
0x00007ffb30e40000 - 0x00007ffb30f59000 	C:\WINDOWS\System32\gdi32full.dll
0x00007ffb30630000 - 0x00007ffb306ca000 	C:\WINDOWS\System32\msvcp_win.dll
0x00007ffb31d90000 - 0x00007ffb31dc1000 	C:\WINDOWS\System32\IMM32.DLL
0x00007ffb2c9b0000 - 0x00007ffb2c9bc000 	C:\OpenJDK17\jdk-17.0.2\bin\vcruntime140_1.dll
0x00007ffb19260000 - 0x00007ffb192ed000 	C:\OpenJDK17\jdk-17.0.2\bin\msvcp140.dll
0x00007ffaf2760000 - 0x00007ffaf3321000 	C:\OpenJDK17\jdk-17.0.2\bin\server\jvm.dll
0x00007ffb33160000 - 0x00007ffb33210000 	C:\WINDOWS\System32\ADVAPI32.dll
0x00007ffb31790000 - 0x00007ffb31836000 	C:\WINDOWS\System32\sechost.dll
0x00007ffb31950000 - 0x00007ffb31a67000 	C:\WINDOWS\System32\RPCRT4.dll
0x00007ffb313e0000 - 0x00007ffb313e8000 	C:\WINDOWS\System32\PSAPI.DLL
0x00007ffb2b840000 - 0x00007ffb2b849000 	C:\WINDOWS\SYSTEM32\WSOCK32.dll
0x00007ffb24ef0000 - 0x00007ffb24f24000 	C:\WINDOWS\SYSTEM32\WINMM.dll
0x00007ffb2b1a0000 - 0x00007ffb2b1aa000 	C:\WINDOWS\SYSTEM32\VERSION.dll
0x00007ffb31710000 - 0x00007ffb31781000 	C:\WINDOWS\System32\WS2_32.dll
0x00007ffb2f720000 - 0x00007ffb2f738000 	C:\WINDOWS\SYSTEM32\kernel.appcore.dll
0x00007ffb2c940000 - 0x00007ffb2c94a000 	C:\OpenJDK17\jdk-17.0.2\bin\jimage.dll
0x00007ffb2a850000 - 0x00007ffb2aa7e000 	C:\WINDOWS\SYSTEM32\DBGHELP.DLL
0x00007ffb31dd0000 - 0x00007ffb3215a000 	C:\WINDOWS\System32\combase.dll
0x00007ffb31070000 - 0x00007ffb31147000 	C:\WINDOWS\System32\OLEAUT32.dll
0x00007ffb2a7a0000 - 0x00007ffb2a7d2000 	C:\WINDOWS\SYSTEM32\dbgcore.DLL
0x00007ffb30f90000 - 0x00007ffb3100a000 	C:\WINDOWS\System32\bcryptPrimitives.dll
0x00007ffb2a240000 - 0x00007ffb2a24e000 	C:\OpenJDK17\jdk-17.0.2\bin\instrument.dll
0x00007ffb25e80000 - 0x00007ffb25ea5000 	C:\OpenJDK17\jdk-17.0.2\bin\java.dll
0x00007ffb19180000 - 0x00007ffb19256000 	C:\OpenJDK17\jdk-17.0.2\bin\jsvml.dll
0x00007ffb32940000 - 0x00007ffb33156000 	C:\WINDOWS\System32\SHELL32.dll
0x00007ffb2e5c0000 - 0x00007ffb2eeaa000 	C:\WINDOWS\SYSTEM32\windows.storage.dll
0x00007ffb2e480000 - 0x00007ffb2e5be000 	C:\WINDOWS\SYSTEM32\wintypes.dll
0x00007ffb31850000 - 0x00007ffb31943000 	C:\WINDOWS\System32\SHCORE.dll
0x00007ffb31010000 - 0x00007ffb3106e000 	C:\WINDOWS\System32\shlwapi.dll
0x00007ffb30560000 - 0x00007ffb30586000 	C:\WINDOWS\SYSTEM32\profapi.dll
0x00007ffb204f0000 - 0x00007ffb20508000 	C:\OpenJDK17\jdk-17.0.2\bin\zip.dll
0x00007ffb25e60000 - 0x00007ffb25e79000 	C:\OpenJDK17\jdk-17.0.2\bin\net.dll
0x00007ffb2bad0000 - 0x00007ffb2bc07000 	C:\WINDOWS\SYSTEM32\WINHTTP.dll
0x00007ffb2fb90000 - 0x00007ffb2fbf9000 	C:\WINDOWS\system32\mswsock.dll
0x00007ffb209d0000 - 0x00007ffb209e6000 	C:\OpenJDK17\jdk-17.0.2\bin\nio.dll
0x00007ffb29fd0000 - 0x00007ffb29fea000 	C:\Program Files\JetBrains\IntelliJ IDEA Community Edition 2023.1.2\bin\breakgen64.dll
0x00007ffb29070000 - 0x00007ffb290e5000 	C:\Users\Pascal\AppData\Local\Temp\lwjglPascal\3.3.1-build-7\lwjgl.dll
0x00007ffb29000000 - 0x00007ffb29061000 	C:\Users\Pascal\AppData\Local\Temp\lwjglPascal\3.3.1-build-7\glfw.dll
0x00007ffb23f40000 - 0x00007ffb23f86000 	C:\WINDOWS\SYSTEM32\dinput8.dll
0x00007ffb2a250000 - 0x00007ffb2a261000 	C:\WINDOWS\SYSTEM32\xinput1_4.dll
0x00007ffb30340000 - 0x00007ffb3036c000 	C:\WINDOWS\SYSTEM32\DEVOBJ.dll
0x00007ffb302f0000 - 0x00007ffb3033e000 	C:\WINDOWS\SYSTEM32\cfgmgr32.dll
0x00007ffb2e000000 - 0x00007ffb2e02b000 	C:\WINDOWS\SYSTEM32\dwmapi.dll
0x00007ffb17bf0000 - 0x00007ffb17df1000 	C:\WINDOWS\SYSTEM32\inputhost.dll
0x00007ffb2d830000 - 0x00007ffb2d963000 	C:\WINDOWS\SYSTEM32\CoreMessaging.dll
0x00007ffb2dbf0000 - 0x00007ffb2dc9b000 	C:\WINDOWS\system32\uxtheme.dll
0x00007ffb2fe90000 - 0x00007ffb2fe9c000 	C:\WINDOWS\SYSTEM32\CRYPTBASE.DLL
0x00007ffb31bc0000 - 0x00007ffb31ce7000 	C:\WINDOWS\System32\MSCTF.dll
0x00007ffb03040000 - 0x00007ffb03140000 	C:\WINDOWS\SYSTEM32\opengl32.dll
0x00007ffb1f880000 - 0x00007ffb1f8ad000 	C:\WINDOWS\SYSTEM32\GLU32.dll
0x00007ffb2dcd0000 - 0x00007ffb2dd08000 	C:\WINDOWS\SYSTEM32\dxcore.dll
0x00007ffb314a0000 - 0x00007ffb31550000 	C:\WINDOWS\System32\clbcatq.dll
0x00007ffab1ed0000 - 0x00007ffab6162000 	C:\WINDOWS\System32\DriverStore\FileRepository\nv_dispi.inf_amd64_d3828c822366e497\nvoglv64.dll
0x00007ffb32160000 - 0x00007ffb325d4000 	C:\WINDOWS\System32\SETUPAPI.dll
0x00007ffb31570000 - 0x00007ffb3170c000 	C:\WINDOWS\System32\ole32.dll
0x00007ffb2ffd0000 - 0x00007ffb2fff8000 	C:\WINDOWS\SYSTEM32\bcrypt.dll
0x00007ffb2db10000 - 0x00007ffb2db24000 	C:\WINDOWS\SYSTEM32\WTSAPI32.dll
0x00007ffb302d0000 - 0x00007ffb302e2000 	C:\WINDOWS\SYSTEM32\msasn1.dll
0x00007ffb2b160000 - 0x00007ffb2b192000 	C:\WINDOWS\SYSTEM32\cryptnet.dll
0x00007ffb307f0000 - 0x00007ffb30957000 	C:\WINDOWS\System32\CRYPT32.dll
0x00007ffb2b000000 - 0x00007ffb2b158000 	C:\WINDOWS\SYSTEM32\drvstore.dll
0x00007ffb2fe10000 - 0x00007ffb2fe5b000 	C:\WINDOWS\SYSTEM32\wldp.dll
0x00007ffb30960000 - 0x00007ffb309cb000 	C:\WINDOWS\System32\WINTRUST.dll
0x00007ffb2f740000 - 0x00007ffb2f774000 	C:\WINDOWS\SYSTEM32\ntmarta.dll
0x00007ffae2df0000 - 0x00007ffae30c1000 	C:\WINDOWS\system32\nvspcap64.dll
0x00007ffb2f4e0000 - 0x00007ffb2f52d000 	C:\WINDOWS\SYSTEM32\powrprof.dll
0x00007ffb2f4c0000 - 0x00007ffb2f4d3000 	C:\WINDOWS\SYSTEM32\UMPDC.dll
0x00007ffb2f150000 - 0x00007ffb2f1b6000 	C:\WINDOWS\SYSTEM32\WINSTA.dll
0x00007ffb13e60000 - 0x00007ffb13f8d000 	C:\WINDOWS\SYSTEM32\textinputframework.dll
0x00007ffb1e570000 - 0x00007ffb1e8dc000 	C:\WINDOWS\SYSTEM32\CoreUIComponents.dll
0x00007ffb22e20000 - 0x00007ffb22e7d000 	C:\Users\Pascal\AppData\Local\Temp\lwjglPascal\3.3.1-build-7\lwjgl_opengl.dll
0x00007ffb25f10000 - 0x00007ffb25f20000 	C:\OpenJDK17\jdk-17.0.2\bin\verify.dll
0x00007ffb21a50000 - 0x00007ffb21ad1000 	C:\Users\Pascal\AppData\Local\Temp\lwjglPascal\3.3.1-build-7\lwjgl_stb.dll
0x00007ffad4520000 - 0x00007ffad4ac9000 	C:\Users\Pascal\AppData\Local\Temp\lwjglPascal\3.3.1-build-7\assimp.dll

dbghelp: loaded successfully - version: 4.0.5 - missing functions: none
symbol engine: initialized successfully - sym options: 0x614 - pdb path: .;C:\OpenJDK17\jdk-17.0.2\bin;C:\WINDOWS\SYSTEM32;C:\WINDOWS\WinSxS\amd64_microsoft.windows.common-controls_6595b64144ccf1df_6.0.22621.2070_none_2713e6537381f706;C:\OpenJDK17\jdk-17.0.2\bin\server;C:\Program Files\JetBrains\IntelliJ IDEA Community Edition 2023.1.2\bin;C:\Users\Pascal\AppData\Local\Temp\lwjglPascal\3.3.1-build-7;C:\WINDOWS\System32\DriverStore\FileRepository\nv_dispi.inf_amd64_d3828c822366e497

VM Arguments:
jvm_args: -javaagent:C:\Program Files\JetBrains\IntelliJ IDEA Community Edition 2023.1.2\lib\idea_rt.jar=54249:C:\Program Files\JetBrains\IntelliJ IDEA Community Edition 2023.1.2\bin -Dfile.encoding=UTF-8 
java_command: cga.exercise.MainKt
java_class_path (initial): C:\Users\Pascal\IdeaProjects\CGASoSe2023\build\classes\kotlin\main;C:\Users\Pascal\.gradle\caches\modules-2\files-2.1\org.lwjgl\lwjgl-assimp\3.3.1\312072f451794f25670aebb0160ce6ec88aff842\lwjgl-assimp-3.3.1.jar;C:\Users\Pascal\.gradle\caches\modules-2\files-2.1\org.lwjgl\lwjgl-glfw\3.3.1\cbac1b8d30cb4795149c1ef540f912671a8616d0\lwjgl-glfw-3.3.1.jar;C:\Users\Pascal\.gradle\caches\modules-2\files-2.1\org.lwjgl\lwjgl-opengl\3.3.1\831a5533a21a5f4f81bbc51bb13e9899319b5411\lwjgl-opengl-3.3.1.jar;C:\Users\Pascal\.gradle\caches\modules-2\files-2.1\org.lwjgl\lwjgl-stb\3.3.1\b119297cf8ed01f247abe8685857f8e7fcf5980f\lwjgl-stb-3.3.1.jar;C:\Users\Pascal\.gradle\caches\modules-2\files-2.1\org.lwjgl\lwjgl\3.3.1\ae58664f88e18a9bb2c77b063833ca7aaec484cb\lwjgl-3.3.1.jar;C:\Users\Pascal\.gradle\caches\modules-2\files-2.1\org.joml\joml\1.9.24\6dfea02caa5a5dd2f0b6da2abbe0b2edca8c8cb9\joml-1.9.24.jar;C:\Users\Pascal\.gradle\caches\modules-2\files-2.1\org.jetbrains.kotlin\kotlin-stdlib-jdk8\1.8.0\ed04f49e186a116753ad70d34f0ac2925d1d8020\kotlin-stdlib-jdk8-1.8.0.jar;C:\Users\Pascal\.gradle\caches\modules-2\files-2.1\org.jetbrains.kotlin\kotlin-stdlib-jdk7\1.8.0\3c91271347f678c239607abb676d4032a7898427\kotlin-stdlib-jdk7-1.8.0.jar;C:\Users\Pascal\.gradle\caches\modules-2\files-2.1\org.jetbrains.kotlin\kotlin-stdlib\1.8.0\1796921c7a3e2e2665a83e6c8d33399336cd39bc\kotlin-stdlib-1.8.0.jar;C:\Users\Pascal\.gradle\caches\modules-2\files-2.1\org.jetbrains.kotlin\kotlin-stdlib-common\1.8.0\f7197e7cc76453ac59f8b0f8d5137cc600becd36\kotlin-stdlib-common-1.8.0.jar;C:\Users\Pascal\.gradle\caches\modules-2\files-2.1\org.jetbrains\annotations\13.0\919f0dfe192fb4e063e7dacadee7f8bb9a2672a9\annotations-13.0.jar;C:\Users\Pascal\.gradle\caches\modules-2\files-2.1\org.lwjgl\lwjgl-assimp\3.3.1\bfa2a0d57acbf952b716d0ad8a3acbd7ad9f5639\lwjgl-assimp-3.3.1-natives-windows.jar;C:\Users\Pascal\.gradle\caches\modules-2\files-2.1\org.lwjgl\lwjgl-glfw\3.3.1\ed892f945cf7e79c8756796f32d00fa4cea
Launcher Type: SUN_STANDARD

[Global flags]
     intx CICompilerCount                          = 4                                         {product} {ergonomic}
     uint ConcGCThreads                            = 3                                         {product} {ergonomic}
     uint G1ConcRefinementThreads                  = 10                                        {product} {ergonomic}
   size_t G1HeapRegionSize                         = 2097152                                   {product} {ergonomic}
    uintx GCDrainStackTargetSize                   = 64                                        {product} {ergonomic}
   size_t InitialHeapSize                          = 268435456                                 {product} {ergonomic}
   size_t MarkStackSize                            = 4194304                                   {product} {ergonomic}
   size_t MaxHeapSize                              = 4276092928                                {product} {ergonomic}
   size_t MaxNewSize                               = 2564816896                                {product} {ergonomic}
   size_t MinHeapDeltaBytes                        = 2097152                                   {product} {ergonomic}
   size_t MinHeapSize                              = 8388608                                   {product} {ergonomic}
    uintx NonNMethodCodeHeapSize                   = 5839372                                {pd product} {ergonomic}
    uintx NonProfiledCodeHeapSize                  = 122909434                              {pd product} {ergonomic}
    uintx ProfiledCodeHeapSize                     = 122909434                              {pd product} {ergonomic}
    uintx ReservedCodeCacheSize                    = 251658240                              {pd product} {ergonomic}
     bool SegmentedCodeCache                       = true                                      {product} {ergonomic}
   size_t SoftMaxHeapSize                          = 4276092928                             {manageable} {ergonomic}
     bool UseCompressedClassPointers               = true                           {product lp64_product} {ergonomic}
     bool UseCompressedOops                        = true                           {product lp64_product} {ergonomic}
     bool UseG1GC                                  = true                                      {product} {ergonomic}
     bool UseLargePagesIndividualAllocation        = false                                  {pd product} {ergonomic}

Logging:
Log output configuration:
 #0: stdout all=warning uptime,level,tags
 #1: stderr all=off uptime,level,tags

Environment Variables:
JAVA_HOME=C:\OpenJDK17\jdk-17.0.2
PATH=C:\OpenJDK17\jdk-17.0.2\bin;C:\WINDOWS\system32;C:\WINDOWS;C:\WINDOWS\System32\Wbem;C:\WINDOWS\System32\WindowsPowerShell\v1.0\;C:\WINDOWS\System32\OpenSSH\;C:\Program Files\NVIDIA Corporation\NVIDIA NvDLISR;C:\Program Files (x86)\NVIDIA Corporation\PhysX\Common;C:\Program Files (x86)\Common Files\Oracle\Java\javapath;C:\Program Files\Git\cmd;C:\Program Files\nodejs\;C:\Program Files\dotnet\;C:\Users\Pascal\AppData\Local\Microsoft\WindowsApps;C:\Users\Pascal\AppData\Roaming\npm;C:\Users\Pascal\AppData\Local\Programs\Microsoft VS Code\bin;C:\Users\Pascal\.dotnet\tools
USERNAME=Pascal
OS=Windows_NT
PROCESSOR_IDENTIFIER=AMD64 Family 23 Model 113 Stepping 0, AuthenticAMD



---------------  S Y S T E M  ---------------

OS:
 Windows 11 , 64 bit Build 22621 (10.0.22621.2070)
OS uptime: 10 days 20:25 hours
Hyper-V role detected

CPU: total 12 (initial active 12) (12 cores per cpu, 2 threads per core) family 23 model 113 stepping 0 microcode 0x0, cx8, cmov, fxsr, ht, mmx, 3dnowpref, sse, sse2, sse3, ssse3, sse4a, sse4.1, sse4.2, popcnt, lzcnt, tsc, tscinvbit, avx, avx2, aes, clmul, bmi1, bmi2, adx, sha, fma, vzeroupper, clflush, clflushopt, hv

Memory: 4k page, system-wide physical 16309M (3012M free)
TotalPageFile size 21713M (AvailPageFile size 2692M)
current process WorkingSet (physical memory assigned to process): 389M, peak: 421M
current process commit charge ("private bytes"): 1029M, peak: 1061M

vm_info: OpenJDK 64-Bit Server VM (17.0.2+8-86) for windows-amd64 JRE (17.0.2+8-86), built on Dec  7 2021 21:49:10 by "mach5one" with MS VC++ 16.8 / 16.9 (VS2019)

END.
