#
# A fatal error has been detected by the Java Runtime Environment:
#
#  EXCEPTION_ACCESS_VIOLATION (0xc0000005) at pc=0x00007ffb13e96e81, pid=20276, tid=3472
#
# JRE version: OpenJDK Runtime Environment (17.0.2+8) (build 17.0.2+8-86)
# Java VM: OpenJDK 64-Bit Server VM (17.0.2+8-86, mixed mode, sharing, tiered, compressed oops, compressed class ptrs, g1 gc, windows-amd64)
# Problematic frame:
# C  [glfw.dll+0x6e81]
#
# No core dump will be written. Minidumps are not enabled by default on client versions of Windows
#
# If you would like to submit a bug report, please visit:
#   https://bugreport.java.com/bugreport/crash.jsp
# The crash happened outside the Java Virtual Machine in native code.
# See problematic frame for where to report the bug.
#

---------------  S U M M A R Y ------------

Command Line: -javaagent:C:\Program Files\JetBrains\IntelliJ IDEA Community Edition 2023.1.2\lib\idea_rt.jar=60033:C:\Program Files\JetBrains\IntelliJ IDEA Community Edition 2023.1.2\bin -Dfile.encoding=UTF-8 cga.exercise.MainKt

Host: AMD Ryzen 5 3600 6-Core Processor              , 12 cores, 15G,  Windows 11 , 64 bit Build 22621 (10.0.22621.2070)
Time: Thu Aug 24 17:29:22 2023 Mitteleuropäische Sommerzeit elapsed time: 12.058721 seconds (0d 0h 0m 12s)

---------------  T H R E A D  ---------------

Current thread (0x000001e2f84e1040):  JavaThread "main" [_thread_in_native, id=3472, stack(0x0000002596f00000,0x0000002597000000)]

Stack: [0x0000002596f00000,0x0000002597000000],  sp=0x0000002596ffee50,  free space=1019k
Native frames: (J=compiled Java code, j=interpreted, Vv=VM code, C=native code)
C  [glfw.dll+0x6e81]

Java frames: (J=compiled Java code, j=interpreted, Vv=VM code)
J 1947  org.lwjgl.system.JNI.invokePV(JJ)V (0 bytes) @ 0x000001e28f3c0fec [0x000001e28f3c0fa0+0x000000000000004c]
j  org.lwjgl.glfw.GLFW.glfwDestroyWindow(J)V+6
j  cga.exercise.game.Scene.checkCollisionMenu()V+109
J 1982 c1 cga.exercise.game.Scene.update(FF)V (432 bytes) @ 0x000001e28809927c [0x000001e288099180+0x00000000000000fc]
J 1981 c1 cga.exercise.game.Game.update(FF)V (10 bytes) @ 0x000001e288098abc [0x000001e288098a40+0x000000000000007c]
j  cga.framework.GameWindow.run()V+107
j  cga.exercise.MainKt.main()V+23
j  cga.exercise.MainKt.main([Ljava/lang/String;)V+0
v  ~StubRoutines::call_stub

siginfo: EXCEPTION_ACCESS_VIOLATION (0xc0000005), writing address 0x00000000000002d1


Register to memory mapping:

RIP=0x00007ffb13e96e81 glfw.dll
RAX=0x0 is NULL
RBX=0x0000000000000001 is an unknown value
RCX=0x0000000000000001 is an unknown value
RDX=0x0000002596ffeed0 is pointing into the stack for thread: 0x000001e2f84e1040
RSP=0x0000002596ffee50 is pointing into the stack for thread: 0x000001e2f84e1040
RBP=0x0000002596ffeee0 is pointing into the stack for thread: 0x000001e2f84e1040
RSI=0x000000070126a000 is an oop: java.io.PrintStream 
{0x000000070126a000} - klass: 'java/io/PrintStream'
 - ---- fields (total size 5 words):
 - private volatile 'closed' 'Z' @12  false
 - protected 'out' 'Ljava/io/OutputStream;' @16  a 'java/io/BufferedOutputStream'{0x000000070127b808} (e024f701)
 - private final 'closeLock' 'Ljava/lang/Object;' @20  a 'java/lang/Object'{0x000000070127b920} (e024f724)
 - private final 'autoFlush' 'Z' @13  true
 - private 'trouble' 'Z' @14  false
 - private 'closing' 'Z' @15  false
 - private 'formatter' 'Ljava/util/Formatter;' @24  NULL (0)
 - private 'textOut' 'Ljava/io/BufferedWriter;' @28  a 'java/io/BufferedWriter'{0x000000070127b930} (e024f726)
 - private 'charOut' 'Ljava/io/OutputStreamWriter;' @32  a 'java/io/OutputStreamWriter'{0x000000070127b958} (e024f72b)
RDI=0x000000070127b808 is an oop: java.io.BufferedOutputStream 
{0x000000070127b808} - klass: 'java/io/BufferedOutputStream'
 - ---- fields (total size 4 words):
 - private volatile 'closed' 'Z' @12  false
 - protected 'out' 'Ljava/io/OutputStream;' @16  a 'java/io/FileOutputStream'{0x000000070127b828} (e024f705)
 - private final 'closeLock' 'Ljava/lang/Object;' @20  a 'java/lang/Object'{0x000000070127b880} (e024f710)
 - protected 'count' 'I' @24  0
 - protected 'buf' '[B' @28  [B{0x000000070127b890} (e024f712)
R8 =0x0000000000000001 is an unknown value
R9 =0x00007ffb13e96e50 glfw.dll
R10=0x00007ffb1fce1380 lwjgl.dll
R11=0x000001e28f3c0fc0 is at entry_point+32 in (nmethod*)0x000001e28f3c0e10
R12=0x0 is NULL
R13=0x0000002596ffeef8 is pointing into the stack for thread: 0x000001e2f84e1040
R14=0x0000002596ffeed0 is pointing into the stack for thread: 0x000001e2f84e1040
R15=0x000001e2f84e1040 is a thread


Registers:
RAX=0x0000000000000000, RBX=0x0000000000000001, RCX=0x0000000000000001, RDX=0x0000002596ffeed0
RSP=0x0000002596ffee50, RBP=0x0000002596ffeee0, RSI=0x000000070126a000, RDI=0x000000070127b808
R8 =0x0000000000000001, R9 =0x00007ffb13e96e50, R10=0x00007ffb1fce1380, R11=0x000001e28f3c0fc0
R12=0x0000000000000000, R13=0x0000002596ffeef8, R14=0x0000002596ffeed0, R15=0x000001e2f84e1040
RIP=0x00007ffb13e96e81, EFLAGS=0x0000000000010246

Top of Stack: (sp=0x0000002596ffee50)
0x0000002596ffee50:   0000000000000000 0000000000000000
0x0000002596ffee60:   000000070127b808 00007ffac71313ee
0x0000002596ffee70:   000001e2ff49ef38 000001e28f3c108c
0x0000002596ffee80:   000000070126a000 000001e287779657
0x0000002596ffee90:   000001e2ff4171d8 000001e2f84e1040
0x0000002596ffeea0:   000001e2f84e1040 0000002596ffeea8
0x0000002596ffeeb0:   0000002596ffef88 00007ffac6e8bbc1
0x0000002596ffeec0:   000001e2f84e1040 0000000000000079
0x0000002596ffeed0:   00000007012c40c8 000000070127b808
0x0000002596ffeee0:   0000002596ffef60 000001e2877794fe
0x0000002596ffeef0:   000001e2877794fe 00007ffb13e96e50
0x0000002596ffef00:   0000000000000000 0000000000000001
0x0000002596ffef10:   0000000000000000 0000002596ffef18
0x0000002596ffef20:   000001e2ff4171a6 0000002596ffef88
0x0000002596ffef30:   000001e2ff4286f0 0000000000000000
0x0000002596ffef40:   00000007012e4a30 000001e2ff4171d8 

Instructions: (pc=0x00007ffb13e96e81)
0x00007ffb13e96d81:   d2 0f 11 05 47 02 05 00 41 b8 48 03 00 00 48 89
0x00007ffb13e96d91:   05 4a 02 05 00 66 0f 6f 05 02 e8 03 00 f3 0f 7f
0x00007ffb13e96da1:   05 0a 02 05 00 e8 c5 e4 00 00 66 0f 6f 05 fd e7
0x00007ffb13e96db1:   03 00 33 c0 f3 0f 7f 05 bb fe 04 00 c7 05 c1 fe
0x00007ffb13e96dc1:   04 00 01 00 00 00 0f 57 c0 c7 05 c0 fe 04 00 01
0x00007ffb13e96dd1:   00 00 00 0f 11 05 55 fe 04 00 c7 05 b3 fe 04 00
0x00007ffb13e96de1:   01 00 00 00 0f 11 05 64 fe 04 00 48 89 05 6d fe
0x00007ffb13e96df1:   04 00 0f 11 05 46 fe 04 00 c7 05 2c fe 04 00 18
0x00007ffb13e96e01:   00 00 00 66 0f 6f 05 b4 e7 03 00 f3 0f 7f 05 0c
0x00007ffb13e96e11:   fe 04 00 c7 05 16 fe 04 00 08 00 00 00 c7 05 30
0x00007ffb13e96e21:   fe 04 00 01 00 00 00 c7 05 b6 01 05 00 ff ff ff
0x00007ffb13e96e31:   ff c7 05 68 fe 04 00 01 00 00 00 48 83 c4 28 c3
0x00007ffb13e96e41:   cc cc cc cc cc cc cc cc cc cc cc cc cc cc cc 40
0x00007ffb13e96e51:   53 48 83 ec 20 83 3d 33 fb 04 00 00 48 8b d9 75
0x00007ffb13e96e61:   11 33 d2 b9 01 00 01 00 48 83 c4 20 5b e9 bd af
0x00007ffb13e96e71:   ff ff 48 85 db 0f 84 a5 00 00 00 0f 57 c0 33 c0
0x00007ffb13e96e81:   0f 11 81 d0 02 00 00 0f 11 81 e0 02 00 00 0f 11
0x00007ffb13e96e91:   81 f0 02 00 00 0f 11 81 00 03 00 00 0f 11 81 10
0x00007ffb13e96ea1:   03 00 00 0f 11 81 20 03 00 00 0f 11 81 30 03 00
0x00007ffb13e96eb1:   00 0f 11 81 40 03 00 00 48 89 81 50 03 00 00 48
0x00007ffb13e96ec1:   8d 0d 65 13 05 00 e8 74 42 00 00 48 3b d8 75 07
0x00007ffb13e96ed1:   33 c9 e8 a8 ad ff ff 48 8b cb ff 15 c7 fb 04 00
0x00007ffb13e96ee1:   48 8b 0d 18 01 05 00 48 8d 15 11 01 05 00 48 3b
0x00007ffb13e96ef1:   cb 74 1a 0f 1f 40 00 0f 1f 84 00 00 00 00 00 48
0x00007ffb13e96f01:   8b 01 48 8b d1 48 8b c8 48 3b c3 75 f2 48 8b 03
0x00007ffb13e96f11:   48 8b cb 48 89 02 48 83 c4 20 5b e9 7f b4 ff ff
0x00007ffb13e96f21:   48 83 c4 20 5b c3 cc cc cc cc cc cc cc cc cc 83
0x00007ffb13e96f31:   3d 59 fa 04 00 00 75 0c 33 d2 b9 01 00 01 00 e9
0x00007ffb13e96f41:   eb ae ff ff 48 ff 25 ec fb 04 00 cc cc cc cc 33
0x00007ffb13e96f51:   c0 48 85 d2 74 02 89 02 4d 85 c0 74 03 41 89 00
0x00007ffb13e96f61:   39 05 29 fa 04 00 75 0c 33 d2 b9 01 00 01 00 e9
0x00007ffb13e96f71:   bb ae ff ff 48 ff 25 74 fb 04 00 cc cc cc cc 48 


Stack slot to memory mapping:
stack at sp + 0 slots: 0x0 is NULL
stack at sp + 1 slots: 0x0 is NULL
stack at sp + 2 slots: 0x000000070127b808 is an oop: java.io.BufferedOutputStream 
{0x000000070127b808} - klass: 'java/io/BufferedOutputStream'
 - ---- fields (total size 4 words):
 - private volatile 'closed' 'Z' @12  false
 - protected 'out' 'Ljava/io/OutputStream;' @16  a 'java/io/FileOutputStream'{0x000000070127b828} (e024f705)
 - private final 'closeLock' 'Ljava/lang/Object;' @20  a 'java/lang/Object'{0x000000070127b880} (e024f710)
 - protected 'count' 'I' @24  0
 - protected 'buf' '[B' @28  [B{0x000000070127b890} (e024f712)
stack at sp + 3 slots: 0x00007ffac71313ee jvm.dll
stack at sp + 4 slots: {method} {0x000001e2ff49ef40} 'invokePV' '(JJ)V' in 'org/lwjgl/system/JNI'
stack at sp + 5 slots: 0x000001e28f3c108c is at entry_point+236 in (nmethod*)0x000001e28f3c0e10
stack at sp + 6 slots: 0x000000070126a000 is an oop: java.io.PrintStream 
{0x000000070126a000} - klass: 'java/io/PrintStream'
 - ---- fields (total size 5 words):
 - private volatile 'closed' 'Z' @12  false
 - protected 'out' 'Ljava/io/OutputStream;' @16  a 'java/io/BufferedOutputStream'{0x000000070127b808} (e024f701)
 - private final 'closeLock' 'Ljava/lang/Object;' @20  a 'java/lang/Object'{0x000000070127b920} (e024f724)
 - private final 'autoFlush' 'Z' @13  true
 - private 'trouble' 'Z' @14  false
 - private 'closing' 'Z' @15  false
 - private 'formatter' 'Ljava/util/Formatter;' @24  NULL (0)
 - private 'textOut' 'Ljava/io/BufferedWriter;' @28  a 'java/io/BufferedWriter'{0x000000070127b930} (e024f726)
 - private 'charOut' 'Ljava/io/OutputStreamWriter;' @32  a 'java/io/OutputStreamWriter'{0x000000070127b958} (e024f72b)
stack at sp + 7 slots: 0x000001e287779657 is at code_begin+1463 in an Interpreter codelet
return entry points  [0x000001e2877790a0, 0x000001e287779ba0]  2816 bytes


---------------  P R O C E S S  ---------------

Threads class SMR info:
_java_thread_list=0x000001e2a78519b0, length=13, elements={
0x000001e2f84e1040, 0x000001e2fef3deb0, 0x000001e2fef3fa70, 0x000001e2fef53040,
0x000001e2fef53bf0, 0x000001e2fef547a0, 0x000001e2fef5cd30, 0x000001e2fef5e260,
0x000001e2fef603c0, 0x000001e2fef62740, 0x000001e2fef29440, 0x000001e2ffba15c0,
0x000001e2ffbcd740
}

Java Threads: ( => current thread )
=>0x000001e2f84e1040 JavaThread "main" [_thread_in_native, id=3472, stack(0x0000002596f00000,0x0000002597000000)]
  0x000001e2fef3deb0 JavaThread "Reference Handler" daemon [_thread_blocked, id=18708, stack(0x0000002597600000,0x0000002597700000)]
  0x000001e2fef3fa70 JavaThread "Finalizer" daemon [_thread_blocked, id=7424, stack(0x0000002597700000,0x0000002597800000)]
  0x000001e2fef53040 JavaThread "Signal Dispatcher" daemon [_thread_blocked, id=17236, stack(0x0000002597800000,0x0000002597900000)]
  0x000001e2fef53bf0 JavaThread "Attach Listener" daemon [_thread_blocked, id=19620, stack(0x0000002597900000,0x0000002597a00000)]
  0x000001e2fef547a0 JavaThread "Service Thread" daemon [_thread_blocked, id=6944, stack(0x0000002597a00000,0x0000002597b00000)]
  0x000001e2fef5cd30 JavaThread "Monitor Deflation Thread" daemon [_thread_blocked, id=22116, stack(0x0000002597b00000,0x0000002597c00000)]
  0x000001e2fef5e260 JavaThread "C2 CompilerThread0" daemon [_thread_blocked, id=15628, stack(0x0000002597c00000,0x0000002597d00000)]
  0x000001e2fef603c0 JavaThread "C1 CompilerThread0" daemon [_thread_blocked, id=19396, stack(0x0000002597d00000,0x0000002597e00000)]
  0x000001e2fef62740 JavaThread "Sweeper thread" daemon [_thread_blocked, id=22028, stack(0x0000002597e00000,0x0000002597f00000)]
  0x000001e2fef29440 JavaThread "Common-Cleaner" daemon [_thread_blocked, id=21920, stack(0x0000002597f00000,0x0000002598000000)]
  0x000001e2ffba15c0 JavaThread "Monitor Ctrl-Break" daemon [_thread_in_native, id=20912, stack(0x0000002598000000,0x0000002598100000)]
  0x000001e2ffbcd740 JavaThread "Notification Thread" daemon [_thread_blocked, id=22052, stack(0x0000002598100000,0x0000002598200000)]

Other Threads:
  0x000001e2fef39440 VMThread "VM Thread" [stack: 0x0000002597500000,0x0000002597600000] [id=21576]
  0x000001e2f84e1eb0 WatcherThread [stack: 0x0000002598200000,0x0000002598300000] [id=7812]
  0x000001e2f8531080 GCTaskThread "GC Thread#0" [stack: 0x0000002597000000,0x0000002597100000] [id=19428]
  0x000001e2a5d03c30 GCTaskThread "GC Thread#1" [stack: 0x0000002598b00000,0x0000002598c00000] [id=16372]
  0x000001e2a5b73ef0 GCTaskThread "GC Thread#2" [stack: 0x0000002598c00000,0x0000002598d00000] [id=18592]
  0x000001e2a5ce53d0 GCTaskThread "GC Thread#3" [stack: 0x0000002598d00000,0x0000002598e00000] [id=19052]
  0x000001e2a6038cc0 GCTaskThread "GC Thread#4" [stack: 0x0000002598e00000,0x0000002598f00000] [id=19592]
  0x000001e2a5d68250 GCTaskThread "GC Thread#5" [stack: 0x0000002598f00000,0x0000002599000000] [id=10896]
  0x000001e2a5d687b0 GCTaskThread "GC Thread#6" [stack: 0x0000002599000000,0x0000002599100000] [id=940]
  0x000001e2a5d68d10 GCTaskThread "GC Thread#7" [stack: 0x0000002599100000,0x0000002599200000] [id=13908]
  0x000001e2a5d68500 GCTaskThread "GC Thread#8" [stack: 0x0000002599200000,0x0000002599300000] [id=8484]
  0x000001e2a5d68fc0 GCTaskThread "GC Thread#9" [stack: 0x0000002598a00000,0x0000002598b00000] [id=21368]
  0x000001e2f8541ff0 ConcurrentGCThread "G1 Main Marker" [stack: 0x0000002597100000,0x0000002597200000] [id=10924]
  0x000001e2f85438b0 ConcurrentGCThread "G1 Conc#0" [stack: 0x0000002597200000,0x0000002597300000] [id=7244]
  0x000001e2fee030e0 ConcurrentGCThread "G1 Refine#0" [stack: 0x0000002597300000,0x0000002597400000] [id=340]
  0x000001e2fee039a0 ConcurrentGCThread "G1 Service" [stack: 0x0000002597400000,0x0000002597500000] [id=17892]

Threads with active compile tasks:

VM state: not at safepoint (normal execution)

VM Mutex/Monitor currently owned by a thread: None

Heap address: 0x0000000701200000, size: 4078 MB, Compressed Oops mode: Zero based, Oop shift amount: 3

CDS archive(s) mapped at: [0x0000000800000000-0x0000000800bc0000-0x0000000800bc0000), size 12320768, SharedBaseAddress: 0x0000000800000000, ArchiveRelocationMode: 0.
Compressed class space mapped at: 0x0000000800c00000-0x0000000840c00000, reserved size: 1073741824
Narrow klass base: 0x0000000800000000, Narrow klass shift: 0, Narrow klass range: 0x100000000

GC Precious Log:
 CPUs: 12 total, 12 available
 Memory: 16309M
 Large Page Support: Disabled
 NUMA Support: Disabled
 Compressed Oops: Enabled (Zero based)
 Heap Region Size: 2M
 Heap Min Capacity: 8M
 Heap Initial Capacity: 256M
 Heap Max Capacity: 4078M
 Pre-touch: Disabled
 Parallel Workers: 10
 Concurrent Workers: 3
 Concurrent Refinement Workers: 10
 Periodic GC: Disabled

Heap:
 garbage-first heap   total 546816K, used 73411K [0x0000000701200000, 0x0000000800000000)
  region size 2048K, 36 young (73728K), 8 survivors (16384K)
 Metaspace       used 7206K, committed 7424K, reserved 1064960K
  class space    used 355K, committed 448K, reserved 1048576K

Heap Regions: E=young(eden), S=young(survivor), O=old, HS=humongous(starts), HC=humongous(continues), CS=collection set, F=free, OA=open archive, CA=closed archive, TAMS=top-at-mark-start (previous, next)
|   0|0x0000000701200000, 0x0000000701400000, 0x0000000701400000|100%| O|  |TAMS 0x0000000701200000, 0x0000000701200000| Untracked 
|   1|0x0000000701400000, 0x0000000701600000, 0x0000000701600000|100%| O|  |TAMS 0x0000000701400000, 0x0000000701400000| Untracked 
|   2|0x0000000701600000, 0x0000000701600000, 0x0000000701800000|  0%| F|  |TAMS 0x0000000701600000, 0x0000000701600000| Untracked 
|   3|0x0000000701800000, 0x0000000701800000, 0x0000000701a00000|  0%| F|  |TAMS 0x0000000701800000, 0x0000000701800000| Untracked 
|   4|0x0000000701a00000, 0x0000000701acf200, 0x0000000701c00000| 40%| O|  |TAMS 0x0000000701a00000, 0x0000000701a00000| Untracked 
|   5|0x0000000701c00000, 0x0000000701c00000, 0x0000000701e00000|  0%| F|  |TAMS 0x0000000701c00000, 0x0000000701c00000| Untracked 
|   6|0x0000000701e00000, 0x0000000701e00000, 0x0000000702000000|  0%| F|  |TAMS 0x0000000701e00000, 0x0000000701e00000| Untracked 
|   7|0x0000000702000000, 0x0000000702000000, 0x0000000702200000|  0%| F|  |TAMS 0x0000000702000000, 0x0000000702000000| Untracked 
|   8|0x0000000702200000, 0x0000000702200000, 0x0000000702400000|  0%| F|  |TAMS 0x0000000702200000, 0x0000000702200000| Untracked 
|   9|0x0000000702400000, 0x0000000702400000, 0x0000000702600000|  0%| F|  |TAMS 0x0000000702400000, 0x0000000702400000| Untracked 
|  10|0x0000000702600000, 0x0000000702600000, 0x0000000702800000|  0%| F|  |TAMS 0x0000000702600000, 0x0000000702600000| Untracked 
|  11|0x0000000702800000, 0x0000000702800000, 0x0000000702a00000|  0%| F|  |TAMS 0x0000000702800000, 0x0000000702800000| Untracked 
|  12|0x0000000702a00000, 0x0000000702a00000, 0x0000000702c00000|  0%| F|  |TAMS 0x0000000702a00000, 0x0000000702a00000| Untracked 
|  13|0x0000000702c00000, 0x0000000702c00000, 0x0000000702e00000|  0%| F|  |TAMS 0x0000000702c00000, 0x0000000702c00000| Untracked 
|  14|0x0000000702e00000, 0x0000000702e00000, 0x0000000703000000|  0%| F|  |TAMS 0x0000000702e00000, 0x0000000702e00000| Untracked 
|  15|0x0000000703000000, 0x0000000703000000, 0x0000000703200000|  0%| F|  |TAMS 0x0000000703000000, 0x0000000703000000| Untracked 
|  16|0x0000000703200000, 0x0000000703200000, 0x0000000703400000|  0%| F|  |TAMS 0x0000000703200000, 0x0000000703200000| Untracked 
|  17|0x0000000703400000, 0x0000000703400000, 0x0000000703600000|  0%| F|  |TAMS 0x0000000703400000, 0x0000000703400000| Untracked 
|  18|0x0000000703600000, 0x0000000703600000, 0x0000000703800000|  0%| F|  |TAMS 0x0000000703600000, 0x0000000703600000| Untracked 
|  19|0x0000000703800000, 0x0000000703800000, 0x0000000703a00000|  0%| F|  |TAMS 0x0000000703800000, 0x0000000703800000| Untracked 
|  20|0x0000000703a00000, 0x0000000703a00000, 0x0000000703c00000|  0%| F|  |TAMS 0x0000000703a00000, 0x0000000703a00000| Untracked 
|  21|0x0000000703c00000, 0x0000000703c00000, 0x0000000703e00000|  0%| F|  |TAMS 0x0000000703c00000, 0x0000000703c00000| Untracked 
|  22|0x0000000703e00000, 0x0000000703e00000, 0x0000000704000000|  0%| F|  |TAMS 0x0000000703e00000, 0x0000000703e00000| Untracked 
|  23|0x0000000704000000, 0x0000000704000000, 0x0000000704200000|  0%| F|  |TAMS 0x0000000704000000, 0x0000000704000000| Untracked 
|  24|0x0000000704200000, 0x0000000704200000, 0x0000000704400000|  0%| F|  |TAMS 0x0000000704200000, 0x0000000704200000| Untracked 
|  25|0x0000000704400000, 0x0000000704400000, 0x0000000704600000|  0%| F|  |TAMS 0x0000000704400000, 0x0000000704400000| Untracked 
|  26|0x0000000704600000, 0x0000000704600000, 0x0000000704800000|  0%| F|  |TAMS 0x0000000704600000, 0x0000000704600000| Untracked 
|  27|0x0000000704800000, 0x0000000704800000, 0x0000000704a00000|  0%| F|  |TAMS 0x0000000704800000, 0x0000000704800000| Untracked 
|  28|0x0000000704a00000, 0x0000000704a00000, 0x0000000704c00000|  0%| F|  |TAMS 0x0000000704a00000, 0x0000000704a00000| Untracked 
|  29|0x0000000704c00000, 0x0000000704c00000, 0x0000000704e00000|  0%| F|  |TAMS 0x0000000704c00000, 0x0000000704c00000| Untracked 
|  30|0x0000000704e00000, 0x0000000704e00000, 0x0000000705000000|  0%| F|  |TAMS 0x0000000704e00000, 0x0000000704e00000| Untracked 
|  31|0x0000000705000000, 0x0000000705000000, 0x0000000705200000|  0%| F|  |TAMS 0x0000000705000000, 0x0000000705000000| Untracked 
|  32|0x0000000705200000, 0x0000000705200000, 0x0000000705400000|  0%| F|  |TAMS 0x0000000705200000, 0x0000000705200000| Untracked 
|  33|0x0000000705400000, 0x0000000705400000, 0x0000000705600000|  0%| F|  |TAMS 0x0000000705400000, 0x0000000705400000| Untracked 
|  34|0x0000000705600000, 0x0000000705600000, 0x0000000705800000|  0%| F|  |TAMS 0x0000000705600000, 0x0000000705600000| Untracked 
|  35|0x0000000705800000, 0x0000000705800000, 0x0000000705a00000|  0%| F|  |TAMS 0x0000000705800000, 0x0000000705800000| Untracked 
|  36|0x0000000705a00000, 0x0000000705a00000, 0x0000000705c00000|  0%| F|  |TAMS 0x0000000705a00000, 0x0000000705a00000| Untracked 
|  37|0x0000000705c00000, 0x0000000705c00000, 0x0000000705e00000|  0%| F|  |TAMS 0x0000000705c00000, 0x0000000705c00000| Untracked 
|  38|0x0000000705e00000, 0x0000000705e00000, 0x0000000706000000|  0%| F|  |TAMS 0x0000000705e00000, 0x0000000705e00000| Untracked 
|  39|0x0000000706000000, 0x0000000706000000, 0x0000000706200000|  0%| F|  |TAMS 0x0000000706000000, 0x0000000706000000| Untracked 
|  40|0x0000000706200000, 0x0000000706200000, 0x0000000706400000|  0%| F|  |TAMS 0x0000000706200000, 0x0000000706200000| Untracked 
|  41|0x0000000706400000, 0x0000000706400000, 0x0000000706600000|  0%| F|  |TAMS 0x0000000706400000, 0x0000000706400000| Untracked 
|  42|0x0000000706600000, 0x0000000706600000, 0x0000000706800000|  0%| F|  |TAMS 0x0000000706600000, 0x0000000706600000| Untracked 
|  43|0x0000000706800000, 0x0000000706800000, 0x0000000706a00000|  0%| F|  |TAMS 0x0000000706800000, 0x0000000706800000| Untracked 
|  44|0x0000000706a00000, 0x0000000706a00000, 0x0000000706c00000|  0%| F|  |TAMS 0x0000000706a00000, 0x0000000706a00000| Untracked 
|  45|0x0000000706c00000, 0x0000000706c00000, 0x0000000706e00000|  0%| F|  |TAMS 0x0000000706c00000, 0x0000000706c00000| Untracked 
|  46|0x0000000706e00000, 0x0000000706e00000, 0x0000000707000000|  0%| F|  |TAMS 0x0000000706e00000, 0x0000000706e00000| Untracked 
|  47|0x0000000707000000, 0x0000000707000000, 0x0000000707200000|  0%| F|  |TAMS 0x0000000707000000, 0x0000000707000000| Untracked 
|  48|0x0000000707200000, 0x0000000707200000, 0x0000000707400000|  0%| F|  |TAMS 0x0000000707200000, 0x0000000707200000| Untracked 
|  49|0x0000000707400000, 0x0000000707400000, 0x0000000707600000|  0%| F|  |TAMS 0x0000000707400000, 0x0000000707400000| Untracked 
|  50|0x0000000707600000, 0x0000000707600000, 0x0000000707800000|  0%| F|  |TAMS 0x0000000707600000, 0x0000000707600000| Untracked 
|  51|0x0000000707800000, 0x0000000707800000, 0x0000000707a00000|  0%| F|  |TAMS 0x0000000707800000, 0x0000000707800000| Untracked 
|  52|0x0000000707a00000, 0x0000000707a00000, 0x0000000707c00000|  0%| F|  |TAMS 0x0000000707a00000, 0x0000000707a00000| Untracked 
|  53|0x0000000707c00000, 0x0000000707c00000, 0x0000000707e00000|  0%| F|  |TAMS 0x0000000707c00000, 0x0000000707c00000| Untracked 
|  54|0x0000000707e00000, 0x0000000707e00000, 0x0000000708000000|  0%| F|  |TAMS 0x0000000707e00000, 0x0000000707e00000| Untracked 
|  55|0x0000000708000000, 0x0000000708000000, 0x0000000708200000|  0%| F|  |TAMS 0x0000000708000000, 0x0000000708000000| Untracked 
|  56|0x0000000708200000, 0x0000000708200000, 0x0000000708400000|  0%| F|  |TAMS 0x0000000708200000, 0x0000000708200000| Untracked 
|  57|0x0000000708400000, 0x0000000708400000, 0x0000000708600000|  0%| F|  |TAMS 0x0000000708400000, 0x0000000708400000| Untracked 
|  58|0x0000000708600000, 0x0000000708600000, 0x0000000708800000|  0%| F|  |TAMS 0x0000000708600000, 0x0000000708600000| Untracked 
|  59|0x0000000708800000, 0x0000000708800000, 0x0000000708a00000|  0%| F|  |TAMS 0x0000000708800000, 0x0000000708800000| Untracked 
|  60|0x0000000708a00000, 0x0000000708a00000, 0x0000000708c00000|  0%| F|  |TAMS 0x0000000708a00000, 0x0000000708a00000| Untracked 
|  61|0x0000000708c00000, 0x0000000708c00000, 0x0000000708e00000|  0%| F|  |TAMS 0x0000000708c00000, 0x0000000708c00000| Untracked 
|  62|0x0000000708e00000, 0x0000000708e00000, 0x0000000709000000|  0%| F|  |TAMS 0x0000000708e00000, 0x0000000708e00000| Untracked 
|  63|0x0000000709000000, 0x0000000709000000, 0x0000000709200000|  0%| F|  |TAMS 0x0000000709000000, 0x0000000709000000| Untracked 
|  64|0x0000000709200000, 0x0000000709200000, 0x0000000709400000|  0%| F|  |TAMS 0x0000000709200000, 0x0000000709200000| Untracked 
|  65|0x0000000709400000, 0x0000000709400000, 0x0000000709600000|  0%| F|  |TAMS 0x0000000709400000, 0x0000000709400000| Untracked 
|  66|0x0000000709600000, 0x0000000709600000, 0x0000000709800000|  0%| F|  |TAMS 0x0000000709600000, 0x0000000709600000| Untracked 
|  67|0x0000000709800000, 0x0000000709800000, 0x0000000709a00000|  0%| F|  |TAMS 0x0000000709800000, 0x0000000709800000| Untracked 
|  68|0x0000000709a00000, 0x0000000709a00000, 0x0000000709c00000|  0%| F|  |TAMS 0x0000000709a00000, 0x0000000709a00000| Untracked 
|  69|0x0000000709c00000, 0x0000000709c00000, 0x0000000709e00000|  0%| F|  |TAMS 0x0000000709c00000, 0x0000000709c00000| Untracked 
|  70|0x0000000709e00000, 0x0000000709e00000, 0x000000070a000000|  0%| F|  |TAMS 0x0000000709e00000, 0x0000000709e00000| Untracked 
|  71|0x000000070a000000, 0x000000070a000000, 0x000000070a200000|  0%| F|  |TAMS 0x000000070a000000, 0x000000070a000000| Untracked 
|  72|0x000000070a200000, 0x000000070a200000, 0x000000070a400000|  0%| F|  |TAMS 0x000000070a200000, 0x000000070a200000| Untracked 
|  73|0x000000070a400000, 0x000000070a400000, 0x000000070a600000|  0%| F|  |TAMS 0x000000070a400000, 0x000000070a400000| Untracked 
|  74|0x000000070a600000, 0x000000070a600000, 0x000000070a800000|  0%| F|  |TAMS 0x000000070a600000, 0x000000070a600000| Untracked 
|  75|0x000000070a800000, 0x000000070a800000, 0x000000070aa00000|  0%| F|  |TAMS 0x000000070a800000, 0x000000070a800000| Untracked 
|  76|0x000000070aa00000, 0x000000070aa00000, 0x000000070ac00000|  0%| F|  |TAMS 0x000000070aa00000, 0x000000070aa00000| Untracked 
|  77|0x000000070ac00000, 0x000000070ac00000, 0x000000070ae00000|  0%| F|  |TAMS 0x000000070ac00000, 0x000000070ac00000| Untracked 
|  78|0x000000070ae00000, 0x000000070ae00000, 0x000000070b000000|  0%| F|  |TAMS 0x000000070ae00000, 0x000000070ae00000| Untracked 
|  79|0x000000070b000000, 0x000000070b000000, 0x000000070b200000|  0%| F|  |TAMS 0x000000070b000000, 0x000000070b000000| Untracked 
|  80|0x000000070b200000, 0x000000070b200000, 0x000000070b400000|  0%| F|  |TAMS 0x000000070b200000, 0x000000070b200000| Untracked 
|  81|0x000000070b400000, 0x000000070b400000, 0x000000070b600000|  0%| F|  |TAMS 0x000000070b400000, 0x000000070b400000| Untracked 
|  82|0x000000070b600000, 0x000000070b600000, 0x000000070b800000|  0%| F|  |TAMS 0x000000070b600000, 0x000000070b600000| Untracked 
|  83|0x000000070b800000, 0x000000070b800000, 0x000000070ba00000|  0%| F|  |TAMS 0x000000070b800000, 0x000000070b800000| Untracked 
|  84|0x000000070ba00000, 0x000000070ba00000, 0x000000070bc00000|  0%| F|  |TAMS 0x000000070ba00000, 0x000000070ba00000| Untracked 
|  85|0x000000070bc00000, 0x000000070bc00000, 0x000000070be00000|  0%| F|  |TAMS 0x000000070bc00000, 0x000000070bc00000| Untracked 
|  86|0x000000070be00000, 0x000000070be00000, 0x000000070c000000|  0%| F|  |TAMS 0x000000070be00000, 0x000000070be00000| Untracked 
|  87|0x000000070c000000, 0x000000070c000000, 0x000000070c200000|  0%| F|  |TAMS 0x000000070c000000, 0x000000070c000000| Untracked 
|  88|0x000000070c200000, 0x000000070c200000, 0x000000070c400000|  0%| F|  |TAMS 0x000000070c200000, 0x000000070c200000| Untracked 
|  89|0x000000070c400000, 0x000000070c400000, 0x000000070c600000|  0%| F|  |TAMS 0x000000070c400000, 0x000000070c400000| Untracked 
|  90|0x000000070c600000, 0x000000070c600000, 0x000000070c800000|  0%| F|  |TAMS 0x000000070c600000, 0x000000070c600000| Untracked 
|  91|0x000000070c800000, 0x000000070c800000, 0x000000070ca00000|  0%| F|  |TAMS 0x000000070c800000, 0x000000070c800000| Untracked 
|  92|0x000000070ca00000, 0x000000070ca00000, 0x000000070cc00000|  0%| F|  |TAMS 0x000000070ca00000, 0x000000070ca00000| Untracked 
|  93|0x000000070cc00000, 0x000000070cc00000, 0x000000070ce00000|  0%| F|  |TAMS 0x000000070cc00000, 0x000000070cc00000| Untracked 
|  94|0x000000070ce00000, 0x000000070ce00000, 0x000000070d000000|  0%| F|  |TAMS 0x000000070ce00000, 0x000000070ce00000| Untracked 
|  95|0x000000070d000000, 0x000000070d000000, 0x000000070d200000|  0%| F|  |TAMS 0x000000070d000000, 0x000000070d000000| Untracked 
|  96|0x000000070d200000, 0x000000070d200000, 0x000000070d400000|  0%| F|  |TAMS 0x000000070d200000, 0x000000070d200000| Untracked 
|  97|0x000000070d400000, 0x000000070d400000, 0x000000070d600000|  0%| F|  |TAMS 0x000000070d400000, 0x000000070d400000| Untracked 
|  98|0x000000070d600000, 0x000000070d600000, 0x000000070d800000|  0%| F|  |TAMS 0x000000070d600000, 0x000000070d600000| Untracked 
|  99|0x000000070d800000, 0x000000070d8e1d80, 0x000000070da00000| 44%| S|CS|TAMS 0x000000070d800000, 0x000000070d800000| Complete 
| 100|0x000000070da00000, 0x000000070da00000, 0x000000070dc00000|  0%| F|  |TAMS 0x000000070da00000, 0x000000070da00000| Untracked 
| 101|0x000000070dc00000, 0x000000070dc00000, 0x000000070de00000|  0%| F|  |TAMS 0x000000070dc00000, 0x000000070dc00000| Untracked 
| 102|0x000000070de00000, 0x000000070de00000, 0x000000070e000000|  0%| F|  |TAMS 0x000000070de00000, 0x000000070de00000| Untracked 
| 103|0x000000070e000000, 0x000000070e000000, 0x000000070e200000|  0%| F|  |TAMS 0x000000070e000000, 0x000000070e000000| Untracked 
| 104|0x000000070e200000, 0x000000070e200000, 0x000000070e400000|  0%| F|  |TAMS 0x000000070e200000, 0x000000070e200000| Untracked 
| 105|0x000000070e400000, 0x000000070e400000, 0x000000070e600000|  0%| F|  |TAMS 0x000000070e400000, 0x000000070e400000| Untracked 
| 106|0x000000070e600000, 0x000000070e800000, 0x000000070e800000|100%| S|CS|TAMS 0x000000070e600000, 0x000000070e600000| Complete 
| 107|0x000000070e800000, 0x000000070ea00000, 0x000000070ea00000|100%| S|CS|TAMS 0x000000070e800000, 0x000000070e800000| Complete 
| 108|0x000000070ea00000, 0x000000070ec00000, 0x000000070ec00000|100%| S|CS|TAMS 0x000000070ea00000, 0x000000070ea00000| Complete 
| 109|0x000000070ec00000, 0x000000070ee00000, 0x000000070ee00000|100%| S|CS|TAMS 0x000000070ec00000, 0x000000070ec00000| Complete 
| 110|0x000000070ee00000, 0x000000070f000000, 0x000000070f000000|100%| S|CS|TAMS 0x000000070ee00000, 0x000000070ee00000| Complete 
| 111|0x000000070f000000, 0x000000070f200000, 0x000000070f200000|100%| S|CS|TAMS 0x000000070f000000, 0x000000070f000000| Complete 
| 112|0x000000070f200000, 0x000000070f400000, 0x000000070f400000|100%| S|CS|TAMS 0x000000070f200000, 0x000000070f200000| Complete 
| 113|0x000000070f400000, 0x000000070f400000, 0x000000070f600000|  0%| F|  |TAMS 0x000000070f400000, 0x000000070f400000| Untracked 
| 114|0x000000070f600000, 0x000000070f600000, 0x000000070f800000|  0%| F|  |TAMS 0x000000070f600000, 0x000000070f600000| Untracked 
| 115|0x000000070f800000, 0x000000070f800000, 0x000000070fa00000|  0%| F|  |TAMS 0x000000070f800000, 0x000000070f800000| Untracked 
| 116|0x000000070fa00000, 0x000000070fa00000, 0x000000070fc00000|  0%| F|  |TAMS 0x000000070fa00000, 0x000000070fa00000| Untracked 
| 117|0x000000070fc00000, 0x000000070fc00000, 0x000000070fe00000|  0%| F|  |TAMS 0x000000070fc00000, 0x000000070fc00000| Untracked 
| 118|0x000000070fe00000, 0x000000070fe00000, 0x0000000710000000|  0%| F|  |TAMS 0x000000070fe00000, 0x000000070fe00000| Untracked 
| 119|0x0000000710000000, 0x0000000710000000, 0x0000000710200000|  0%| F|  |TAMS 0x0000000710000000, 0x0000000710000000| Untracked 
| 120|0x0000000710200000, 0x0000000710200000, 0x0000000710400000|  0%| F|  |TAMS 0x0000000710200000, 0x0000000710200000| Untracked 
| 121|0x0000000710400000, 0x0000000710400000, 0x0000000710600000|  0%| F|  |TAMS 0x0000000710400000, 0x0000000710400000| Untracked 
| 122|0x0000000710600000, 0x0000000710600000, 0x0000000710800000|  0%| F|  |TAMS 0x0000000710600000, 0x0000000710600000| Untracked 
| 123|0x0000000710800000, 0x0000000710800000, 0x0000000710a00000|  0%| F|  |TAMS 0x0000000710800000, 0x0000000710800000| Untracked 
| 124|0x0000000710a00000, 0x0000000710a00000, 0x0000000710c00000|  0%| F|  |TAMS 0x0000000710a00000, 0x0000000710a00000| Untracked 
| 125|0x0000000710c00000, 0x0000000710c00000, 0x0000000710e00000|  0%| F|  |TAMS 0x0000000710c00000, 0x0000000710c00000| Untracked 
| 126|0x0000000710e00000, 0x0000000710e00000, 0x0000000711000000|  0%| F|  |TAMS 0x0000000710e00000, 0x0000000710e00000| Untracked 
| 127|0x0000000711000000, 0x0000000711000000, 0x0000000711200000|  0%| F|  |TAMS 0x0000000711000000, 0x0000000711000000| Untracked 
| 128|0x0000000711200000, 0x0000000711200000, 0x0000000711400000|  0%| F|  |TAMS 0x0000000711200000, 0x0000000711200000| Untracked 
| 129|0x0000000711400000, 0x0000000711400000, 0x0000000711600000|  0%| F|  |TAMS 0x0000000711400000, 0x0000000711400000| Untracked 
| 130|0x0000000711600000, 0x0000000711600000, 0x0000000711800000|  0%| F|  |TAMS 0x0000000711600000, 0x0000000711600000| Untracked 
| 131|0x0000000711800000, 0x0000000711800000, 0x0000000711a00000|  0%| F|  |TAMS 0x0000000711800000, 0x0000000711800000| Untracked 
| 132|0x0000000711a00000, 0x0000000711a00000, 0x0000000711c00000|  0%| F|  |TAMS 0x0000000711a00000, 0x0000000711a00000| Untracked 
| 133|0x0000000711c00000, 0x0000000711c00000, 0x0000000711e00000|  0%| F|  |TAMS 0x0000000711c00000, 0x0000000711c00000| Untracked 
| 134|0x0000000711e00000, 0x0000000711e00000, 0x0000000712000000|  0%| F|  |TAMS 0x0000000711e00000, 0x0000000711e00000| Untracked 
| 135|0x0000000712000000, 0x0000000712000000, 0x0000000712200000|  0%| F|  |TAMS 0x0000000712000000, 0x0000000712000000| Untracked 
| 136|0x0000000712200000, 0x0000000712200000, 0x0000000712400000|  0%| F|  |TAMS 0x0000000712200000, 0x0000000712200000| Untracked 
| 137|0x0000000712400000, 0x0000000712400000, 0x0000000712600000|  0%| F|  |TAMS 0x0000000712400000, 0x0000000712400000| Untracked 
| 138|0x0000000712600000, 0x0000000712600000, 0x0000000712800000|  0%| F|  |TAMS 0x0000000712600000, 0x0000000712600000| Untracked 
| 139|0x0000000712800000, 0x0000000712800000, 0x0000000712a00000|  0%| F|  |TAMS 0x0000000712800000, 0x0000000712800000| Untracked 
| 140|0x0000000712a00000, 0x0000000712a00000, 0x0000000712c00000|  0%| F|  |TAMS 0x0000000712a00000, 0x0000000712a00000| Untracked 
| 141|0x0000000712c00000, 0x0000000712c00000, 0x0000000712e00000|  0%| F|  |TAMS 0x0000000712c00000, 0x0000000712c00000| Untracked 
| 142|0x0000000712e00000, 0x0000000712e00000, 0x0000000713000000|  0%| F|  |TAMS 0x0000000712e00000, 0x0000000712e00000| Untracked 
| 143|0x0000000713000000, 0x0000000713000000, 0x0000000713200000|  0%| F|  |TAMS 0x0000000713000000, 0x0000000713000000| Untracked 
| 144|0x0000000713200000, 0x0000000713200000, 0x0000000713400000|  0%| F|  |TAMS 0x0000000713200000, 0x0000000713200000| Untracked 
| 145|0x0000000713400000, 0x0000000713400000, 0x0000000713600000|  0%| F|  |TAMS 0x0000000713400000, 0x0000000713400000| Untracked 
| 146|0x0000000713600000, 0x0000000713600000, 0x0000000713800000|  0%| F|  |TAMS 0x0000000713600000, 0x0000000713600000| Untracked 
| 147|0x0000000713800000, 0x0000000713800000, 0x0000000713a00000|  0%| F|  |TAMS 0x0000000713800000, 0x0000000713800000| Untracked 
| 148|0x0000000713a00000, 0x0000000713a00000, 0x0000000713c00000|  0%| F|  |TAMS 0x0000000713a00000, 0x0000000713a00000| Untracked 
| 149|0x0000000713c00000, 0x0000000713c00000, 0x0000000713e00000|  0%| F|  |TAMS 0x0000000713c00000, 0x0000000713c00000| Untracked 
| 150|0x0000000713e00000, 0x0000000713e00000, 0x0000000714000000|  0%| F|  |TAMS 0x0000000713e00000, 0x0000000713e00000| Untracked 
| 151|0x0000000714000000, 0x0000000714000000, 0x0000000714200000|  0%| F|  |TAMS 0x0000000714000000, 0x0000000714000000| Untracked 
| 152|0x0000000714200000, 0x0000000714200000, 0x0000000714400000|  0%| F|  |TAMS 0x0000000714200000, 0x0000000714200000| Untracked 
| 153|0x0000000714400000, 0x0000000714400000, 0x0000000714600000|  0%| F|  |TAMS 0x0000000714400000, 0x0000000714400000| Untracked 
| 154|0x0000000714600000, 0x0000000714600000, 0x0000000714800000|  0%| F|  |TAMS 0x0000000714600000, 0x0000000714600000| Untracked 
| 155|0x0000000714800000, 0x0000000714800000, 0x0000000714a00000|  0%| F|  |TAMS 0x0000000714800000, 0x0000000714800000| Untracked 
| 156|0x0000000714a00000, 0x0000000714a00000, 0x0000000714c00000|  0%| F|  |TAMS 0x0000000714a00000, 0x0000000714a00000| Untracked 
| 157|0x0000000714c00000, 0x0000000714c00000, 0x0000000714e00000|  0%| F|  |TAMS 0x0000000714c00000, 0x0000000714c00000| Untracked 
| 158|0x0000000714e00000, 0x0000000714e00000, 0x0000000715000000|  0%| F|  |TAMS 0x0000000714e00000, 0x0000000714e00000| Untracked 
| 159|0x0000000715000000, 0x0000000715000000, 0x0000000715200000|  0%| F|  |TAMS 0x0000000715000000, 0x0000000715000000| Untracked 
| 160|0x0000000715200000, 0x0000000715200000, 0x0000000715400000|  0%| F|  |TAMS 0x0000000715200000, 0x0000000715200000| Untracked 
| 161|0x0000000715400000, 0x0000000715400000, 0x0000000715600000|  0%| F|  |TAMS 0x0000000715400000, 0x0000000715400000| Untracked 
| 162|0x0000000715600000, 0x0000000715600000, 0x0000000715800000|  0%| F|  |TAMS 0x0000000715600000, 0x0000000715600000| Untracked 
| 163|0x0000000715800000, 0x0000000715800000, 0x0000000715a00000|  0%| F|  |TAMS 0x0000000715800000, 0x0000000715800000| Untracked 
| 164|0x0000000715a00000, 0x0000000715a00000, 0x0000000715c00000|  0%| F|  |TAMS 0x0000000715a00000, 0x0000000715a00000| Untracked 
| 165|0x0000000715c00000, 0x0000000715c00000, 0x0000000715e00000|  0%| F|  |TAMS 0x0000000715c00000, 0x0000000715c00000| Untracked 
| 166|0x0000000715e00000, 0x0000000715e00000, 0x0000000716000000|  0%| F|  |TAMS 0x0000000715e00000, 0x0000000715e00000| Untracked 
| 167|0x0000000716000000, 0x0000000716000000, 0x0000000716200000|  0%| F|  |TAMS 0x0000000716000000, 0x0000000716000000| Untracked 
| 168|0x0000000716200000, 0x0000000716200000, 0x0000000716400000|  0%| F|  |TAMS 0x0000000716200000, 0x0000000716200000| Untracked 
| 169|0x0000000716400000, 0x0000000716400000, 0x0000000716600000|  0%| F|  |TAMS 0x0000000716400000, 0x0000000716400000| Untracked 
| 170|0x0000000716600000, 0x0000000716600000, 0x0000000716800000|  0%| F|  |TAMS 0x0000000716600000, 0x0000000716600000| Untracked 
| 171|0x0000000716800000, 0x0000000716800000, 0x0000000716a00000|  0%| F|  |TAMS 0x0000000716800000, 0x0000000716800000| Untracked 
| 172|0x0000000716a00000, 0x0000000716a00000, 0x0000000716c00000|  0%| F|  |TAMS 0x0000000716a00000, 0x0000000716a00000| Untracked 
| 173|0x0000000716c00000, 0x0000000716c00000, 0x0000000716e00000|  0%| F|  |TAMS 0x0000000716c00000, 0x0000000716c00000| Untracked 
| 174|0x0000000716e00000, 0x0000000716e00000, 0x0000000717000000|  0%| F|  |TAMS 0x0000000716e00000, 0x0000000716e00000| Untracked 
| 175|0x0000000717000000, 0x0000000717000000, 0x0000000717200000|  0%| F|  |TAMS 0x0000000717000000, 0x0000000717000000| Untracked 
| 176|0x0000000717200000, 0x0000000717200000, 0x0000000717400000|  0%| F|  |TAMS 0x0000000717200000, 0x0000000717200000| Untracked 
| 177|0x0000000717400000, 0x0000000717400000, 0x0000000717600000|  0%| F|  |TAMS 0x0000000717400000, 0x0000000717400000| Untracked 
| 178|0x0000000717600000, 0x0000000717600000, 0x0000000717800000|  0%| F|  |TAMS 0x0000000717600000, 0x0000000717600000| Untracked 
| 179|0x0000000717800000, 0x0000000717800000, 0x0000000717a00000|  0%| F|  |TAMS 0x0000000717800000, 0x0000000717800000| Untracked 
| 180|0x0000000717a00000, 0x0000000717a00000, 0x0000000717c00000|  0%| F|  |TAMS 0x0000000717a00000, 0x0000000717a00000| Untracked 
| 181|0x0000000717c00000, 0x0000000717c00000, 0x0000000717e00000|  0%| F|  |TAMS 0x0000000717c00000, 0x0000000717c00000| Untracked 
| 182|0x0000000717e00000, 0x0000000717e00000, 0x0000000718000000|  0%| F|  |TAMS 0x0000000717e00000, 0x0000000717e00000| Untracked 
| 183|0x0000000718000000, 0x0000000718000000, 0x0000000718200000|  0%| F|  |TAMS 0x0000000718000000, 0x0000000718000000| Untracked 
| 184|0x0000000718200000, 0x0000000718200000, 0x0000000718400000|  0%| F|  |TAMS 0x0000000718200000, 0x0000000718200000| Untracked 
| 185|0x0000000718400000, 0x0000000718400000, 0x0000000718600000|  0%| F|  |TAMS 0x0000000718400000, 0x0000000718400000| Untracked 
| 186|0x0000000718600000, 0x0000000718600000, 0x0000000718800000|  0%| F|  |TAMS 0x0000000718600000, 0x0000000718600000| Untracked 
| 187|0x0000000718800000, 0x0000000718800000, 0x0000000718a00000|  0%| F|  |TAMS 0x0000000718800000, 0x0000000718800000| Untracked 
| 188|0x0000000718a00000, 0x0000000718a00000, 0x0000000718c00000|  0%| F|  |TAMS 0x0000000718a00000, 0x0000000718a00000| Untracked 
| 189|0x0000000718c00000, 0x0000000718c00000, 0x0000000718e00000|  0%| F|  |TAMS 0x0000000718c00000, 0x0000000718c00000| Untracked 
| 190|0x0000000718e00000, 0x0000000718e00000, 0x0000000719000000|  0%| F|  |TAMS 0x0000000718e00000, 0x0000000718e00000| Untracked 
| 191|0x0000000719000000, 0x0000000719000000, 0x0000000719200000|  0%| F|  |TAMS 0x0000000719000000, 0x0000000719000000| Untracked 
| 192|0x0000000719200000, 0x0000000719200000, 0x0000000719400000|  0%| F|  |TAMS 0x0000000719200000, 0x0000000719200000| Untracked 
| 193|0x0000000719400000, 0x0000000719400000, 0x0000000719600000|  0%| F|  |TAMS 0x0000000719400000, 0x0000000719400000| Untracked 
| 194|0x0000000719600000, 0x0000000719600000, 0x0000000719800000|  0%| F|  |TAMS 0x0000000719600000, 0x0000000719600000| Untracked 
| 195|0x0000000719800000, 0x0000000719800000, 0x0000000719a00000|  0%| F|  |TAMS 0x0000000719800000, 0x0000000719800000| Untracked 
| 196|0x0000000719a00000, 0x0000000719a00000, 0x0000000719c00000|  0%| F|  |TAMS 0x0000000719a00000, 0x0000000719a00000| Untracked 
| 197|0x0000000719c00000, 0x0000000719c00000, 0x0000000719e00000|  0%| F|  |TAMS 0x0000000719c00000, 0x0000000719c00000| Untracked 
| 198|0x0000000719e00000, 0x0000000719e00000, 0x000000071a000000|  0%| F|  |TAMS 0x0000000719e00000, 0x0000000719e00000| Untracked 
| 199|0x000000071a000000, 0x000000071a000000, 0x000000071a200000|  0%| F|  |TAMS 0x000000071a000000, 0x000000071a000000| Untracked 
| 200|0x000000071a200000, 0x000000071a200000, 0x000000071a400000|  0%| F|  |TAMS 0x000000071a200000, 0x000000071a200000| Untracked 
| 201|0x000000071a400000, 0x000000071a400000, 0x000000071a600000|  0%| F|  |TAMS 0x000000071a400000, 0x000000071a400000| Untracked 
| 202|0x000000071a600000, 0x000000071a600000, 0x000000071a800000|  0%| F|  |TAMS 0x000000071a600000, 0x000000071a600000| Untracked 
| 203|0x000000071a800000, 0x000000071a800000, 0x000000071aa00000|  0%| F|  |TAMS 0x000000071a800000, 0x000000071a800000| Untracked 
| 204|0x000000071aa00000, 0x000000071aa00000, 0x000000071ac00000|  0%| F|  |TAMS 0x000000071aa00000, 0x000000071aa00000| Untracked 
| 205|0x000000071ac00000, 0x000000071ac00000, 0x000000071ae00000|  0%| F|  |TAMS 0x000000071ac00000, 0x000000071ac00000| Untracked 
| 206|0x000000071ae00000, 0x000000071ae00000, 0x000000071b000000|  0%| F|  |TAMS 0x000000071ae00000, 0x000000071ae00000| Untracked 
| 207|0x000000071b000000, 0x000000071b000000, 0x000000071b200000|  0%| F|  |TAMS 0x000000071b000000, 0x000000071b000000| Untracked 
| 208|0x000000071b200000, 0x000000071b200000, 0x000000071b400000|  0%| F|  |TAMS 0x000000071b200000, 0x000000071b200000| Untracked 
| 209|0x000000071b400000, 0x000000071b400000, 0x000000071b600000|  0%| F|  |TAMS 0x000000071b400000, 0x000000071b400000| Untracked 
| 210|0x000000071b600000, 0x000000071b600000, 0x000000071b800000|  0%| F|  |TAMS 0x000000071b600000, 0x000000071b600000| Untracked 
| 211|0x000000071b800000, 0x000000071b800000, 0x000000071ba00000|  0%| F|  |TAMS 0x000000071b800000, 0x000000071b800000| Untracked 
| 212|0x000000071ba00000, 0x000000071ba00000, 0x000000071bc00000|  0%| F|  |TAMS 0x000000071ba00000, 0x000000071ba00000| Untracked 
| 213|0x000000071bc00000, 0x000000071bc00000, 0x000000071be00000|  0%| F|  |TAMS 0x000000071bc00000, 0x000000071bc00000| Untracked 
| 214|0x000000071be00000, 0x000000071be00000, 0x000000071c000000|  0%| F|  |TAMS 0x000000071be00000, 0x000000071be00000| Untracked 
| 215|0x000000071c000000, 0x000000071c000000, 0x000000071c200000|  0%| F|  |TAMS 0x000000071c000000, 0x000000071c000000| Untracked 
| 216|0x000000071c200000, 0x000000071c200000, 0x000000071c400000|  0%| F|  |TAMS 0x000000071c200000, 0x000000071c200000| Untracked 
| 217|0x000000071c400000, 0x000000071c400000, 0x000000071c600000|  0%| F|  |TAMS 0x000000071c400000, 0x000000071c400000| Untracked 
| 218|0x000000071c600000, 0x000000071c600000, 0x000000071c800000|  0%| F|  |TAMS 0x000000071c600000, 0x000000071c600000| Untracked 
| 219|0x000000071c800000, 0x000000071c800000, 0x000000071ca00000|  0%| F|  |TAMS 0x000000071c800000, 0x000000071c800000| Untracked 
| 220|0x000000071ca00000, 0x000000071ca00000, 0x000000071cc00000|  0%| F|  |TAMS 0x000000071ca00000, 0x000000071ca00000| Untracked 
| 221|0x000000071cc00000, 0x000000071cc00000, 0x000000071ce00000|  0%| F|  |TAMS 0x000000071cc00000, 0x000000071cc00000| Untracked 
| 222|0x000000071ce00000, 0x000000071ce00000, 0x000000071d000000|  0%| F|  |TAMS 0x000000071ce00000, 0x000000071ce00000| Untracked 
| 223|0x000000071d000000, 0x000000071d000000, 0x000000071d200000|  0%| F|  |TAMS 0x000000071d000000, 0x000000071d000000| Untracked 
| 224|0x000000071d200000, 0x000000071d200000, 0x000000071d400000|  0%| F|  |TAMS 0x000000071d200000, 0x000000071d200000| Untracked 
| 225|0x000000071d400000, 0x000000071d400000, 0x000000071d600000|  0%| F|  |TAMS 0x000000071d400000, 0x000000071d400000| Untracked 
| 226|0x000000071d600000, 0x000000071d600000, 0x000000071d800000|  0%| F|  |TAMS 0x000000071d600000, 0x000000071d600000| Untracked 
| 227|0x000000071d800000, 0x000000071d800000, 0x000000071da00000|  0%| F|  |TAMS 0x000000071d800000, 0x000000071d800000| Untracked 
| 228|0x000000071da00000, 0x000000071da00000, 0x000000071dc00000|  0%| F|  |TAMS 0x000000071da00000, 0x000000071da00000| Untracked 
| 229|0x000000071dc00000, 0x000000071dc00000, 0x000000071de00000|  0%| F|  |TAMS 0x000000071dc00000, 0x000000071dc00000| Untracked 
| 230|0x000000071de00000, 0x000000071de00000, 0x000000071e000000|  0%| F|  |TAMS 0x000000071de00000, 0x000000071de00000| Untracked 
| 231|0x000000071e000000, 0x000000071e000000, 0x000000071e200000|  0%| F|  |TAMS 0x000000071e000000, 0x000000071e000000| Untracked 
| 232|0x000000071e200000, 0x000000071e200000, 0x000000071e400000|  0%| F|  |TAMS 0x000000071e200000, 0x000000071e200000| Untracked 
| 233|0x000000071e400000, 0x000000071e400000, 0x000000071e600000|  0%| F|  |TAMS 0x000000071e400000, 0x000000071e400000| Untracked 
| 234|0x000000071e600000, 0x000000071e600000, 0x000000071e800000|  0%| F|  |TAMS 0x000000071e600000, 0x000000071e600000| Untracked 
| 235|0x000000071e800000, 0x000000071e800000, 0x000000071ea00000|  0%| F|  |TAMS 0x000000071e800000, 0x000000071e800000| Untracked 
| 236|0x000000071ea00000, 0x000000071ea00000, 0x000000071ec00000|  0%| F|  |TAMS 0x000000071ea00000, 0x000000071ea00000| Untracked 
| 237|0x000000071ec00000, 0x000000071ec00000, 0x000000071ee00000|  0%| F|  |TAMS 0x000000071ec00000, 0x000000071ec00000| Untracked 
| 238|0x000000071ee00000, 0x000000071ee00000, 0x000000071f000000|  0%| F|  |TAMS 0x000000071ee00000, 0x000000071ee00000| Untracked 
| 239|0x000000071f000000, 0x000000071f200000, 0x000000071f200000|100%| E|  |TAMS 0x000000071f000000, 0x000000071f000000| Complete 
| 240|0x000000071f200000, 0x000000071f400000, 0x000000071f400000|100%| E|CS|TAMS 0x000000071f200000, 0x000000071f200000| Complete 
| 241|0x000000071f400000, 0x000000071f600000, 0x000000071f600000|100%| E|CS|TAMS 0x000000071f400000, 0x000000071f400000| Complete 
| 242|0x000000071f600000, 0x000000071f800000, 0x000000071f800000|100%| E|CS|TAMS 0x000000071f600000, 0x000000071f600000| Complete 
| 243|0x000000071f800000, 0x000000071fa00000, 0x000000071fa00000|100%| E|CS|TAMS 0x000000071f800000, 0x000000071f800000| Complete 
| 244|0x000000071fa00000, 0x000000071fc00000, 0x000000071fc00000|100%| E|CS|TAMS 0x000000071fa00000, 0x000000071fa00000| Complete 
| 245|0x000000071fc00000, 0x000000071fe00000, 0x000000071fe00000|100%| E|CS|TAMS 0x000000071fc00000, 0x000000071fc00000| Complete 
| 246|0x000000071fe00000, 0x0000000720000000, 0x0000000720000000|100%| E|CS|TAMS 0x000000071fe00000, 0x000000071fe00000| Complete 
| 247|0x0000000720000000, 0x0000000720200000, 0x0000000720200000|100%| E|CS|TAMS 0x0000000720000000, 0x0000000720000000| Complete 
| 248|0x0000000720200000, 0x0000000720400000, 0x0000000720400000|100%| E|CS|TAMS 0x0000000720200000, 0x0000000720200000| Complete 
| 249|0x0000000720400000, 0x0000000720600000, 0x0000000720600000|100%| E|CS|TAMS 0x0000000720400000, 0x0000000720400000| Complete 
| 250|0x0000000720600000, 0x0000000720800000, 0x0000000720800000|100%| E|CS|TAMS 0x0000000720600000, 0x0000000720600000| Complete 
| 251|0x0000000720800000, 0x0000000720a00000, 0x0000000720a00000|100%| E|CS|TAMS 0x0000000720800000, 0x0000000720800000| Complete 
| 252|0x0000000720a00000, 0x0000000720c00000, 0x0000000720c00000|100%| E|  |TAMS 0x0000000720a00000, 0x0000000720a00000| Complete 
| 253|0x0000000720c00000, 0x0000000720e00000, 0x0000000720e00000|100%| E|CS|TAMS 0x0000000720c00000, 0x0000000720c00000| Complete 
| 254|0x0000000720e00000, 0x0000000721000000, 0x0000000721000000|100%| E|CS|TAMS 0x0000000720e00000, 0x0000000720e00000| Complete 
| 255|0x0000000721000000, 0x0000000721200000, 0x0000000721200000|100%| E|CS|TAMS 0x0000000721000000, 0x0000000721000000| Complete 
| 256|0x0000000721200000, 0x0000000721400000, 0x0000000721400000|100%| E|CS|TAMS 0x0000000721200000, 0x0000000721200000| Complete 
| 257|0x0000000721400000, 0x0000000721600000, 0x0000000721600000|100%| E|CS|TAMS 0x0000000721400000, 0x0000000721400000| Complete 
| 258|0x0000000721600000, 0x0000000721800000, 0x0000000721800000|100%| E|CS|TAMS 0x0000000721600000, 0x0000000721600000| Complete 
| 259|0x0000000721800000, 0x0000000721a00000, 0x0000000721a00000|100%| E|CS|TAMS 0x0000000721800000, 0x0000000721800000| Complete 
| 260|0x0000000721a00000, 0x0000000721c00000, 0x0000000721c00000|100%| E|CS|TAMS 0x0000000721a00000, 0x0000000721a00000| Complete 
| 261|0x0000000721c00000, 0x0000000721e00000, 0x0000000721e00000|100%| E|CS|TAMS 0x0000000721c00000, 0x0000000721c00000| Complete 
| 262|0x0000000721e00000, 0x0000000722000000, 0x0000000722000000|100%| E|CS|TAMS 0x0000000721e00000, 0x0000000721e00000| Complete 
| 263|0x0000000722000000, 0x0000000722200000, 0x0000000722200000|100%| E|CS|TAMS 0x0000000722000000, 0x0000000722000000| Complete 
| 264|0x0000000722200000, 0x0000000722400000, 0x0000000722400000|100%| E|CS|TAMS 0x0000000722200000, 0x0000000722200000| Complete 
| 265|0x0000000722400000, 0x0000000722600000, 0x0000000722600000|100%| E|CS|TAMS 0x0000000722400000, 0x0000000722400000| Complete 
| 266|0x0000000722600000, 0x0000000722800000, 0x0000000722800000|100%| E|CS|TAMS 0x0000000722600000, 0x0000000722600000| Complete 

Card table byte_map: [0x000001e2fb240000,0x000001e2fba40000] _byte_map_base: 0x000001e2f7a37000

Marking Bits (Prev, Next): (CMBitMap*) 0x000001e2f8531690, (CMBitMap*) 0x000001e2f85316d0
 Prev Bits: [0x000001e296770000, 0x000001e29a728000)
 Next Bits: [0x000001e29a730000, 0x000001e29e6e8000)

Polling page: 0x000001e2f85b0000

Metaspace:

Usage:
  Non-class:      6.69 MB used.
      Class:    355.25 KB used.
       Both:      7.04 MB used.

Virtual space:
  Non-class space:       16.00 MB reserved,       6.81 MB ( 43%) committed,  2 nodes.
      Class space:        1.00 GB reserved,     448.00 KB ( <1%) committed,  1 nodes.
             Both:        1.02 GB reserved,       7.25 MB ( <1%) committed. 

Chunk freelists:
   Non-Class:  3.42 MB
       Class:  3.51 MB
        Both:  6.93 MB

MaxMetaspaceSize: unlimited
CompressedClassSpaceSize: 1.00 GB
Initial GC threshold: 21.00 MB
Current GC threshold: 21.00 MB
CDS: on
MetaspaceReclaimPolicy: balanced
 - commit_granule_bytes: 65536.
 - commit_granule_words: 8192.
 - virtual_space_node_default_size: 1048576.
 - enlarge_chunks_in_place: 1.
 - new_chunks_are_fully_committed: 0.
 - uncommit_free_chunks: 1.
 - use_allocation_guard: 0.
 - handle_deallocations: 1.


Internal statistics:

num_allocs_failed_limit: 0.
num_arena_births: 90.
num_arena_deaths: 0.
num_vsnodes_births: 3.
num_vsnodes_deaths: 0.
num_space_committed: 114.
num_space_uncommitted: 0.
num_chunks_returned_to_freelist: 0.
num_chunks_taken_from_freelist: 288.
num_chunk_merges: 0.
num_chunk_splits: 205.
num_chunks_enlarged: 159.
num_purges: 0.
num_inconsistent_stats: 0.

CodeHeap 'non-profiled nmethods': size=120000Kb used=1560Kb max_used=1560Kb free=118439Kb
 bounds [0x000001e28f240000, 0x000001e28f4b0000, 0x000001e296770000]
CodeHeap 'profiled nmethods': size=120000Kb used=3689Kb max_used=3689Kb free=116310Kb
 bounds [0x000001e287d10000, 0x000001e2880b0000, 0x000001e28f240000]
CodeHeap 'non-nmethods': size=5760Kb used=1627Kb max_used=1657Kb free=4133Kb
 bounds [0x000001e287770000, 0x000001e2879e0000, 0x000001e287d10000]
 total_blobs=3057 nmethods=1990 adapters=980
 compilation: enabled
              stopped_count=0, restarted_count=0
 full_count=0

Compilation events (20 events):
Event: 10.765 Thread 0x000001e2fef5e260 1999       4       cga.exercise.game.Scene::checkCollisionSpaceship (195 bytes)
Event: 10.796 Thread 0x000001e2fef5e260 nmethod 1999 0x000001e28f3c3310 code [0x000001e28f3c3640, 0x000001e28f3c4e78]
Event: 11.268 Thread 0x000001e2fef603c0 2000       3       cga.exercise.game.Scene::checkCollisionSpaceship (195 bytes)
Event: 11.269 Thread 0x000001e2fef603c0 nmethod 2000 0x000001e2880a4710 code [0x000001e2880a4a60, 0x000001e2880a5ba8]
Event: 11.583 Thread 0x000001e2fef603c0 2001       3       org.joml.Matrix3f::set (92 bytes)
Event: 11.583 Thread 0x000001e2fef603c0 nmethod 2001 0x000001e2880a6190 code [0x000001e2880a6360, 0x000001e2880a67b8]
Event: 11.640 Thread 0x000001e2fef603c0 2002       3       org.joml.Matrix4f::rotateXYZ (92 bytes)
Event: 11.640 Thread 0x000001e2fef603c0 nmethod 2002 0x000001e2880a6a10 code [0x000001e2880a6c40, 0x000001e2880a71f8]
Event: 11.640 Thread 0x000001e2fef603c0 2003       3       org.joml.Matrix4f::rotateAffineXYZInternal (389 bytes)
Event: 11.641 Thread 0x000001e2fef603c0 nmethod 2003 0x000001e2880a7490 code [0x000001e2880a7740, 0x000001e2880a84c8]
Event: 11.641 Thread 0x000001e2fef603c0 2004       3       kotlin.ranges.RangesKt___RangesKt::coerceAtMost (12 bytes)
Event: 11.641 Thread 0x000001e2fef603c0 nmethod 2004 0x000001e2880a8d90 code [0x000001e2880a8f20, 0x000001e2880a9078]
Event: 11.641 Thread 0x000001e2fef603c0 2005       3       kotlin.ranges.RangesKt___RangesKt::coerceAtLeast (12 bytes)
Event: 11.641 Thread 0x000001e2fef603c0 nmethod 2005 0x000001e2880a9110 code [0x000001e2880a92a0, 0x000001e2880a93f8]
Event: 11.876 Thread 0x000001e2fef603c0 2006       3       org.lwjgl.glfw.GLFWCursorPosCallbackI::callback (40 bytes)
Event: 11.877 Thread 0x000001e2fef603c0 nmethod 2006 0x000001e2880a9490 code [0x000001e2880a96e0, 0x000001e2880aa108]
Event: 11.877 Thread 0x000001e2fef603c0 2007       3       cga.framework.GameWindow$$Lambda$44/0x0000000800c13c30::invoke (12 bytes)
Event: 11.877 Thread 0x000001e2fef603c0 nmethod 2007 0x000001e2880aa390 code [0x000001e2880aa520, 0x000001e2880aa668]
Event: 11.958 Thread 0x000001e2fef5e260 2008       4       java.lang.String::getBytes (44 bytes)
Event: 11.959 Thread 0x000001e2fef5e260 nmethod 2008 0x000001e28f3c5f10 code [0x000001e28f3c6080, 0x000001e28f3c61b8]

GC Heap History (20 events):
Event: 2.609 GC heap before
{Heap before GC invocations=13 (full 0):
 garbage-first heap   total 378880K, used 226419K [0x0000000701200000, 0x0000000800000000)
  region size 2048K, 111 young (227328K), 5 survivors (10240K)
 Metaspace       used 5395K, committed 5568K, reserved 1056768K
  class space    used 291K, committed 384K, reserved 1048576K
}
Event: 2.612 GC heap after
{Heap after GC invocations=14 (full 0):
 garbage-first heap   total 378880K, used 10240K [0x0000000701200000, 0x0000000800000000)
  region size 2048K, 5 young (10240K), 5 survivors (10240K)
 Metaspace       used 5395K, committed 5568K, reserved 1056768K
  class space    used 291K, committed 384K, reserved 1048576K
}
Event: 2.761 GC heap before
{Heap before GC invocations=14 (full 0):
 garbage-first heap   total 378880K, used 227328K [0x0000000701200000, 0x0000000800000000)
  region size 2048K, 111 young (227328K), 5 survivors (10240K)
 Metaspace       used 5396K, committed 5568K, reserved 1056768K
  class space    used 291K, committed 384K, reserved 1048576K
}
Event: 2.764 GC heap after
{Heap after GC invocations=15 (full 0):
 garbage-first heap   total 454656K, used 10673K [0x0000000701200000, 0x0000000800000000)
  region size 2048K, 6 young (12288K), 6 survivors (12288K)
 Metaspace       used 5396K, committed 5568K, reserved 1056768K
  class space    used 291K, committed 384K, reserved 1048576K
}
Event: 2.935 GC heap before
{Heap before GC invocations=15 (full 0):
 garbage-first heap   total 454656K, used 270769K [0x0000000701200000, 0x0000000800000000)
  region size 2048K, 133 young (272384K), 6 survivors (12288K)
 Metaspace       used 5396K, committed 5568K, reserved 1056768K
  class space    used 291K, committed 384K, reserved 1048576K
}
Event: 2.938 GC heap after
{Heap after GC invocations=16 (full 0):
 garbage-first heap   total 454656K, used 11599K [0x0000000701200000, 0x0000000800000000)
  region size 2048K, 5 young (10240K), 5 survivors (10240K)
 Metaspace       used 5396K, committed 5568K, reserved 1056768K
  class space    used 291K, committed 384K, reserved 1048576K
}
Event: 3.109 GC heap before
{Heap before GC invocations=16 (full 0):
 garbage-first heap   total 454656K, used 273743K [0x0000000701200000, 0x0000000800000000)
  region size 2048K, 133 young (272384K), 5 survivors (10240K)
 Metaspace       used 5396K, committed 5568K, reserved 1056768K
  class space    used 291K, committed 384K, reserved 1048576K
}
Event: 3.112 GC heap after
{Heap after GC invocations=17 (full 0):
 garbage-first heap   total 454656K, used 12642K [0x0000000701200000, 0x0000000800000000)
  region size 2048K, 6 young (12288K), 6 survivors (12288K)
 Metaspace       used 5396K, committed 5568K, reserved 1056768K
  class space    used 291K, committed 384K, reserved 1048576K
}
Event: 3.272 GC heap before
{Heap before GC invocations=17 (full 0):
 garbage-first heap   total 454656K, used 272738K [0x0000000701200000, 0x0000000800000000)
  region size 2048K, 133 young (272384K), 6 survivors (12288K)
 Metaspace       used 5396K, committed 5568K, reserved 1056768K
  class space    used 291K, committed 384K, reserved 1048576K
}
Event: 3.275 GC heap after
{Heap after GC invocations=18 (full 0):
 garbage-first heap   total 454656K, used 13450K [0x0000000701200000, 0x0000000800000000)
  region size 2048K, 6 young (12288K), 6 survivors (12288K)
 Metaspace       used 5396K, committed 5568K, reserved 1056768K
  class space    used 291K, committed 384K, reserved 1048576K
}
Event: 3.426 GC heap before
{Heap before GC invocations=18 (full 0):
 garbage-first heap   total 454656K, used 273546K [0x0000000701200000, 0x0000000800000000)
  region size 2048K, 133 young (272384K), 6 survivors (12288K)
 Metaspace       used 5396K, committed 5568K, reserved 1056768K
  class space    used 291K, committed 384K, reserved 1048576K
}
Event: 3.429 GC heap after
{Heap after GC invocations=19 (full 0):
 garbage-first heap   total 454656K, used 14295K [0x0000000701200000, 0x0000000800000000)
  region size 2048K, 6 young (12288K), 6 survivors (12288K)
 Metaspace       used 5396K, committed 5568K, reserved 1056768K
  class space    used 291K, committed 384K, reserved 1048576K
}
Event: 3.582 GC heap before
{Heap before GC invocations=19 (full 0):
 garbage-first heap   total 454656K, used 274391K [0x0000000701200000, 0x0000000800000000)
  region size 2048K, 133 young (272384K), 6 survivors (12288K)
 Metaspace       used 5396K, committed 5568K, reserved 1056768K
  class space    used 291K, committed 384K, reserved 1048576K
}
Event: 3.585 GC heap after
{Heap after GC invocations=20 (full 0):
 garbage-first heap   total 546816K, used 14973K [0x0000000701200000, 0x0000000800000000)
  region size 2048K, 6 young (12288K), 6 survivors (12288K)
 Metaspace       used 5396K, committed 5568K, reserved 1056768K
  class space    used 291K, committed 384K, reserved 1048576K
}
Event: 3.800 GC heap before
{Heap before GC invocations=20 (full 0):
 garbage-first heap   total 546816K, used 330365K [0x0000000701200000, 0x0000000800000000)
  region size 2048K, 160 young (327680K), 6 survivors (12288K)
 Metaspace       used 5396K, committed 5568K, reserved 1056768K
  class space    used 291K, committed 384K, reserved 1048576K
}
Event: 3.803 GC heap after
{Heap after GC invocations=21 (full 0):
 garbage-first heap   total 546816K, used 15953K [0x0000000701200000, 0x0000000800000000)
  region size 2048K, 7 young (14336K), 7 survivors (14336K)
 Metaspace       used 5396K, committed 5568K, reserved 1056768K
  class space    used 291K, committed 384K, reserved 1048576K
}
Event: 5.558 GC heap before
{Heap before GC invocations=21 (full 0):
 garbage-first heap   total 546816K, used 331345K [0x0000000701200000, 0x0000000800000000)
  region size 2048K, 160 young (327680K), 7 survivors (14336K)
 Metaspace       used 6141K, committed 6336K, reserved 1056768K
  class space    used 320K, committed 448K, reserved 1048576K
}
Event: 5.562 GC heap after
{Heap after GC invocations=22 (full 0):
 garbage-first heap   total 546816K, used 17892K [0x0000000701200000, 0x0000000800000000)
  region size 2048K, 7 young (14336K), 7 survivors (14336K)
 Metaspace       used 6141K, committed 6336K, reserved 1056768K
  class space    used 320K, committed 448K, reserved 1048576K
}
Event: 7.331 GC heap before
{Heap before GC invocations=22 (full 0):
 garbage-first heap   total 546816K, used 329188K [0x0000000701200000, 0x0000000800000000)
  region size 2048K, 160 young (327680K), 7 survivors (14336K)
 Metaspace       used 6930K, committed 7168K, reserved 1064960K
  class space    used 349K, committed 448K, reserved 1048576K
}
Event: 7.334 GC heap after
{Heap after GC invocations=23 (full 0):
 garbage-first heap   total 546816K, used 20163K [0x0000000701200000, 0x0000000800000000)
  region size 2048K, 8 young (16384K), 8 survivors (16384K)
 Metaspace       used 6930K, committed 7168K, reserved 1064960K
  class space    used 349K, committed 448K, reserved 1048576K
}

Deoptimization events (20 events):
Event: 5.593 Thread 0x000001e2f84e1040 DEOPT PACKING pc=0x000001e28f36f868 sp=0x0000002596ffe850
Event: 5.593 Thread 0x000001e2f84e1040 DEOPT UNPACKING pc=0x000001e2877c23a3 sp=0x0000002596ffe7f0 mode 2
Event: 5.613 Thread 0x000001e2f84e1040 Uncommon trap: trap_request=0xffffff45 fr.pc=0x000001e28f34b230 relative=0x0000000000000290
Event: 5.613 Thread 0x000001e2f84e1040 Uncommon trap: reason=unstable_if action=reinterpret pc=0x000001e28f34b230 method=java.util.Scanner.makeSpace()Z @ 34 c2
Event: 5.613 Thread 0x000001e2f84e1040 DEOPT PACKING pc=0x000001e28f34b230 sp=0x0000002596ffe9a0
Event: 5.613 Thread 0x000001e2f84e1040 DEOPT UNPACKING pc=0x000001e2877c23a3 sp=0x0000002596ffe960 mode 2
Event: 5.782 Thread 0x000001e2f84e1040 DEOPT PACKING pc=0x000001e287ff3662 sp=0x0000002596ffeab0
Event: 5.782 Thread 0x000001e2f84e1040 DEOPT UNPACKING pc=0x000001e2877c2b43 sp=0x0000002596ffe1d8 mode 0
Event: 5.838 Thread 0x000001e2f84e1040 DEOPT PACKING pc=0x000001e287ffb45a sp=0x0000002596ffed20
Event: 5.838 Thread 0x000001e2f84e1040 DEOPT UNPACKING pc=0x000001e2877c2b43 sp=0x0000002596ffe200 mode 0
Event: 5.869 Thread 0x000001e2f84e1040 DEOPT PACKING pc=0x000001e287ff3662 sp=0x0000002596ffeab0
Event: 5.869 Thread 0x000001e2f84e1040 DEOPT UNPACKING pc=0x000001e2877c2b43 sp=0x0000002596ffe1d8 mode 0
Event: 7.817 Thread 0x000001e2f84e1040 Uncommon trap: trap_request=0xffffff5c fr.pc=0x000001e28f373f5c relative=0x000000000000005c
Event: 7.817 Thread 0x000001e2f84e1040 Uncommon trap: reason=speculate_null_check action=make_not_entrant pc=0x000001e28f373f5c method=sun.misc.Unsafe.putLong(Ljava/lang/Object;JJ)V @ 7 c2
Event: 7.817 Thread 0x000001e2f84e1040 DEOPT PACKING pc=0x000001e28f373f5c sp=0x0000002596ffed20
Event: 7.817 Thread 0x000001e2f84e1040 DEOPT UNPACKING pc=0x000001e2877c23a3 sp=0x0000002596ffec98 mode 2
Event: 11.091 Thread 0x000001e2f84e1040 Uncommon trap: trap_request=0xffffff45 fr.pc=0x000001e28f3c4afc relative=0x00000000000014bc
Event: 11.091 Thread 0x000001e2f84e1040 Uncommon trap: reason=unstable_if action=reinterpret pc=0x000001e28f3c4afc method=cga.exercise.game.Scene.checkCollisionSpaceship()V @ 90 c2
Event: 11.091 Thread 0x000001e2f84e1040 DEOPT PACKING pc=0x000001e28f3c4afc sp=0x0000002596ffefb0
Event: 11.091 Thread 0x000001e2f84e1040 DEOPT UNPACKING pc=0x000001e2877c23a3 sp=0x0000002596ffef68 mode 2

Classes unloaded (0 events):
No events

Classes redefined (0 events):
No events

Internal exceptions (20 events):
Event: 0.115 Thread 0x000001e2f84e1040 Exception <a 'sun/nio/fs/WindowsException'{0x0000000710cd0ab0}> (0x0000000710cd0ab0) 
thrown [t:\workspace\open\src\hotspot\share\prims\jni.cpp, line 516]
Event: 0.121 Thread 0x000001e2f84e1040 Exception <a 'sun/nio/fs/WindowsException'{0x0000000710ce6768}> (0x0000000710ce6768) 
thrown [t:\workspace\open\src\hotspot\share\prims\jni.cpp, line 516]
Event: 0.121 Thread 0x000001e2f84e1040 Exception <a 'sun/nio/fs/WindowsException'{0x0000000710ce6ae0}> (0x0000000710ce6ae0) 
thrown [t:\workspace\open\src\hotspot\share\prims\jni.cpp, line 516]
Event: 0.128 Thread 0x000001e2f84e1040 Exception <a 'java/lang/NoSuchMethodError'{0x0000000710d32a60}: 'int java.lang.invoke.DirectMethodHandle$Holder.invokeStaticInit(java.lang.Object, java.lang.Object, int, long)'> (0x0000000710d32a60) 
thrown [t:\workspace\open\src\hotspot\share\interpreter\linkResolver.cpp, line 766]
Event: 0.129 Thread 0x000001e2f84e1040 Exception <a 'java/lang/NoSuchMethodError'{0x0000000710d38328}: 'java.lang.Object java.lang.invoke.DirectMethodHandle$Holder.newInvokeSpecial(java.lang.Object, java.lang.Object, int)'> (0x0000000710d38328) 
thrown [t:\workspace\open\src\hotspot\share\interpreter\linkResolver.cpp, line 766]
Event: 0.130 Thread 0x000001e2f84e1040 Exception <a 'java/lang/NoSuchMethodError'{0x0000000710d47ae0}: 'int java.lang.invoke.DirectMethodHandle$Holder.invokeStaticInit(java.lang.Object, java.lang.Object, long, long)'> (0x0000000710d47ae0) 
thrown [t:\workspace\open\src\hotspot\share\interpreter\linkResolver.cpp, line 766]
Event: 0.131 Thread 0x000001e2f84e1040 Exception <a 'java/lang/NoSuchMethodError'{0x0000000710d4dbf0}: 'java.lang.Object java.lang.invoke.DirectMethodHandle$Holder.newInvokeSpecial(java.lang.Object, java.lang.Object, long)'> (0x0000000710d4dbf0) 
thrown [t:\workspace\open\src\hotspot\share\interpreter\linkResolver.cpp, line 766]
Event: 0.131 Thread 0x000001e2f84e1040 Exception <a 'java/lang/NoSuchMethodError'{0x0000000710d51ee0}: 'java.lang.Object java.lang.invoke.Invokers$Holder.linkToTargetMethod(java.lang.Object, long, java.lang.Object)'> (0x0000000710d51ee0) 
thrown [t:\workspace\open\src\hotspot\share\interpreter\linkResolver.cpp, line 766]
Event: 0.132 Thread 0x000001e2f84e1040 Exception <a 'java/lang/NoSuchMethodError'{0x0000000710d59860}: 'int java.lang.invoke.DirectMethodHandle$Holder.invokeStaticInit(java.lang.Object, java.lang.Object, java.lang.Object, long)'> (0x0000000710d59860) 
thrown [t:\workspace\open\src\hotspot\share\interpreter\linkResolver.cpp, line 766]
Event: 0.154 Thread 0x000001e2f84e1040 Exception <a 'java/lang/NoSuchMethodError'{0x0000000710dc4850}: 'void java.lang.invoke.DirectMethodHandle$Holder.invokeStatic(java.lang.Object, int, long)'> (0x0000000710dc4850) 
thrown [t:\workspace\open\src\hotspot\share\interpreter\linkResolver.cpp, line 766]
Event: 0.344 Thread 0x000001e2f84e1040 Exception <a 'sun/nio/fs/WindowsException'{0x0000000710a9df08}> (0x0000000710a9df08) 
thrown [t:\workspace\open\src\hotspot\share\prims\jni.cpp, line 516]
Event: 0.344 Thread 0x000001e2f84e1040 Exception <a 'sun/nio/fs/WindowsException'{0x0000000710a9e2b8}> (0x0000000710a9e2b8) 
thrown [t:\workspace\open\src\hotspot\share\prims\jni.cpp, line 516]
Event: 0.347 Thread 0x000001e2f84e1040 Exception <a 'sun/nio/fs/WindowsException'{0x0000000710aa4be0}> (0x0000000710aa4be0) 
thrown [t:\workspace\open\src\hotspot\share\prims\jni.cpp, line 516]
Event: 0.347 Thread 0x000001e2f84e1040 Exception <a 'sun/nio/fs/WindowsException'{0x0000000710aa4ed0}> (0x0000000710aa4ed0) 
thrown [t:\workspace\open\src\hotspot\share\prims\jni.cpp, line 516]
Event: 0.663 Thread 0x000001e2f84e1040 Exception <a 'sun/nio/fs/WindowsException'{0x00000007101189a0}> (0x00000007101189a0) 
thrown [t:\workspace\open\src\hotspot\share\prims\jni.cpp, line 516]
Event: 0.663 Thread 0x000001e2f84e1040 Exception <a 'sun/nio/fs/WindowsException'{0x0000000710118d30}> (0x0000000710118d30) 
thrown [t:\workspace\open\src\hotspot\share\prims\jni.cpp, line 516]
Event: 0.828 Thread 0x000001e2f84e1040 Implicit null exception at 0x000001e28f2ba15d to 0x000001e28f2ba8a0
Event: 0.828 Thread 0x000001e2f84e1040 Implicit null exception at 0x000001e28f2933e9 to 0x000001e28f293a3c
Event: 5.057 Thread 0x000001e2f84e1040 Exception <a 'sun/nio/fs/WindowsException'{0x0000000716704768}> (0x0000000716704768) 
thrown [t:\workspace\open\src\hotspot\share\prims\jni.cpp, line 516]
Event: 5.057 Thread 0x000001e2f84e1040 Exception <a 'sun/nio/fs/WindowsException'{0x0000000716704af8}> (0x0000000716704af8) 
thrown [t:\workspace\open\src\hotspot\share\prims\jni.cpp, line 516]

VM Operations (20 events):
Event: 5.626 Executing VM operation: ICBufferFull
Event: 5.626 Executing VM operation: ICBufferFull done
Event: 5.626 Executing VM operation: ICBufferFull
Event: 5.626 Executing VM operation: ICBufferFull done
Event: 5.627 Executing VM operation: ICBufferFull
Event: 5.627 Executing VM operation: ICBufferFull done
Event: 5.627 Executing VM operation: ICBufferFull
Event: 5.627 Executing VM operation: ICBufferFull done
Event: 5.628 Executing VM operation: ICBufferFull
Event: 5.628 Executing VM operation: ICBufferFull done
Event: 6.642 Executing VM operation: Cleanup
Event: 6.643 Executing VM operation: Cleanup done
Event: 7.330 Executing VM operation: G1CollectForAllocation
Event: 7.334 Executing VM operation: G1CollectForAllocation done
Event: 8.346 Executing VM operation: Cleanup
Event: 8.347 Executing VM operation: Cleanup done
Event: 9.362 Executing VM operation: Cleanup
Event: 9.362 Executing VM operation: Cleanup done
Event: 10.363 Executing VM operation: Cleanup
Event: 10.363 Executing VM operation: Cleanup done

Events (20 events):
Event: 1.493 Thread 0x000001e2a672c8a0 Thread added: 0x000001e2a672c8a0
Event: 1.502 Thread 0x000001e2a6806bf0 Thread added: 0x000001e2a6806bf0
Event: 1.669 Thread 0x000001e2a6806bf0 Thread exited: 0x000001e2a6806bf0
Event: 1.837 Thread 0x000001e2a672c8a0 Thread exited: 0x000001e2a672c8a0
Event: 2.025 Thread 0x000001e2a777ce80 Thread added: 0x000001e2a777ce80
Event: 2.025 Thread 0x000001e2a75bfb40 Thread added: 0x000001e2a75bfb40
Event: 2.204 Thread 0x000001e2a75bfb40 Thread exited: 0x000001e2a75bfb40
Event: 2.339 Thread 0x000001e2a777ce80 Thread exited: 0x000001e2a777ce80
Event: 2.558 Thread 0x000001e2a6074730 Thread added: 0x000001e2a6074730
Event: 3.475 Thread 0x000001e2a6074730 Thread exited: 0x000001e2a6074730
Event: 5.077 Thread 0x000001e2a780e610 Thread added: 0x000001e2a780e610
Event: 5.077 Thread 0x000001e2a780c290 Thread added: 0x000001e2a780c290
Event: 5.234 Thread 0x000001e2a780c290 Thread exited: 0x000001e2a780c290
Event: 5.234 Thread 0x000001e2a780e610 Thread exited: 0x000001e2a780e610
Event: 5.319 Thread 0x000001e2a7a6fe00 Thread added: 0x000001e2a7a6fe00
Event: 5.516 Thread 0x000001e2a7a6fe00 Thread exited: 0x000001e2a7a6fe00
Event: 5.717 loading class java/lang/SecurityException
Event: 5.717 loading class java/lang/SecurityException done
Event: 7.816 loading class java/util/NoSuchElementException
Event: 7.816 loading class java/util/NoSuchElementException done


Dynamic libraries:
0x00007ff6a56a0000 - 0x00007ff6a56ae000 	C:\OpenJDK17\jdk-17.0.2\bin\java.exe
0x00007ffb33250000 - 0x00007ffb33464000 	C:\WINDOWS\SYSTEM32\ntdll.dll
0x00007ffb31310000 - 0x00007ffb313d4000 	C:\WINDOWS\System32\KERNEL32.DLL
0x00007ffb309d0000 - 0x00007ffb30d74000 	C:\WINDOWS\System32\KERNELBASE.dll
0x00007ffb306d0000 - 0x00007ffb307e1000 	C:\WINDOWS\System32\ucrtbase.dll
0x00007ffb21840000 - 0x00007ffb2185a000 	C:\OpenJDK17\jdk-17.0.2\bin\VCRUNTIME140.dll
0x00007ffb21820000 - 0x00007ffb21838000 	C:\OpenJDK17\jdk-17.0.2\bin\jli.dll
0x00007ffb32640000 - 0x00007ffb327ea000 	C:\WINDOWS\System32\USER32.dll
0x00007ffb21470000 - 0x00007ffb216ff000 	C:\WINDOWS\WinSxS\amd64_microsoft.windows.common-controls_6595b64144ccf1df_6.0.22621.2070_none_2713e6537381f706\COMCTL32.dll
0x00007ffb30f60000 - 0x00007ffb30f86000 	C:\WINDOWS\System32\win32u.dll
0x00007ffb31a70000 - 0x00007ffb31b17000 	C:\WINDOWS\System32\msvcrt.dll
0x00007ffb31d60000 - 0x00007ffb31d89000 	C:\WINDOWS\System32\GDI32.dll
0x00007ffb30e40000 - 0x00007ffb30f59000 	C:\WINDOWS\System32\gdi32full.dll
0x00007ffb30630000 - 0x00007ffb306ca000 	C:\WINDOWS\System32\msvcp_win.dll
0x00007ffb31d90000 - 0x00007ffb31dc1000 	C:\WINDOWS\System32\IMM32.DLL
0x00007ffb21190000 - 0x00007ffb2119c000 	C:\OpenJDK17\jdk-17.0.2\bin\vcruntime140_1.dll
0x00007ffb059d0000 - 0x00007ffb05a5d000 	C:\OpenJDK17\jdk-17.0.2\bin\msvcp140.dll
0x00007ffac6b10000 - 0x00007ffac76d1000 	C:\OpenJDK17\jdk-17.0.2\bin\server\jvm.dll
0x00007ffb33160000 - 0x00007ffb33210000 	C:\WINDOWS\System32\ADVAPI32.dll
0x00007ffb31790000 - 0x00007ffb31836000 	C:\WINDOWS\System32\sechost.dll
0x00007ffb31950000 - 0x00007ffb31a67000 	C:\WINDOWS\System32\RPCRT4.dll
0x00007ffb313e0000 - 0x00007ffb313e8000 	C:\WINDOWS\System32\PSAPI.DLL
0x00007ffb2b260000 - 0x00007ffb2b269000 	C:\WINDOWS\SYSTEM32\WSOCK32.dll
0x00007ffb24ef0000 - 0x00007ffb24f24000 	C:\WINDOWS\SYSTEM32\WINMM.dll
0x00007ffb31710000 - 0x00007ffb31781000 	C:\WINDOWS\System32\WS2_32.dll
0x00007ffb2b1a0000 - 0x00007ffb2b1aa000 	C:\WINDOWS\SYSTEM32\VERSION.dll
0x00007ffb2f720000 - 0x00007ffb2f738000 	C:\WINDOWS\SYSTEM32\kernel.appcore.dll
0x00007ffb1ff30000 - 0x00007ffb1ff3a000 	C:\OpenJDK17\jdk-17.0.2\bin\jimage.dll
0x00007ffb2a850000 - 0x00007ffb2aa7e000 	C:\WINDOWS\SYSTEM32\DBGHELP.DLL
0x00007ffb31dd0000 - 0x00007ffb3215a000 	C:\WINDOWS\System32\combase.dll
0x00007ffb31070000 - 0x00007ffb31147000 	C:\WINDOWS\System32\OLEAUT32.dll
0x00007ffb2a7a0000 - 0x00007ffb2a7d2000 	C:\WINDOWS\SYSTEM32\dbgcore.DLL
0x00007ffb30f90000 - 0x00007ffb3100a000 	C:\WINDOWS\System32\bcryptPrimitives.dll
0x00007ffb29dd0000 - 0x00007ffb29dde000 	C:\OpenJDK17\jdk-17.0.2\bin\instrument.dll
0x00007ffb1c380000 - 0x00007ffb1c3a5000 	C:\OpenJDK17\jdk-17.0.2\bin\java.dll
0x00007ffafaa10000 - 0x00007ffafaae6000 	C:\OpenJDK17\jdk-17.0.2\bin\jsvml.dll
0x00007ffb32940000 - 0x00007ffb33156000 	C:\WINDOWS\System32\SHELL32.dll
0x00007ffb2e5c0000 - 0x00007ffb2eeaa000 	C:\WINDOWS\SYSTEM32\windows.storage.dll
0x00007ffb2e480000 - 0x00007ffb2e5be000 	C:\WINDOWS\SYSTEM32\wintypes.dll
0x00007ffb31850000 - 0x00007ffb31943000 	C:\WINDOWS\System32\SHCORE.dll
0x00007ffb31010000 - 0x00007ffb3106e000 	C:\WINDOWS\System32\shlwapi.dll
0x00007ffb30560000 - 0x00007ffb30586000 	C:\WINDOWS\SYSTEM32\profapi.dll
0x00007ffb194d0000 - 0x00007ffb194e8000 	C:\OpenJDK17\jdk-17.0.2\bin\zip.dll
0x00007ffb1bfe0000 - 0x00007ffb1bff9000 	C:\OpenJDK17\jdk-17.0.2\bin\net.dll
0x00007ffb2bad0000 - 0x00007ffb2bc07000 	C:\WINDOWS\SYSTEM32\WINHTTP.dll
0x00007ffb2fb90000 - 0x00007ffb2fbf9000 	C:\WINDOWS\system32\mswsock.dll
0x00007ffb1bfc0000 - 0x00007ffb1bfd6000 	C:\OpenJDK17\jdk-17.0.2\bin\nio.dll
0x00007ffb23af0000 - 0x00007ffb23b0a000 	C:\Program Files\JetBrains\IntelliJ IDEA Community Edition 2023.1.2\bin\breakgen64.dll
0x00007ffb1fce0000 - 0x00007ffb1fd55000 	C:\Users\Pascal\AppData\Local\Temp\lwjglPascal\3.3.1-build-7\lwjgl.dll
0x00007ffb13e90000 - 0x00007ffb13ef1000 	C:\Users\Pascal\AppData\Local\Temp\lwjglPascal\3.3.1-build-7\glfw.dll
0x00007ffb1c320000 - 0x00007ffb1c366000 	C:\WINDOWS\SYSTEM32\dinput8.dll
0x00007ffb15ec0000 - 0x00007ffb15ed1000 	C:\WINDOWS\SYSTEM32\xinput1_4.dll
0x00007ffb302f0000 - 0x00007ffb3033e000 	C:\WINDOWS\SYSTEM32\cfgmgr32.dll
0x00007ffb30340000 - 0x00007ffb3036c000 	C:\WINDOWS\SYSTEM32\DEVOBJ.dll
0x00007ffb2e000000 - 0x00007ffb2e02b000 	C:\WINDOWS\SYSTEM32\dwmapi.dll
0x00007ffb1da40000 - 0x00007ffb1dc41000 	C:\WINDOWS\SYSTEM32\inputhost.dll
0x00007ffb2d830000 - 0x00007ffb2d963000 	C:\WINDOWS\SYSTEM32\CoreMessaging.dll
0x00007ffb2dbf0000 - 0x00007ffb2dc9b000 	C:\WINDOWS\system32\uxtheme.dll
0x00007ffb2fe90000 - 0x00007ffb2fe9c000 	C:\WINDOWS\SYSTEM32\CRYPTBASE.DLL
0x00007ffb31bc0000 - 0x00007ffb31ce7000 	C:\WINDOWS\System32\MSCTF.dll
0x00007ffb0c620000 - 0x00007ffb0c720000 	C:\WINDOWS\SYSTEM32\opengl32.dll
0x00007ffb2b2b0000 - 0x00007ffb2b2dd000 	C:\WINDOWS\SYSTEM32\GLU32.dll
0x00007ffb2dcd0000 - 0x00007ffb2dd08000 	C:\WINDOWS\SYSTEM32\dxcore.dll
0x00007ffb314a0000 - 0x00007ffb31550000 	C:\WINDOWS\System32\clbcatq.dll
0x00007ffa96030000 - 0x00007ffa9a2c2000 	C:\WINDOWS\System32\DriverStore\FileRepository\nv_dispi.inf_amd64_d3828c822366e497\nvoglv64.dll
0x00007ffb32160000 - 0x00007ffb325d4000 	C:\WINDOWS\System32\SETUPAPI.dll
0x00007ffb31570000 - 0x00007ffb3170c000 	C:\WINDOWS\System32\ole32.dll
0x00007ffb2db10000 - 0x00007ffb2db24000 	C:\WINDOWS\SYSTEM32\WTSAPI32.dll
0x00007ffb2ffd0000 - 0x00007ffb2fff8000 	C:\WINDOWS\SYSTEM32\bcrypt.dll
0x00007ffb302d0000 - 0x00007ffb302e2000 	C:\WINDOWS\SYSTEM32\msasn1.dll
0x00007ffb2b160000 - 0x00007ffb2b192000 	C:\WINDOWS\SYSTEM32\cryptnet.dll
0x00007ffb307f0000 - 0x00007ffb30957000 	C:\WINDOWS\System32\CRYPT32.dll
0x00007ffb2b000000 - 0x00007ffb2b158000 	C:\WINDOWS\SYSTEM32\drvstore.dll
0x00007ffb2fe10000 - 0x00007ffb2fe5b000 	C:\WINDOWS\SYSTEM32\wldp.dll
0x00007ffb30960000 - 0x00007ffb309cb000 	C:\WINDOWS\System32\WINTRUST.dll
0x00007ffb2f740000 - 0x00007ffb2f774000 	C:\WINDOWS\SYSTEM32\ntmarta.dll
0x00007ffaeebd0000 - 0x00007ffaeeea1000 	C:\WINDOWS\system32\nvspcap64.dll
0x00007ffb2f4e0000 - 0x00007ffb2f52d000 	C:\WINDOWS\SYSTEM32\powrprof.dll
0x00007ffb2f4c0000 - 0x00007ffb2f4d3000 	C:\WINDOWS\SYSTEM32\UMPDC.dll
0x00007ffb2f150000 - 0x00007ffb2f1b6000 	C:\WINDOWS\SYSTEM32\WINSTA.dll
0x00007ffb1b520000 - 0x00007ffb1b64d000 	C:\WINDOWS\SYSTEM32\textinputframework.dll
0x00007ffb1e570000 - 0x00007ffb1e8dc000 	C:\WINDOWS\SYSTEM32\CoreUIComponents.dll
0x00007ffb13e30000 - 0x00007ffb13e8d000 	C:\Users\Pascal\AppData\Local\Temp\lwjglPascal\3.3.1-build-7\lwjgl_opengl.dll
0x00007ffb1bf60000 - 0x00007ffb1bf70000 	C:\OpenJDK17\jdk-17.0.2\bin\verify.dll
0x00007ffb05500000 - 0x00007ffb05581000 	C:\Users\Pascal\AppData\Local\Temp\lwjglPascal\3.3.1-build-7\lwjgl_stb.dll
0x00007ffade550000 - 0x00007ffadeaf9000 	C:\Users\Pascal\AppData\Local\Temp\lwjglPascal\3.3.1-build-7\assimp.dll

dbghelp: loaded successfully - version: 4.0.5 - missing functions: none
symbol engine: initialized successfully - sym options: 0x614 - pdb path: .;C:\OpenJDK17\jdk-17.0.2\bin;C:\WINDOWS\SYSTEM32;C:\WINDOWS\WinSxS\amd64_microsoft.windows.common-controls_6595b64144ccf1df_6.0.22621.2070_none_2713e6537381f706;C:\OpenJDK17\jdk-17.0.2\bin\server;C:\Program Files\JetBrains\IntelliJ IDEA Community Edition 2023.1.2\bin;C:\Users\Pascal\AppData\Local\Temp\lwjglPascal\3.3.1-build-7;C:\WINDOWS\System32\DriverStore\FileRepository\nv_dispi.inf_amd64_d3828c822366e497

VM Arguments:
jvm_args: -javaagent:C:\Program Files\JetBrains\IntelliJ IDEA Community Edition 2023.1.2\lib\idea_rt.jar=60033:C:\Program Files\JetBrains\IntelliJ IDEA Community Edition 2023.1.2\bin -Dfile.encoding=UTF-8 
java_command: cga.exercise.MainKt
java_class_path (initial): C:\Users\Pascal\IdeaProjects\CGASoSe2023\build\classes\kotlin\main;C:\Users\Pascal\.gradle\caches\modules-2\files-2.1\org.lwjgl\lwjgl-assimp\3.3.1\312072f451794f25670aebb0160ce6ec88aff842\lwjgl-assimp-3.3.1.jar;C:\Users\Pascal\.gradle\caches\modules-2\files-2.1\org.lwjgl\lwjgl-glfw\3.3.1\cbac1b8d30cb4795149c1ef540f912671a8616d0\lwjgl-glfw-3.3.1.jar;C:\Users\Pascal\.gradle\caches\modules-2\files-2.1\org.lwjgl\lwjgl-opengl\3.3.1\831a5533a21a5f4f81bbc51bb13e9899319b5411\lwjgl-opengl-3.3.1.jar;C:\Users\Pascal\.gradle\caches\modules-2\files-2.1\org.lwjgl\lwjgl-stb\3.3.1\b119297cf8ed01f247abe8685857f8e7fcf5980f\lwjgl-stb-3.3.1.jar;C:\Users\Pascal\.gradle\caches\modules-2\files-2.1\org.lwjgl\lwjgl\3.3.1\ae58664f88e18a9bb2c77b063833ca7aaec484cb\lwjgl-3.3.1.jar;C:\Users\Pascal\.gradle\caches\modules-2\files-2.1\org.joml\joml\1.9.24\6dfea02caa5a5dd2f0b6da2abbe0b2edca8c8cb9\joml-1.9.24.jar;C:\Users\Pascal\.gradle\caches\modules-2\files-2.1\org.jetbrains.kotlin\kotlin-stdlib-jdk8\1.8.0\ed04f49e186a116753ad70d34f0ac2925d1d8020\kotlin-stdlib-jdk8-1.8.0.jar;C:\Users\Pascal\.gradle\caches\modules-2\files-2.1\org.jetbrains.kotlin\kotlin-stdlib-jdk7\1.8.0\3c91271347f678c239607abb676d4032a7898427\kotlin-stdlib-jdk7-1.8.0.jar;C:\Users\Pascal\.gradle\caches\modules-2\files-2.1\org.jetbrains.kotlin\kotlin-stdlib\1.8.0\1796921c7a3e2e2665a83e6c8d33399336cd39bc\kotlin-stdlib-1.8.0.jar;C:\Users\Pascal\.gradle\caches\modules-2\files-2.1\org.jetbrains.kotlin\kotlin-stdlib-common\1.8.0\f7197e7cc76453ac59f8b0f8d5137cc600becd36\kotlin-stdlib-common-1.8.0.jar;C:\Users\Pascal\.gradle\caches\modules-2\files-2.1\org.jetbrains\annotations\13.0\919f0dfe192fb4e063e7dacadee7f8bb9a2672a9\annotations-13.0.jar;C:\Users\Pascal\.gradle\caches\modules-2\files-2.1\org.lwjgl\lwjgl-assimp\3.3.1\bfa2a0d57acbf952b716d0ad8a3acbd7ad9f5639\lwjgl-assimp-3.3.1-natives-windows.jar;C:\Users\Pascal\.gradle\caches\modules-2\files-2.1\org.lwjgl\lwjgl-glfw\3.3.1\ed892f945cf7e79c8756796f32d00fa4cea
Launcher Type: SUN_STANDARD

[Global flags]
     intx CICompilerCount                          = 4                                         {product} {ergonomic}
     uint ConcGCThreads                            = 3                                         {product} {ergonomic}
     uint G1ConcRefinementThreads                  = 10                                        {product} {ergonomic}
   size_t G1HeapRegionSize                         = 2097152                                   {product} {ergonomic}
    uintx GCDrainStackTargetSize                   = 64                                        {product} {ergonomic}
   size_t InitialHeapSize                          = 268435456                                 {product} {ergonomic}
   size_t MarkStackSize                            = 4194304                                   {product} {ergonomic}
   size_t MaxHeapSize                              = 4276092928                                {product} {ergonomic}
   size_t MaxNewSize                               = 2564816896                                {product} {ergonomic}
   size_t MinHeapDeltaBytes                        = 2097152                                   {product} {ergonomic}
   size_t MinHeapSize                              = 8388608                                   {product} {ergonomic}
    uintx NonNMethodCodeHeapSize                   = 5839372                                {pd product} {ergonomic}
    uintx NonProfiledCodeHeapSize                  = 122909434                              {pd product} {ergonomic}
    uintx ProfiledCodeHeapSize                     = 122909434                              {pd product} {ergonomic}
    uintx ReservedCodeCacheSize                    = 251658240                              {pd product} {ergonomic}
     bool SegmentedCodeCache                       = true                                      {product} {ergonomic}
   size_t SoftMaxHeapSize                          = 4276092928                             {manageable} {ergonomic}
     bool UseCompressedClassPointers               = true                           {product lp64_product} {ergonomic}
     bool UseCompressedOops                        = true                           {product lp64_product} {ergonomic}
     bool UseG1GC                                  = true                                      {product} {ergonomic}
     bool UseLargePagesIndividualAllocation        = false                                  {pd product} {ergonomic}

Logging:
Log output configuration:
 #0: stdout all=warning uptime,level,tags
 #1: stderr all=off uptime,level,tags

Environment Variables:
JAVA_HOME=C:\OpenJDK17\jdk-17.0.2
PATH=C:\OpenJDK17\jdk-17.0.2\bin;C:\WINDOWS\system32;C:\WINDOWS;C:\WINDOWS\System32\Wbem;C:\WINDOWS\System32\WindowsPowerShell\v1.0\;C:\WINDOWS\System32\OpenSSH\;C:\Program Files\NVIDIA Corporation\NVIDIA NvDLISR;C:\Program Files (x86)\NVIDIA Corporation\PhysX\Common;C:\Program Files (x86)\Common Files\Oracle\Java\javapath;C:\Program Files\Git\cmd;C:\Program Files\nodejs\;C:\Program Files\dotnet\;C:\Users\Pascal\AppData\Local\Microsoft\WindowsApps;C:\Users\Pascal\AppData\Roaming\npm;C:\Users\Pascal\AppData\Local\Programs\Microsoft VS Code\bin;C:\Users\Pascal\.dotnet\tools
USERNAME=Pascal
OS=Windows_NT
PROCESSOR_IDENTIFIER=AMD64 Family 23 Model 113 Stepping 0, AuthenticAMD



---------------  S Y S T E M  ---------------

OS:
 Windows 11 , 64 bit Build 22621 (10.0.22621.2070)
OS uptime: 12 days 17:57 hours
Hyper-V role detected

CPU: total 12 (initial active 12) (12 cores per cpu, 2 threads per core) family 23 model 113 stepping 0 microcode 0x0, cx8, cmov, fxsr, ht, mmx, 3dnowpref, sse, sse2, sse3, ssse3, sse4a, sse4.1, sse4.2, popcnt, lzcnt, tsc, tscinvbit, avx, avx2, aes, clmul, bmi1, bmi2, adx, sha, fma, vzeroupper, clflush, clflushopt, hv

Memory: 4k page, system-wide physical 16309M (2935M free)
TotalPageFile size 22578M (AvailPageFile size 2642M)
current process WorkingSet (physical memory assigned to process): 707M, peak: 812M
current process commit charge ("private bytes"): 1550M, peak: 1566M

vm_info: OpenJDK 64-Bit Server VM (17.0.2+8-86) for windows-amd64 JRE (17.0.2+8-86), built on Dec  7 2021 21:49:10 by "mach5one" with MS VC++ 16.8 / 16.9 (VS2019)

END.
